Log file open, 06/05/19 18:04:09
LogWindows: Failed to load 'aqProf.dll' (GetLastError=126)
LogWindows: File 'aqProf.dll' does not exist
LogWindows: Failed to load 'VtuneApi.dll' (GetLastError=126)
LogWindows: File 'VtuneApi.dll' does not exist
LogWindows: Failed to load 'VtuneApi32e.dll' (GetLastError=126)
LogWindows: File 'VtuneApi32e.dll' does not exist
LogConsoleResponse: Display: Failed to find resolution value strings in scalability ini. Falling back to default.
LogInit: Display: Running engine for game: FGS_Steam
LogPakFile: Registered encryption key '00000000000000000000000000000000': 0 pak files mounted, 0 remain pending
LogPlatformFile: Not using cached read wrapper
LogTaskGraph: Started task graph with 5 named threads and 11 total threads with 3 sets of task threads.
LogStats: Stats thread started at 0.478328
LogD3D11RHI: Loaded GFSDK_Aftermath_Lib.x64.dll
LogICUInternationalization: ICU TimeZone Detection - Raw Offset: +1:00, Platform Override: ''
LogPluginManager: Mounting plugin Paper2D
LogPluginManager: Mounting plugin AISupport
LogPluginManager: Mounting plugin LightPropagationVolume
LogPluginManager: Mounting plugin ActorLayerUtilities
LogPluginManager: Mounting plugin AnimationSharing
LogPluginManager: Mounting plugin CLionSourceCodeAccess
LogPluginManager: Mounting plugin CodeLiteSourceCodeAccess
LogPluginManager: Mounting plugin GitSourceControl
LogPluginManager: Mounting plugin KDevelopSourceCodeAccess
LogPluginManager: Mounting plugin NullSourceCodeAccess
LogPluginManager: Mounting plugin PerforceSourceControl
LogPluginManager: Mounting plugin SubversionSourceControl
LogPluginManager: Mounting plugin UObjectPlugin
LogPluginManager: Mounting plugin VisualStudioCodeSourceCodeAccess
LogPluginManager: Mounting plugin VisualStudioSourceCodeAccess
LogPluginManager: Mounting plugin XCodeSourceCodeAccess
LogPluginManager: Mounting plugin AssetManagerEditor
LogPluginManager: Mounting plugin CryptoKeys
LogPluginManager: Mounting plugin DataValidation
LogPluginManager: Mounting plugin FacialAnimation
LogPluginManager: Mounting plugin GameplayTagsEditor
LogPluginManager: Mounting plugin MacGraphicsSwitching
LogPluginManager: Mounting plugin MaterialAnalyzer
LogPluginManager: Mounting plugin MobileLauncherProfileWizard
LogPluginManager: Mounting plugin PluginBrowser
LogPluginManager: Mounting plugin SpeedTreeImporter
LogPluginManager: Mounting plugin DatasmithContent
LogPluginManager: Mounting plugin VariantManagerContent
LogPluginManager: Mounting plugin AlembicImporter
LogPluginManager: Mounting plugin AppleImageUtils
LogPluginManager: Mounting plugin AppleVision
LogPluginManager: Mounting plugin BackChannel
LogPluginManager: Mounting plugin CharacterAI
LogPluginManager: Mounting plugin GeometryCache
LogPluginManager: Mounting plugin HTML5Networking
LogPluginManager: Mounting plugin ProxyLODPlugin
LogPluginManager: Mounting plugin SkeletalReduction
LogPluginManager: Mounting plugin MagicLeap
LogPluginManager: Mounting plugin MagicLeapMedia
LogPluginManager: Mounting plugin AndroidMedia
LogPluginManager: Mounting plugin AvfMedia
LogPluginManager: Mounting plugin ImgMedia
LogPluginManager: Mounting plugin LinearTimecode
LogPluginManager: Mounting plugin MediaCompositing
LogPluginManager: Mounting plugin MediaPlayerEditor
LogPluginManager: Mounting plugin WebMMedia
LogPluginManager: Mounting plugin WmfMedia
LogPluginManager: Mounting plugin TcpMessaging
LogPluginManager: Mounting plugin UdpMessaging
LogPluginManager: Mounting plugin ActorSequence
LogPluginManager: Mounting plugin LevelSequenceEditor
LogPluginManager: Mounting plugin MatineeToLevelSequence
LogPluginManager: Mounting plugin NetcodeUnitTest
LogPluginManager: Mounting plugin NUTUnrealEngine4
LogPluginManager: Mounting plugin OnlineSubsystemGooglePlay
LogPluginManager: Mounting plugin OnlineSubsystemIOS
LogPluginManager: Mounting plugin OnlineSubsystem
LogPluginManager: Mounting plugin OnlineSubsystemNull
LogPluginManager: Mounting plugin OnlineSubsystemSteam
LogPluginManager: Mounting plugin OnlineSubsystemUtils
LogPluginManager: Mounting plugin LauncherChunkInstaller
LogPluginManager: Mounting plugin AndroidDeviceProfileSelector
LogPluginManager: Mounting plugin AndroidMoviePlayer
LogPluginManager: Mounting plugin AndroidPermission
LogPluginManager: Mounting plugin AppleMoviePlayer
LogPluginManager: Mounting plugin ArchVisCharacter
LogPluginManager: Mounting plugin AudioCapture
LogPluginManager: Mounting plugin CableComponent
LogPluginManager: Mounting plugin CustomMeshComponent
LogPluginManager: Mounting plugin EditableMesh
LogPluginManager: Mounting plugin ExampleDeviceProfileSelector
LogPluginManager: Mounting plugin Firebase
LogPluginManager: Mounting plugin GoogleCloudMessaging
LogPluginManager: Mounting plugin IOSDeviceProfileSelector
LogPluginManager: Mounting plugin LinuxDeviceProfileSelector
LogPluginManager: Mounting plugin LocationServicesBPLibrary
LogPluginManager: Mounting plugin MobilePatchingUtils
LogPluginManager: Mounting plugin OculusVR
LogPluginManager: Mounting plugin PhysXVehicles
LogPluginManager: Mounting plugin ProceduralMeshComponent
LogPluginManager: Mounting plugin RuntimePhysXCooking
LogPluginManager: Mounting plugin SignificanceManager
LogPluginManager: Mounting plugin SteamVR
LogPluginManager: Mounting plugin WebMMoviePlayer
LogPluginManager: Mounting plugin WindowsMoviePlayer
LogInit: Using libcurl 7.55.1-DEV
LogInit:  - built for x86_64-pc-win32
LogInit:  - supports SSL with OpenSSL/1.1.1
LogInit:  - supports HTTP deflate (compression) using libz 1.2.8
LogInit:  - other features:
LogInit:      CURL_VERSION_SSL
LogInit:      CURL_VERSION_LIBZ
LogInit:      CURL_VERSION_IPV6
LogInit:      CURL_VERSION_ASYNCHDNS
LogInit:      CURL_VERSION_LARGEFILE
LogInit:      CURL_VERSION_IDN
LogInit:  CurlRequestOptions (configurable via config and command line):
LogInit:  - bVerifyPeer = true  - Libcurl will verify peer certificate
LogInit:  - bUseHttpProxy = false  - Libcurl will NOT use HTTP proxy
LogInit:  - bDontReuseConnections = false  - Libcurl will reuse connections
LogInit:  - MaxHostConnections = 16  - Libcurl will limit the number of connections to a host
LogInit:  - LocalHostAddr = Default
LogInit:  - BufferSize = 65536
LogOnline: Display: STEAM: Loading Steam SDK 1.39
LogOnline: Warning: STEAM: Steamworks: SteamUtils() failed!
LogOnline: Warning: STEAM: Steamworks: SteamUser() failed!
LogOnline: Warning: STEAM: Steamworks: SteamFriends() failed!
LogOnline: Warning: STEAM: Steamworks: SteamRemoteStorage() failed!
LogOnline: Warning: STEAM: Steamworks: SteamUserStats() failed!
LogOnline: Warning: STEAM: Steamworks: SteamMatchmakingServers() failed!
LogOnline: Warning: STEAM: Steamworks: SteamApps() failed!
LogOnline: Warning: STEAM: Steamworks: SteamNetworking() failed!
LogOnline: Warning: STEAM: Steamworks: SteamMatchmaking() failed!
LogOnline: STEAM: [AppId: 0] Client API initialized 0
LogOnline: Display: STEAM: OnlineSubsystemSteam::Shutdown()
LogOnline: Warning: STEAM: Steam API failed to initialize!
LogOnline: Display: STEAM: OnlineSubsystemSteam::Shutdown()
LogOnline: OSS: Unable to create OnlineSubsystem module Steam
LogInit: WinSock: version 1.1 (2.2), MaxSocks=32767, MaxUdp=65467
LogInit: Build: ++UE4+Release-4.22-CL-6574378
LogInit: Engine Version: 4.22.2-6574378+++UE4+Release-4.22
LogInit: Compatible Engine Version: 4.22.0-5660361+++UE4+Release-4.22
LogInit: Net CL: 5660361
LogInit: OS: Windows 10 (Release 1803) (), CPU: Intel(R) Core(TM) i5-4200U CPU @ 1.60GHz, GPU: Intel(R) HD Graphics Family
LogInit: Compiled (64-bit): May 20 2019 09:54:56
LogInit: Compiled with Visual C++: 19.16.27025.01
LogInit: Build Configuration: Development
LogInit: Branch Name: ++UE4+Release-4.22
LogInit: Command Line:  /Game/ThirdPersonBP/Maps/MainMenu -game -PIEVIACONSOLE -ResX=1280 -ResY=720 -Multiprocess -messaging -SessionName="Play in Standalone Game" -windowed
LogInit: Base Directory: C:/Program Files/Epic Games/UE_4.22/Engine/Binaries/Win64/
LogInit: Installed Engine Build: 1
LogDevObjectVersion: Number of dev versions registered: 23
LogDevObjectVersion:   Dev-Blueprints (B0D832E4-1F89-4F0D-ACCF-7EB736FD4AA2): 10
LogDevObjectVersion:   Dev-Build (E1C64328-A22C-4D53-A36C-8E866417BD8C): 0
LogDevObjectVersion:   Dev-Core (375EC13C-06E4-48FB-B500-84F0262A717E): 3
LogDevObjectVersion:   Dev-Editor (E4B068ED-F494-42E9-A231-DA0B2E46BB41): 30
LogDevObjectVersion:   Dev-Framework (CFFC743F-43B0-4480-9391-14DF171D2073): 35
LogDevObjectVersion:   Dev-Mobile (B02B49B5-BB20-44E9-A304-32B752E40360): 2
LogDevObjectVersion:   Dev-Networking (A4E4105C-59A1-49B5-A7C5-40C4547EDFEE): 0
LogDevObjectVersion:   Dev-Online (39C831C9-5AE6-47DC-9A44-9C173E1C8E7C): 0
LogDevObjectVersion:   Dev-Physics (78F01B33-EBEA-4F98-B9B4-84EACCB95AA2): 0
LogDevObjectVersion:   Dev-Platform (6631380F-2D4D-43E0-8009-CF276956A95A): 0
LogDevObjectVersion:   Dev-Rendering (12F88B9F-8875-4AFC-A67C-D90C383ABD29): 28
LogDevObjectVersion:   Dev-Sequencer (7B5AE74C-D270-4C10-A958-57980B212A5A): 11
LogDevObjectVersion:   Dev-VR (D7296918-1DD6-4BDD-9DE2-64A83CC13884): 2
LogDevObjectVersion:   Dev-LoadTimes (C2A15278-BFE7-4AFE-6C17-90FF531DF755): 1
LogDevObjectVersion:   Private-Geometry (6EACA3D4-40EC-4CC1-B786-8BED09428FC5): 3
LogDevObjectVersion:   Dev-AnimPhys (29E575DD-E0A3-4627-9D10-D276232CDCEA): 17
LogDevObjectVersion:   Dev-Anim (AF43A65D-7FD3-4947-9873-3E8ED9C1BB05): 2
LogDevObjectVersion:   Dev-ReflectionCapture (6B266CEC-1EC7-4B8F-A30B-E4D90942FC07): 1
LogDevObjectVersion:   Dev-Automation (0DF73D61-A23F-47EA-B727-89E90C41499A): 1
LogDevObjectVersion:   FortniteMain (601D1886-AC64-4F84-AA16-D3DE0DEAC7D6): 25
LogDevObjectVersion:   Dev-Enterprise (9DFFBCD6-494F-0158-E221-12823C92A888): 6
LogDevObjectVersion:   Dev-Niagara (F2AED0AC-9AFE-416F-8664-AA7FFA26D6FC): 1
LogDevObjectVersion:   Dev-Destruction (174F1F0B-B4C6-45A5-B13F-2EE8D0FB917D): 2
LogInit: Presizing for max 16777216 objects, including 0 objects not considered by GC, pre-allocating 0 bytes for permanent pool.
LogInit: Object subsystem initialized
LogConfig: Setting CVar [[con.DebugEarlyDefault:1]]
LogConfig: Setting CVar [[r.setres:1280x720]]
[2019.06.05-16.04.10:668][  0]LogConfig: Setting CVar [[con.DebugEarlyDefault:1]]
[2019.06.05-16.04.10:668][  0]LogConfig: Setting CVar [[r.setres:1280x720]]
[2019.06.05-16.04.10:668][  0]LogConfig: Applying CVar settings from Section [/Script/Engine.RendererSettings] File [C:/Users/steve/Desktop/FabulousGameStudio/FabulousGameStudio/Saved/Config/Windows/Engine.ini]
[2019.06.05-16.04.10:668][  0]LogConfig: Setting CVar [[r.GPUCrashDebugging:0]]
[2019.06.05-16.04.10:668][  0]LogConfig: Applying CVar settings from Section [/Script/Engine.RendererOverrideSettings] File [C:/Users/steve/Desktop/FabulousGameStudio/FabulousGameStudio/Saved/Config/Windows/Engine.ini]
[2019.06.05-16.04.10:668][  0]LogConfig: Applying CVar settings from Section [/Script/Engine.StreamingSettings] File [C:/Users/steve/Desktop/FabulousGameStudio/FabulousGameStudio/Saved/Config/Windows/Engine.ini]
[2019.06.05-16.04.10:668][  0]LogConfig: Setting CVar [[s.MinBulkDataSizeForAsyncLoading:131072]]
[2019.06.05-16.04.10:669][  0]LogConfig: Setting CVar [[s.AsyncLoadingThreadEnabled:0]]
[2019.06.05-16.04.10:669][  0]LogConfig: Setting CVar [[s.EventDrivenLoaderEnabled:1]]
[2019.06.05-16.04.10:669][  0]LogConfig: Setting CVar [[s.WarnIfTimeLimitExceeded:0]]
[2019.06.05-16.04.10:669][  0]LogConfig: Setting CVar [[s.TimeLimitExceededMultiplier:1.5]]
[2019.06.05-16.04.10:669][  0]LogConfig: Setting CVar [[s.TimeLimitExceededMinTime:0.005]]
[2019.06.05-16.04.10:669][  0]LogConfig: Setting CVar [[s.UseBackgroundLevelStreaming:1]]
[2019.06.05-16.04.10:669][  0]LogConfig: Setting CVar [[s.PriorityAsyncLoadingExtraTime:15.0]]
[2019.06.05-16.04.10:669][  0]LogConfig: Setting CVar [[s.LevelStreamingActorsUpdateTimeLimit:5.0]]
[2019.06.05-16.04.10:669][  0]LogConfig: Setting CVar [[s.PriorityLevelStreamingActorsUpdateExtraTime:5.0]]
[2019.06.05-16.04.10:669][  0]LogConfig: Setting CVar [[s.LevelStreamingComponentsRegistrationGranularity:10]]
[2019.06.05-16.04.10:669][  0]LogConfig: Setting CVar [[s.UnregisterComponentsTimeLimit:1.0]]
[2019.06.05-16.04.10:669][  0]LogConfig: Setting CVar [[s.LevelStreamingComponentsUnregistrationGranularity:5]]
[2019.06.05-16.04.10:669][  0]LogConfig: Applying CVar settings from Section [/Script/Engine.GarbageCollectionSettings] File [C:/Users/steve/Desktop/FabulousGameStudio/FabulousGameStudio/Saved/Config/Windows/Engine.ini]
[2019.06.05-16.04.10:669][  0]LogConfig: Setting CVar [[gc.MaxObjectsNotConsideredByGC:1]]
[2019.06.05-16.04.10:669][  0]LogConfig: Setting CVar [[gc.SizeOfPermanentObjectPool:0]]
[2019.06.05-16.04.10:669][  0]LogConfig: Setting CVar [[gc.FlushStreamingOnGC:0]]
[2019.06.05-16.04.10:669][  0]LogConfig: Setting CVar [[gc.NumRetriesBeforeForcingGC:10]]
[2019.06.05-16.04.10:670][  0]LogConfig: Setting CVar [[gc.AllowParallelGC:1]]
[2019.06.05-16.04.10:670][  0]LogConfig: Setting CVar [[gc.TimeBetweenPurgingPendingKillObjects:61.1]]
[2019.06.05-16.04.10:670][  0]LogConfig: Setting CVar [[gc.MaxObjectsInEditor:16777216]]
[2019.06.05-16.04.10:670][  0]LogConfig: Setting CVar [[gc.IncrementalBeginDestroyEnabled:1]]
[2019.06.05-16.04.10:670][  0]LogConfig: Setting CVar [[gc.CreateGCClusters:1]]
[2019.06.05-16.04.10:670][  0]LogConfig: Setting CVar [[gc.MinGCClusterSize:5]]
[2019.06.05-16.04.10:670][  0]LogConfig: Setting CVar [[gc.ActorClusteringEnabled:0]]
[2019.06.05-16.04.10:670][  0]LogConfig: Setting CVar [[gc.BlueprintClusteringEnabled:0]]
[2019.06.05-16.04.10:670][  0]LogConfig: Setting CVar [[gc.UseDisregardForGCOnDedicatedServers:0]]
[2019.06.05-16.04.10:670][  0]LogConfig: Applying CVar settings from Section [/Script/Engine.NetworkSettings] File [C:/Users/steve/Desktop/FabulousGameStudio/FabulousGameStudio/Saved/Config/Windows/Engine.ini]
[2019.06.05-16.04.10:670][  0]LogConfig: Applying CVar settings from Section [/Script/UnrealEd.CookerSettings] File [C:/Users/steve/Desktop/FabulousGameStudio/FabulousGameStudio/Saved/Config/Windows/Engine.ini]
[2019.06.05-16.04.10:685][  0]LogConfig: Applying CVar settings from Section [ViewDistanceQuality@3] File [C:/Users/steve/Desktop/FabulousGameStudio/FabulousGameStudio/Saved/Config/Windows/Scalability.ini]
[2019.06.05-16.04.10:685][  0]LogConfig: Setting CVar [[r.SkeletalMeshLODBias:0]]
[2019.06.05-16.04.10:685][  0]LogConfig: Setting CVar [[r.ViewDistanceScale:1.0]]
[2019.06.05-16.04.10:685][  0]LogConfig: Applying CVar settings from Section [AntiAliasingQuality@3] File [C:/Users/steve/Desktop/FabulousGameStudio/FabulousGameStudio/Saved/Config/Windows/Scalability.ini]
[2019.06.05-16.04.10:685][  0]LogConfig: Setting CVar [[r.PostProcessAAQuality:4]]
[2019.06.05-16.04.10:685][  0]LogConfig: Applying CVar settings from Section [ShadowQuality@3] File [C:/Users/steve/Desktop/FabulousGameStudio/FabulousGameStudio/Saved/Config/Windows/Scalability.ini]
[2019.06.05-16.04.10:685][  0]LogConfig: Setting CVar [[r.LightFunctionQuality:1]]
[2019.06.05-16.04.10:685][  0]LogConfig: Setting CVar [[r.ShadowQuality:5]]
[2019.06.05-16.04.10:685][  0]LogConfig: Setting CVar [[r.Shadow.CSM.MaxCascades:10]]
[2019.06.05-16.04.10:685][  0]LogConfig: Setting CVar [[r.Shadow.MaxResolution:2048]]
[2019.06.05-16.04.10:685][  0]LogConfig: Setting CVar [[r.Shadow.MaxCSMResolution:2048]]
[2019.06.05-16.04.10:685][  0]LogConfig: Setting CVar [[r.Shadow.RadiusThreshold:0.01]]
[2019.06.05-16.04.10:685][  0]LogConfig: Setting CVar [[r.Shadow.DistanceScale:1.0]]
[2019.06.05-16.04.10:685][  0]LogConfig: Setting CVar [[r.Shadow.CSM.TransitionScale:1.0]]
[2019.06.05-16.04.10:685][  0]LogConfig: Setting CVar [[r.Shadow.PreShadowResolutionFactor:1.0]]
[2019.06.05-16.04.10:685][  0]LogConfig: Setting CVar [[r.DistanceFieldShadowing:1]]
[2019.06.05-16.04.10:685][  0]LogConfig: Setting CVar [[r.DistanceFieldAO:1]]
[2019.06.05-16.04.10:685][  0]LogConfig: Setting CVar [[r.AOQuality:2]]
[2019.06.05-16.04.10:685][  0]LogConfig: Setting CVar [[r.VolumetricFog:1]]
[2019.06.05-16.04.10:685][  0]LogConfig: Setting CVar [[r.VolumetricFog.GridPixelSize:8]]
[2019.06.05-16.04.10:685][  0]LogConfig: Setting CVar [[r.VolumetricFog.GridSizeZ:128]]
[2019.06.05-16.04.10:685][  0]LogConfig: Setting CVar [[r.VolumetricFog.HistoryMissSupersampleCount:4]]
[2019.06.05-16.04.10:685][  0]LogConfig: Setting CVar [[r.LightMaxDrawDistanceScale:1]]
[2019.06.05-16.04.10:685][  0]LogConfig: Setting CVar [[r.CapsuleShadows:1]]
[2019.06.05-16.04.10:685][  0]LogConfig: Applying CVar settings from Section [PostProcessQuality@3] File [C:/Users/steve/Desktop/FabulousGameStudio/FabulousGameStudio/Saved/Config/Windows/Scalability.ini]
[2019.06.05-16.04.10:685][  0]LogConfig: Setting CVar [[r.MotionBlurQuality:4]]
[2019.06.05-16.04.10:686][  0]LogConfig: Setting CVar [[r.AmbientOcclusionMipLevelFactor:0.4]]
[2019.06.05-16.04.10:686][  0]LogConfig: Setting CVar [[r.AmbientOcclusionMaxQuality:100]]
[2019.06.05-16.04.10:686][  0]LogConfig: Setting CVar [[r.AmbientOcclusionLevels:-1]]
[2019.06.05-16.04.10:686][  0]LogConfig: Setting CVar [[r.AmbientOcclusionRadiusScale:1.0]]
[2019.06.05-16.04.10:686][  0]LogConfig: Setting CVar [[r.DepthOfFieldQuality:2]]
[2019.06.05-16.04.10:686][  0]LogConfig: Setting CVar [[r.RenderTargetPoolMin:400]]
[2019.06.05-16.04.10:686][  0]LogConfig: Setting CVar [[r.LensFlareQuality:2]]
[2019.06.05-16.04.10:686][  0]LogConfig: Setting CVar [[r.SceneColorFringeQuality:1]]
[2019.06.05-16.04.10:686][  0]LogConfig: Setting CVar [[r.EyeAdaptationQuality:2]]
[2019.06.05-16.04.10:686][  0]LogConfig: Setting CVar [[r.BloomQuality:5]]
[2019.06.05-16.04.10:686][  0]LogConfig: Setting CVar [[r.FastBlurThreshold:100]]
[2019.06.05-16.04.10:686][  0]LogConfig: Setting CVar [[r.Upscale.Quality:3]]
[2019.06.05-16.04.10:686][  0]LogConfig: Setting CVar [[r.Tonemapper.GrainQuantization:1]]
[2019.06.05-16.04.10:686][  0]LogConfig: Setting CVar [[r.LightShaftQuality:1]]
[2019.06.05-16.04.10:686][  0]LogConfig: Setting CVar [[r.Filter.SizeScale:1]]
[2019.06.05-16.04.10:686][  0]LogConfig: Setting CVar [[r.Tonemapper.Quality:5]]
[2019.06.05-16.04.10:686][  0]LogConfig: Setting CVar [[r.DOF.Gather.AccumulatorQuality:1        ; higher gathering accumulator quality]]
[2019.06.05-16.04.10:686][  0]LogConfig: Setting CVar [[r.DOF.Gather.PostfilterMethod:1          ; Median3x3 postfilering method]]
[2019.06.05-16.04.10:686][  0]LogConfig: Setting CVar [[r.DOF.Gather.EnableBokehSettings:0       ; no bokeh simulation when gathering]]
[2019.06.05-16.04.10:686][  0]LogConfig: Setting CVar [[r.DOF.Gather.RingCount:4                 ; medium number of samples when gathering]]
[2019.06.05-16.04.10:686][  0]LogConfig: Setting CVar [[r.DOF.Scatter.ForegroundCompositing:1    ; additive foreground scattering]]
[2019.06.05-16.04.10:686][  0]LogConfig: Setting CVar [[r.DOF.Scatter.BackgroundCompositing:2    ; additive background scattering]]
[2019.06.05-16.04.10:686][  0]LogConfig: Setting CVar [[r.DOF.Scatter.EnableBokehSettings:1      ; bokeh simulation when scattering]]
[2019.06.05-16.04.10:686][  0]LogConfig: Setting CVar [[r.DOF.Scatter.MaxSpriteRatio:0.1         ; only a maximum of 10% of scattered bokeh]]
[2019.06.05-16.04.10:686][  0]LogConfig: Setting CVar [[r.DOF.Recombine.Quality:1                ; cheap slight out of focus]]
[2019.06.05-16.04.10:686][  0]LogConfig: Setting CVar [[r.DOF.Recombine.EnableBokehSettings:0    ; no bokeh simulation on slight out of focus]]
[2019.06.05-16.04.10:686][  0]LogConfig: Setting CVar [[r.DOF.TemporalAAQuality:1                ; more stable temporal accumulation]]
[2019.06.05-16.04.10:686][  0]LogConfig: Setting CVar [[r.DOF.Kernel.MaxForegroundRadius:0.025]]
[2019.06.05-16.04.10:686][  0]LogConfig: Setting CVar [[r.DOF.Kernel.MaxBackgroundRadius:0.025]]
[2019.06.05-16.04.10:687][  0]LogConfig: Applying CVar settings from Section [TextureQuality@3] File [C:/Users/steve/Desktop/FabulousGameStudio/FabulousGameStudio/Saved/Config/Windows/Scalability.ini]
[2019.06.05-16.04.10:687][  0]LogConfig: Setting CVar [[r.Streaming.MipBias:0]]
[2019.06.05-16.04.10:687][  0]LogConfig: Setting CVar [[r.Streaming.AmortizeCPUToGPUCopy:0]]
[2019.06.05-16.04.10:687][  0]LogConfig: Setting CVar [[r.Streaming.MaxNumTexturesToStreamPerFrame:0]]
[2019.06.05-16.04.10:687][  0]LogConfig: Setting CVar [[r.Streaming.Boost:1]]
[2019.06.05-16.04.10:687][  0]LogConfig: Setting CVar [[r.MaxAnisotropy:8]]
[2019.06.05-16.04.10:687][  0]LogConfig: Setting CVar [[r.Streaming.LimitPoolSizeToVRAM:0]]
[2019.06.05-16.04.10:687][  0]LogConfig: Setting CVar [[r.Streaming.PoolSize:1000]]
[2019.06.05-16.04.10:687][  0]LogConfig: Setting CVar [[r.Streaming.MaxEffectiveScreenSize:0]]
[2019.06.05-16.04.10:687][  0]LogConfig: Applying CVar settings from Section [EffectsQuality@3] File [C:/Users/steve/Desktop/FabulousGameStudio/FabulousGameStudio/Saved/Config/Windows/Scalability.ini]
[2019.06.05-16.04.10:687][  0]LogConfig: Setting CVar [[r.TranslucencyLightingVolumeDim:64]]
[2019.06.05-16.04.10:687][  0]LogConfig: Setting CVar [[r.RefractionQuality:2]]
[2019.06.05-16.04.10:687][  0]LogConfig: Setting CVar [[r.SSR.Quality:3]]
[2019.06.05-16.04.10:687][  0]LogConfig: Setting CVar [[r.SceneColorFormat:4]]
[2019.06.05-16.04.10:687][  0]LogConfig: Setting CVar [[r.DetailMode:2]]
[2019.06.05-16.04.10:687][  0]LogConfig: Setting CVar [[r.TranslucencyVolumeBlur:1]]
[2019.06.05-16.04.10:687][  0]LogConfig: Setting CVar [[r.MaterialQualityLevel:1 ; High quality]]
[2019.06.05-16.04.10:687][  0]LogConfig: Setting CVar [[r.SSS.Scale:1]]
[2019.06.05-16.04.10:687][  0]LogConfig: Setting CVar [[r.SSS.SampleSet:2]]
[2019.06.05-16.04.10:687][  0]LogConfig: Setting CVar [[r.SSS.Quality:1]]
[2019.06.05-16.04.10:687][  0]LogConfig: Setting CVar [[r.SSS.HalfRes:1]]
[2019.06.05-16.04.10:687][  0]LogConfig: Setting CVar [[r.EmitterSpawnRateScale:1.0]]
[2019.06.05-16.04.10:687][  0]LogConfig: Setting CVar [[r.ParticleLightQuality:2]]
[2019.06.05-16.04.10:687][  0]LogConfig: Applying CVar settings from Section [FoliageQuality@3] File [C:/Users/steve/Desktop/FabulousGameStudio/FabulousGameStudio/Saved/Config/Windows/Scalability.ini]
[2019.06.05-16.04.10:687][  0]LogConfig: Setting CVar [[foliage.DensityScale:1.0]]
[2019.06.05-16.04.10:687][  0]LogConfig: Setting CVar [[grass.DensityScale:1.0]]
[2019.06.05-16.04.10:687][  0]LogInit: Selected Device Profile: [Windows]
[2019.06.05-16.04.10:688][  0]LogInit: Applying CVar settings loaded from the selected device profile: [Windows]
[2019.06.05-16.04.10:704][  0]LogHAL: Display: Platform has ~ 4 GB [4169424896 / 4294967296 / 4], which maps to Smallest [LargestMinGB=32, LargerMinGB=12, DefaultMinGB=8, SmallerMinGB=6, SmallestMinGB=0)
[2019.06.05-16.04.10:704][  0]LogConfig: Setting CVar [[r.Vulkan.UseRealUBs:0		; Required until we fix HLR fall-out]]
[2019.06.05-16.04.10:704][  0]LogInit: Going up to parent DeviceProfile []
[2019.06.05-16.04.10:704][  0]LogConfig: Applying CVar settings from Section [ViewDistanceQuality@3] File [C:/Users/steve/Desktop/FabulousGameStudio/FabulousGameStudio/Saved/Config/Windows/Scalability.ini]
[2019.06.05-16.04.10:704][  0]LogConfig: Setting CVar [[r.SkeletalMeshLODBias:0]]
[2019.06.05-16.04.10:704][  0]LogConfig: Setting CVar [[r.ViewDistanceScale:1.0]]
[2019.06.05-16.04.10:705][  0]LogConfig: Applying CVar settings from Section [AntiAliasingQuality@3] File [C:/Users/steve/Desktop/FabulousGameStudio/FabulousGameStudio/Saved/Config/Windows/Scalability.ini]
[2019.06.05-16.04.10:705][  0]LogConfig: Setting CVar [[r.PostProcessAAQuality:4]]
[2019.06.05-16.04.10:705][  0]LogConfig: Applying CVar settings from Section [ShadowQuality@3] File [C:/Users/steve/Desktop/FabulousGameStudio/FabulousGameStudio/Saved/Config/Windows/Scalability.ini]
[2019.06.05-16.04.10:705][  0]LogConfig: Setting CVar [[r.LightFunctionQuality:1]]
[2019.06.05-16.04.10:705][  0]LogConfig: Setting CVar [[r.ShadowQuality:5]]
[2019.06.05-16.04.10:705][  0]LogConfig: Setting CVar [[r.Shadow.CSM.MaxCascades:10]]
[2019.06.05-16.04.10:705][  0]LogConfig: Setting CVar [[r.Shadow.MaxResolution:2048]]
[2019.06.05-16.04.10:705][  0]LogConfig: Setting CVar [[r.Shadow.MaxCSMResolution:2048]]
[2019.06.05-16.04.10:705][  0]LogConfig: Setting CVar [[r.Shadow.RadiusThreshold:0.01]]
[2019.06.05-16.04.10:705][  0]LogConfig: Setting CVar [[r.Shadow.DistanceScale:1.0]]
[2019.06.05-16.04.10:706][  0]LogConfig: Setting CVar [[r.Shadow.CSM.TransitionScale:1.0]]
[2019.06.05-16.04.10:706][  0]LogConfig: Setting CVar [[r.Shadow.PreShadowResolutionFactor:1.0]]
[2019.06.05-16.04.10:706][  0]LogConfig: Setting CVar [[r.DistanceFieldShadowing:1]]
[2019.06.05-16.04.10:706][  0]LogConfig: Setting CVar [[r.DistanceFieldAO:1]]
[2019.06.05-16.04.10:706][  0]LogConfig: Setting CVar [[r.AOQuality:2]]
[2019.06.05-16.04.10:706][  0]LogConfig: Setting CVar [[r.VolumetricFog:1]]
[2019.06.05-16.04.10:706][  0]LogConfig: Setting CVar [[r.VolumetricFog.GridPixelSize:8]]
[2019.06.05-16.04.10:706][  0]LogConfig: Setting CVar [[r.VolumetricFog.GridSizeZ:128]]
[2019.06.05-16.04.10:706][  0]LogConfig: Setting CVar [[r.VolumetricFog.HistoryMissSupersampleCount:4]]
[2019.06.05-16.04.10:706][  0]LogConfig: Setting CVar [[r.LightMaxDrawDistanceScale:1]]
[2019.06.05-16.04.10:706][  0]LogConfig: Setting CVar [[r.CapsuleShadows:1]]
[2019.06.05-16.04.10:706][  0]LogConfig: Applying CVar settings from Section [PostProcessQuality@3] File [C:/Users/steve/Desktop/FabulousGameStudio/FabulousGameStudio/Saved/Config/Windows/Scalability.ini]
[2019.06.05-16.04.10:706][  0]LogConfig: Setting CVar [[r.MotionBlurQuality:4]]
[2019.06.05-16.04.10:706][  0]LogConfig: Setting CVar [[r.AmbientOcclusionMipLevelFactor:0.4]]
[2019.06.05-16.04.10:706][  0]LogConfig: Setting CVar [[r.AmbientOcclusionMaxQuality:100]]
[2019.06.05-16.04.10:707][  0]LogConfig: Setting CVar [[r.AmbientOcclusionLevels:-1]]
[2019.06.05-16.04.10:707][  0]LogConfig: Setting CVar [[r.AmbientOcclusionRadiusScale:1.0]]
[2019.06.05-16.04.10:707][  0]LogConfig: Setting CVar [[r.DepthOfFieldQuality:2]]
[2019.06.05-16.04.10:707][  0]LogConfig: Setting CVar [[r.RenderTargetPoolMin:400]]
[2019.06.05-16.04.10:707][  0]LogConfig: Setting CVar [[r.LensFlareQuality:2]]
[2019.06.05-16.04.10:707][  0]LogConfig: Setting CVar [[r.SceneColorFringeQuality:1]]
[2019.06.05-16.04.10:707][  0]LogConfig: Setting CVar [[r.EyeAdaptationQuality:2]]
[2019.06.05-16.04.10:707][  0]LogConfig: Setting CVar [[r.BloomQuality:5]]
[2019.06.05-16.04.10:707][  0]LogConfig: Setting CVar [[r.FastBlurThreshold:100]]
[2019.06.05-16.04.10:707][  0]LogConfig: Setting CVar [[r.Upscale.Quality:3]]
[2019.06.05-16.04.10:707][  0]LogConfig: Setting CVar [[r.Tonemapper.GrainQuantization:1]]
[2019.06.05-16.04.10:707][  0]LogConfig: Setting CVar [[r.LightShaftQuality:1]]
[2019.06.05-16.04.10:707][  0]LogConfig: Setting CVar [[r.Filter.SizeScale:1]]
[2019.06.05-16.04.10:707][  0]LogConfig: Setting CVar [[r.Tonemapper.Quality:5]]
[2019.06.05-16.04.10:707][  0]LogConfig: Setting CVar [[r.DOF.Gather.AccumulatorQuality:1        ; higher gathering accumulator quality]]
[2019.06.05-16.04.10:708][  0]LogConfig: Setting CVar [[r.DOF.Gather.PostfilterMethod:1          ; Median3x3 postfilering method]]
[2019.06.05-16.04.10:708][  0]LogConfig: Setting CVar [[r.DOF.Gather.EnableBokehSettings:0       ; no bokeh simulation when gathering]]
[2019.06.05-16.04.10:708][  0]LogConfig: Setting CVar [[r.DOF.Gather.RingCount:4                 ; medium number of samples when gathering]]
[2019.06.05-16.04.10:708][  0]LogConfig: Setting CVar [[r.DOF.Scatter.ForegroundCompositing:1    ; additive foreground scattering]]
[2019.06.05-16.04.10:708][  0]LogConfig: Setting CVar [[r.DOF.Scatter.BackgroundCompositing:2    ; additive background scattering]]
[2019.06.05-16.04.10:708][  0]LogConfig: Setting CVar [[r.DOF.Scatter.EnableBokehSettings:1      ; bokeh simulation when scattering]]
[2019.06.05-16.04.10:708][  0]LogConfig: Setting CVar [[r.DOF.Scatter.MaxSpriteRatio:0.1         ; only a maximum of 10% of scattered bokeh]]
[2019.06.05-16.04.10:708][  0]LogConfig: Setting CVar [[r.DOF.Recombine.Quality:1                ; cheap slight out of focus]]
[2019.06.05-16.04.10:708][  0]LogConfig: Setting CVar [[r.DOF.Recombine.EnableBokehSettings:0    ; no bokeh simulation on slight out of focus]]
[2019.06.05-16.04.10:708][  0]LogConfig: Setting CVar [[r.DOF.TemporalAAQuality:1                ; more stable temporal accumulation]]
[2019.06.05-16.04.10:708][  0]LogConfig: Setting CVar [[r.DOF.Kernel.MaxForegroundRadius:0.025]]
[2019.06.05-16.04.10:709][  0]LogConfig: Setting CVar [[r.DOF.Kernel.MaxBackgroundRadius:0.025]]
[2019.06.05-16.04.10:709][  0]LogConfig: Applying CVar settings from Section [TextureQuality@3] File [C:/Users/steve/Desktop/FabulousGameStudio/FabulousGameStudio/Saved/Config/Windows/Scalability.ini]
[2019.06.05-16.04.10:709][  0]LogConfig: Setting CVar [[r.Streaming.MipBias:0]]
[2019.06.05-16.04.10:709][  0]LogConfig: Setting CVar [[r.Streaming.AmortizeCPUToGPUCopy:0]]
[2019.06.05-16.04.10:709][  0]LogConfig: Setting CVar [[r.Streaming.MaxNumTexturesToStreamPerFrame:0]]
[2019.06.05-16.04.10:709][  0]LogConfig: Setting CVar [[r.Streaming.Boost:1]]
[2019.06.05-16.04.10:709][  0]LogConfig: Setting CVar [[r.MaxAnisotropy:8]]
[2019.06.05-16.04.10:709][  0]LogConfig: Setting CVar [[r.Streaming.LimitPoolSizeToVRAM:0]]
[2019.06.05-16.04.10:709][  0]LogConfig: Setting CVar [[r.Streaming.PoolSize:1000]]
[2019.06.05-16.04.10:709][  0]LogConfig: Setting CVar [[r.Streaming.MaxEffectiveScreenSize:0]]
[2019.06.05-16.04.10:709][  0]LogConfig: Applying CVar settings from Section [EffectsQuality@3] File [C:/Users/steve/Desktop/FabulousGameStudio/FabulousGameStudio/Saved/Config/Windows/Scalability.ini]
[2019.06.05-16.04.10:709][  0]LogConfig: Setting CVar [[r.TranslucencyLightingVolumeDim:64]]
[2019.06.05-16.04.10:709][  0]LogConfig: Setting CVar [[r.RefractionQuality:2]]
[2019.06.05-16.04.10:709][  0]LogConfig: Setting CVar [[r.SSR.Quality:3]]
[2019.06.05-16.04.10:709][  0]LogConfig: Setting CVar [[r.SceneColorFormat:4]]
[2019.06.05-16.04.10:709][  0]LogConfig: Setting CVar [[r.DetailMode:2]]
[2019.06.05-16.04.10:709][  0]LogConfig: Setting CVar [[r.TranslucencyVolumeBlur:1]]
[2019.06.05-16.04.10:709][  0]LogConfig: Setting CVar [[r.MaterialQualityLevel:1 ; High quality]]
[2019.06.05-16.04.10:710][  0]LogConfig: Setting CVar [[r.SSS.Scale:1]]
[2019.06.05-16.04.10:710][  0]LogConfig: Setting CVar [[r.SSS.SampleSet:2]]
[2019.06.05-16.04.10:710][  0]LogConfig: Setting CVar [[r.SSS.Quality:1]]
[2019.06.05-16.04.10:710][  0]LogConfig: Setting CVar [[r.SSS.HalfRes:1]]
[2019.06.05-16.04.10:710][  0]LogConfig: Setting CVar [[r.EmitterSpawnRateScale:1.0]]
[2019.06.05-16.04.10:710][  0]LogConfig: Setting CVar [[r.ParticleLightQuality:2]]
[2019.06.05-16.04.10:710][  0]LogConfig: Applying CVar settings from Section [FoliageQuality@3] File [C:/Users/steve/Desktop/FabulousGameStudio/FabulousGameStudio/Saved/Config/Windows/Scalability.ini]
[2019.06.05-16.04.10:710][  0]LogConfig: Setting CVar [[foliage.DensityScale:1.0]]
[2019.06.05-16.04.10:710][  0]LogConfig: Setting CVar [[grass.DensityScale:1.0]]
[2019.06.05-16.04.10:710][  0]LogConfig: Applying CVar settings from Section [Startup] File [../../../Engine/Config/ConsoleVariables.ini]
[2019.06.05-16.04.10:711][  0]LogConfig: Setting CVar [[net.UseAdaptiveNetUpdateFrequency:0]]
[2019.06.05-16.04.10:711][  0]LogConfig: Setting CVar [[p.chaos.AllowCreatePhysxBodies:1]]
[2019.06.05-16.04.10:711][  0]LogConfig: Applying CVar settings from Section [ConsoleVariables] File [C:/Users/steve/Desktop/FabulousGameStudio/FabulousGameStudio/Saved/Config/Windows/Engine.ini]
[2019.06.05-16.04.10:712][  0]LogInit: Computer: DESKTOP-O0M0BJR
[2019.06.05-16.04.10:712][  0]LogInit: User: steve
[2019.06.05-16.04.10:712][  0]LogInit: CPU Page size=4096, Cores=2
[2019.06.05-16.04.10:712][  0]LogInit: High frequency timer resolution =2.240904 MHz
[2019.06.05-16.04.10:712][  0]LogMemory: Memory total: Physical=3.9GB (4GB approx)
[2019.06.05-16.04.10:712][  0]LogMemory: Platform Memory Stats for Windows
[2019.06.05-16.04.10:712][  0]LogMemory: Process Physical Memory: 97.25 MB used, 97.25 MB peak
[2019.06.05-16.04.10:712][  0]LogMemory: Process Virtual Memory: 92.26 MB used, 92.26 MB peak
[2019.06.05-16.04.10:712][  0]LogMemory: Physical Memory: 3431.72 MB used,  544.55 MB free, 3976.27 MB total
[2019.06.05-16.04.10:712][  0]LogMemory: Virtual Memory: 4632.80 MB used,  134213096.00 MB free, 134217728.00 MB total
[2019.06.05-16.04.10:791][  0]LogInit: Using OS detected language (fr-FR).
[2019.06.05-16.04.10:791][  0]LogInit: Using OS detected locale (fr-FR).
[2019.06.05-16.04.10:795][  0]LogTextLocalizationManager: No specific localization for 'fr-FR' exists, so the 'fr' localization will be used.
[2019.06.05-16.04.10:799][  0]LogTextLocalizationResource: LocRes '../../../Engine/Content/Localization/Editor/fr/Editor.locres' could not be opened for reading!
[2019.06.05-16.04.10:800][  0]LogTextLocalizationResource: LocRes '../../../Engine/Content/Localization/EditorTutorials/fr/EditorTutorials.locres' could not be opened for reading!
[2019.06.05-16.04.10:801][  0]LogTextLocalizationResource: LocRes '../../../Engine/Content/Localization/Keywords/fr/Keywords.locres' could not be opened for reading!
[2019.06.05-16.04.10:802][  0]LogTextLocalizationResource: LocRes '../../../Engine/Content/Localization/Category/fr/Category.locres' could not be opened for reading!
[2019.06.05-16.04.10:803][  0]LogTextLocalizationResource: LocRes '../../../Engine/Content/Localization/ToolTips/fr/ToolTips.locres' could not be opened for reading!
[2019.06.05-16.04.10:803][  0]LogTextLocalizationResource: LocRes '../../../Engine/Content/Localization/PropertyNames/fr/PropertyNames.locres' could not be opened for reading!
[2019.06.05-16.04.10:805][  0]LogTextLocalizationResource: LocRes '../../../Engine/Content/Localization/Engine/fr/Engine.locres' could not be opened for reading!
[2019.06.05-16.04.10:910][  0]LogSlate: New Slate User Created.  User Index 0, Is Virtual User: 0
[2019.06.05-16.04.10:910][  0]LogSlate: Slate User Registered.  User Index 0, Is Virtual User: 0
[2019.06.05-16.04.10:982][  0]LogHMD: Failed to initialize OpenVR with code 110
[2019.06.05-16.04.10:982][  0]LogD3D11RHI: D3D11 adapters:
[2019.06.05-16.04.11:001][  0]LogD3D11RHI:    0. 'Intel(R) HD Graphics Family' (Feature Level 11_0)
[2019.06.05-16.04.11:001][  0]LogD3D11RHI:       112/0/1988 MB DedicatedVideo/DedicatedSystem/SharedSystem, Outputs:2, VendorId:0x8086
[2019.06.05-16.04.11:038][  0]LogD3D11RHI:    1. 'AMD Radeon HD 8600M Series' (Feature Level 11_0)
[2019.06.05-16.04.11:038][  0]LogD3D11RHI:       1015/0/1988 MB DedicatedVideo/DedicatedSystem/SharedSystem, Outputs:0, VendorId:0x1002
[2019.06.05-16.04.11:045][  0]LogD3D11RHI:    2. 'Microsoft Basic Render Driver' (Feature Level 11_0)
[2019.06.05-16.04.11:045][  0]LogD3D11RHI:       0/0/1988 MB DedicatedVideo/DedicatedSystem/SharedSystem, Outputs:0, VendorId:0x1414
[2019.06.05-16.04.11:045][  0]LogD3D11RHI: Chosen D3D11 Adapter: 1
[2019.06.05-16.04.11:065][  0]LogD3D11RHI: Creating new Direct3DDevice
[2019.06.05-16.04.11:066][  0]LogD3D11RHI:     GPU DeviceId: 0x6660 (for the marketing name, search the web for "GPU Device Id")
[2019.06.05-16.04.11:066][  0]LogWindows: EnumDisplayDevices:
[2019.06.05-16.04.11:066][  0]LogWindows:    0. 'Intel(R) HD Graphics Family' (P:1 D:1)
[2019.06.05-16.04.11:067][  0]LogWindows:    1. 'Intel(R) HD Graphics Family' (P:0 D:1)
[2019.06.05-16.04.11:069][  0]LogWindows:    2. 'Intel(R) HD Graphics Family' (P:0 D:0)
[2019.06.05-16.04.11:070][  0]LogWindows: DebugString: PrimaryIsNotTheChoosenAdapter PrimaryIsNotTheChoosenAdapter PrimaryIsNotTheChoosenAdapter FoundDriverCount:0 
[2019.06.05-16.04.11:070][  0]LogD3D11RHI:     Adapter Name: AMD Radeon HD 8600M Series
[2019.06.05-16.04.11:070][  0]LogD3D11RHI:   Driver Version: Unknown (internal:Unknown, unified:Unknown)
[2019.06.05-16.04.11:070][  0]LogD3D11RHI:      Driver Date: Unknown
[2019.06.05-16.04.11:070][  0]LogRHI: Texture pool is 710 MB (70% of 1015 MB)
[2019.06.05-16.04.11:576][  0]LogD3D11RHI: Async texture creation enabled
[2019.06.05-16.04.11:586][  0]LogRendererCore: FGlobalReadBuffer::InitRHI
[2019.06.05-16.04.11:587][  0]LogRendererCore: FGlobalReadBuffer::InitRHI
[2019.06.05-16.04.11:587][  0]LogRendererCore: FGlobalReadBuffer::InitRHI
[2019.06.05-16.04.11:595][  0]LogD3D11RHI: GPU Timing Frequency: 27.000000 (Debug: 2 1)
[2019.06.05-16.04.13:125][  0]LogTemp: Display: Module 'WindowsClientTargetPlatform' loaded TargetPlatform 'WindowsClient'
[2019.06.05-16.04.13:183][  0]LogTemp: Display: Module 'WindowsNoEditorTargetPlatform' loaded TargetPlatform 'WindowsNoEditor'
[2019.06.05-16.04.13:250][  0]LogTemp: Display: Module 'WindowsServerTargetPlatform' loaded TargetPlatform 'WindowsServer'
[2019.06.05-16.04.13:284][  0]LogTemp: Display: Module 'WindowsTargetPlatform' loaded TargetPlatform 'Windows'
[2019.06.05-16.04.13:284][  0]LogTargetPlatformManager: Display: Building Assets For Windows
[2019.06.05-16.04.13:335][  0]LogAudioDebug: Display: Lib vorbis DLL was dynamically loaded.
[2019.06.05-16.04.13:611][  0]LogShaderCompilers: Guid format shader working directory is -28 characters bigger than the processId version (../../../../../../Users/steve/Desktop/FabulousGameStudio/FabulousGameStudio/Intermediate/Shaders/WorkingDirectory/728/).
[2019.06.05-16.04.13:611][  0]LogShaderCompilers: Cleaned the shader compiler working directory 'C:/Users/steve/AppData/Local/Temp/UnrealShaderWorkingDir/4557745141412B3C503C31B9832404B5/'.
[2019.06.05-16.04.13:623][  0]LogXGEController: Cannot use XGE Controller as Incredibuild is not installed on this machine.
[2019.06.05-16.04.13:624][  0]LogShaderCompilers: Cannot use XGE Shader Compiler as Incredibuild is not installed on this machine.
[2019.06.05-16.04.13:624][  0]LogShaderCompilers: Display: Using Local Shader Compiler.
[2019.06.05-16.04.15:960][  0]LogDerivedDataCache: Display: Max Cache Size: 512 MB
[2019.06.05-16.04.16:752][  0]LogDerivedDataCache: Loaded boot cache 0.79s 71MB C:/Users/steve/AppData/Local/UnrealEngine/4.22/DerivedDataCache/Boot.ddc.
[2019.06.05-16.04.16:752][  0]LogDerivedDataCache: Display: Loaded Boot cache: C:/Users/steve/AppData/Local/UnrealEngine/4.22/DerivedDataCache/Boot.ddc
[2019.06.05-16.04.16:752][  0]LogDerivedDataCache: FDerivedDataBackendGraph:  Pak pak cache file ../../../../../../Users/steve/Desktop/FabulousGameStudio/FabulousGameStudio/DerivedDataCache/DDC.ddp not found, will not use a pak cache.
[2019.06.05-16.04.16:752][  0]LogDerivedDataCache: Unable to find inner node Pak for hierarchical cache Hierarchy.
[2019.06.05-16.04.16:752][  0]LogDerivedDataCache: FDerivedDataBackendGraph:  CompressedPak pak cache file ../../../../../../Users/steve/Desktop/FabulousGameStudio/FabulousGameStudio/DerivedDataCache/Compressed.ddp not found, will not use a pak cache.
[2019.06.05-16.04.16:752][  0]LogDerivedDataCache: Unable to find inner node CompressedPak for hierarchical cache Hierarchy.
[2019.06.05-16.04.16:787][  0]LogDerivedDataCache: Display: Pak cache opened for reading ../../../Engine/DerivedDataCache/Compressed.ddp.
[2019.06.05-16.04.16:789][  0]LogDerivedDataCache: FDerivedDataBackendGraph:  EnterprisePak pak cache file ../../../Enterprise/DerivedDataCache/Compressed.ddp not found, will not use a pak cache.
[2019.06.05-16.04.16:789][  0]LogDerivedDataCache: Unable to find inner node EnterprisePak for hierarchical cache Hierarchy.
[2019.06.05-16.04.16:803][  0]LogDerivedDataCache: Using Local data cache path C:/Users/steve/AppData/Local/UnrealEngine/Common/DerivedDataCache: Writable
[2019.06.05-16.04.16:803][  0]LogDerivedDataCache: Shared data cache path not found in *engine.ini, will not use an Shared cache.
[2019.06.05-16.04.16:803][  0]LogDerivedDataCache: Unable to find inner node Shared for hierarchical cache Hierarchy.
[2019.06.05-16.04.16:900][  0]LogMaterial: Verifying Global Shaders for PCD3D_SM5
[2019.06.05-16.04.16:908][  0]LogSlate: Using FreeType 2.6.0
[2019.06.05-16.04.16:911][  0]LogSlate: SlateFontServices - WITH_FREETYPE: 1, WITH_HARFBUZZ: 1
[2019.06.05-16.04.17:427][  0]LogInit: Using OS detected language (fr-FR).
[2019.06.05-16.04.17:427][  0]LogInit: Using OS detected locale (fr-FR).
[2019.06.05-16.04.17:427][  0]LogTextLocalizationManager: No localization for 'fr-FR' exists, so 'en' will be used for the language.
[2019.06.05-16.04.17:427][  0]LogTextLocalizationManager: No localization for 'fr-FR' exists, so 'en' will be used for the locale.
[2019.06.05-16.04.17:428][  0]LogSlate: FontCache flush requested. Reason: Culture for localization was changed
[2019.06.05-16.04.17:428][  0]LogSlate: FontCache flush requested. Reason: Culture for localization was changed
[2019.06.05-16.04.17:428][  0]LogTextLocalizationManager: Compacting localization data took   0.01ms
[2019.06.05-16.04.17:454][  0]LogAssetRegistry: FAssetRegistry took 0.0133 seconds to start up
[2019.06.05-16.04.18:064][  0]LogPackageLocalizationCache: Processed 10 localized package path(s) for 1 prioritized culture(s) in 0.001077 seconds
[2019.06.05-16.04.18:418][  0]LogInit: Selected Device Profile: [Windows]
[2019.06.05-16.04.18:735][  0]LogMeshReduction: Using QuadricMeshReduction for automatic static mesh reduction
[2019.06.05-16.04.18:736][  0]LogMeshReduction: Using SimplygonMeshReduction for automatic skeletal mesh reduction
[2019.06.05-16.04.18:736][  0]LogMeshReduction: Using ProxyLODMeshReduction for automatic mesh merging
[2019.06.05-16.04.18:736][  0]LogMeshReduction: No distributed automatic mesh merging module available
[2019.06.05-16.04.18:736][  0]LogMeshMerging: No distributed automatic mesh merging module available
[2019.06.05-16.04.18:755][  0]LogNetVersion: FGS_Steam 1.0.0, NetCL: 5660361, EngineNetVer: 10, GameNetVer: 0 (Checksum: 257724674)
[2019.06.05-16.04.20:181][  0]LogMoviePlayer: Initializing movie player
[2019.06.05-16.04.20:384][  0]LogTcpMessaging: Initializing TcpMessaging bridge
[2019.06.05-16.04.20:399][  0]LogUdpMessaging: Initializing bridge on interface 0.0.0.0:0 to multicast group 230.0.0.1:6666.
[2019.06.05-16.04.20:525][  0]SourceControl: Source control is disabled
[2019.06.05-16.04.20:525][  0]SourceControl: Source control is disabled
[2019.06.05-16.04.20:529][  0]SourceControl: Source control is disabled
[2019.06.05-16.04.20:676][  0]LogAndroidPermission: UAndroidPermissionCallbackProxy::GetInstance
[2019.06.05-16.04.20:893][  0]LogOcInput: OculusInput pre-init called
[2019.06.05-16.04.20:917][  0]LogUObjectArray: 46468 objects as part of root set at end of initial load.
[2019.06.05-16.04.20:918][  0]LogUObjectAllocator: 8170472 out of 0 bytes used by permanent object pool.
[2019.06.05-16.04.20:918][  0]LogUObjectArray: CloseDisregardForGC: 0/0 objects in disregard for GC pool
[2019.06.05-16.04.21:105][  0]LogEngine: Initializing Engine...
[2019.06.05-16.04.21:107][  0]LogHMD: Failed to initialize OpenVR with code 110
[2019.06.05-16.04.21:121][  0]LogStats: UGameplayTagsManager::InitializeManager -  0.000 s
[2019.06.05-16.04.21:493][  0]LogInit: Initializing FReadOnlyCVARCache
[2019.06.05-16.04.21:534][  0]LogInit: XAudio2 using 'Haut-parleurs (CONEXANT USB AUDIO)' : 2 channels at 48 kHz using 16 bits per sample (channel mask 0x3)
[2019.06.05-16.04.21:580][  0]LogInit: FAudioDevice initialized.
[2019.06.05-16.04.21:593][  0]LogNetVersion: Set ProjectVersion to 1.0.0.0. Version Checksum will be recalculated on next use.
[2019.06.05-16.04.21:614][  0]LogInit: Texture streaming: Enabled
[2019.06.05-16.04.22:062][  0]LogSlate: Updating window title bar state: overlay mode, drag disabled, window buttons hidden, title bar hidden
[2019.06.05-16.04.22:066][  0]LogInit: Display: Game Engine Initialized.
[2019.06.05-16.04.22:228][  0]LogInit: Display: Starting Game.
[2019.06.05-16.04.22:263][  0]LogNet: Browse: /Game/ThirdPersonBP/Maps/MainMenu?Name=Player
[2019.06.05-16.04.22:264][  0]LogLoad: LoadMap: /Game/ThirdPersonBP/Maps/MainMenu?Name=Player
[2019.06.05-16.04.22:352][  0]LogUObjectHash: Compacting FUObjectHashTables data took   5.01ms
[2019.06.05-16.04.22:414][  0]LogAIModule: Creating AISystem for world MainMenu
[2019.06.05-16.04.22:415][  0]LogLoad: Game class is 'MainMenuGM_C'
[2019.06.05-16.04.22:423][  0]LogWorld: Bringing World /Game/ThirdPersonBP/Maps/MainMenu.MainMenu up for play (max tick rate 0) at 2019.06.05-18.04.22
[2019.06.05-16.04.22:425][  0]LogWorld: Bringing up level for play took: 0.006362
[2019.06.05-16.04.22:430][  0]LogGameMode: FindPlayerStart: PATHS NOT DEFINED or NO PLAYERSTART with positive rating
[2019.06.05-16.04.22:486][  0]LogLoad: Took 0.222214 seconds to LoadMap(/Game/ThirdPersonBP/Maps/MainMenu)
[2019.06.05-16.04.22:588][  0]LogRenderer: Reallocating scene render targets to support 1280x720 Format 10 NumSamples 1 (Frame:1).
[2019.06.05-16.04.22:588][  0]LogLoad: (Engine Initialization) Total time: 23.11 seconds
[2019.06.05-16.04.22:588][  0]LogLoad: (Engine Initialization) Total Blueprint compile time: 0.00 seconds
[2019.06.05-16.04.22:607][  0]LogWindowsTextInputMethodSystem: Display: IME system now deactivated.
[2019.06.05-16.04.22:618][  0]LogContentStreaming: Texture pool size now 1000 MB
[2019.06.05-16.04.26:284][165]LogSlate: FSceneViewport::OnFocusLost() reason 0
[2019.06.05-16.04.26:401][170]LogSlate: Took 0.001793 seconds to synchronously load lazily loaded font '../../../Engine/Content/Slate/Fonts/Roboto-Regular.ttf' (155K)
[2019.06.05-16.05.01:378][777]LogInit: WinSock: I am DESKTOP-O0M0BJR (192.168.0.11:0)
[2019.06.05-16.05.01:907][777]LogPackageName: SearchForPackageOnDisk took   0.525s to resolve ThirdPersonExampleMap.umap.
[2019.06.05-16.05.02:304][777]LogPackageName: SearchForPackageOnDisk took   0.396s to resolve ThirdPersonExampleMap.umap.
[2019.06.05-16.05.02:304][777]LogNet: Browse: /Game/ThirdPersonBP/Maps/ThirdPersonExampleMap?listen
[2019.06.05-16.05.02:304][777]LogLoad: LoadMap: /Game/ThirdPersonBP/Maps/ThirdPersonExampleMap?listen
[2019.06.05-16.05.02:347][777]LogUObjectHash: Compacting FUObjectHashTables data took   3.17ms
[2019.06.05-16.05.03:022][777]LogAIModule: Creating AISystem for world ThirdPersonExampleMap
[2019.06.05-16.05.03:029][777]LogLoad: Game class is 'ThirdPersonGameMode_C'
[2019.06.05-16.05.03:031][777]LogOnline: Warning: STEAM: Steamworks: SteamUtils() failed!
[2019.06.05-16.05.03:031][777]LogOnline: Warning: STEAM: Steamworks: SteamUser() failed!
[2019.06.05-16.05.03:031][777]LogOnline: Warning: STEAM: Steamworks: SteamFriends() failed!
[2019.06.05-16.05.03:031][777]LogOnline: Warning: STEAM: Steamworks: SteamRemoteStorage() failed!
[2019.06.05-16.05.03:031][777]LogOnline: Warning: STEAM: Steamworks: SteamUserStats() failed!
[2019.06.05-16.05.03:031][777]LogOnline: Warning: STEAM: Steamworks: SteamMatchmakingServers() failed!
[2019.06.05-16.05.03:031][777]LogOnline: Warning: STEAM: Steamworks: SteamApps() failed!
[2019.06.05-16.05.03:031][777]LogOnline: Warning: STEAM: Steamworks: SteamNetworking() failed!
[2019.06.05-16.05.03:031][777]LogOnline: Warning: STEAM: Steamworks: SteamMatchmaking() failed!
[2019.06.05-16.05.03:031][777]LogOnline: STEAM: [AppId: 0] Client API initialized 0
[2019.06.05-16.05.03:031][777]LogOnline: Display: STEAM: OnlineSubsystemSteam::Shutdown()
[2019.06.05-16.05.03:031][777]LogOnline: Warning: STEAM: Steam API failed to initialize!
[2019.06.05-16.05.03:032][777]LogOnline: Display: STEAM: OnlineSubsystemSteam::Shutdown()
[2019.06.05-16.05.03:033][777]LogTemp: Display: ParseSettings for GameNetDriver
[2019.06.05-16.05.03:035][777]LogTemp: Display: ParseSettings for IpNetDriver_0
[2019.06.05-16.05.03:035][777]LogTemp: Display: ParseSettings for GameNetDriver
[2019.06.05-16.05.03:035][777]LogNet: ReplicationDriverClass is null! Not using ReplicationDriver.
[2019.06.05-16.05.03:036][777]PacketHandlerLog: DDoS detection status: detection enabled: 0 analytics enabled: 0
[2019.06.05-16.05.03:036][777]LogInit: WinSock: Socket queue 131072 / 131072
[2019.06.05-16.05.03:038][777]PacketHandlerLog: Loaded PacketHandler component: Engine.EngineHandlerComponentFactory (StatelessConnectHandlerComponent)
[2019.06.05-16.05.03:040][777]LogNet: GameNetDriver IpNetDriver_0 IpNetDriver listening on port 7777
[2019.06.05-16.05.03:065][777]LogWorld: Bringing World /Game/ThirdPersonBP/Maps/ThirdPersonExampleMap.ThirdPersonExampleMap up for play (max tick rate 0) at 2019.06.05-18.05.03
[2019.06.05-16.05.03:066][777]LogWorld: Bringing up level for play took: 0.025342
[2019.06.05-16.05.03:074][777]LogLoad: Took 0.769096 seconds to LoadMap(/Game/ThirdPersonBP/Maps/ThirdPersonExampleMap)
[2019.06.05-16.06.03:560][432]LogWindowsDesktop: Alt-F4 pressed!
[2019.06.05-16.06.03:621][432]LogSlate: Window 'FGS_Steam (64-bit Development PCD3D_SM5) ' being destroyed
[2019.06.05-16.06.03:622][432]LogWindowsTextInputMethodSystem: Display: IME system now deactivated.
[2019.06.05-16.06.03:625][432]LogWindowsTextInputMethodSystem: Display: IME system now deactivated.
[2019.06.05-16.06.03:628][432]LogSlate: Updating window title bar state: overlay mode, drag disabled, window buttons hidden, title bar hidden
[2019.06.05-16.06.03:628][432]LogEngine: All Windows Closed
[2019.06.05-16.06.03:628][432]LogWindows: FPlatformMisc::RequestExit(0)
[2019.06.05-16.06.03:655][433]LogNet: World NetDriver shutdown IpNetDriver_0 [GameNetDriver]
[2019.06.05-16.06.03:655][433]LogNet: DestroyNamedNetDriver IpNetDriver_0 [GameNetDriver]
[2019.06.05-16.06.03:656][433]LogExit: GameNetDriver IpNetDriver_0 shut down
[2019.06.05-16.06.04:150][433]LogExit: Preparing to exit.
[2019.06.05-16.06.04:150][433]LogMoviePlayer: Shutting down movie player
[2019.06.05-16.06.04:499][433]LogSlate: Updating window title bar state: overlay mode, drag disabled, window buttons hidden, title bar hidden
[2019.06.05-16.06.04:517][433]LogExit: Game engine shut down
[2019.06.05-16.06.04:699][433]LogExit: Object subsystem successfully closed.
[2019.06.05-16.06.04:730][433]LogShaderCompilers: Display: Shaders left to compile 0
[2019.06.05-16.06.04:736][433]LogD3D11RHI: Shutdown
[2019.06.05-16.06.04:736][433]LogD3D11RHI: CleanupD3DDevice
[2019.06.05-16.06.04:737][433]LogRendererCore: FGlobalReadBuffer::ReleaseRHI
[2019.06.05-16.06.04:737][433]LogRendererCore: FGlobalDynamicReadBuffer::Cleanup()
[2019.06.05-16.06.04:738][433]LogRendererCore: FGlobalReadBuffer::ReleaseRHI
[2019.06.05-16.06.04:738][433]LogRendererCore: FGlobalDynamicReadBuffer::Cleanup()
[2019.06.05-16.06.04:738][433]LogRendererCore: FGlobalReadBuffer::ReleaseRHI
[2019.06.05-16.06.04:738][433]LogRendererCore: FGlobalDynamicReadBuffer::Cleanup()
[2019.06.05-16.06.04:858][433]LogD3D11RHI: ~FD3D11DynamicRHI
[2019.06.05-16.06.04:922][433]LogModuleManager: Shutting down and abandoning module SequenceRecorderSections (400)
[2019.06.05-16.06.04:922][433]LogModuleManager: Shutting down and abandoning module SequenceRecorder (398)
[2019.06.05-16.06.04:923][433]LogModuleManager: Shutting down and abandoning module AutomationController (396)
[2019.06.05-16.06.04:924][433]LogModuleManager: Shutting down and abandoning module AutomationWorker (394)
[2019.06.05-16.06.04:924][433]LogModuleManager: Shutting down and abandoning module Voice (392)
[2019.06.05-16.06.04:925][433]LogModuleManager: Shutting down and abandoning module AIModule (390)
[2019.06.05-16.06.04:925][433]LogModuleManager: Shutting down and abandoning module GameplayDebugger (389)
[2019.06.05-16.06.04:925][433]LogModuleManager: Shutting down and abandoning module AITestSuite (387)
[2019.06.05-16.06.04:926][433]LogModuleManager: Shutting down and abandoning module NavigationSystem (385)
[2019.06.05-16.06.04:926][433]LogModuleManager: Shutting down and abandoning module OculusMR (382)
[2019.06.05-16.06.04:926][433]LogModuleManager: Shutting down and abandoning module WmfMediaFactory (380)
[2019.06.05-16.06.04:926][433]LogModuleManager: Shutting down and abandoning module WebMMediaFactory (378)
[2019.06.05-16.06.04:926][433]LogModuleManager: Shutting down and abandoning module WebMMedia (376)
[2019.06.05-16.06.04:926][433]LogModuleManager: Shutting down and abandoning module OpenExrWrapper (374)
[2019.06.05-16.06.04:926][433]LogModuleManager: Shutting down and abandoning module ImgMediaFactory (372)
[2019.06.05-16.06.04:926][433]LogModuleManager: Shutting down and abandoning module AvfMediaFactory (370)
[2019.06.05-16.06.04:926][433]LogModuleManager: Shutting down and abandoning module MagicLeapCameraPreviewFactory (368)
[2019.06.05-16.06.04:926][433]LogModuleManager: Shutting down and abandoning module MagicLeapMediaCodecFactory (366)
[2019.06.05-16.06.04:926][433]LogModuleManager: Shutting down and abandoning module MagicLeapMediaFactory (364)
[2019.06.05-16.06.04:926][433]LogModuleManager: Shutting down and abandoning module CharacterAI (362)
[2019.06.05-16.06.04:926][433]LogModuleManager: Shutting down and abandoning module SessionServices (360)
[2019.06.05-16.06.04:927][433]LogModuleManager: Shutting down and abandoning module MovieSceneCapture (358)
[2019.06.05-16.06.04:927][433]LogModuleManager: Shutting down and abandoning module LiveCoding (356)
[2019.06.05-16.06.04:927][433]LogModuleManager: Shutting down and abandoning module LevelSequence (354)
[2019.06.05-16.06.04:927][433]LogModuleManager: Shutting down and abandoning module MovieSceneTracks (352)
[2019.06.05-16.06.04:927][433]LogModuleManager: Shutting down and abandoning module MovieScene (350)
[2019.06.05-16.06.04:928][433]LogModuleManager: Shutting down and abandoning module StreamingPauseRendering (348)
[2019.06.05-16.06.04:928][433]LogModuleManager: Shutting down and abandoning module PortalServices (346)
[2019.06.05-16.06.04:928][433]LogModuleManager: Shutting down and abandoning module PortalRpc (344)
[2019.06.05-16.06.04:928][433]LogModuleManager: Shutting down and abandoning module MessagingRpc (342)
[2019.06.05-16.06.04:928][433]LogModuleManager: Shutting down and abandoning module ImageWriteQueue (340)
[2019.06.05-16.06.04:933][433]LogModuleManager: Shutting down and abandoning module ProfilerService (338)
[2019.06.05-16.06.05:062][433]LogModuleManager: Shutting down and abandoning module TaskGraph (336)
[2019.06.05-16.06.05:063][433]LogModuleManager: Shutting down and abandoning module SteamVRController (334)
[2019.06.05-16.06.05:063][433]LogModuleManager: Shutting down and abandoning module ProceduralMeshComponent (332)
[2019.06.05-16.06.05:064][433]LogModuleManager: Shutting down and abandoning module OculusInput (330)
[2019.06.05-16.06.05:064][433]LogModuleManager: Shutting down and abandoning module MobilePatchingUtils (328)
[2019.06.05-16.06.05:064][433]LogModuleManager: Shutting down and abandoning module EditableMesh (326)
[2019.06.05-16.06.05:064][433]LogModuleManager: Shutting down and abandoning module CustomMeshComponent (324)
[2019.06.05-16.06.05:064][433]LogModuleManager: Shutting down and abandoning module CableComponent (322)
[2019.06.05-16.06.05:064][433]LogModuleManager: Shutting down and abandoning module AudioCapture (320)
[2019.06.05-16.06.05:064][433]LogModuleManager: Shutting down and abandoning module ArchVisCharacter (318)
[2019.06.05-16.06.05:064][433]LogModuleManager: Shutting down and abandoning module AndroidPermission (316)
[2019.06.05-16.06.05:064][433]LogModuleManager: Shutting down and abandoning module NUTUnrealEngine4 (314)
[2019.06.05-16.06.05:065][433]LogModuleManager: Shutting down and abandoning module NetcodeUnitTest (312)
[2019.06.05-16.06.05:066][433]LogModuleManager: Shutting down and abandoning module MediaCompositing (310)
[2019.06.05-16.06.05:066][433]LogModuleManager: Shutting down and abandoning module LinearTimecode (308)
[2019.06.05-16.06.05:066][433]LogModuleManager: Shutting down and abandoning module ImgMedia (306)
[2019.06.05-16.06.05:066][433]LogModuleManager: Shutting down and abandoning module MagicLeapHelperVulkan (304)
[2019.06.05-16.06.05:066][433]LogModuleManager: Shutting down and abandoning module MagicLeapHelperOpenGL (302)
[2019.06.05-16.06.05:066][433]LogModuleManager: Shutting down and abandoning module MagicLeapAudio (300)
[2019.06.05-16.06.05:066][433]LogModuleManager: Shutting down and abandoning module HTML5Networking (298)
[2019.06.05-16.06.05:066][433]LogModuleManager: Shutting down and abandoning module GeometryCacheTracks (296)
[2019.06.05-16.06.05:066][433]LogModuleManager: Shutting down and abandoning module GeometryCacheSequencer (295)
[2019.06.05-16.06.05:066][433]LogModuleManager: Shutting down and abandoning module GeometryCache (292)
[2019.06.05-16.06.05:066][433]LogModuleManager: Shutting down and abandoning module GeometryCacheEd (291)
[2019.06.05-16.06.05:066][433]LogModuleManager: Shutting down and abandoning module BackChannel (288)
[2019.06.05-16.06.05:066][433]LogModuleManager: Shutting down and abandoning module AppleVision (286)
[2019.06.05-16.06.05:066][433]LogModuleManager: Shutting down and abandoning module AppleImageUtilsBlueprintSupport (284)
[2019.06.05-16.06.05:066][433]LogModuleManager: Shutting down and abandoning module AppleImageUtils (282)
[2019.06.05-16.06.05:066][433]LogModuleManager: Shutting down and abandoning module VariantManagerContent (280)
[2019.06.05-16.06.05:066][433]LogModuleManager: Shutting down and abandoning module CryptoKeysOpenSSL (278)
[2019.06.05-16.06.05:066][433]LogModuleManager: Shutting down and abandoning module CryptoKeys (276)
[2019.06.05-16.06.05:066][433]LogModuleManager: Shutting down and abandoning module VisualStudioSourceCodeAccess (274)
[2019.06.05-16.06.05:066][433]LogModuleManager: Shutting down and abandoning module HotReload (273)
[2019.06.05-16.06.05:067][433]LogModuleManager: Shutting down and abandoning module DirectoryWatcher (272)
[2019.06.05-16.06.05:067][433]LogModuleManager: Shutting down and abandoning module VisualStudioCodeSourceCodeAccess (268)
[2019.06.05-16.06.05:067][433]LogModuleManager: Shutting down and abandoning module UObjectPlugin (266)
[2019.06.05-16.06.05:067][433]LogModuleManager: Shutting down and abandoning module SubversionSourceControl (264)
[2019.06.05-16.06.05:068][433]LogModuleManager: Shutting down and abandoning module PerforceSourceControl (262)
[2019.06.05-16.06.05:069][433]LogModuleManager: Shutting down and abandoning module SourceControl (261)
[2019.06.05-16.06.05:069][433]LogModuleManager: Shutting down and abandoning module CLionSourceCodeAccess (258)
[2019.06.05-16.06.05:069][433]LogModuleManager: Shutting down and abandoning module ActorLayerUtilities (256)
[2019.06.05-16.06.05:069][433]LogModuleManager: Shutting down and abandoning module SignificanceManager (254)
[2019.06.05-16.06.05:069][433]LogModuleManager: Shutting down and abandoning module RuntimePhysXCooking (252)
[2019.06.05-16.06.05:069][433]LogModuleManager: Shutting down and abandoning module PhysXVehiclesEditor (250)
[2019.06.05-16.06.05:069][433]LogModuleManager: Shutting down and abandoning module PhysXVehicles (248)
[2019.06.05-16.06.05:069][433]LogModuleManager: Shutting down and abandoning module LocationServicesBPLibrary (246)
[2019.06.05-16.06.05:069][433]LogModuleManager: Shutting down and abandoning module ActorSequence (244)
[2019.06.05-16.06.05:070][433]LogModuleManager: Shutting down and abandoning module UdpMessaging (242)
[2019.06.05-16.06.05:170][433]LogModuleManager: Shutting down and abandoning module TcpMessaging (240)
[2019.06.05-16.06.05:430][433]LogModuleManager: Shutting down and abandoning module MagicLeapIdentity (238)
[2019.06.05-16.06.05:430][433]LogModuleManager: Shutting down and abandoning module MagicLeapSecureStorage (236)
[2019.06.05-16.06.05:430][433]LogModuleManager: Shutting down and abandoning module MagicLeapHandTracking (234)
[2019.06.05-16.06.05:435][433]LogModuleManager: Shutting down and abandoning module MagicLeapEyeTracker (232)
[2019.06.05-16.06.05:435][433]LogModuleManager: Shutting down and abandoning module MagicLeapController (230)
[2019.06.05-16.06.05:435][433]LogSlate: Slate User Destroyed.  User Index 0, Is Virtual User: 0
[2019.06.05-16.06.05:435][433]LogModuleManager: Shutting down and abandoning module MagicLeapAR (228)
[2019.06.05-16.06.05:435][433]LogModuleManager: Shutting down and abandoning module AugmentedReality (227)
[2019.06.05-16.06.05:435][433]LogModuleManager: Shutting down and abandoning module GameplayTagsEditor (224)
[2019.06.05-16.06.05:436][433]LogModuleManager: Shutting down and abandoning module FacialAnimation (222)
[2019.06.05-16.06.05:436][433]LogModuleManager: Shutting down and abandoning module DataValidation (220)
[2019.06.05-16.06.05:436][433]LogModuleManager: Shutting down and abandoning module AssetManagerEditor (218)
[2019.06.05-16.06.05:437][433]LogModuleManager: Shutting down and abandoning module TreeMap (217)
[2019.06.05-16.06.05:438][433]LogModuleManager: Shutting down and abandoning module AnimationSharing (214)
[2019.06.05-16.06.05:438][433]LogModuleManager: Shutting down and abandoning module LightPropagationVolumeRuntime (212)
[2019.06.05-16.06.05:438][433]LogModuleManager: Shutting down and abandoning module AISupportModule (210)
[2019.06.05-16.06.05:438][433]LogModuleManager: Shutting down and abandoning module Paper2D (208)
[2019.06.05-16.06.05:438][433]LogModuleManager: Shutting down and abandoning module WindowsMoviePlayer (206)
[2019.06.05-16.06.05:439][433]LogModuleManager: Shutting down and abandoning module WebMMoviePlayer (204)
[2019.06.05-16.06.05:439][433]LogModuleManager: Shutting down and abandoning module PacketHandler (202)
[2019.06.05-16.06.05:439][433]LogModuleManager: Shutting down and abandoning module ClothingSystemEditor (200)
[2019.06.05-16.06.05:439][433]LogModuleManager: Shutting down and abandoning module ClothingSystemRuntime (198)
[2019.06.05-16.06.05:440][433]LogModuleManager: Shutting down and abandoning module MediaAssets (196)
[2019.06.05-16.06.05:440][433]LogModuleManager: Shutting down and abandoning module Overlay (194)
[2019.06.05-16.06.05:440][433]LogModuleManager: Shutting down and abandoning module OverlayEditor (193)
[2019.06.05-16.06.05:440][433]LogModuleManager: Shutting down and abandoning module VREditor (190)
[2019.06.05-16.06.05:441][433]LogModuleManager: Shutting down and abandoning module StringTableEditor (188)
[2019.06.05-16.06.05:442][433]LogModuleManager: Shutting down and abandoning module GameplayTasksEditor (186)
[2019.06.05-16.06.05:442][433]LogModuleManager: Shutting down and abandoning module BehaviorTreeEditor (184)
[2019.06.05-16.06.05:444][433]LogModuleManager: Shutting down and abandoning module FunctionalTesting (182)
[2019.06.05-16.06.05:445][433]LogModuleManager: Shutting down and abandoning module CollisionAnalyzer (180)
[2019.06.05-16.06.05:447][433]LogModuleManager: Shutting down and abandoning module WorkspaceMenuStructure (179)
[2019.06.05-16.06.05:447][433]LogModuleManager: Shutting down and abandoning module UMG (176)
[2019.06.05-16.06.05:447][433]LogModuleManager: Shutting down and abandoning module UMGEditor (175)
[2019.06.05-16.06.05:449][433]LogModuleManager: Shutting down and abandoning module Sequencer (174)
[2019.06.05-16.06.05:453][433]LogModuleManager: Shutting down and abandoning module MessageLog (171)
[2019.06.05-16.06.05:453][433]LogModuleManager: Shutting down and abandoning module SlateReflector (166)
[2019.06.05-16.06.05:456][433]LogModuleManager: Shutting down and abandoning module Slate (164)
[2019.06.05-16.06.05:456][433]LogModuleManager: Shutting down and abandoning module EditorStyle (162)
[2019.06.05-16.06.05:458][433]LogModuleManager: Shutting down and abandoning module UnrealEd (160)
[2019.06.05-16.06.05:459][433]LogModuleManager: Shutting down and abandoning module MRMesh (158)
[2019.06.05-16.06.05:459][433]LogModuleManager: Shutting down and abandoning module Messaging (156)
[2019.06.05-16.06.05:459][433]LogModuleManager: Shutting down and abandoning module SourceCodeAccess (154)
[2019.06.05-16.06.05:459][433]LogModuleManager: Shutting down and abandoning module HeadMountedDisplay (152)
[2019.06.05-16.06.05:459][433]LogModuleManager: Shutting down and abandoning module XAudio2 (150)
[2019.06.05-16.06.05:459][433]LogModuleManager: Shutting down and abandoning module Networking (148)
[2019.06.05-16.06.05:459][433]LogModuleManager: Shutting down and abandoning module Core (146)
[2019.06.05-16.06.05:459][433]LogModuleManager: Shutting down and abandoning module KismetCompiler (144)
[2019.06.05-16.06.05:459][433]LogModuleManager: Shutting down and abandoning module MeshUtilities (142)
[2019.06.05-16.06.05:459][433]LogModuleManager: Shutting down and abandoning module MeshMergeUtilities (141)
[2019.06.05-16.06.05:459][433]LogModuleManager: Shutting down and abandoning module MeshReductionInterface (140)
[2019.06.05-16.06.05:459][433]LogModuleManager: Shutting down and abandoning module SkeletalMeshReduction (139)
[2019.06.05-16.06.05:460][433]LogModuleManager: Shutting down and abandoning module ProxyLODMeshReduction (137)
[2019.06.05-16.06.05:461][433]LogModuleManager: Shutting down and abandoning module QuadricMeshReduction (135)
[2019.06.05-16.06.05:461][433]LogModuleManager: Shutting down and abandoning module MaterialBaking (131)
[2019.06.05-16.06.05:462][433]LogModuleManager: Shutting down and abandoning module PIEPreviewDeviceProfileSelector (126)
[2019.06.05-16.06.05:463][433]LogModuleManager: Shutting down and abandoning module DerivedDataCache (124)
