Log file open, 06/02/19 15:50:43
LogWindows: Failed to load 'aqProf.dll' (GetLastError=126)
LogWindows: File 'aqProf.dll' does not exist
LogWindows: Failed to load 'VtuneApi.dll' (GetLastError=126)
LogWindows: File 'VtuneApi.dll' does not exist
LogWindows: Failed to load 'VtuneApi32e.dll' (GetLastError=126)
LogWindows: File 'VtuneApi32e.dll' does not exist
LogConsoleResponse: Display: Failed to find resolution value strings in scalability ini. Falling back to default.
LogInit: Display: Running engine for game: FGS_Steam
LogPakFile: Registered encryption key '00000000000000000000000000000000': 0 pak files mounted, 0 remain pending
LogPlatformFile: Not using cached read wrapper
LogTaskGraph: Started task graph with 5 named threads and 11 total threads with 3 sets of task threads.
LogStats: Stats thread started at 1.036080
LogD3D11RHI: Loaded GFSDK_Aftermath_Lib.x64.dll
LogICUInternationalization: ICU TimeZone Detection - Raw Offset: +1:00, Platform Override: ''
LogPluginManager: Mounting plugin Paper2D
LogPluginManager: Mounting plugin AISupport
LogPluginManager: Mounting plugin LightPropagationVolume
LogPluginManager: Mounting plugin ActorLayerUtilities
LogPluginManager: Mounting plugin AnimationSharing
LogPluginManager: Mounting plugin CLionSourceCodeAccess
LogPluginManager: Mounting plugin CodeLiteSourceCodeAccess
LogPluginManager: Mounting plugin GitSourceControl
LogPluginManager: Mounting plugin KDevelopSourceCodeAccess
LogPluginManager: Mounting plugin NullSourceCodeAccess
LogPluginManager: Mounting plugin PerforceSourceControl
LogPluginManager: Mounting plugin SubversionSourceControl
LogPluginManager: Mounting plugin UObjectPlugin
LogPluginManager: Mounting plugin VisualStudioCodeSourceCodeAccess
LogPluginManager: Mounting plugin VisualStudioSourceCodeAccess
LogPluginManager: Mounting plugin XCodeSourceCodeAccess
LogPluginManager: Mounting plugin AssetManagerEditor
LogPluginManager: Mounting plugin CryptoKeys
LogPluginManager: Mounting plugin DataValidation
LogPluginManager: Mounting plugin FacialAnimation
LogPluginManager: Mounting plugin GameplayTagsEditor
LogPluginManager: Mounting plugin MacGraphicsSwitching
LogPluginManager: Mounting plugin MaterialAnalyzer
LogPluginManager: Mounting plugin MobileLauncherProfileWizard
LogPluginManager: Mounting plugin PluginBrowser
LogPluginManager: Mounting plugin SpeedTreeImporter
LogPluginManager: Mounting plugin DatasmithContent
LogPluginManager: Mounting plugin VariantManagerContent
LogPluginManager: Mounting plugin AlembicImporter
LogPluginManager: Mounting plugin AppleImageUtils
LogPluginManager: Mounting plugin AppleVision
LogPluginManager: Mounting plugin BackChannel
LogPluginManager: Mounting plugin CharacterAI
LogPluginManager: Mounting plugin GeometryCache
LogPluginManager: Mounting plugin HTML5Networking
LogPluginManager: Mounting plugin ProxyLODPlugin
LogPluginManager: Mounting plugin SkeletalReduction
LogPluginManager: Mounting plugin MagicLeap
LogPluginManager: Mounting plugin MagicLeapMedia
LogPluginManager: Mounting plugin AndroidMedia
LogPluginManager: Mounting plugin AvfMedia
LogPluginManager: Mounting plugin ImgMedia
LogPluginManager: Mounting plugin LinearTimecode
LogPluginManager: Mounting plugin MediaCompositing
LogPluginManager: Mounting plugin MediaPlayerEditor
LogPluginManager: Mounting plugin WebMMedia
LogPluginManager: Mounting plugin WmfMedia
LogPluginManager: Mounting plugin TcpMessaging
LogPluginManager: Mounting plugin UdpMessaging
LogPluginManager: Mounting plugin ActorSequence
LogPluginManager: Mounting plugin LevelSequenceEditor
LogPluginManager: Mounting plugin MatineeToLevelSequence
LogPluginManager: Mounting plugin NetcodeUnitTest
LogPluginManager: Mounting plugin NUTUnrealEngine4
LogPluginManager: Mounting plugin OnlineSubsystemGooglePlay
LogPluginManager: Mounting plugin OnlineSubsystemIOS
LogPluginManager: Mounting plugin OnlineSubsystem
LogPluginManager: Mounting plugin OnlineSubsystemNull
LogPluginManager: Mounting plugin OnlineSubsystemSteam
LogPluginManager: Mounting plugin OnlineSubsystemUtils
LogPluginManager: Mounting plugin LauncherChunkInstaller
LogPluginManager: Mounting plugin AndroidDeviceProfileSelector
LogPluginManager: Mounting plugin AndroidMoviePlayer
LogPluginManager: Mounting plugin AndroidPermission
LogPluginManager: Mounting plugin AppleMoviePlayer
LogPluginManager: Mounting plugin ArchVisCharacter
LogPluginManager: Mounting plugin AudioCapture
LogPluginManager: Mounting plugin CableComponent
LogPluginManager: Mounting plugin CustomMeshComponent
LogPluginManager: Mounting plugin EditableMesh
LogPluginManager: Mounting plugin ExampleDeviceProfileSelector
LogPluginManager: Mounting plugin Firebase
LogPluginManager: Mounting plugin GoogleCloudMessaging
LogPluginManager: Mounting plugin IOSDeviceProfileSelector
LogPluginManager: Mounting plugin LinuxDeviceProfileSelector
LogPluginManager: Mounting plugin LocationServicesBPLibrary
LogPluginManager: Mounting plugin MobilePatchingUtils
LogPluginManager: Mounting plugin OculusVR
LogPluginManager: Mounting plugin PhysXVehicles
LogPluginManager: Mounting plugin ProceduralMeshComponent
LogPluginManager: Mounting plugin RuntimePhysXCooking
LogPluginManager: Mounting plugin SignificanceManager
LogPluginManager: Mounting plugin SteamVR
LogPluginManager: Mounting plugin WebMMoviePlayer
LogPluginManager: Mounting plugin WindowsMoviePlayer
LogInit: Using libcurl 7.55.1-DEV
LogInit:  - built for x86_64-pc-win32
LogInit:  - supports SSL with OpenSSL/1.1.1
LogInit:  - supports HTTP deflate (compression) using libz 1.2.8
LogInit:  - other features:
LogInit:      CURL_VERSION_SSL
LogInit:      CURL_VERSION_LIBZ
LogInit:      CURL_VERSION_IPV6
LogInit:      CURL_VERSION_ASYNCHDNS
LogInit:      CURL_VERSION_LARGEFILE
LogInit:      CURL_VERSION_IDN
LogInit:  CurlRequestOptions (configurable via config and command line):
LogInit:  - bVerifyPeer = true  - Libcurl will verify peer certificate
LogInit:  - bUseHttpProxy = false  - Libcurl will NOT use HTTP proxy
LogInit:  - bDontReuseConnections = false  - Libcurl will reuse connections
LogInit:  - MaxHostConnections = 16  - Libcurl will limit the number of connections to a host
LogInit:  - LocalHostAddr = Default
LogInit:  - BufferSize = 65536
LogOnline: Display: STEAM: Loading Steam SDK 1.39
LogOnline: STEAM: Steam User is subscribed 1
LogOnline: STEAM: [AppId: 480] Client API initialized 1
LogOnline: STEAM: [AppId: 480] Game Server API initialized 1
LogOnline: STEAM: Missing P2PCleanupTimeout key in OnlineSubsystemSteam of DefaultEngine.ini, using default
LogInit: WinSock: version 1.1 (2.2), MaxSocks=32767, MaxUdp=65467
LogInit: Build: ++UE4+Release-4.22-CL-6574378
LogInit: Engine Version: 4.22.2-6574378+++UE4+Release-4.22
LogInit: Compatible Engine Version: 4.22.0-5660361+++UE4+Release-4.22
LogInit: Net CL: 5660361
LogInit: OS: Windows 10 (Release 1803) (), CPU: Intel(R) Core(TM) i5-6200U CPU @ 2.30GHz, GPU: Intel(R) HD Graphics 520
LogInit: Compiled (64-bit): May 20 2019 09:54:56
LogInit: Compiled with Visual C++: 19.16.27025.01
LogInit: Build Configuration: Development
LogInit: Branch Name: ++UE4+Release-4.22
LogInit: Command Line:  /Game/ThirdPersonBP/Maps/ThirdPersonExampleMap -game -PIEVIACONSOLE -ResX=1280 -ResY=720 -Multiprocess -messaging -SessionName="Play in Standalone Game" -windowed
LogInit: Base Directory: C:/Program Files/Epic Games/UE_4.22/Engine/Binaries/Win64/
LogInit: Installed Engine Build: 1
LogDevObjectVersion: Number of dev versions registered: 23
LogDevObjectVersion:   Dev-Blueprints (B0D832E4-1F89-4F0D-ACCF-7EB736FD4AA2): 10
LogDevObjectVersion:   Dev-Build (E1C64328-A22C-4D53-A36C-8E866417BD8C): 0
LogDevObjectVersion:   Dev-Core (375EC13C-06E4-48FB-B500-84F0262A717E): 3
LogDevObjectVersion:   Dev-Editor (E4B068ED-F494-42E9-A231-DA0B2E46BB41): 30
LogDevObjectVersion:   Dev-Framework (CFFC743F-43B0-4480-9391-14DF171D2073): 35
LogDevObjectVersion:   Dev-Mobile (B02B49B5-BB20-44E9-A304-32B752E40360): 2
LogDevObjectVersion:   Dev-Networking (A4E4105C-59A1-49B5-A7C5-40C4547EDFEE): 0
LogDevObjectVersion:   Dev-Online (39C831C9-5AE6-47DC-9A44-9C173E1C8E7C): 0
LogDevObjectVersion:   Dev-Physics (78F01B33-EBEA-4F98-B9B4-84EACCB95AA2): 0
LogDevObjectVersion:   Dev-Platform (6631380F-2D4D-43E0-8009-CF276956A95A): 0
LogDevObjectVersion:   Dev-Rendering (12F88B9F-8875-4AFC-A67C-D90C383ABD29): 28
LogDevObjectVersion:   Dev-Sequencer (7B5AE74C-D270-4C10-A958-57980B212A5A): 11
LogDevObjectVersion:   Dev-VR (D7296918-1DD6-4BDD-9DE2-64A83CC13884): 2
LogDevObjectVersion:   Dev-LoadTimes (C2A15278-BFE7-4AFE-6C17-90FF531DF755): 1
LogDevObjectVersion:   Private-Geometry (6EACA3D4-40EC-4CC1-B786-8BED09428FC5): 3
LogDevObjectVersion:   Dev-AnimPhys (29E575DD-E0A3-4627-9D10-D276232CDCEA): 17
LogDevObjectVersion:   Dev-Anim (AF43A65D-7FD3-4947-9873-3E8ED9C1BB05): 2
LogDevObjectVersion:   Dev-ReflectionCapture (6B266CEC-1EC7-4B8F-A30B-E4D90942FC07): 1
LogDevObjectVersion:   Dev-Automation (0DF73D61-A23F-47EA-B727-89E90C41499A): 1
LogDevObjectVersion:   FortniteMain (601D1886-AC64-4F84-AA16-D3DE0DEAC7D6): 25
LogDevObjectVersion:   Dev-Enterprise (9DFFBCD6-494F-0158-E221-12823C92A888): 6
LogDevObjectVersion:   Dev-Niagara (F2AED0AC-9AFE-416F-8664-AA7FFA26D6FC): 1
LogDevObjectVersion:   Dev-Destruction (174F1F0B-B4C6-45A5-B13F-2EE8D0FB917D): 2
LogInit: Presizing for max 16777216 objects, including 0 objects not considered by GC, pre-allocating 0 bytes for permanent pool.
LogInit: Object subsystem initialized
LogConfig: Setting CVar [[con.DebugEarlyDefault:1]]
LogConfig: Setting CVar [[r.setres:1280x720]]
[2019.06.02-13.50.58:233][  0]LogConfig: Setting CVar [[con.DebugEarlyDefault:1]]
[2019.06.02-13.50.58:233][  0]LogConfig: Setting CVar [[r.setres:1280x720]]
[2019.06.02-13.50.58:239][  0]LogConfig: Applying CVar settings from Section [/Script/Engine.RendererSettings] File [C:/Users/exali/OneDrive/Documents/Unreal Projects/FGS_Steam/Saved/Config/Windows/Engine.ini]
[2019.06.02-13.50.58:239][  0]LogConfig: Setting CVar [[r.GPUCrashDebugging:0]]
[2019.06.02-13.50.58:239][  0]LogConfig: Applying CVar settings from Section [/Script/Engine.RendererOverrideSettings] File [C:/Users/exali/OneDrive/Documents/Unreal Projects/FGS_Steam/Saved/Config/Windows/Engine.ini]
[2019.06.02-13.50.58:239][  0]LogConfig: Applying CVar settings from Section [/Script/Engine.StreamingSettings] File [C:/Users/exali/OneDrive/Documents/Unreal Projects/FGS_Steam/Saved/Config/Windows/Engine.ini]
[2019.06.02-13.50.58:239][  0]LogConfig: Setting CVar [[s.MinBulkDataSizeForAsyncLoading:131072]]
[2019.06.02-13.50.58:239][  0]LogConfig: Setting CVar [[s.AsyncLoadingThreadEnabled:0]]
[2019.06.02-13.50.58:239][  0]LogConfig: Setting CVar [[s.EventDrivenLoaderEnabled:1]]
[2019.06.02-13.50.58:239][  0]LogConfig: Setting CVar [[s.WarnIfTimeLimitExceeded:0]]
[2019.06.02-13.50.58:239][  0]LogConfig: Setting CVar [[s.TimeLimitExceededMultiplier:1.5]]
[2019.06.02-13.50.58:239][  0]LogConfig: Setting CVar [[s.TimeLimitExceededMinTime:0.005]]
[2019.06.02-13.50.58:239][  0]LogConfig: Setting CVar [[s.UseBackgroundLevelStreaming:1]]
[2019.06.02-13.50.58:239][  0]LogConfig: Setting CVar [[s.PriorityAsyncLoadingExtraTime:15.0]]
[2019.06.02-13.50.58:239][  0]LogConfig: Setting CVar [[s.LevelStreamingActorsUpdateTimeLimit:5.0]]
[2019.06.02-13.50.58:239][  0]LogConfig: Setting CVar [[s.PriorityLevelStreamingActorsUpdateExtraTime:5.0]]
[2019.06.02-13.50.58:239][  0]LogConfig: Setting CVar [[s.LevelStreamingComponentsRegistrationGranularity:10]]
[2019.06.02-13.50.58:239][  0]LogConfig: Setting CVar [[s.UnregisterComponentsTimeLimit:1.0]]
[2019.06.02-13.50.58:239][  0]LogConfig: Setting CVar [[s.LevelStreamingComponentsUnregistrationGranularity:5]]
[2019.06.02-13.50.58:239][  0]LogConfig: Applying CVar settings from Section [/Script/Engine.GarbageCollectionSettings] File [C:/Users/exali/OneDrive/Documents/Unreal Projects/FGS_Steam/Saved/Config/Windows/Engine.ini]
[2019.06.02-13.50.58:239][  0]LogConfig: Setting CVar [[gc.MaxObjectsNotConsideredByGC:1]]
[2019.06.02-13.50.58:239][  0]LogConfig: Setting CVar [[gc.SizeOfPermanentObjectPool:0]]
[2019.06.02-13.50.58:239][  0]LogConfig: Setting CVar [[gc.FlushStreamingOnGC:0]]
[2019.06.02-13.50.58:239][  0]LogConfig: Setting CVar [[gc.NumRetriesBeforeForcingGC:10]]
[2019.06.02-13.50.58:239][  0]LogConfig: Setting CVar [[gc.AllowParallelGC:1]]
[2019.06.02-13.50.58:240][  0]LogConfig: Setting CVar [[gc.TimeBetweenPurgingPendingKillObjects:61.1]]
[2019.06.02-13.50.58:240][  0]LogConfig: Setting CVar [[gc.MaxObjectsInEditor:16777216]]
[2019.06.02-13.50.58:240][  0]LogConfig: Setting CVar [[gc.IncrementalBeginDestroyEnabled:1]]
[2019.06.02-13.50.58:240][  0]LogConfig: Setting CVar [[gc.CreateGCClusters:1]]
[2019.06.02-13.50.58:240][  0]LogConfig: Setting CVar [[gc.MinGCClusterSize:5]]
[2019.06.02-13.50.58:240][  0]LogConfig: Setting CVar [[gc.ActorClusteringEnabled:0]]
[2019.06.02-13.50.58:240][  0]LogConfig: Setting CVar [[gc.BlueprintClusteringEnabled:0]]
[2019.06.02-13.50.58:240][  0]LogConfig: Setting CVar [[gc.UseDisregardForGCOnDedicatedServers:0]]
[2019.06.02-13.50.58:240][  0]LogConfig: Applying CVar settings from Section [/Script/Engine.NetworkSettings] File [C:/Users/exali/OneDrive/Documents/Unreal Projects/FGS_Steam/Saved/Config/Windows/Engine.ini]
[2019.06.02-13.50.58:240][  0]LogConfig: Applying CVar settings from Section [/Script/UnrealEd.CookerSettings] File [C:/Users/exali/OneDrive/Documents/Unreal Projects/FGS_Steam/Saved/Config/Windows/Engine.ini]
[2019.06.02-13.50.58:591][  0]LogConfig: Applying CVar settings from Section [ViewDistanceQuality@3] File [C:/Users/exali/OneDrive/Documents/Unreal Projects/FGS_Steam/Saved/Config/Windows/Scalability.ini]
[2019.06.02-13.50.58:591][  0]LogConfig: Setting CVar [[r.SkeletalMeshLODBias:0]]
[2019.06.02-13.50.58:591][  0]LogConfig: Setting CVar [[r.ViewDistanceScale:1.0]]
[2019.06.02-13.50.58:591][  0]LogConfig: Applying CVar settings from Section [AntiAliasingQuality@3] File [C:/Users/exali/OneDrive/Documents/Unreal Projects/FGS_Steam/Saved/Config/Windows/Scalability.ini]
[2019.06.02-13.50.58:591][  0]LogConfig: Setting CVar [[r.PostProcessAAQuality:4]]
[2019.06.02-13.50.58:591][  0]LogConfig: Applying CVar settings from Section [ShadowQuality@3] File [C:/Users/exali/OneDrive/Documents/Unreal Projects/FGS_Steam/Saved/Config/Windows/Scalability.ini]
[2019.06.02-13.50.58:591][  0]LogConfig: Setting CVar [[r.LightFunctionQuality:1]]
[2019.06.02-13.50.58:591][  0]LogConfig: Setting CVar [[r.ShadowQuality:5]]
[2019.06.02-13.50.58:591][  0]LogConfig: Setting CVar [[r.Shadow.CSM.MaxCascades:10]]
[2019.06.02-13.50.58:591][  0]LogConfig: Setting CVar [[r.Shadow.MaxResolution:2048]]
[2019.06.02-13.50.58:592][  0]LogConfig: Setting CVar [[r.Shadow.MaxCSMResolution:2048]]
[2019.06.02-13.50.58:592][  0]LogConfig: Setting CVar [[r.Shadow.RadiusThreshold:0.01]]
[2019.06.02-13.50.58:592][  0]LogConfig: Setting CVar [[r.Shadow.DistanceScale:1.0]]
[2019.06.02-13.50.58:592][  0]LogConfig: Setting CVar [[r.Shadow.CSM.TransitionScale:1.0]]
[2019.06.02-13.50.58:592][  0]LogConfig: Setting CVar [[r.Shadow.PreShadowResolutionFactor:1.0]]
[2019.06.02-13.50.58:592][  0]LogConfig: Setting CVar [[r.DistanceFieldShadowing:1]]
[2019.06.02-13.50.58:592][  0]LogConfig: Setting CVar [[r.DistanceFieldAO:1]]
[2019.06.02-13.50.58:592][  0]LogConfig: Setting CVar [[r.AOQuality:2]]
[2019.06.02-13.50.58:592][  0]LogConfig: Setting CVar [[r.VolumetricFog:1]]
[2019.06.02-13.50.58:592][  0]LogConfig: Setting CVar [[r.VolumetricFog.GridPixelSize:8]]
[2019.06.02-13.50.58:592][  0]LogConfig: Setting CVar [[r.VolumetricFog.GridSizeZ:128]]
[2019.06.02-13.50.58:592][  0]LogConfig: Setting CVar [[r.VolumetricFog.HistoryMissSupersampleCount:4]]
[2019.06.02-13.50.58:592][  0]LogConfig: Setting CVar [[r.LightMaxDrawDistanceScale:1]]
[2019.06.02-13.50.58:592][  0]LogConfig: Setting CVar [[r.CapsuleShadows:1]]
[2019.06.02-13.50.58:592][  0]LogConfig: Applying CVar settings from Section [PostProcessQuality@3] File [C:/Users/exali/OneDrive/Documents/Unreal Projects/FGS_Steam/Saved/Config/Windows/Scalability.ini]
[2019.06.02-13.50.58:592][  0]LogConfig: Setting CVar [[r.MotionBlurQuality:4]]
[2019.06.02-13.50.58:592][  0]LogConfig: Setting CVar [[r.AmbientOcclusionMipLevelFactor:0.4]]
[2019.06.02-13.50.58:592][  0]LogConfig: Setting CVar [[r.AmbientOcclusionMaxQuality:100]]
[2019.06.02-13.50.58:592][  0]LogConfig: Setting CVar [[r.AmbientOcclusionLevels:-1]]
[2019.06.02-13.50.58:592][  0]LogConfig: Setting CVar [[r.AmbientOcclusionRadiusScale:1.0]]
[2019.06.02-13.50.58:592][  0]LogConfig: Setting CVar [[r.DepthOfFieldQuality:2]]
[2019.06.02-13.50.58:592][  0]LogConfig: Setting CVar [[r.RenderTargetPoolMin:400]]
[2019.06.02-13.50.58:592][  0]LogConfig: Setting CVar [[r.LensFlareQuality:2]]
[2019.06.02-13.50.58:592][  0]LogConfig: Setting CVar [[r.SceneColorFringeQuality:1]]
[2019.06.02-13.50.58:592][  0]LogConfig: Setting CVar [[r.EyeAdaptationQuality:2]]
[2019.06.02-13.50.58:592][  0]LogConfig: Setting CVar [[r.BloomQuality:5]]
[2019.06.02-13.50.58:592][  0]LogConfig: Setting CVar [[r.FastBlurThreshold:100]]
[2019.06.02-13.50.58:592][  0]LogConfig: Setting CVar [[r.Upscale.Quality:3]]
[2019.06.02-13.50.58:592][  0]LogConfig: Setting CVar [[r.Tonemapper.GrainQuantization:1]]
[2019.06.02-13.50.58:592][  0]LogConfig: Setting CVar [[r.LightShaftQuality:1]]
[2019.06.02-13.50.58:592][  0]LogConfig: Setting CVar [[r.Filter.SizeScale:1]]
[2019.06.02-13.50.58:592][  0]LogConfig: Setting CVar [[r.Tonemapper.Quality:5]]
[2019.06.02-13.50.58:592][  0]LogConfig: Setting CVar [[r.DOF.Gather.AccumulatorQuality:1        ; higher gathering accumulator quality]]
[2019.06.02-13.50.58:592][  0]LogConfig: Setting CVar [[r.DOF.Gather.PostfilterMethod:1          ; Median3x3 postfilering method]]
[2019.06.02-13.50.58:592][  0]LogConfig: Setting CVar [[r.DOF.Gather.EnableBokehSettings:0       ; no bokeh simulation when gathering]]
[2019.06.02-13.50.58:593][  0]LogConfig: Setting CVar [[r.DOF.Gather.RingCount:4                 ; medium number of samples when gathering]]
[2019.06.02-13.50.58:593][  0]LogConfig: Setting CVar [[r.DOF.Scatter.ForegroundCompositing:1    ; additive foreground scattering]]
[2019.06.02-13.50.58:593][  0]LogConfig: Setting CVar [[r.DOF.Scatter.BackgroundCompositing:2    ; additive background scattering]]
[2019.06.02-13.50.58:593][  0]LogConfig: Setting CVar [[r.DOF.Scatter.EnableBokehSettings:1      ; bokeh simulation when scattering]]
[2019.06.02-13.50.58:593][  0]LogConfig: Setting CVar [[r.DOF.Scatter.MaxSpriteRatio:0.1         ; only a maximum of 10% of scattered bokeh]]
[2019.06.02-13.50.58:593][  0]LogConfig: Setting CVar [[r.DOF.Recombine.Quality:1                ; cheap slight out of focus]]
[2019.06.02-13.50.58:593][  0]LogConfig: Setting CVar [[r.DOF.Recombine.EnableBokehSettings:0    ; no bokeh simulation on slight out of focus]]
[2019.06.02-13.50.58:593][  0]LogConfig: Setting CVar [[r.DOF.TemporalAAQuality:1                ; more stable temporal accumulation]]
[2019.06.02-13.50.58:593][  0]LogConfig: Setting CVar [[r.DOF.Kernel.MaxForegroundRadius:0.025]]
[2019.06.02-13.50.58:593][  0]LogConfig: Setting CVar [[r.DOF.Kernel.MaxBackgroundRadius:0.025]]
[2019.06.02-13.50.58:593][  0]LogConfig: Applying CVar settings from Section [TextureQuality@3] File [C:/Users/exali/OneDrive/Documents/Unreal Projects/FGS_Steam/Saved/Config/Windows/Scalability.ini]
[2019.06.02-13.50.58:593][  0]LogConfig: Setting CVar [[r.Streaming.MipBias:0]]
[2019.06.02-13.50.58:593][  0]LogConfig: Setting CVar [[r.Streaming.AmortizeCPUToGPUCopy:0]]
[2019.06.02-13.50.58:593][  0]LogConfig: Setting CVar [[r.Streaming.MaxNumTexturesToStreamPerFrame:0]]
[2019.06.02-13.50.58:593][  0]LogConfig: Setting CVar [[r.Streaming.Boost:1]]
[2019.06.02-13.50.58:593][  0]LogConfig: Setting CVar [[r.MaxAnisotropy:8]]
[2019.06.02-13.50.58:593][  0]LogConfig: Setting CVar [[r.Streaming.LimitPoolSizeToVRAM:0]]
[2019.06.02-13.50.58:593][  0]LogConfig: Setting CVar [[r.Streaming.PoolSize:1000]]
[2019.06.02-13.50.58:593][  0]LogConfig: Setting CVar [[r.Streaming.MaxEffectiveScreenSize:0]]
[2019.06.02-13.50.58:593][  0]LogConfig: Applying CVar settings from Section [EffectsQuality@3] File [C:/Users/exali/OneDrive/Documents/Unreal Projects/FGS_Steam/Saved/Config/Windows/Scalability.ini]
[2019.06.02-13.50.58:593][  0]LogConfig: Setting CVar [[r.TranslucencyLightingVolumeDim:64]]
[2019.06.02-13.50.58:593][  0]LogConfig: Setting CVar [[r.RefractionQuality:2]]
[2019.06.02-13.50.58:593][  0]LogConfig: Setting CVar [[r.SSR.Quality:3]]
[2019.06.02-13.50.58:593][  0]LogConfig: Setting CVar [[r.SceneColorFormat:4]]
[2019.06.02-13.50.58:593][  0]LogConfig: Setting CVar [[r.DetailMode:2]]
[2019.06.02-13.50.58:593][  0]LogConfig: Setting CVar [[r.TranslucencyVolumeBlur:1]]
[2019.06.02-13.50.58:593][  0]LogConfig: Setting CVar [[r.MaterialQualityLevel:1 ; High quality]]
[2019.06.02-13.50.58:593][  0]LogConfig: Setting CVar [[r.SSS.Scale:1]]
[2019.06.02-13.50.58:593][  0]LogConfig: Setting CVar [[r.SSS.SampleSet:2]]
[2019.06.02-13.50.58:593][  0]LogConfig: Setting CVar [[r.SSS.Quality:1]]
[2019.06.02-13.50.58:593][  0]LogConfig: Setting CVar [[r.SSS.HalfRes:1]]
[2019.06.02-13.50.58:593][  0]LogConfig: Setting CVar [[r.EmitterSpawnRateScale:1.0]]
[2019.06.02-13.50.58:593][  0]LogConfig: Setting CVar [[r.ParticleLightQuality:2]]
[2019.06.02-13.50.58:593][  0]LogConfig: Applying CVar settings from Section [FoliageQuality@3] File [C:/Users/exali/OneDrive/Documents/Unreal Projects/FGS_Steam/Saved/Config/Windows/Scalability.ini]
[2019.06.02-13.50.58:593][  0]LogConfig: Setting CVar [[foliage.DensityScale:1.0]]
[2019.06.02-13.50.58:594][  0]LogConfig: Setting CVar [[grass.DensityScale:1.0]]
[2019.06.02-13.50.58:598][  0]LogInit: Selected Device Profile: [Windows]
[2019.06.02-13.50.58:610][  0]LogInit: Applying CVar settings loaded from the selected device profile: [Windows]
[2019.06.02-13.50.58:677][  0]LogHAL: Display: Platform has ~ 4 GB [4152492032 / 4294967296 / 4], which maps to Smallest [LargestMinGB=32, LargerMinGB=12, DefaultMinGB=8, SmallerMinGB=6, SmallestMinGB=0)
[2019.06.02-13.50.58:685][  0]LogConfig: Setting CVar [[r.Vulkan.UseRealUBs:0		; Required until we fix HLR fall-out]]
[2019.06.02-13.50.58:685][  0]LogInit: Going up to parent DeviceProfile []
[2019.06.02-13.50.58:746][  0]LogConfig: Applying CVar settings from Section [ViewDistanceQuality@3] File [C:/Users/exali/OneDrive/Documents/Unreal Projects/FGS_Steam/Saved/Config/Windows/Scalability.ini]
[2019.06.02-13.50.58:746][  0]LogConfig: Setting CVar [[r.SkeletalMeshLODBias:0]]
[2019.06.02-13.50.58:746][  0]LogConfig: Setting CVar [[r.ViewDistanceScale:1.0]]
[2019.06.02-13.50.58:746][  0]LogConfig: Applying CVar settings from Section [AntiAliasingQuality@3] File [C:/Users/exali/OneDrive/Documents/Unreal Projects/FGS_Steam/Saved/Config/Windows/Scalability.ini]
[2019.06.02-13.50.58:746][  0]LogConfig: Setting CVar [[r.PostProcessAAQuality:4]]
[2019.06.02-13.50.58:746][  0]LogConfig: Applying CVar settings from Section [ShadowQuality@3] File [C:/Users/exali/OneDrive/Documents/Unreal Projects/FGS_Steam/Saved/Config/Windows/Scalability.ini]
[2019.06.02-13.50.58:746][  0]LogConfig: Setting CVar [[r.LightFunctionQuality:1]]
[2019.06.02-13.50.58:746][  0]LogConfig: Setting CVar [[r.ShadowQuality:5]]
[2019.06.02-13.50.58:746][  0]LogConfig: Setting CVar [[r.Shadow.CSM.MaxCascades:10]]
[2019.06.02-13.50.58:746][  0]LogConfig: Setting CVar [[r.Shadow.MaxResolution:2048]]
[2019.06.02-13.50.58:746][  0]LogConfig: Setting CVar [[r.Shadow.MaxCSMResolution:2048]]
[2019.06.02-13.50.58:746][  0]LogConfig: Setting CVar [[r.Shadow.RadiusThreshold:0.01]]
[2019.06.02-13.50.58:746][  0]LogConfig: Setting CVar [[r.Shadow.DistanceScale:1.0]]
[2019.06.02-13.50.58:746][  0]LogConfig: Setting CVar [[r.Shadow.CSM.TransitionScale:1.0]]
[2019.06.02-13.50.58:746][  0]LogConfig: Setting CVar [[r.Shadow.PreShadowResolutionFactor:1.0]]
[2019.06.02-13.50.58:746][  0]LogConfig: Setting CVar [[r.DistanceFieldShadowing:1]]
[2019.06.02-13.50.58:746][  0]LogConfig: Setting CVar [[r.DistanceFieldAO:1]]
[2019.06.02-13.50.58:746][  0]LogConfig: Setting CVar [[r.AOQuality:2]]
[2019.06.02-13.50.58:746][  0]LogConfig: Setting CVar [[r.VolumetricFog:1]]
[2019.06.02-13.50.58:746][  0]LogConfig: Setting CVar [[r.VolumetricFog.GridPixelSize:8]]
[2019.06.02-13.50.58:746][  0]LogConfig: Setting CVar [[r.VolumetricFog.GridSizeZ:128]]
[2019.06.02-13.50.58:746][  0]LogConfig: Setting CVar [[r.VolumetricFog.HistoryMissSupersampleCount:4]]
[2019.06.02-13.50.58:746][  0]LogConfig: Setting CVar [[r.LightMaxDrawDistanceScale:1]]
[2019.06.02-13.50.58:746][  0]LogConfig: Setting CVar [[r.CapsuleShadows:1]]
[2019.06.02-13.50.58:746][  0]LogConfig: Applying CVar settings from Section [PostProcessQuality@3] File [C:/Users/exali/OneDrive/Documents/Unreal Projects/FGS_Steam/Saved/Config/Windows/Scalability.ini]
[2019.06.02-13.50.58:746][  0]LogConfig: Setting CVar [[r.MotionBlurQuality:4]]
[2019.06.02-13.50.58:746][  0]LogConfig: Setting CVar [[r.AmbientOcclusionMipLevelFactor:0.4]]
[2019.06.02-13.50.58:746][  0]LogConfig: Setting CVar [[r.AmbientOcclusionMaxQuality:100]]
[2019.06.02-13.50.58:746][  0]LogConfig: Setting CVar [[r.AmbientOcclusionLevels:-1]]
[2019.06.02-13.50.58:746][  0]LogConfig: Setting CVar [[r.AmbientOcclusionRadiusScale:1.0]]
[2019.06.02-13.50.58:746][  0]LogConfig: Setting CVar [[r.DepthOfFieldQuality:2]]
[2019.06.02-13.50.58:746][  0]LogConfig: Setting CVar [[r.RenderTargetPoolMin:400]]
[2019.06.02-13.50.58:746][  0]LogConfig: Setting CVar [[r.LensFlareQuality:2]]
[2019.06.02-13.50.58:746][  0]LogConfig: Setting CVar [[r.SceneColorFringeQuality:1]]
[2019.06.02-13.50.58:746][  0]LogConfig: Setting CVar [[r.EyeAdaptationQuality:2]]
[2019.06.02-13.50.58:746][  0]LogConfig: Setting CVar [[r.BloomQuality:5]]
[2019.06.02-13.50.58:746][  0]LogConfig: Setting CVar [[r.FastBlurThreshold:100]]
[2019.06.02-13.50.58:746][  0]LogConfig: Setting CVar [[r.Upscale.Quality:3]]
[2019.06.02-13.50.58:746][  0]LogConfig: Setting CVar [[r.Tonemapper.GrainQuantization:1]]
[2019.06.02-13.50.58:746][  0]LogConfig: Setting CVar [[r.LightShaftQuality:1]]
[2019.06.02-13.50.58:746][  0]LogConfig: Setting CVar [[r.Filter.SizeScale:1]]
[2019.06.02-13.50.58:746][  0]LogConfig: Setting CVar [[r.Tonemapper.Quality:5]]
[2019.06.02-13.50.58:746][  0]LogConfig: Setting CVar [[r.DOF.Gather.AccumulatorQuality:1        ; higher gathering accumulator quality]]
[2019.06.02-13.50.58:746][  0]LogConfig: Setting CVar [[r.DOF.Gather.PostfilterMethod:1          ; Median3x3 postfilering method]]
[2019.06.02-13.50.58:746][  0]LogConfig: Setting CVar [[r.DOF.Gather.EnableBokehSettings:0       ; no bokeh simulation when gathering]]
[2019.06.02-13.50.58:746][  0]LogConfig: Setting CVar [[r.DOF.Gather.RingCount:4                 ; medium number of samples when gathering]]
[2019.06.02-13.50.58:746][  0]LogConfig: Setting CVar [[r.DOF.Scatter.ForegroundCompositing:1    ; additive foreground scattering]]
[2019.06.02-13.50.58:746][  0]LogConfig: Setting CVar [[r.DOF.Scatter.BackgroundCompositing:2    ; additive background scattering]]
[2019.06.02-13.50.58:746][  0]LogConfig: Setting CVar [[r.DOF.Scatter.EnableBokehSettings:1      ; bokeh simulation when scattering]]
[2019.06.02-13.50.58:746][  0]LogConfig: Setting CVar [[r.DOF.Scatter.MaxSpriteRatio:0.1         ; only a maximum of 10% of scattered bokeh]]
[2019.06.02-13.50.58:746][  0]LogConfig: Setting CVar [[r.DOF.Recombine.Quality:1                ; cheap slight out of focus]]
[2019.06.02-13.50.58:746][  0]LogConfig: Setting CVar [[r.DOF.Recombine.EnableBokehSettings:0    ; no bokeh simulation on slight out of focus]]
[2019.06.02-13.50.58:746][  0]LogConfig: Setting CVar [[r.DOF.TemporalAAQuality:1                ; more stable temporal accumulation]]
[2019.06.02-13.50.58:747][  0]LogConfig: Setting CVar [[r.DOF.Kernel.MaxForegroundRadius:0.025]]
[2019.06.02-13.50.58:747][  0]LogConfig: Setting CVar [[r.DOF.Kernel.MaxBackgroundRadius:0.025]]
[2019.06.02-13.50.58:747][  0]LogConfig: Applying CVar settings from Section [TextureQuality@3] File [C:/Users/exali/OneDrive/Documents/Unreal Projects/FGS_Steam/Saved/Config/Windows/Scalability.ini]
[2019.06.02-13.50.58:747][  0]LogConfig: Setting CVar [[r.Streaming.MipBias:0]]
[2019.06.02-13.50.58:747][  0]LogConfig: Setting CVar [[r.Streaming.AmortizeCPUToGPUCopy:0]]
[2019.06.02-13.50.58:747][  0]LogConfig: Setting CVar [[r.Streaming.MaxNumTexturesToStreamPerFrame:0]]
[2019.06.02-13.50.58:747][  0]LogConfig: Setting CVar [[r.Streaming.Boost:1]]
[2019.06.02-13.50.58:747][  0]LogConfig: Setting CVar [[r.MaxAnisotropy:8]]
[2019.06.02-13.50.58:747][  0]LogConfig: Setting CVar [[r.Streaming.LimitPoolSizeToVRAM:0]]
[2019.06.02-13.50.58:747][  0]LogConfig: Setting CVar [[r.Streaming.PoolSize:1000]]
[2019.06.02-13.50.58:747][  0]LogConfig: Setting CVar [[r.Streaming.MaxEffectiveScreenSize:0]]
[2019.06.02-13.50.58:747][  0]LogConfig: Applying CVar settings from Section [EffectsQuality@3] File [C:/Users/exali/OneDrive/Documents/Unreal Projects/FGS_Steam/Saved/Config/Windows/Scalability.ini]
[2019.06.02-13.50.58:747][  0]LogConfig: Setting CVar [[r.TranslucencyLightingVolumeDim:64]]
[2019.06.02-13.50.58:747][  0]LogConfig: Setting CVar [[r.RefractionQuality:2]]
[2019.06.02-13.50.58:747][  0]LogConfig: Setting CVar [[r.SSR.Quality:3]]
[2019.06.02-13.50.58:747][  0]LogConfig: Setting CVar [[r.SceneColorFormat:4]]
[2019.06.02-13.50.58:747][  0]LogConfig: Setting CVar [[r.DetailMode:2]]
[2019.06.02-13.50.58:747][  0]LogConfig: Setting CVar [[r.TranslucencyVolumeBlur:1]]
[2019.06.02-13.50.58:747][  0]LogConfig: Setting CVar [[r.MaterialQualityLevel:1 ; High quality]]
[2019.06.02-13.50.58:747][  0]LogConfig: Setting CVar [[r.SSS.Scale:1]]
[2019.06.02-13.50.58:747][  0]LogConfig: Setting CVar [[r.SSS.SampleSet:2]]
[2019.06.02-13.50.58:747][  0]LogConfig: Setting CVar [[r.SSS.Quality:1]]
[2019.06.02-13.50.58:747][  0]LogConfig: Setting CVar [[r.SSS.HalfRes:1]]
[2019.06.02-13.50.58:747][  0]LogConfig: Setting CVar [[r.EmitterSpawnRateScale:1.0]]
[2019.06.02-13.50.58:747][  0]LogConfig: Setting CVar [[r.ParticleLightQuality:2]]
[2019.06.02-13.50.58:747][  0]LogConfig: Applying CVar settings from Section [FoliageQuality@3] File [C:/Users/exali/OneDrive/Documents/Unreal Projects/FGS_Steam/Saved/Config/Windows/Scalability.ini]
[2019.06.02-13.50.58:747][  0]LogConfig: Setting CVar [[foliage.DensityScale:1.0]]
[2019.06.02-13.50.58:747][  0]LogConfig: Setting CVar [[grass.DensityScale:1.0]]
[2019.06.02-13.50.58:747][  0]LogConfig: Applying CVar settings from Section [Startup] File [../../../Engine/Config/ConsoleVariables.ini]
[2019.06.02-13.50.58:863][  0]LogConfig: Setting CVar [[net.UseAdaptiveNetUpdateFrequency:0]]
[2019.06.02-13.50.58:863][  0]LogConfig: Setting CVar [[p.chaos.AllowCreatePhysxBodies:1]]
[2019.06.02-13.50.58:863][  0]LogConfig: Applying CVar settings from Section [ConsoleVariables] File [C:/Users/exali/OneDrive/Documents/Unreal Projects/FGS_Steam/Saved/Config/Windows/Engine.ini]
[2019.06.02-13.50.58:952][  0]LogInit: Computer: DESKTOP-87O6U1T
[2019.06.02-13.50.58:952][  0]LogInit: User: exali
[2019.06.02-13.50.58:952][  0]LogInit: CPU Page size=4096, Cores=2
[2019.06.02-13.50.58:952][  0]LogInit: High frequency timer resolution =2.343745 MHz
[2019.06.02-13.50.58:961][  0]LogMemory: Memory total: Physical=3.9GB (4GB approx)
[2019.06.02-13.50.58:961][  0]LogMemory: Platform Memory Stats for Windows
[2019.06.02-13.50.58:961][  0]LogMemory: Process Physical Memory: 126.39 MB used, 126.39 MB peak
[2019.06.02-13.50.58:961][  0]LogMemory: Process Virtual Memory: 102.41 MB used, 102.41 MB peak
[2019.06.02-13.50.58:961][  0]LogMemory: Physical Memory: 3533.18 MB used,  426.95 MB free, 3960.13 MB total
[2019.06.02-13.50.58:961][  0]LogMemory: Virtual Memory: 4765.05 MB used,  134212960.00 MB free, 134217728.00 MB total
[2019.06.02-13.51.00:717][  0]LogInit: Using OS detected language (fr-FR).
[2019.06.02-13.51.00:718][  0]LogInit: Using OS detected locale (fr-FR).
[2019.06.02-13.51.00:751][  0]LogTextLocalizationManager: No specific localization for 'fr-FR' exists, so the 'fr' localization will be used.
[2019.06.02-13.51.00:815][  0]LogTextLocalizationResource: LocRes '../../../Engine/Content/Localization/Editor/fr/Editor.locres' could not be opened for reading!
[2019.06.02-13.51.00:822][  0]LogTextLocalizationResource: LocRes '../../../Engine/Content/Localization/EditorTutorials/fr/EditorTutorials.locres' could not be opened for reading!
[2019.06.02-13.51.00:824][  0]LogTextLocalizationResource: LocRes '../../../Engine/Content/Localization/Keywords/fr/Keywords.locres' could not be opened for reading!
[2019.06.02-13.51.00:832][  0]LogTextLocalizationResource: LocRes '../../../Engine/Content/Localization/Category/fr/Category.locres' could not be opened for reading!
[2019.06.02-13.51.00:835][  0]LogTextLocalizationResource: LocRes '../../../Engine/Content/Localization/ToolTips/fr/ToolTips.locres' could not be opened for reading!
[2019.06.02-13.51.00:836][  0]LogTextLocalizationResource: LocRes '../../../Engine/Content/Localization/PropertyNames/fr/PropertyNames.locres' could not be opened for reading!
[2019.06.02-13.51.00:838][  0]LogTextLocalizationResource: LocRes '../../../Engine/Content/Localization/Engine/fr/Engine.locres' could not be opened for reading!
[2019.06.02-13.51.09:208][  0]LogSlate: New Slate User Created.  User Index 0, Is Virtual User: 0
[2019.06.02-13.51.09:208][  0]LogSlate: Slate User Registered.  User Index 0, Is Virtual User: 0
[2019.06.02-13.51.09:750][  0]LogHMD: Failed to initialize OpenVR with code 110
[2019.06.02-13.51.09:750][  0]LogD3D11RHI: D3D11 adapters:
[2019.06.02-13.51.12:758][  0]LogD3D11RHI:    0. 'NVIDIA GeForce 920MX' (Feature Level 11_0)
[2019.06.02-13.51.12:759][  0]LogD3D11RHI:       2010/0/1980 MB DedicatedVideo/DedicatedSystem/SharedSystem, Outputs:1, VendorId:0x10de
[2019.06.02-13.51.13:187][  0]LogD3D11RHI:    1. 'Intel(R) HD Graphics 520' (Feature Level 11_0)
[2019.06.02-13.51.13:187][  0]LogD3D11RHI:       128/0/1980 MB DedicatedVideo/DedicatedSystem/SharedSystem, Outputs:0, VendorId:0x8086
[2019.06.02-13.51.13:474][  0]LogD3D11RHI:    2. 'Microsoft Basic Render Driver' (Feature Level 11_0)
[2019.06.02-13.51.13:475][  0]LogD3D11RHI:       0/0/1980 MB DedicatedVideo/DedicatedSystem/SharedSystem, Outputs:0, VendorId:0x1414
[2019.06.02-13.51.13:475][  0]LogD3D11RHI: Chosen D3D11 Adapter: 0
[2019.06.02-13.51.13:630][  0]LogD3D11RHI: Creating new Direct3DDevice
[2019.06.02-13.51.13:632][  0]LogD3D11RHI:     GPU DeviceId: 0x134f (for the marketing name, search the web for "GPU Device Id")
[2019.06.02-13.51.13:659][  0]LogWindows: EnumDisplayDevices:
[2019.06.02-13.51.13:659][  0]LogWindows:    0. 'Intel(R) HD Graphics 520' (P:1 D:1)
[2019.06.02-13.51.13:660][  0]LogWindows:    1. 'Intel(R) HD Graphics 520' (P:0 D:0)
[2019.06.02-13.51.13:660][  0]LogWindows:    2. 'Intel(R) HD Graphics 520' (P:0 D:0)
[2019.06.02-13.51.13:661][  0]LogWindows: DebugString: PrimaryIsNotTheChoosenAdapter PrimaryIsNotTheChoosenAdapter PrimaryIsNotTheChoosenAdapter FoundDriverCount:0 
[2019.06.02-13.51.13:661][  0]LogD3D11RHI:     Adapter Name: NVIDIA GeForce 920MX
[2019.06.02-13.51.13:661][  0]LogD3D11RHI:   Driver Version: Unknown (internal:Unknown, unified:Unknown)
[2019.06.02-13.51.13:661][  0]LogD3D11RHI:      Driver Date: Unknown
[2019.06.02-13.51.13:661][  0]LogRHI: Texture pool is 1407 MB (70% of 2010 MB)
[2019.06.02-13.51.14:078][  0]LogD3D11RHI: Async texture creation enabled
[2019.06.02-13.51.14:578][  0]LogRendererCore: FGlobalReadBuffer::InitRHI
[2019.06.02-13.51.14:711][  0]LogRendererCore: FGlobalReadBuffer::InitRHI
[2019.06.02-13.51.14:711][  0]LogRendererCore: FGlobalReadBuffer::InitRHI
[2019.06.02-13.51.15:107][  0]LogD3D11RHI: GPU Timing Frequency: 1000.000000 (Debug: 2 2)
[2019.06.02-13.51.19:355][  0]LogTemp: Display: Module 'WindowsClientTargetPlatform' loaded TargetPlatform 'WindowsClient'
[2019.06.02-13.51.19:460][  0]LogTemp: Display: Module 'WindowsNoEditorTargetPlatform' loaded TargetPlatform 'WindowsNoEditor'
[2019.06.02-13.51.19:639][  0]LogTemp: Display: Module 'WindowsServerTargetPlatform' loaded TargetPlatform 'WindowsServer'
[2019.06.02-13.51.19:650][  0]LogTemp: Display: Module 'WindowsTargetPlatform' loaded TargetPlatform 'Windows'
[2019.06.02-13.51.19:651][  0]LogTargetPlatformManager: Display: Building Assets For Windows
[2019.06.02-13.51.20:237][  0]LogAudioDebug: Display: Lib vorbis DLL was dynamically loaded.
[2019.06.02-13.51.22:992][  0]LogShaderCompilers: Guid format shader working directory is -28 characters bigger than the processId version (../../../../../../Users/exali/OneDrive/Documents/Unreal Projects/FGS_Steam/Intermediate/Shaders/WorkingDirectory/9612/).
[2019.06.02-13.51.23:018][  0]LogShaderCompilers: Cleaned the shader compiler working directory 'C:/Users/exali/AppData/Local/Temp/UnrealShaderWorkingDir/5E667E25431F5E11B8D548B731F965DE/'.
[2019.06.02-13.51.23:200][  0]LogXGEController: Cannot use XGE Controller as Incredibuild is not installed on this machine.
[2019.06.02-13.51.23:200][  0]LogShaderCompilers: Cannot use XGE Shader Compiler as Incredibuild is not installed on this machine.
[2019.06.02-13.51.23:200][  0]LogShaderCompilers: Display: Using Local Shader Compiler.
[2019.06.02-13.51.39:709][  0]LogDerivedDataCache: Display: Max Cache Size: 512 MB
[2019.06.02-13.51.41:158][  0]LogDerivedDataCache: Loaded boot cache 1.42s 71MB C:/Users/exali/AppData/Local/UnrealEngine/4.22/DerivedDataCache/Boot.ddc.
[2019.06.02-13.51.41:158][  0]LogDerivedDataCache: Display: Loaded Boot cache: C:/Users/exali/AppData/Local/UnrealEngine/4.22/DerivedDataCache/Boot.ddc
[2019.06.02-13.51.41:159][  0]LogDerivedDataCache: FDerivedDataBackendGraph:  Pak pak cache file ../../../../../../Users/exali/OneDrive/Documents/Unreal Projects/FGS_Steam/DerivedDataCache/DDC.ddp not found, will not use a pak cache.
[2019.06.02-13.51.41:159][  0]LogDerivedDataCache: Unable to find inner node Pak for hierarchical cache Hierarchy.
[2019.06.02-13.51.41:159][  0]LogDerivedDataCache: FDerivedDataBackendGraph:  CompressedPak pak cache file ../../../../../../Users/exali/OneDrive/Documents/Unreal Projects/FGS_Steam/DerivedDataCache/Compressed.ddp not found, will not use a pak cache.
[2019.06.02-13.51.41:159][  0]LogDerivedDataCache: Unable to find inner node CompressedPak for hierarchical cache Hierarchy.
[2019.06.02-13.51.41:467][  0]LogDerivedDataCache: Display: Pak cache opened for reading ../../../Engine/DerivedDataCache/Compressed.ddp.
[2019.06.02-13.51.41:468][  0]LogDerivedDataCache: FDerivedDataBackendGraph:  EnterprisePak pak cache file ../../../Enterprise/DerivedDataCache/Compressed.ddp not found, will not use a pak cache.
[2019.06.02-13.51.41:468][  0]LogDerivedDataCache: Unable to find inner node EnterprisePak for hierarchical cache Hierarchy.
[2019.06.02-13.51.41:555][  0]LogDerivedDataCache: Using Local data cache path C:/Users/exali/AppData/Local/UnrealEngine/Common/DerivedDataCache: Writable
[2019.06.02-13.51.41:555][  0]LogDerivedDataCache: Shared data cache path not found in *engine.ini, will not use an Shared cache.
[2019.06.02-13.51.41:555][  0]LogDerivedDataCache: Unable to find inner node Shared for hierarchical cache Hierarchy.
[2019.06.02-13.51.42:005][  0]LogMaterial: Verifying Global Shaders for PCD3D_SM5
[2019.06.02-13.51.42:182][  0]LogSlate: Using FreeType 2.6.0
[2019.06.02-13.51.42:517][  0]LogSlate: SlateFontServices - WITH_FREETYPE: 1, WITH_HARFBUZZ: 1
[2019.06.02-13.52.07:427][  0]LogInit: Using OS detected language (fr-FR).
[2019.06.02-13.52.07:428][  0]LogInit: Using OS detected locale (fr-FR).
[2019.06.02-13.52.07:428][  0]LogTextLocalizationManager: No localization for 'fr-FR' exists, so 'en' will be used for the language.
[2019.06.02-13.52.07:428][  0]LogTextLocalizationManager: No localization for 'fr-FR' exists, so 'en' will be used for the locale.
[2019.06.02-13.52.07:428][  0]LogSlate: FontCache flush requested. Reason: Culture for localization was changed
[2019.06.02-13.52.07:428][  0]LogSlate: FontCache flush requested. Reason: Culture for localization was changed
[2019.06.02-13.52.07:547][  0]LogTextLocalizationManager: Compacting localization data took   1.54ms
[2019.06.02-13.52.08:504][  0]LogAssetRegistry: FAssetRegistry took 0.0096 seconds to start up
[2019.06.02-13.53.23:550][  0]LogPackageLocalizationCache: Processed 10 localized package path(s) for 1 prioritized culture(s) in 1.754662 seconds
[2019.06.02-13.53.41:201][  0]LogInit: Selected Device Profile: [Windows]
[2019.06.02-13.55.05:469][  0]LogMeshReduction: Using QuadricMeshReduction for automatic static mesh reduction
[2019.06.02-13.55.05:469][  0]LogMeshReduction: Using SimplygonMeshReduction for automatic skeletal mesh reduction
[2019.06.02-13.55.05:469][  0]LogMeshReduction: Using ProxyLODMeshReduction for automatic mesh merging
[2019.06.02-13.55.05:469][  0]LogMeshReduction: No distributed automatic mesh merging module available
[2019.06.02-13.55.06:989][  0]LogMeshMerging: No distributed automatic mesh merging module available
[2019.06.02-13.55.31:424][  0]LogNetVersion: FGS_Steam 1.0.0, NetCL: 5660361, EngineNetVer: 10, GameNetVer: 0 (Checksum: 257724674)
[2019.06.02-13.58.07:857][  0]LogMoviePlayer: Initializing movie player
[2019.06.02-13.58.16:067][  0]LogTcpMessaging: Initializing TcpMessaging bridge
[2019.06.02-13.58.16:924][  0]LogUdpMessaging: Initializing bridge on interface 0.0.0.0:0 to multicast group 230.0.0.1:6666.
[2019.06.02-13.58.20:286][  0]SourceControl: Source control is disabled
[2019.06.02-13.58.20:310][  0]SourceControl: Source control is disabled
[2019.06.02-13.58.20:437][  0]SourceControl: Source control is disabled
[2019.06.02-13.58.28:536][  0]LogAndroidPermission: UAndroidPermissionCallbackProxy::GetInstance
[2019.06.02-13.58.33:615][  0]LogOcInput: OculusInput pre-init called
[2019.06.02-13.58.34:270][  0]LogUObjectArray: 46468 objects as part of root set at end of initial load.
[2019.06.02-13.58.34:270][  0]LogUObjectAllocator: 8170472 out of 0 bytes used by permanent object pool.
[2019.06.02-13.58.34:270][  0]LogUObjectArray: CloseDisregardForGC: 0/0 objects in disregard for GC pool
[2019.06.02-13.58.48:483][  0]LogAutomationTest: Warning: Smoke tests took > 2s to run: 11.27s
[2019.06.02-13.58.48:805][  0]LogEngine: Initializing Engine...
[2019.06.02-13.58.50:890][  0]LogHMD: Failed to initialize OpenVR with code 110
[2019.06.02-13.58.57:386][  0]LogStats: UGameplayTagsManager::InitializeManager -  4.881 s
[2019.06.02-13.59.08:091][  0]LogInit: Initializing FReadOnlyCVARCache
[2019.06.02-13.59.12:452][  0]LogInit: XAudio2 using 'Speakers (Realtek High Definition Audio)' : 2 channels at 48 kHz using 32 bits per sample (channel mask 0x3)
[2019.06.02-13.59.14:176][  0]LogInit: FAudioDevice initialized.
[2019.06.02-13.59.14:702][  0]LogNetVersion: Set ProjectVersion to 1.0.0.0. Version Checksum will be recalculated on next use.
[2019.06.02-13.59.14:999][  0]LogInit: Texture streaming: Enabled
[2019.06.02-14.00.37:451][  0]LogSlate: Updating window title bar state: overlay mode, drag disabled, window buttons hidden, title bar hidden
[2019.06.02-14.00.37:709][  0]LogInit: Display: Game Engine Initialized.
[2019.06.02-14.00.41:374][  0]LogInit: Display: Starting Game.
[2019.06.02-14.00.41:415][  0]LogNet: Browse: /Game/ThirdPersonBP/Maps/ThirdPersonExampleMap?Name=Player
[2019.06.02-14.00.41:636][  0]LogLoad: LoadMap: /Game/ThirdPersonBP/Maps/ThirdPersonExampleMap?Name=Player
[2019.06.02-14.00.43:322][  0]LogAudio: Warning: Waited 37.987923ms for audio thread.
[2019.06.02-14.00.47:161][  0]LogUObjectHash: Compacting FUObjectHashTables data took   2.89ms
[2019.06.02-14.00.59:667][  0]LogAIModule: Creating AISystem for world ThirdPersonExampleMap
[2019.06.02-14.00.59:940][  0]LogLoad: Game class is 'ThirdPersonGameMode_C'
[2019.06.02-14.01.03:280][  0]LogWorld: Bringing World /Game/ThirdPersonBP/Maps/ThirdPersonExampleMap.ThirdPersonExampleMap up for play (max tick rate 0) at 2019.06.02-16.01.03
[2019.06.02-14.01.03:651][  0]LogWorld: Bringing up level for play took: 3.655315
[2019.06.02-14.01.04:968][  0]LogLoad: Took 23.331955 seconds to LoadMap(/Game/ThirdPersonBP/Maps/ThirdPersonExampleMap)
[2019.06.02-14.01.08:005][  0]LogRenderer: Reallocating scene render targets to support 1280x720 Format 10 NumSamples 1 (Frame:1).
[2019.06.02-14.01.08:005][  0]LogLoad: (Engine Initialization) Total time: 653.93 seconds
[2019.06.02-14.01.08:005][  0]LogLoad: (Engine Initialization) Total Blueprint compile time: 0.00 seconds
[2019.06.02-14.01.09:386][  0]LogContentStreaming: Texture pool size now 1000 MB
[2019.06.02-14.01.09:685][  0]LogRenderer: Reallocating scene render targets to support 128x128 Format 10 NumSamples 1 (Frame:1).
[2019.06.02-14.01.09:963][  0]LogRenderer: Reallocating scene render targets to support 1280x720 Format 10 NumSamples 1 (Frame:2).
[2019.06.02-14.17.58:924][362]LogWindowsDesktop: Alt-F4 pressed!
[2019.06.02-14.17.59:089][362]LogSlate: Window 'FGS_Steam (64-bit Development PCD3D_SM5) ' being destroyed
[2019.06.02-14.17.59:254][362]LogWindowsTextInputMethodSystem: Display: IME system now deactivated.
[2019.06.02-14.17.59:399][362]LogSlate: Updating window title bar state: overlay mode, drag disabled, window buttons hidden, title bar hidden
[2019.06.02-14.17.59:399][362]LogEngine: All Windows Closed
[2019.06.02-14.17.59:399][362]LogWindows: FPlatformMisc::RequestExit(0)
[2019.06.02-14.18.00:423][363]LogExit: Preparing to exit.
[2019.06.02-14.18.00:423][363]LogMoviePlayer: Shutting down movie player
[2019.06.02-14.18.01:433][363]LogSlate: Updating window title bar state: overlay mode, drag disabled, window buttons hidden, title bar hidden
[2019.06.02-14.18.02:089][363]LogExit: Game engine shut down
[2019.06.02-14.18.04:780][363]LogExit: Object subsystem successfully closed.
[2019.06.02-14.18.05:556][363]LogShaderCompilers: Display: Shaders left to compile 0
[2019.06.02-14.18.05:601][363]LogD3D11RHI: Shutdown
[2019.06.02-14.18.05:601][363]LogD3D11RHI: CleanupD3DDevice
[2019.06.02-14.18.06:065][363]LogRendererCore: FGlobalReadBuffer::ReleaseRHI
[2019.06.02-14.18.06:065][363]LogRendererCore: FGlobalDynamicReadBuffer::Cleanup()
[2019.06.02-14.18.06:085][363]LogRendererCore: FGlobalReadBuffer::ReleaseRHI
[2019.06.02-14.18.06:085][363]LogRendererCore: FGlobalDynamicReadBuffer::Cleanup()
[2019.06.02-14.18.06:085][363]LogRendererCore: FGlobalReadBuffer::ReleaseRHI
[2019.06.02-14.18.06:085][363]LogRendererCore: FGlobalDynamicReadBuffer::Cleanup()
[2019.06.02-14.18.06:927][363]LogD3D11RHI: ~FD3D11DynamicRHI
[2019.06.02-14.18.08:872][363]LogModuleManager: Shutting down and abandoning module SequenceRecorderSections (400)
[2019.06.02-14.18.08:872][363]LogModuleManager: Shutting down and abandoning module SequenceRecorder (398)
[2019.06.02-14.18.08:889][363]LogModuleManager: Shutting down and abandoning module AutomationController (396)
[2019.06.02-14.18.08:905][363]LogModuleManager: Shutting down and abandoning module AutomationWorker (394)
[2019.06.02-14.18.08:909][363]LogModuleManager: Shutting down and abandoning module Voice (392)
[2019.06.02-14.18.08:931][363]LogModuleManager: Shutting down and abandoning module AIModule (390)
[2019.06.02-14.18.08:950][363]LogModuleManager: Shutting down and abandoning module GameplayDebugger (389)
[2019.06.02-14.18.09:039][363]LogModuleManager: Shutting down and abandoning module AITestSuite (387)
[2019.06.02-14.18.09:053][363]LogModuleManager: Shutting down and abandoning module NavigationSystem (385)
[2019.06.02-14.18.09:053][363]LogModuleManager: Shutting down and abandoning module OculusMR (382)
[2019.06.02-14.18.09:053][363]LogModuleManager: Shutting down and abandoning module WmfMediaFactory (380)
[2019.06.02-14.18.09:053][363]LogModuleManager: Shutting down and abandoning module WebMMediaFactory (378)
[2019.06.02-14.18.09:053][363]LogModuleManager: Shutting down and abandoning module WebMMedia (376)
[2019.06.02-14.18.09:072][363]LogModuleManager: Shutting down and abandoning module OpenExrWrapper (374)
[2019.06.02-14.18.09:072][363]LogModuleManager: Shutting down and abandoning module ImgMediaFactory (372)
[2019.06.02-14.18.09:072][363]LogModuleManager: Shutting down and abandoning module AvfMediaFactory (370)
[2019.06.02-14.18.09:072][363]LogModuleManager: Shutting down and abandoning module MagicLeapCameraPreviewFactory (368)
[2019.06.02-14.18.09:072][363]LogModuleManager: Shutting down and abandoning module MagicLeapMediaCodecFactory (366)
[2019.06.02-14.18.09:072][363]LogModuleManager: Shutting down and abandoning module MagicLeapMediaFactory (364)
[2019.06.02-14.18.09:072][363]LogModuleManager: Shutting down and abandoning module CharacterAI (362)
[2019.06.02-14.18.09:072][363]LogModuleManager: Shutting down and abandoning module SessionServices (360)
[2019.06.02-14.18.09:072][363]LogModuleManager: Shutting down and abandoning module MovieSceneCapture (358)
[2019.06.02-14.18.09:072][363]LogModuleManager: Shutting down and abandoning module LiveCoding (356)
[2019.06.02-14.18.09:090][363]LogModuleManager: Shutting down and abandoning module LevelSequence (354)
[2019.06.02-14.18.09:090][363]LogModuleManager: Shutting down and abandoning module MovieSceneTracks (352)
[2019.06.02-14.18.09:090][363]LogModuleManager: Shutting down and abandoning module MovieScene (350)
[2019.06.02-14.18.09:090][363]LogModuleManager: Shutting down and abandoning module StreamingPauseRendering (348)
[2019.06.02-14.18.09:107][363]LogModuleManager: Shutting down and abandoning module PortalServices (346)
[2019.06.02-14.18.09:107][363]LogModuleManager: Shutting down and abandoning module PortalRpc (344)
[2019.06.02-14.18.09:107][363]LogModuleManager: Shutting down and abandoning module MessagingRpc (342)
[2019.06.02-14.18.09:107][363]LogModuleManager: Shutting down and abandoning module ImageWriteQueue (340)
[2019.06.02-14.18.09:110][363]LogModuleManager: Shutting down and abandoning module ProfilerService (338)
[2019.06.02-14.18.09:169][363]LogModuleManager: Shutting down and abandoning module TaskGraph (336)
[2019.06.02-14.18.09:204][363]LogModuleManager: Shutting down and abandoning module SteamVRController (334)
[2019.06.02-14.18.09:204][363]LogModuleManager: Shutting down and abandoning module ProceduralMeshComponent (332)
[2019.06.02-14.18.09:204][363]LogModuleManager: Shutting down and abandoning module OculusInput (330)
[2019.06.02-14.18.09:204][363]LogModuleManager: Shutting down and abandoning module MobilePatchingUtils (328)
[2019.06.02-14.18.09:204][363]LogModuleManager: Shutting down and abandoning module EditableMesh (326)
[2019.06.02-14.18.09:218][363]LogModuleManager: Shutting down and abandoning module CustomMeshComponent (324)
[2019.06.02-14.18.09:218][363]LogModuleManager: Shutting down and abandoning module CableComponent (322)
[2019.06.02-14.18.09:218][363]LogModuleManager: Shutting down and abandoning module AudioCapture (320)
[2019.06.02-14.18.09:218][363]LogModuleManager: Shutting down and abandoning module ArchVisCharacter (318)
[2019.06.02-14.18.09:219][363]LogModuleManager: Shutting down and abandoning module AndroidPermission (316)
[2019.06.02-14.18.09:219][363]LogModuleManager: Shutting down and abandoning module NUTUnrealEngine4 (312)
[2019.06.02-14.18.09:233][363]LogModuleManager: Shutting down and abandoning module NetcodeUnitTest (310)
[2019.06.02-14.18.09:294][363]LogModuleManager: Shutting down and abandoning module MediaCompositing (308)
[2019.06.02-14.18.09:294][363]LogModuleManager: Shutting down and abandoning module LinearTimecode (306)
[2019.06.02-14.18.09:295][363]LogModuleManager: Shutting down and abandoning module ImgMedia (304)
[2019.06.02-14.18.09:295][363]LogModuleManager: Shutting down and abandoning module MagicLeapHelperVulkan (302)
[2019.06.02-14.18.09:295][363]LogModuleManager: Shutting down and abandoning module MagicLeapHelperOpenGL (300)
[2019.06.02-14.18.09:295][363]LogModuleManager: Shutting down and abandoning module MagicLeapAudio (298)
[2019.06.02-14.18.09:295][363]LogModuleManager: Shutting down and abandoning module HTML5Networking (296)
[2019.06.02-14.18.09:295][363]LogModuleManager: Shutting down and abandoning module GeometryCacheTracks (294)
[2019.06.02-14.18.09:295][363]LogModuleManager: Shutting down and abandoning module GeometryCacheSequencer (293)
[2019.06.02-14.18.09:311][363]LogModuleManager: Shutting down and abandoning module GeometryCache (290)
[2019.06.02-14.18.09:311][363]LogModuleManager: Shutting down and abandoning module GeometryCacheEd (289)
[2019.06.02-14.18.09:311][363]LogModuleManager: Shutting down and abandoning module BackChannel (286)
[2019.06.02-14.18.09:324][363]LogModuleManager: Shutting down and abandoning module AppleVision (284)
[2019.06.02-14.18.09:324][363]LogModuleManager: Shutting down and abandoning module AppleImageUtilsBlueprintSupport (282)
[2019.06.02-14.18.09:324][363]LogModuleManager: Shutting down and abandoning module AppleImageUtils (280)
[2019.06.02-14.18.09:324][363]LogModuleManager: Shutting down and abandoning module VariantManagerContent (278)
[2019.06.02-14.18.09:324][363]LogModuleManager: Shutting down and abandoning module CryptoKeysOpenSSL (276)
[2019.06.02-14.18.09:324][363]LogModuleManager: Shutting down and abandoning module CryptoKeys (274)
[2019.06.02-14.18.09:324][363]LogModuleManager: Shutting down and abandoning module VisualStudioSourceCodeAccess (272)
[2019.06.02-14.18.09:337][363]LogModuleManager: Shutting down and abandoning module HotReload (271)
[2019.06.02-14.18.09:397][363]LogModuleManager: Shutting down and abandoning module DirectoryWatcher (270)
[2019.06.02-14.18.09:417][363]LogModuleManager: Shutting down and abandoning module VisualStudioCodeSourceCodeAccess (266)
[2019.06.02-14.18.09:417][363]LogModuleManager: Shutting down and abandoning module UObjectPlugin (264)
[2019.06.02-14.18.09:417][363]LogModuleManager: Shutting down and abandoning module SubversionSourceControl (262)
[2019.06.02-14.18.09:444][363]LogModuleManager: Shutting down and abandoning module PerforceSourceControl (260)
[2019.06.02-14.18.09:453][363]LogModuleManager: Shutting down and abandoning module SourceControl (259)
[2019.06.02-14.18.09:468][363]LogModuleManager: Shutting down and abandoning module CLionSourceCodeAccess (256)
[2019.06.02-14.18.09:468][363]LogModuleManager: Shutting down and abandoning module ActorLayerUtilities (254)
[2019.06.02-14.18.09:468][363]LogModuleManager: Shutting down and abandoning module SignificanceManager (252)
[2019.06.02-14.18.09:468][363]LogModuleManager: Shutting down and abandoning module RuntimePhysXCooking (250)
[2019.06.02-14.18.09:468][363]LogModuleManager: Shutting down and abandoning module PhysXVehiclesEditor (248)
[2019.06.02-14.18.09:468][363]LogModuleManager: Shutting down and abandoning module PhysXVehicles (246)
[2019.06.02-14.18.09:468][363]LogModuleManager: Shutting down and abandoning module LocationServicesBPLibrary (244)
[2019.06.02-14.18.09:469][363]LogModuleManager: Shutting down and abandoning module ActorSequence (242)
[2019.06.02-14.18.09:469][363]LogModuleManager: Shutting down and abandoning module UdpMessaging (240)
[2019.06.02-14.18.09:570][363]LogModuleManager: Shutting down and abandoning module TcpMessaging (238)
[2019.06.02-14.18.09:691][363]LogModuleManager: Shutting down and abandoning module MagicLeapIdentity (236)
[2019.06.02-14.18.09:691][363]LogModuleManager: Shutting down and abandoning module MagicLeapSecureStorage (234)
[2019.06.02-14.18.09:691][363]LogModuleManager: Shutting down and abandoning module MagicLeapHandTracking (232)
[2019.06.02-14.18.09:706][363]LogModuleManager: Shutting down and abandoning module MagicLeapEyeTracker (230)
[2019.06.02-14.18.09:707][363]LogModuleManager: Shutting down and abandoning module MagicLeapController (228)
[2019.06.02-14.18.09:767][363]LogSlate: Slate User Destroyed.  User Index 0, Is Virtual User: 0
[2019.06.02-14.18.09:768][363]LogModuleManager: Shutting down and abandoning module MagicLeapAR (226)
[2019.06.02-14.18.09:768][363]LogModuleManager: Shutting down and abandoning module AugmentedReality (225)
[2019.06.02-14.18.09:768][363]LogModuleManager: Shutting down and abandoning module GameplayTagsEditor (222)
[2019.06.02-14.18.09:791][363]LogModuleManager: Shutting down and abandoning module FacialAnimation (220)
[2019.06.02-14.18.09:791][363]LogModuleManager: Shutting down and abandoning module DataValidation (218)
[2019.06.02-14.18.09:791][363]LogModuleManager: Shutting down and abandoning module AssetManagerEditor (216)
[2019.06.02-14.18.09:798][363]LogModuleManager: Shutting down and abandoning module TreeMap (215)
[2019.06.02-14.18.09:816][363]LogModuleManager: Shutting down and abandoning module AnimationSharing (212)
[2019.06.02-14.18.09:816][363]LogModuleManager: Shutting down and abandoning module LightPropagationVolumeRuntime (210)
[2019.06.02-14.18.09:816][363]LogModuleManager: Shutting down and abandoning module AISupportModule (208)
[2019.06.02-14.18.09:816][363]LogModuleManager: Shutting down and abandoning module Paper2D (206)
[2019.06.02-14.18.09:830][363]LogModuleManager: Shutting down and abandoning module WindowsMoviePlayer (204)
[2019.06.02-14.18.09:841][363]LogModuleManager: Shutting down and abandoning module WebMMoviePlayer (202)
[2019.06.02-14.18.09:841][363]LogModuleManager: Shutting down and abandoning module PacketHandler (200)
[2019.06.02-14.18.09:841][363]LogModuleManager: Shutting down and abandoning module ClothingSystemEditor (198)
[2019.06.02-14.18.09:841][363]LogModuleManager: Shutting down and abandoning module ClothingSystemRuntime (196)
[2019.06.02-14.18.09:858][363]LogModuleManager: Shutting down and abandoning module MediaAssets (194)
[2019.06.02-14.18.09:858][363]LogModuleManager: Shutting down and abandoning module Overlay (192)
[2019.06.02-14.18.09:858][363]LogModuleManager: Shutting down and abandoning module OverlayEditor (191)
[2019.06.02-14.18.09:858][363]LogModuleManager: Shutting down and abandoning module VREditor (188)
[2019.06.02-14.18.09:884][363]LogModuleManager: Shutting down and abandoning module StringTableEditor (186)
[2019.06.02-14.18.09:911][363]LogModuleManager: Shutting down and abandoning module GameplayTasksEditor (184)
[2019.06.02-14.18.09:911][363]LogModuleManager: Shutting down and abandoning module BehaviorTreeEditor (182)
[2019.06.02-14.18.09:944][363]LogModuleManager: Shutting down and abandoning module FunctionalTesting (180)
[2019.06.02-14.18.09:951][363]LogModuleManager: Shutting down and abandoning module CollisionAnalyzer (178)
[2019.06.02-14.18.09:975][363]LogModuleManager: Shutting down and abandoning module WorkspaceMenuStructure (177)
[2019.06.02-14.18.10:034][363]LogModuleManager: Shutting down and abandoning module UMG (174)
[2019.06.02-14.18.10:045][363]LogModuleManager: Shutting down and abandoning module UMGEditor (173)
[2019.06.02-14.18.10:086][363]LogModuleManager: Shutting down and abandoning module Sequencer (172)
[2019.06.02-14.18.10:105][363]LogModuleManager: Shutting down and abandoning module MessageLog (169)
[2019.06.02-14.18.10:120][363]LogModuleManager: Shutting down and abandoning module SlateReflector (164)
[2019.06.02-14.18.10:161][363]LogModuleManager: Shutting down and abandoning module Slate (162)
[2019.06.02-14.18.10:182][363]LogModuleManager: Shutting down and abandoning module EditorStyle (160)
[2019.06.02-14.18.10:308][363]LogModuleManager: Shutting down and abandoning module UnrealEd (158)
[2019.06.02-14.18.10:328][363]LogModuleManager: Shutting down and abandoning module MRMesh (156)
[2019.06.02-14.18.10:328][363]LogModuleManager: Shutting down and abandoning module Messaging (154)
[2019.06.02-14.18.10:328][363]LogModuleManager: Shutting down and abandoning module SourceCodeAccess (152)
[2019.06.02-14.18.10:329][363]LogModuleManager: Shutting down and abandoning module HeadMountedDisplay (150)
[2019.06.02-14.18.10:339][363]LogModuleManager: Shutting down and abandoning module XAudio2 (148)
[2019.06.02-14.18.10:339][363]LogModuleManager: Shutting down and abandoning module Networking (146)
[2019.06.02-14.18.10:339][363]LogModuleManager: Shutting down and abandoning module Core (144)
[2019.06.02-14.18.10:339][363]LogModuleManager: Shutting down and abandoning module KismetCompiler (142)
[2019.06.02-14.18.10:339][363]LogModuleManager: Shutting down and abandoning module MeshUtilities (140)
[2019.06.02-14.18.10:354][363]LogModuleManager: Shutting down and abandoning module MeshMergeUtilities (139)
[2019.06.02-14.18.10:359][363]LogModuleManager: Shutting down and abandoning module MeshReductionInterface (138)
[2019.06.02-14.18.10:359][363]LogModuleManager: Shutting down and abandoning module SkeletalMeshReduction (137)
[2019.06.02-14.18.10:372][363]LogModuleManager: Shutting down and abandoning module ProxyLODMeshReduction (135)
[2019.06.02-14.18.10:403][363]LogModuleManager: Shutting down and abandoning module QuadricMeshReduction (133)
[2019.06.02-14.18.10:418][363]LogModuleManager: Shutting down and abandoning module MaterialBaking (129)
[2019.06.02-14.18.10:439][363]LogModuleManager: Shutting down and abandoning module PIEPreviewDeviceProfileSelector (124)
[2019.06.02-14.18.10:445][363]LogModuleManager: Shutting down and abandoning module DerivedDataCache (122)
[2019.06.02-14.18.10:543][363]LogDerivedDataCache: Shutdown
[2019.06.02-14.18.10:543][363]LogModuleManager: Shutting down and abandoning module XGEController (120)
[2019.06.02-14.18.10:551][363]LogModuleManager: Shutting down and abandoning module TargetPlatform (118)
[2019.06.02-14.18.10:555][363]LogModuleManager: Shutting down and abandoning module VulkanShaderFormat (117)
[2019.06.02-14.18.10:604][363]LogModuleManager: Shutting down and abandoning module ShaderFormatVectorVM (115)
[2019.06.02-14.18.10:646][363]LogModuleManager: Shutting down and abandoning module ShaderFormatOpenGL (113)
[2019.06.02-14.18.10:671][363]LogModuleManager: Shutting down and abandoning module ShaderFormatD3D (111)
[2019.06.02-14.18.10:699][363]LogModuleManager: Shutting down and abandoning module MetalShaderFormat (109)
[2019.06.02-14.18.10:773][363]LogModuleManager: Shutting down and abandoning module TextureFormatUncompressed (107)
[2019.06.02-14.18.10:790][363]LogModuleManager: Shutting down and abandoning module TextureFormatPVR (105)
[2019.06.02-14.18.10:799][363]LogModuleManager: Shutting down and abandoning module TextureFormatDXT (103)
[2019.06.02-14.18.10:800][363]LogModuleManager: Shutting down and abandoning module TextureFormatIntelISPCTexComp (101)
[2019.06.02-14.18.10:872][363]LogModuleManager: Shutting down and abandoning module TextureFormatASTC (99)
[2019.06.02-14.18.10:872][363]LogModuleManager: Shutting down and abandoning module ImageWrapper (98)
[2019.06.02-14.18.10:872][363]LogModuleManager: Shutting down and abandoning module TextureFormatAndroid (95)
[2019.06.02-14.18.10:872][363]LogModuleManager: Shutting down and abandoning module AudioFormatOpus (93)
[2019.06.02-14.18.10:884][363]LogModuleManager: Shutting down and abandoning module AudioFormatOgg (91)
[2019.06.02-14.18.10:892][363]LogModuleManager: Shutting down and abandoning module AudioFormatADPCM (89)
[2019.06.02-14.18.10:894][363]LogModuleManager: Shutting down and abandoning module WindowsTargetPlatform (87)
[2019.06.02-14.18.10:909][363]LogModuleManager: Shutting down and abandoning module WindowsServerTargetPlatform (85)
[2019.06.02-14.18.10:935][363]LogModuleManager: Shutting down and abandoning module WindowsNoEditorTargetPlatform (83)
[2019.06.02-14.18.10:967][363]LogModuleManager: Shutting down and abandoning module WindowsClientTargetPlatform (81)
[2019.06.02-14.18.10:974][363]LogModuleManager: Shutting down and abandoning module InputCore (78)
[2019.06.02-14.18.10:974][363]LogModuleManager: Shutting down and abandoning module Settings (76)
[2019.06.02-14.18.10:974][363]LogModuleManager: Shutting down and abandoning module PhysXCooking (74)
[2019.06.02-14.18.10:974][363]LogModuleManager: Shutting down and abandoning module SteamVR (72)
[2019.06.02-14.18.10:974][363]LogHMD: Freeing OpenVRDLLHandle.
[2019.06.02-14.18.10:974][363]LogModuleManager: Shutting down and abandoning module OculusHMD (70)
[2019.06.02-14.18.10:984][363]LogModuleManager: Shutting down and abandoning module ExampleDeviceProfileSelector (68)
[2019.06.02-14.18.10:984][363]LogModuleManager: Shutting down and abandoning module LauncherChunkInstaller (66)
[2019.06.02-14.18.10:984][363]LogModuleManager: Shutting down and abandoning module OnlineBlueprintSupport (64)
[2019.06.02-14.18.10:984][363]LogModuleManager: Shutting down and abandoning module OnlineSubsystem (60)
[2019.06.02-14.18.11:120][363]LogOnline: Display: STEAM: OnlineSubsystemSteam::Shutdown()
[2019.06.02-14.18.11:235][363]LogOnline: STEAM: AUTH: Revoking all tickets.
[2019.06.02-14.18.52:859][363]LogOnline: Display: STEAM: OnlineSubsystemSteam::Shutdown()
[2019.06.02-14.18.52:946][363]LogModuleManager: Shutting down and abandoning module XMPP (55)
[2019.06.02-14.18.52:967][363]LogModuleManager: Shutting down and abandoning module WebSockets (54)
[2019.06.02-14.18.53:288][363]LogModuleManager: Shutting down and abandoning module HTTP (51)
[2019.06.02-14.18.53:343][363]LogModuleManager: Shutting down and abandoning module SSL (50)
[2019.06.02-14.18.53:711][363]LogModuleManager: Shutting down and abandoning module WmfMedia (46)
[2019.06.02-14.18.53:825][363]LogModuleManager: Shutting down and abandoning module Media (45)
[2019.06.02-14.18.53:833][363]LogModuleManager: Shutting down and abandoning module MagicLeap (42)
[2019.06.02-14.18.53:841][363]LogModuleManager: Shutting down and abandoning module DatasmithContent (40)
[2019.06.02-14.18.53:897][363]LogModuleManager: Shutting down and abandoning module AnimationModifiers (38)
[2019.06.02-14.18.54:007][363]LogModuleManager: Shutting down and abandoning module PropertyEditor (37)
[2019.06.02-14.18.54:102][363]LogModuleManager: Shutting down and abandoning module AudioEditor (34)
[2019.06.02-14.18.54:262][363]LogModuleManager: Shutting down and abandoning module TextureCompressor (32)
[2019.06.02-14.18.54:321][363]LogModuleManager: Shutting down and abandoning module RenderCore (30)
[2019.06.02-14.18.54:321][363]LogModuleManager: Shutting down and abandoning module Landscape (28)
[2019.06.02-14.18.54:322][363]LogModuleManager: Shutting down and abandoning module SlateRHIRenderer (26)
[2019.06.02-14.18.54:382][363]LogModuleManager: Shutting down and abandoning module OpenGLDrv (24)
[2019.06.02-14.18.54:529][363]LogModuleManager: Shutting down and abandoning module D3D11RHI (22)
[2019.06.02-14.18.54:529][363]LogModuleManager: Shutting down and abandoning module AnimGraphRuntime (20)
[2019.06.02-14.18.54:529][363]LogModuleManager: Shutting down and abandoning module Renderer (18)
[2019.06.02-14.18.54:550][363]LogModuleManager: Shutting down and abandoning module Engine (16)
[2019.06.02-14.18.54:550][363]LogModuleManager: Shutting down and abandoning module CoreUObject (14)
[2019.06.02-14.18.54:559][363]LogModuleManager: Shutting down and abandoning module NetworkFile (12)
[2019.06.02-14.18.54:559][363]LogModuleManager: Shutting down and abandoning module CookedIterativeFile (10)
[2019.06.02-14.18.54:559][363]LogModuleManager: Shutting down and abandoning module StreamingFile (8)
[2019.06.02-14.18.54:559][363]LogModuleManager: Shutting down and abandoning module SandboxFile (6)
[2019.06.02-14.18.54:559][363]LogModuleManager: Shutting down and abandoning module PakFile (4)
[2019.06.02-14.18.54:611][363]LogModuleManager: Shutting down and abandoning module RSA (3)
[2019.06.02-14.18.54:701][363]LogExit: Exiting.
[2019.06.02-14.18.54:864][363]Log file closed, 06/02/19 16:18:54
