Log file open, 06/01/19 18:59:51
LogWindows: Failed to load 'aqProf.dll' (GetLastError=126)
LogWindows: File 'aqProf.dll' does not exist
LogWindows: Failed to load 'VtuneApi.dll' (GetLastError=126)
LogWindows: File 'VtuneApi.dll' does not exist
LogWindows: Failed to load 'VtuneApi32e.dll' (GetLastError=126)
LogWindows: File 'VtuneApi32e.dll' does not exist
LogConsoleResponse: Display: Failed to find resolution value strings in scalability ini. Falling back to default.
LogInit: Display: Running engine for game: FGS_Steam
LogPakFile: Registered encryption key '00000000000000000000000000000000': 0 pak files mounted, 0 remain pending
LogPlatformFile: Not using cached read wrapper
LogTaskGraph: Started task graph with 5 named threads and 11 total threads with 3 sets of task threads.
LogStats: Stats thread started at 0.602140
LogD3D11RHI: Loaded GFSDK_Aftermath_Lib.x64.dll
LogICUInternationalization: ICU TimeZone Detection - Raw Offset: +1:00, Platform Override: ''
LogPluginManager: Mounting plugin Paper2D
LogPluginManager: Mounting plugin AISupport
LogPluginManager: Mounting plugin LightPropagationVolume
LogPluginManager: Mounting plugin ActorLayerUtilities
LogPluginManager: Mounting plugin AnimationSharing
LogPluginManager: Mounting plugin CLionSourceCodeAccess
LogPluginManager: Mounting plugin CodeLiteSourceCodeAccess
LogPluginManager: Mounting plugin GitSourceControl
LogPluginManager: Mounting plugin KDevelopSourceCodeAccess
LogPluginManager: Mounting plugin NullSourceCodeAccess
LogPluginManager: Mounting plugin PerforceSourceControl
LogPluginManager: Mounting plugin SubversionSourceControl
LogPluginManager: Mounting plugin UObjectPlugin
LogPluginManager: Mounting plugin VisualStudioCodeSourceCodeAccess
LogPluginManager: Mounting plugin VisualStudioSourceCodeAccess
LogPluginManager: Mounting plugin XCodeSourceCodeAccess
LogPluginManager: Mounting plugin AssetManagerEditor
LogPluginManager: Mounting plugin CryptoKeys
LogPluginManager: Mounting plugin DataValidation
LogPluginManager: Mounting plugin FacialAnimation
LogPluginManager: Mounting plugin GameplayTagsEditor
LogPluginManager: Mounting plugin MacGraphicsSwitching
LogPluginManager: Mounting plugin MaterialAnalyzer
LogPluginManager: Mounting plugin MobileLauncherProfileWizard
LogPluginManager: Mounting plugin PluginBrowser
LogPluginManager: Mounting plugin SpeedTreeImporter
LogPluginManager: Mounting plugin DatasmithContent
LogPluginManager: Mounting plugin VariantManagerContent
LogPluginManager: Mounting plugin AlembicImporter
LogPluginManager: Mounting plugin AppleImageUtils
LogPluginManager: Mounting plugin AppleVision
LogPluginManager: Mounting plugin BackChannel
LogPluginManager: Mounting plugin CharacterAI
LogPluginManager: Mounting plugin GeometryCache
LogPluginManager: Mounting plugin HTML5Networking
LogPluginManager: Mounting plugin ProxyLODPlugin
LogPluginManager: Mounting plugin SkeletalReduction
LogPluginManager: Mounting plugin MagicLeap
LogPluginManager: Mounting plugin MagicLeapMedia
LogPluginManager: Mounting plugin AndroidMedia
LogPluginManager: Mounting plugin AvfMedia
LogPluginManager: Mounting plugin ImgMedia
LogPluginManager: Mounting plugin LinearTimecode
LogPluginManager: Mounting plugin MediaCompositing
LogPluginManager: Mounting plugin MediaPlayerEditor
LogPluginManager: Mounting plugin WebMMedia
LogPluginManager: Mounting plugin WmfMedia
LogPluginManager: Mounting plugin TcpMessaging
LogPluginManager: Mounting plugin UdpMessaging
LogPluginManager: Mounting plugin ActorSequence
LogPluginManager: Mounting plugin LevelSequenceEditor
LogPluginManager: Mounting plugin MatineeToLevelSequence
LogPluginManager: Mounting plugin NetcodeUnitTest
LogPluginManager: Mounting plugin NUTUnrealEngine4
LogPluginManager: Mounting plugin OnlineSubsystemGooglePlay
LogPluginManager: Mounting plugin OnlineSubsystemIOS
LogPluginManager: Mounting plugin OnlineSubsystem
LogPluginManager: Mounting plugin OnlineSubsystemNull
LogPluginManager: Mounting plugin OnlineSubsystemSteam
LogPluginManager: Mounting plugin OnlineSubsystemUtils
LogPluginManager: Mounting plugin LauncherChunkInstaller
LogPluginManager: Mounting plugin AndroidDeviceProfileSelector
LogPluginManager: Mounting plugin AndroidMoviePlayer
LogPluginManager: Mounting plugin AndroidPermission
LogPluginManager: Mounting plugin AppleMoviePlayer
LogPluginManager: Mounting plugin ArchVisCharacter
LogPluginManager: Mounting plugin AudioCapture
LogPluginManager: Mounting plugin CableComponent
LogPluginManager: Mounting plugin CustomMeshComponent
LogPluginManager: Mounting plugin EditableMesh
LogPluginManager: Mounting plugin ExampleDeviceProfileSelector
LogPluginManager: Mounting plugin Firebase
LogPluginManager: Mounting plugin GoogleCloudMessaging
LogPluginManager: Mounting plugin IOSDeviceProfileSelector
LogPluginManager: Mounting plugin LinuxDeviceProfileSelector
LogPluginManager: Mounting plugin LocationServicesBPLibrary
LogPluginManager: Mounting plugin MobilePatchingUtils
LogPluginManager: Mounting plugin OculusVR
LogPluginManager: Mounting plugin PhysXVehicles
LogPluginManager: Mounting plugin ProceduralMeshComponent
LogPluginManager: Mounting plugin RuntimePhysXCooking
LogPluginManager: Mounting plugin SignificanceManager
LogPluginManager: Mounting plugin SteamVR
LogPluginManager: Mounting plugin WebMMoviePlayer
LogPluginManager: Mounting plugin WindowsMoviePlayer
LogInit: Using libcurl 7.55.1-DEV
LogInit:  - built for x86_64-pc-win32
LogInit:  - supports SSL with OpenSSL/1.1.1
LogInit:  - supports HTTP deflate (compression) using libz 1.2.8
LogInit:  - other features:
LogInit:      CURL_VERSION_SSL
LogInit:      CURL_VERSION_LIBZ
LogInit:      CURL_VERSION_IPV6
LogInit:      CURL_VERSION_ASYNCHDNS
LogInit:      CURL_VERSION_LARGEFILE
LogInit:      CURL_VERSION_IDN
LogInit:  CurlRequestOptions (configurable via config and command line):
LogInit:  - bVerifyPeer = true  - Libcurl will verify peer certificate
LogInit:  - bUseHttpProxy = false  - Libcurl will NOT use HTTP proxy
LogInit:  - bDontReuseConnections = false  - Libcurl will reuse connections
LogInit:  - MaxHostConnections = 16  - Libcurl will limit the number of connections to a host
LogInit:  - LocalHostAddr = Default
LogInit:  - BufferSize = 65536
LogInit: WinSock: version 1.1 (2.2), MaxSocks=32767, MaxUdp=65467
LogInit: Build: ++UE4+Release-4.22-CL-6574378
LogInit: Engine Version: 4.22.2-6574378+++UE4+Release-4.22
LogInit: Compatible Engine Version: 4.22.0-5660361+++UE4+Release-4.22
LogInit: Net CL: 5660361
LogInit: OS: Windows 10 (Release 1803) (), CPU: Intel(R) Core(TM) i5-6200U CPU @ 2.30GHz, GPU: Intel(R) HD Graphics 520
LogInit: Compiled (64-bit): May 20 2019 09:54:56
LogInit: Compiled with Visual C++: 19.16.27025.01
LogInit: Build Configuration: Development
LogInit: Branch Name: ++UE4+Release-4.22
LogInit: Command Line: 
LogInit: Base Directory: C:/Program Files/Epic Games/UE_4.22/Engine/Binaries/Win64/
LogInit: Installed Engine Build: 1
LogDevObjectVersion: Number of dev versions registered: 23
LogDevObjectVersion:   Dev-Blueprints (B0D832E4-1F89-4F0D-ACCF-7EB736FD4AA2): 10
LogDevObjectVersion:   Dev-Build (E1C64328-A22C-4D53-A36C-8E866417BD8C): 0
LogDevObjectVersion:   Dev-Core (375EC13C-06E4-48FB-B500-84F0262A717E): 3
LogDevObjectVersion:   Dev-Editor (E4B068ED-F494-42E9-A231-DA0B2E46BB41): 30
LogDevObjectVersion:   Dev-Framework (CFFC743F-43B0-4480-9391-14DF171D2073): 35
LogDevObjectVersion:   Dev-Mobile (B02B49B5-BB20-44E9-A304-32B752E40360): 2
LogDevObjectVersion:   Dev-Networking (A4E4105C-59A1-49B5-A7C5-40C4547EDFEE): 0
LogDevObjectVersion:   Dev-Online (39C831C9-5AE6-47DC-9A44-9C173E1C8E7C): 0
LogDevObjectVersion:   Dev-Physics (78F01B33-EBEA-4F98-B9B4-84EACCB95AA2): 0
LogDevObjectVersion:   Dev-Platform (6631380F-2D4D-43E0-8009-CF276956A95A): 0
LogDevObjectVersion:   Dev-Rendering (12F88B9F-8875-4AFC-A67C-D90C383ABD29): 28
LogDevObjectVersion:   Dev-Sequencer (7B5AE74C-D270-4C10-A958-57980B212A5A): 11
LogDevObjectVersion:   Dev-VR (D7296918-1DD6-4BDD-9DE2-64A83CC13884): 2
LogDevObjectVersion:   Dev-LoadTimes (C2A15278-BFE7-4AFE-6C17-90FF531DF755): 1
LogDevObjectVersion:   Private-Geometry (6EACA3D4-40EC-4CC1-B786-8BED09428FC5): 3
LogDevObjectVersion:   Dev-AnimPhys (29E575DD-E0A3-4627-9D10-D276232CDCEA): 17
LogDevObjectVersion:   Dev-Anim (AF43A65D-7FD3-4947-9873-3E8ED9C1BB05): 2
LogDevObjectVersion:   Dev-ReflectionCapture (6B266CEC-1EC7-4B8F-A30B-E4D90942FC07): 1
LogDevObjectVersion:   Dev-Automation (0DF73D61-A23F-47EA-B727-89E90C41499A): 1
LogDevObjectVersion:   FortniteMain (601D1886-AC64-4F84-AA16-D3DE0DEAC7D6): 25
LogDevObjectVersion:   Dev-Enterprise (9DFFBCD6-494F-0158-E221-12823C92A888): 6
LogDevObjectVersion:   Dev-Niagara (F2AED0AC-9AFE-416F-8664-AA7FFA26D6FC): 1
LogDevObjectVersion:   Dev-Destruction (174F1F0B-B4C6-45A5-B13F-2EE8D0FB917D): 2
LogInit: Presizing for max 16777216 objects, including 0 objects not considered by GC, pre-allocating 0 bytes for permanent pool.
LogInit: Object subsystem initialized
LogConfig: Setting CVar [[con.DebugEarlyDefault:1]]
LogConfig: Setting CVar [[r.setres:1280x720]]
[2019.06.01-16.59.58:676][  0]LogConfig: Setting CVar [[r.VSync:0]]
[2019.06.01-16.59.58:676][  0]LogConfig: Setting CVar [[r.RHICmdBypass:0]]
[2019.06.01-16.59.58:676][  0]LogConfig: Applying CVar settings from Section [/Script/Engine.RendererSettings] File [C:/Users/exali/OneDrive/Documents/Unreal Projects/FGS_Steam/Saved/Config/Windows/Engine.ini]
[2019.06.01-16.59.58:676][  0]LogConfig: Setting CVar [[r.GPUCrashDebugging:0]]
[2019.06.01-16.59.58:676][  0]LogConfig: Applying CVar settings from Section [/Script/Engine.RendererOverrideSettings] File [C:/Users/exali/OneDrive/Documents/Unreal Projects/FGS_Steam/Saved/Config/Windows/Engine.ini]
[2019.06.01-16.59.58:676][  0]LogConfig: Applying CVar settings from Section [/Script/Engine.StreamingSettings] File [C:/Users/exali/OneDrive/Documents/Unreal Projects/FGS_Steam/Saved/Config/Windows/Engine.ini]
[2019.06.01-16.59.58:676][  0]LogConfig: Setting CVar [[s.MinBulkDataSizeForAsyncLoading:131072]]
[2019.06.01-16.59.58:676][  0]LogConfig: Setting CVar [[s.AsyncLoadingThreadEnabled:0]]
[2019.06.01-16.59.58:676][  0]LogConfig: Setting CVar [[s.EventDrivenLoaderEnabled:1]]
[2019.06.01-16.59.58:676][  0]LogConfig: Setting CVar [[s.WarnIfTimeLimitExceeded:0]]
[2019.06.01-16.59.58:676][  0]LogConfig: Setting CVar [[s.TimeLimitExceededMultiplier:1.5]]
[2019.06.01-16.59.58:676][  0]LogConfig: Setting CVar [[s.TimeLimitExceededMinTime:0.005]]
[2019.06.01-16.59.58:676][  0]LogConfig: Setting CVar [[s.UseBackgroundLevelStreaming:1]]
[2019.06.01-16.59.58:676][  0]LogConfig: Setting CVar [[s.PriorityAsyncLoadingExtraTime:15.0]]
[2019.06.01-16.59.58:676][  0]LogConfig: Setting CVar [[s.LevelStreamingActorsUpdateTimeLimit:5.0]]
[2019.06.01-16.59.58:676][  0]LogConfig: Setting CVar [[s.PriorityLevelStreamingActorsUpdateExtraTime:5.0]]
[2019.06.01-16.59.58:676][  0]LogConfig: Setting CVar [[s.LevelStreamingComponentsRegistrationGranularity:10]]
[2019.06.01-16.59.58:676][  0]LogConfig: Setting CVar [[s.UnregisterComponentsTimeLimit:1.0]]
[2019.06.01-16.59.58:676][  0]LogConfig: Setting CVar [[s.LevelStreamingComponentsUnregistrationGranularity:5]]
[2019.06.01-16.59.58:676][  0]LogConfig: Applying CVar settings from Section [/Script/Engine.GarbageCollectionSettings] File [C:/Users/exali/OneDrive/Documents/Unreal Projects/FGS_Steam/Saved/Config/Windows/Engine.ini]
[2019.06.01-16.59.58:676][  0]LogConfig: Setting CVar [[gc.MaxObjectsNotConsideredByGC:1]]
[2019.06.01-16.59.58:676][  0]LogConfig: Setting CVar [[gc.SizeOfPermanentObjectPool:0]]
[2019.06.01-16.59.58:676][  0]LogConfig: Setting CVar [[gc.FlushStreamingOnGC:0]]
[2019.06.01-16.59.58:676][  0]LogConfig: Setting CVar [[gc.NumRetriesBeforeForcingGC:10]]
[2019.06.01-16.59.58:676][  0]LogConfig: Setting CVar [[gc.AllowParallelGC:1]]
[2019.06.01-16.59.58:676][  0]LogConfig: Setting CVar [[gc.TimeBetweenPurgingPendingKillObjects:61.1]]
[2019.06.01-16.59.58:676][  0]LogConfig: Setting CVar [[gc.MaxObjectsInEditor:16777216]]
[2019.06.01-16.59.58:676][  0]LogConfig: Setting CVar [[gc.IncrementalBeginDestroyEnabled:1]]
[2019.06.01-16.59.58:676][  0]LogConfig: Setting CVar [[gc.CreateGCClusters:1]]
[2019.06.01-16.59.58:676][  0]LogConfig: Setting CVar [[gc.MinGCClusterSize:5]]
[2019.06.01-16.59.58:677][  0]LogConfig: Setting CVar [[gc.ActorClusteringEnabled:0]]
[2019.06.01-16.59.58:677][  0]LogConfig: Setting CVar [[gc.BlueprintClusteringEnabled:0]]
[2019.06.01-16.59.58:677][  0]LogConfig: Setting CVar [[gc.UseDisregardForGCOnDedicatedServers:0]]
[2019.06.01-16.59.58:677][  0]LogConfig: Applying CVar settings from Section [/Script/Engine.NetworkSettings] File [C:/Users/exali/OneDrive/Documents/Unreal Projects/FGS_Steam/Saved/Config/Windows/Engine.ini]
[2019.06.01-16.59.58:677][  0]LogConfig: Applying CVar settings from Section [/Script/UnrealEd.CookerSettings] File [C:/Users/exali/OneDrive/Documents/Unreal Projects/FGS_Steam/Saved/Config/Windows/Engine.ini]
[2019.06.01-16.59.58:823][  0]LogConfig: Applying CVar settings from Section [ViewDistanceQuality@3] File [C:/Users/exali/OneDrive/Documents/Unreal Projects/FGS_Steam/Saved/Config/Windows/Scalability.ini]
[2019.06.01-16.59.58:823][  0]LogConfig: Setting CVar [[r.SkeletalMeshLODBias:0]]
[2019.06.01-16.59.58:823][  0]LogConfig: Setting CVar [[r.ViewDistanceScale:1.0]]
[2019.06.01-16.59.58:823][  0]LogConfig: Applying CVar settings from Section [AntiAliasingQuality@3] File [C:/Users/exali/OneDrive/Documents/Unreal Projects/FGS_Steam/Saved/Config/Windows/Scalability.ini]
[2019.06.01-16.59.58:823][  0]LogConfig: Setting CVar [[r.PostProcessAAQuality:4]]
[2019.06.01-16.59.58:823][  0]LogConfig: Applying CVar settings from Section [ShadowQuality@3] File [C:/Users/exali/OneDrive/Documents/Unreal Projects/FGS_Steam/Saved/Config/Windows/Scalability.ini]
[2019.06.01-16.59.58:823][  0]LogConfig: Setting CVar [[r.LightFunctionQuality:1]]
[2019.06.01-16.59.58:823][  0]LogConfig: Setting CVar [[r.ShadowQuality:5]]
[2019.06.01-16.59.58:823][  0]LogConfig: Setting CVar [[r.Shadow.CSM.MaxCascades:10]]
[2019.06.01-16.59.58:823][  0]LogConfig: Setting CVar [[r.Shadow.MaxResolution:2048]]
[2019.06.01-16.59.58:823][  0]LogConfig: Setting CVar [[r.Shadow.MaxCSMResolution:2048]]
[2019.06.01-16.59.58:823][  0]LogConfig: Setting CVar [[r.Shadow.RadiusThreshold:0.01]]
[2019.06.01-16.59.58:823][  0]LogConfig: Setting CVar [[r.Shadow.DistanceScale:1.0]]
[2019.06.01-16.59.58:823][  0]LogConfig: Setting CVar [[r.Shadow.CSM.TransitionScale:1.0]]
[2019.06.01-16.59.58:823][  0]LogConfig: Setting CVar [[r.Shadow.PreShadowResolutionFactor:1.0]]
[2019.06.01-16.59.58:823][  0]LogConfig: Setting CVar [[r.DistanceFieldShadowing:1]]
[2019.06.01-16.59.58:823][  0]LogConfig: Setting CVar [[r.DistanceFieldAO:1]]
[2019.06.01-16.59.58:823][  0]LogConfig: Setting CVar [[r.AOQuality:2]]
[2019.06.01-16.59.58:823][  0]LogConfig: Setting CVar [[r.VolumetricFog:1]]
[2019.06.01-16.59.58:823][  0]LogConfig: Setting CVar [[r.VolumetricFog.GridPixelSize:8]]
[2019.06.01-16.59.58:823][  0]LogConfig: Setting CVar [[r.VolumetricFog.GridSizeZ:128]]
[2019.06.01-16.59.58:823][  0]LogConfig: Setting CVar [[r.VolumetricFog.HistoryMissSupersampleCount:4]]
[2019.06.01-16.59.58:823][  0]LogConfig: Setting CVar [[r.LightMaxDrawDistanceScale:1]]
[2019.06.01-16.59.58:824][  0]LogConfig: Setting CVar [[r.CapsuleShadows:1]]
[2019.06.01-16.59.58:824][  0]LogConfig: Applying CVar settings from Section [PostProcessQuality@3] File [C:/Users/exali/OneDrive/Documents/Unreal Projects/FGS_Steam/Saved/Config/Windows/Scalability.ini]
[2019.06.01-16.59.58:824][  0]LogConfig: Setting CVar [[r.MotionBlurQuality:4]]
[2019.06.01-16.59.58:824][  0]LogConfig: Setting CVar [[r.AmbientOcclusionMipLevelFactor:0.4]]
[2019.06.01-16.59.58:824][  0]LogConfig: Setting CVar [[r.AmbientOcclusionMaxQuality:100]]
[2019.06.01-16.59.58:824][  0]LogConfig: Setting CVar [[r.AmbientOcclusionLevels:-1]]
[2019.06.01-16.59.58:824][  0]LogConfig: Setting CVar [[r.AmbientOcclusionRadiusScale:1.0]]
[2019.06.01-16.59.58:824][  0]LogConfig: Setting CVar [[r.DepthOfFieldQuality:2]]
[2019.06.01-16.59.58:824][  0]LogConfig: Setting CVar [[r.RenderTargetPoolMin:400]]
[2019.06.01-16.59.58:824][  0]LogConfig: Setting CVar [[r.LensFlareQuality:2]]
[2019.06.01-16.59.58:824][  0]LogConfig: Setting CVar [[r.SceneColorFringeQuality:1]]
[2019.06.01-16.59.58:824][  0]LogConfig: Setting CVar [[r.EyeAdaptationQuality:2]]
[2019.06.01-16.59.58:824][  0]LogConfig: Setting CVar [[r.BloomQuality:5]]
[2019.06.01-16.59.58:824][  0]LogConfig: Setting CVar [[r.FastBlurThreshold:100]]
[2019.06.01-16.59.58:824][  0]LogConfig: Setting CVar [[r.Upscale.Quality:3]]
[2019.06.01-16.59.58:824][  0]LogConfig: Setting CVar [[r.Tonemapper.GrainQuantization:1]]
[2019.06.01-16.59.58:824][  0]LogConfig: Setting CVar [[r.LightShaftQuality:1]]
[2019.06.01-16.59.58:824][  0]LogConfig: Setting CVar [[r.Filter.SizeScale:1]]
[2019.06.01-16.59.58:824][  0]LogConfig: Setting CVar [[r.Tonemapper.Quality:5]]
[2019.06.01-16.59.58:824][  0]LogConfig: Setting CVar [[r.DOF.Gather.AccumulatorQuality:1        ; higher gathering accumulator quality]]
[2019.06.01-16.59.58:824][  0]LogConfig: Setting CVar [[r.DOF.Gather.PostfilterMethod:1          ; Median3x3 postfilering method]]
[2019.06.01-16.59.58:824][  0]LogConfig: Setting CVar [[r.DOF.Gather.EnableBokehSettings:0       ; no bokeh simulation when gathering]]
[2019.06.01-16.59.58:824][  0]LogConfig: Setting CVar [[r.DOF.Gather.RingCount:4                 ; medium number of samples when gathering]]
[2019.06.01-16.59.58:824][  0]LogConfig: Setting CVar [[r.DOF.Scatter.ForegroundCompositing:1    ; additive foreground scattering]]
[2019.06.01-16.59.58:824][  0]LogConfig: Setting CVar [[r.DOF.Scatter.BackgroundCompositing:2    ; additive background scattering]]
[2019.06.01-16.59.58:824][  0]LogConfig: Setting CVar [[r.DOF.Scatter.EnableBokehSettings:1      ; bokeh simulation when scattering]]
[2019.06.01-16.59.58:824][  0]LogConfig: Setting CVar [[r.DOF.Scatter.MaxSpriteRatio:0.1         ; only a maximum of 10% of scattered bokeh]]
[2019.06.01-16.59.58:824][  0]LogConfig: Setting CVar [[r.DOF.Recombine.Quality:1                ; cheap slight out of focus]]
[2019.06.01-16.59.58:824][  0]LogConfig: Setting CVar [[r.DOF.Recombine.EnableBokehSettings:0    ; no bokeh simulation on slight out of focus]]
[2019.06.01-16.59.58:824][  0]LogConfig: Setting CVar [[r.DOF.TemporalAAQuality:1                ; more stable temporal accumulation]]
[2019.06.01-16.59.58:824][  0]LogConfig: Setting CVar [[r.DOF.Kernel.MaxForegroundRadius:0.025]]
[2019.06.01-16.59.58:824][  0]LogConfig: Setting CVar [[r.DOF.Kernel.MaxBackgroundRadius:0.025]]
[2019.06.01-16.59.58:824][  0]LogConfig: Applying CVar settings from Section [TextureQuality@3] File [C:/Users/exali/OneDrive/Documents/Unreal Projects/FGS_Steam/Saved/Config/Windows/Scalability.ini]
[2019.06.01-16.59.58:824][  0]LogConfig: Setting CVar [[r.Streaming.MipBias:0]]
[2019.06.01-16.59.58:824][  0]LogConfig: Setting CVar [[r.Streaming.AmortizeCPUToGPUCopy:0]]
[2019.06.01-16.59.58:824][  0]LogConfig: Setting CVar [[r.Streaming.MaxNumTexturesToStreamPerFrame:0]]
[2019.06.01-16.59.58:824][  0]LogConfig: Setting CVar [[r.Streaming.Boost:1]]
[2019.06.01-16.59.58:824][  0]LogConfig: Setting CVar [[r.MaxAnisotropy:8]]
[2019.06.01-16.59.58:824][  0]LogConfig: Setting CVar [[r.Streaming.LimitPoolSizeToVRAM:0]]
[2019.06.01-16.59.58:824][  0]LogConfig: Setting CVar [[r.Streaming.PoolSize:1000]]
[2019.06.01-16.59.58:824][  0]LogConfig: Setting CVar [[r.Streaming.MaxEffectiveScreenSize:0]]
[2019.06.01-16.59.58:824][  0]LogConfig: Applying CVar settings from Section [EffectsQuality@3] File [C:/Users/exali/OneDrive/Documents/Unreal Projects/FGS_Steam/Saved/Config/Windows/Scalability.ini]
[2019.06.01-16.59.58:824][  0]LogConfig: Setting CVar [[r.TranslucencyLightingVolumeDim:64]]
[2019.06.01-16.59.58:824][  0]LogConfig: Setting CVar [[r.RefractionQuality:2]]
[2019.06.01-16.59.58:824][  0]LogConfig: Setting CVar [[r.SSR.Quality:3]]
[2019.06.01-16.59.58:825][  0]LogConfig: Setting CVar [[r.SceneColorFormat:4]]
[2019.06.01-16.59.58:825][  0]LogConfig: Setting CVar [[r.DetailMode:2]]
[2019.06.01-16.59.58:825][  0]LogConfig: Setting CVar [[r.TranslucencyVolumeBlur:1]]
[2019.06.01-16.59.58:825][  0]LogConfig: Setting CVar [[r.MaterialQualityLevel:1 ; High quality]]
[2019.06.01-16.59.58:825][  0]LogConfig: Setting CVar [[r.SSS.Scale:1]]
[2019.06.01-16.59.58:825][  0]LogConfig: Setting CVar [[r.SSS.SampleSet:2]]
[2019.06.01-16.59.58:825][  0]LogConfig: Setting CVar [[r.SSS.Quality:1]]
[2019.06.01-16.59.58:825][  0]LogConfig: Setting CVar [[r.SSS.HalfRes:1]]
[2019.06.01-16.59.58:825][  0]LogConfig: Setting CVar [[r.EmitterSpawnRateScale:1.0]]
[2019.06.01-16.59.58:825][  0]LogConfig: Setting CVar [[r.ParticleLightQuality:2]]
[2019.06.01-16.59.58:825][  0]LogConfig: Applying CVar settings from Section [FoliageQuality@3] File [C:/Users/exali/OneDrive/Documents/Unreal Projects/FGS_Steam/Saved/Config/Windows/Scalability.ini]
[2019.06.01-16.59.58:825][  0]LogConfig: Setting CVar [[foliage.DensityScale:1.0]]
[2019.06.01-16.59.58:825][  0]LogConfig: Setting CVar [[grass.DensityScale:1.0]]
[2019.06.01-16.59.58:979][  0]LogInit: Selected Device Profile: [Windows]
[2019.06.01-16.59.58:979][  0]LogInit: Applying CVar settings loaded from the selected device profile: [Windows]
[2019.06.01-16.59.59:090][  0]LogHAL: Display: Platform has ~ 4 GB [4152492032 / 4294967296 / 4], which maps to Smallest [LargestMinGB=32, LargerMinGB=12, DefaultMinGB=8, SmallerMinGB=6, SmallestMinGB=0)
[2019.06.01-16.59.59:090][  0]LogConfig: Setting CVar [[r.Vulkan.UseRealUBs:0		; Required until we fix HLR fall-out]]
[2019.06.01-16.59.59:090][  0]LogInit: Going up to parent DeviceProfile []
[2019.06.01-16.59.59:091][  0]LogConfig: Applying CVar settings from Section [ViewDistanceQuality@3] File [C:/Users/exali/OneDrive/Documents/Unreal Projects/FGS_Steam/Saved/Config/Windows/Scalability.ini]
[2019.06.01-16.59.59:091][  0]LogConfig: Setting CVar [[r.SkeletalMeshLODBias:0]]
[2019.06.01-16.59.59:091][  0]LogConfig: Setting CVar [[r.ViewDistanceScale:1.0]]
[2019.06.01-16.59.59:091][  0]LogConfig: Applying CVar settings from Section [AntiAliasingQuality@3] File [C:/Users/exali/OneDrive/Documents/Unreal Projects/FGS_Steam/Saved/Config/Windows/Scalability.ini]
[2019.06.01-16.59.59:091][  0]LogConfig: Setting CVar [[r.PostProcessAAQuality:4]]
[2019.06.01-16.59.59:091][  0]LogConfig: Applying CVar settings from Section [ShadowQuality@3] File [C:/Users/exali/OneDrive/Documents/Unreal Projects/FGS_Steam/Saved/Config/Windows/Scalability.ini]
[2019.06.01-16.59.59:091][  0]LogConfig: Setting CVar [[r.LightFunctionQuality:1]]
[2019.06.01-16.59.59:091][  0]LogConfig: Setting CVar [[r.ShadowQuality:5]]
[2019.06.01-16.59.59:091][  0]LogConfig: Setting CVar [[r.Shadow.CSM.MaxCascades:10]]
[2019.06.01-16.59.59:091][  0]LogConfig: Setting CVar [[r.Shadow.MaxResolution:2048]]
[2019.06.01-16.59.59:091][  0]LogConfig: Setting CVar [[r.Shadow.MaxCSMResolution:2048]]
[2019.06.01-16.59.59:091][  0]LogConfig: Setting CVar [[r.Shadow.RadiusThreshold:0.01]]
[2019.06.01-16.59.59:091][  0]LogConfig: Setting CVar [[r.Shadow.DistanceScale:1.0]]
[2019.06.01-16.59.59:091][  0]LogConfig: Setting CVar [[r.Shadow.CSM.TransitionScale:1.0]]
[2019.06.01-16.59.59:091][  0]LogConfig: Setting CVar [[r.Shadow.PreShadowResolutionFactor:1.0]]
[2019.06.01-16.59.59:091][  0]LogConfig: Setting CVar [[r.DistanceFieldShadowing:1]]
[2019.06.01-16.59.59:091][  0]LogConfig: Setting CVar [[r.DistanceFieldAO:1]]
[2019.06.01-16.59.59:091][  0]LogConfig: Setting CVar [[r.AOQuality:2]]
[2019.06.01-16.59.59:091][  0]LogConfig: Setting CVar [[r.VolumetricFog:1]]
[2019.06.01-16.59.59:091][  0]LogConfig: Setting CVar [[r.VolumetricFog.GridPixelSize:8]]
[2019.06.01-16.59.59:091][  0]LogConfig: Setting CVar [[r.VolumetricFog.GridSizeZ:128]]
[2019.06.01-16.59.59:091][  0]LogConfig: Setting CVar [[r.VolumetricFog.HistoryMissSupersampleCount:4]]
[2019.06.01-16.59.59:091][  0]LogConfig: Setting CVar [[r.LightMaxDrawDistanceScale:1]]
[2019.06.01-16.59.59:091][  0]LogConfig: Setting CVar [[r.CapsuleShadows:1]]
[2019.06.01-16.59.59:091][  0]LogConfig: Applying CVar settings from Section [PostProcessQuality@3] File [C:/Users/exali/OneDrive/Documents/Unreal Projects/FGS_Steam/Saved/Config/Windows/Scalability.ini]
[2019.06.01-16.59.59:091][  0]LogConfig: Setting CVar [[r.MotionBlurQuality:4]]
[2019.06.01-16.59.59:091][  0]LogConfig: Setting CVar [[r.AmbientOcclusionMipLevelFactor:0.4]]
[2019.06.01-16.59.59:091][  0]LogConfig: Setting CVar [[r.AmbientOcclusionMaxQuality:100]]
[2019.06.01-16.59.59:091][  0]LogConfig: Setting CVar [[r.AmbientOcclusionLevels:-1]]
[2019.06.01-16.59.59:091][  0]LogConfig: Setting CVar [[r.AmbientOcclusionRadiusScale:1.0]]
[2019.06.01-16.59.59:091][  0]LogConfig: Setting CVar [[r.DepthOfFieldQuality:2]]
[2019.06.01-16.59.59:091][  0]LogConfig: Setting CVar [[r.RenderTargetPoolMin:400]]
[2019.06.01-16.59.59:091][  0]LogConfig: Setting CVar [[r.LensFlareQuality:2]]
[2019.06.01-16.59.59:091][  0]LogConfig: Setting CVar [[r.SceneColorFringeQuality:1]]
[2019.06.01-16.59.59:091][  0]LogConfig: Setting CVar [[r.EyeAdaptationQuality:2]]
[2019.06.01-16.59.59:091][  0]LogConfig: Setting CVar [[r.BloomQuality:5]]
[2019.06.01-16.59.59:091][  0]LogConfig: Setting CVar [[r.FastBlurThreshold:100]]
[2019.06.01-16.59.59:091][  0]LogConfig: Setting CVar [[r.Upscale.Quality:3]]
[2019.06.01-16.59.59:091][  0]LogConfig: Setting CVar [[r.Tonemapper.GrainQuantization:1]]
[2019.06.01-16.59.59:091][  0]LogConfig: Setting CVar [[r.LightShaftQuality:1]]
[2019.06.01-16.59.59:091][  0]LogConfig: Setting CVar [[r.Filter.SizeScale:1]]
[2019.06.01-16.59.59:091][  0]LogConfig: Setting CVar [[r.Tonemapper.Quality:5]]
[2019.06.01-16.59.59:091][  0]LogConfig: Setting CVar [[r.DOF.Gather.AccumulatorQuality:1        ; higher gathering accumulator quality]]
[2019.06.01-16.59.59:091][  0]LogConfig: Setting CVar [[r.DOF.Gather.PostfilterMethod:1          ; Median3x3 postfilering method]]
[2019.06.01-16.59.59:091][  0]LogConfig: Setting CVar [[r.DOF.Gather.EnableBokehSettings:0       ; no bokeh simulation when gathering]]
[2019.06.01-16.59.59:091][  0]LogConfig: Setting CVar [[r.DOF.Gather.RingCount:4                 ; medium number of samples when gathering]]
[2019.06.01-16.59.59:091][  0]LogConfig: Setting CVar [[r.DOF.Scatter.ForegroundCompositing:1    ; additive foreground scattering]]
[2019.06.01-16.59.59:092][  0]LogConfig: Setting CVar [[r.DOF.Scatter.BackgroundCompositing:2    ; additive background scattering]]
[2019.06.01-16.59.59:092][  0]LogConfig: Setting CVar [[r.DOF.Scatter.EnableBokehSettings:1      ; bokeh simulation when scattering]]
[2019.06.01-16.59.59:092][  0]LogConfig: Setting CVar [[r.DOF.Scatter.MaxSpriteRatio:0.1         ; only a maximum of 10% of scattered bokeh]]
[2019.06.01-16.59.59:092][  0]LogConfig: Setting CVar [[r.DOF.Recombine.Quality:1                ; cheap slight out of focus]]
[2019.06.01-16.59.59:092][  0]LogConfig: Setting CVar [[r.DOF.Recombine.EnableBokehSettings:0    ; no bokeh simulation on slight out of focus]]
[2019.06.01-16.59.59:092][  0]LogConfig: Setting CVar [[r.DOF.TemporalAAQuality:1                ; more stable temporal accumulation]]
[2019.06.01-16.59.59:092][  0]LogConfig: Setting CVar [[r.DOF.Kernel.MaxForegroundRadius:0.025]]
[2019.06.01-16.59.59:092][  0]LogConfig: Setting CVar [[r.DOF.Kernel.MaxBackgroundRadius:0.025]]
[2019.06.01-16.59.59:092][  0]LogConfig: Applying CVar settings from Section [TextureQuality@3] File [C:/Users/exali/OneDrive/Documents/Unreal Projects/FGS_Steam/Saved/Config/Windows/Scalability.ini]
[2019.06.01-16.59.59:092][  0]LogConfig: Setting CVar [[r.Streaming.MipBias:0]]
[2019.06.01-16.59.59:092][  0]LogConfig: Setting CVar [[r.Streaming.AmortizeCPUToGPUCopy:0]]
[2019.06.01-16.59.59:092][  0]LogConfig: Setting CVar [[r.Streaming.MaxNumTexturesToStreamPerFrame:0]]
[2019.06.01-16.59.59:092][  0]LogConfig: Setting CVar [[r.Streaming.Boost:1]]
[2019.06.01-16.59.59:092][  0]LogConfig: Setting CVar [[r.MaxAnisotropy:8]]
[2019.06.01-16.59.59:092][  0]LogConfig: Setting CVar [[r.Streaming.LimitPoolSizeToVRAM:0]]
[2019.06.01-16.59.59:092][  0]LogConfig: Setting CVar [[r.Streaming.PoolSize:1000]]
[2019.06.01-16.59.59:092][  0]LogConfig: Setting CVar [[r.Streaming.MaxEffectiveScreenSize:0]]
[2019.06.01-16.59.59:092][  0]LogConfig: Applying CVar settings from Section [EffectsQuality@3] File [C:/Users/exali/OneDrive/Documents/Unreal Projects/FGS_Steam/Saved/Config/Windows/Scalability.ini]
[2019.06.01-16.59.59:092][  0]LogConfig: Setting CVar [[r.TranslucencyLightingVolumeDim:64]]
[2019.06.01-16.59.59:092][  0]LogConfig: Setting CVar [[r.RefractionQuality:2]]
[2019.06.01-16.59.59:092][  0]LogConfig: Setting CVar [[r.SSR.Quality:3]]
[2019.06.01-16.59.59:092][  0]LogConfig: Setting CVar [[r.SceneColorFormat:4]]
[2019.06.01-16.59.59:092][  0]LogConfig: Setting CVar [[r.DetailMode:2]]
[2019.06.01-16.59.59:092][  0]LogConfig: Setting CVar [[r.TranslucencyVolumeBlur:1]]
[2019.06.01-16.59.59:092][  0]LogConfig: Setting CVar [[r.MaterialQualityLevel:1 ; High quality]]
[2019.06.01-16.59.59:092][  0]LogConfig: Setting CVar [[r.SSS.Scale:1]]
[2019.06.01-16.59.59:092][  0]LogConfig: Setting CVar [[r.SSS.SampleSet:2]]
[2019.06.01-16.59.59:092][  0]LogConfig: Setting CVar [[r.SSS.Quality:1]]
[2019.06.01-16.59.59:092][  0]LogConfig: Setting CVar [[r.SSS.HalfRes:1]]
[2019.06.01-16.59.59:092][  0]LogConfig: Setting CVar [[r.EmitterSpawnRateScale:1.0]]
[2019.06.01-16.59.59:092][  0]LogConfig: Setting CVar [[r.ParticleLightQuality:2]]
[2019.06.01-16.59.59:092][  0]LogConfig: Applying CVar settings from Section [FoliageQuality@3] File [C:/Users/exali/OneDrive/Documents/Unreal Projects/FGS_Steam/Saved/Config/Windows/Scalability.ini]
[2019.06.01-16.59.59:092][  0]LogConfig: Setting CVar [[foliage.DensityScale:1.0]]
[2019.06.01-16.59.59:092][  0]LogConfig: Setting CVar [[grass.DensityScale:1.0]]
[2019.06.01-16.59.59:092][  0]LogConfig: Applying CVar settings from Section [Startup] File [../../../Engine/Config/ConsoleVariables.ini]
[2019.06.01-16.59.59:132][  0]LogConfig: Setting CVar [[net.UseAdaptiveNetUpdateFrequency:0]]
[2019.06.01-16.59.59:132][  0]LogConfig: Setting CVar [[p.chaos.AllowCreatePhysxBodies:1]]
[2019.06.01-16.59.59:132][  0]LogConfig: Applying CVar settings from Section [ConsoleVariables] File [C:/Users/exali/OneDrive/Documents/Unreal Projects/FGS_Steam/Saved/Config/Windows/Engine.ini]
[2019.06.01-16.59.59:160][  0]LogInit: Computer: DESKTOP-87O6U1T
[2019.06.01-16.59.59:160][  0]LogInit: User: exali
[2019.06.01-16.59.59:160][  0]LogInit: CPU Page size=4096, Cores=2
[2019.06.01-16.59.59:160][  0]LogInit: High frequency timer resolution =2.343745 MHz
[2019.06.01-16.59.59:191][  0]LogMemory: Memory total: Physical=3.9GB (4GB approx)
[2019.06.01-16.59.59:191][  0]LogMemory: Platform Memory Stats for Windows
[2019.06.01-16.59.59:191][  0]LogMemory: Process Physical Memory: 96.30 MB used, 96.30 MB peak
[2019.06.01-16.59.59:191][  0]LogMemory: Process Virtual Memory: 83.88 MB used, 83.88 MB peak
[2019.06.01-16.59.59:191][  0]LogMemory: Physical Memory: 3548.79 MB used,  411.34 MB free, 3960.13 MB total
[2019.06.01-16.59.59:191][  0]LogMemory: Virtual Memory: 4628.44 MB used,  134213096.00 MB free, 134217728.00 MB total
[2019.06.01-17.00.02:052][  0]LogInit: Using OS detected language (fr-FR).
[2019.06.01-17.00.02:052][  0]LogInit: Using OS detected locale (fr-FR).
[2019.06.01-17.00.02:203][  0]LogTextLocalizationManager: No specific localization for 'fr-FR' exists, so the 'fr' localization will be used.
[2019.06.01-17.00.02:250][  0]LogTextLocalizationResource: LocRes '../../../Engine/Content/Localization/Editor/fr/Editor.locres' could not be opened for reading!
[2019.06.01-17.00.02:251][  0]LogTextLocalizationResource: LocRes '../../../Engine/Content/Localization/EditorTutorials/fr/EditorTutorials.locres' could not be opened for reading!
[2019.06.01-17.00.02:251][  0]LogTextLocalizationResource: LocRes '../../../Engine/Content/Localization/Keywords/fr/Keywords.locres' could not be opened for reading!
[2019.06.01-17.00.02:251][  0]LogTextLocalizationResource: LocRes '../../../Engine/Content/Localization/Category/fr/Category.locres' could not be opened for reading!
[2019.06.01-17.00.02:353][  0]LogTextLocalizationResource: LocRes '../../../Engine/Content/Localization/ToolTips/fr/ToolTips.locres' could not be opened for reading!
[2019.06.01-17.00.02:360][  0]LogTextLocalizationResource: LocRes '../../../Engine/Content/Localization/PropertyNames/fr/PropertyNames.locres' could not be opened for reading!
[2019.06.01-17.00.02:361][  0]LogTextLocalizationResource: LocRes '../../../Engine/Content/Localization/Engine/fr/Engine.locres' could not be opened for reading!
[2019.06.01-17.00.02:565][  0]LogInit: Setting process to per monitor DPI aware
[2019.06.01-17.00.03:783][  0]LogSlate: New Slate User Created.  User Index 0, Is Virtual User: 0
[2019.06.01-17.00.03:783][  0]LogSlate: Slate User Registered.  User Index 0, Is Virtual User: 0
[2019.06.01-17.00.07:902][  0]LogHMD: Failed to initialize OpenVR with code 110
[2019.06.01-17.00.07:902][  0]LogD3D11RHI: D3D11 adapters:
[2019.06.01-17.00.09:754][  0]LogD3D11RHI:    0. 'NVIDIA GeForce 920MX' (Feature Level 11_0)
[2019.06.01-17.00.09:754][  0]LogD3D11RHI:       2010/0/1980 MB DedicatedVideo/DedicatedSystem/SharedSystem, Outputs:1, VendorId:0x10de
[2019.06.01-17.00.09:905][  0]LogD3D11RHI:    1. 'Intel(R) HD Graphics 520' (Feature Level 11_0)
[2019.06.01-17.00.09:905][  0]LogD3D11RHI:       128/0/1980 MB DedicatedVideo/DedicatedSystem/SharedSystem, Outputs:0, VendorId:0x8086
[2019.06.01-17.00.10:209][  0]LogD3D11RHI:    2. 'Microsoft Basic Render Driver' (Feature Level 11_0)
[2019.06.01-17.00.10:209][  0]LogD3D11RHI:       0/0/1980 MB DedicatedVideo/DedicatedSystem/SharedSystem, Outputs:0, VendorId:0x1414
[2019.06.01-17.00.10:209][  0]LogD3D11RHI: Chosen D3D11 Adapter: 0
[2019.06.01-17.00.10:293][  0]LogD3D11RHI: Creating new Direct3DDevice
[2019.06.01-17.00.10:293][  0]LogD3D11RHI:     GPU DeviceId: 0x134f (for the marketing name, search the web for "GPU Device Id")
[2019.06.01-17.00.10:300][  0]LogWindows: EnumDisplayDevices:
[2019.06.01-17.00.10:300][  0]LogWindows:    0. 'Intel(R) HD Graphics 520' (P:1 D:1)
[2019.06.01-17.00.10:301][  0]LogWindows:    1. 'Intel(R) HD Graphics 520' (P:0 D:0)
[2019.06.01-17.00.10:302][  0]LogWindows:    2. 'Intel(R) HD Graphics 520' (P:0 D:0)
[2019.06.01-17.00.10:302][  0]LogWindows: DebugString: PrimaryIsNotTheChoosenAdapter PrimaryIsNotTheChoosenAdapter PrimaryIsNotTheChoosenAdapter FoundDriverCount:0 
[2019.06.01-17.00.10:302][  0]LogD3D11RHI:     Adapter Name: NVIDIA GeForce 920MX
[2019.06.01-17.00.10:302][  0]LogD3D11RHI:   Driver Version: Unknown (internal:Unknown, unified:Unknown)
[2019.06.01-17.00.10:302][  0]LogD3D11RHI:      Driver Date: Unknown
[2019.06.01-17.00.10:302][  0]LogRHI: Texture pool is 1407 MB (70% of 2010 MB)
[2019.06.01-17.00.10:564][  0]LogD3D11RHI: Async texture creation enabled
[2019.06.01-17.00.10:782][  0]LogRendererCore: FGlobalReadBuffer::InitRHI
[2019.06.01-17.00.10:800][  0]LogRendererCore: FGlobalReadBuffer::InitRHI
[2019.06.01-17.00.10:800][  0]LogRendererCore: FGlobalReadBuffer::InitRHI
[2019.06.01-17.00.10:899][  0]LogD3D11RHI: GPU Timing Frequency: 1000.000000 (Debug: 2 5)
[2019.06.01-17.00.15:914][  0]LogTemp: Display: Module 'AllDesktopTargetPlatform' loaded TargetPlatform 'AllDesktop'
[2019.06.01-17.00.15:968][  0]LogTemp: Display: Module 'MacClientTargetPlatform' loaded TargetPlatform 'MacClient'
[2019.06.01-17.00.16:082][  0]LogTemp: Display: Module 'MacNoEditorTargetPlatform' loaded TargetPlatform 'MacNoEditor'
[2019.06.01-17.00.16:102][  0]LogTemp: Display: Module 'MacServerTargetPlatform' loaded TargetPlatform 'MacServer'
[2019.06.01-17.00.16:137][  0]LogTemp: Display: Module 'MacTargetPlatform' loaded TargetPlatform 'Mac'
[2019.06.01-17.00.16:188][  0]LogTemp: Display: Module 'WindowsClientTargetPlatform' loaded TargetPlatform 'WindowsClient'
[2019.06.01-17.00.16:238][  0]LogTemp: Display: Module 'WindowsNoEditorTargetPlatform' loaded TargetPlatform 'WindowsNoEditor'
[2019.06.01-17.00.16:351][  0]LogTemp: Display: Module 'WindowsServerTargetPlatform' loaded TargetPlatform 'WindowsServer'
[2019.06.01-17.00.16:364][  0]LogTemp: Display: Module 'WindowsTargetPlatform' loaded TargetPlatform 'Windows'
[2019.06.01-17.00.16:631][  0]LogTemp: Display: Module 'AndroidTargetPlatform' loaded TargetPlatform 'Android'
[2019.06.01-17.00.16:631][  0]LogTemp: Display: Module 'AndroidTargetPlatform' loaded TargetPlatform 'Android_ASTC'
[2019.06.01-17.00.16:631][  0]LogTemp: Display: Module 'AndroidTargetPlatform' loaded TargetPlatform 'Android_ATC'
[2019.06.01-17.00.16:631][  0]LogTemp: Display: Module 'AndroidTargetPlatform' loaded TargetPlatform 'Android_DXT'
[2019.06.01-17.00.16:631][  0]LogTemp: Display: Module 'AndroidTargetPlatform' loaded TargetPlatform 'Android_ETC1'
[2019.06.01-17.00.16:631][  0]LogTemp: Display: Module 'AndroidTargetPlatform' loaded TargetPlatform 'Android_ETC1a'
[2019.06.01-17.00.16:631][  0]LogTemp: Display: Module 'AndroidTargetPlatform' loaded TargetPlatform 'Android_ETC2'
[2019.06.01-17.00.16:631][  0]LogTemp: Display: Module 'AndroidTargetPlatform' loaded TargetPlatform 'Android_PVRTC'
[2019.06.01-17.00.16:631][  0]LogTemp: Display: Module 'AndroidTargetPlatform' loaded TargetPlatform 'AndroidClient'
[2019.06.01-17.00.16:631][  0]LogTemp: Display: Module 'AndroidTargetPlatform' loaded TargetPlatform 'Android_ASTCClient'
[2019.06.01-17.00.16:631][  0]LogTemp: Display: Module 'AndroidTargetPlatform' loaded TargetPlatform 'Android_ATCClient'
[2019.06.01-17.00.16:631][  0]LogTemp: Display: Module 'AndroidTargetPlatform' loaded TargetPlatform 'Android_DXTClient'
[2019.06.01-17.00.16:631][  0]LogTemp: Display: Module 'AndroidTargetPlatform' loaded TargetPlatform 'Android_ETC1Client'
[2019.06.01-17.00.16:631][  0]LogTemp: Display: Module 'AndroidTargetPlatform' loaded TargetPlatform 'Android_ETC1aClient'
[2019.06.01-17.00.16:631][  0]LogTemp: Display: Module 'AndroidTargetPlatform' loaded TargetPlatform 'Android_ETC2Client'
[2019.06.01-17.00.16:631][  0]LogTemp: Display: Module 'AndroidTargetPlatform' loaded TargetPlatform 'Android_PVRTCClient'
[2019.06.01-17.00.16:631][  0]LogTemp: Display: Module 'AndroidTargetPlatform' loaded TargetPlatform 'Android_Multi'
[2019.06.01-17.00.16:631][  0]LogTemp: Display: Module 'AndroidTargetPlatform' loaded TargetPlatform 'Android_MultiClient'
[2019.06.01-17.00.16:664][  0]LogTemp: Display: Module 'HTML5TargetPlatform' loaded TargetPlatform 'HTML5'
[2019.06.01-17.00.16:832][  0]LogTemp: Display: Module 'IOSTargetPlatform' loaded TargetPlatform 'IOSClient'
[2019.06.01-17.00.16:832][  0]LogTemp: Display: Module 'IOSTargetPlatform' loaded TargetPlatform 'IOS'
[2019.06.01-17.00.17:001][  0]LogTemp: Display: Module 'TVOSTargetPlatform' loaded TargetPlatform 'TVOSClient'
[2019.06.01-17.00.17:001][  0]LogTemp: Display: Module 'TVOSTargetPlatform' loaded TargetPlatform 'TVOS'
[2019.06.01-17.00.17:046][  0]LogTemp: Display: Module 'LinuxClientTargetPlatform' loaded TargetPlatform 'LinuxClient'
[2019.06.01-17.00.17:074][  0]LogTemp: Display: Module 'LinuxNoEditorTargetPlatform' loaded TargetPlatform 'LinuxNoEditor'
[2019.06.01-17.00.17:094][  0]LogTemp: Display: Module 'LinuxServerTargetPlatform' loaded TargetPlatform 'LinuxServer'
[2019.06.01-17.00.17:243][  0]LogTemp: Display: Module 'LinuxTargetPlatform' loaded TargetPlatform 'Linux'
[2019.06.01-17.00.17:545][  0]LogTemp: Display: Module 'LuminTargetPlatform' loaded TargetPlatform 'Lumin'
[2019.06.01-17.00.17:546][  0]LogTemp: Display: Module 'LuminTargetPlatform' loaded TargetPlatform 'LuminClient'
[2019.06.01-17.00.17:546][  0]LogTargetPlatformManager: Display: Building Assets For Windows
[2019.06.01-17.00.17:988][  0]LogAudioDebug: Display: Lib vorbis DLL was dynamically loaded.
[2019.06.01-17.00.20:634][  0]LogShaderCompilers: Guid format shader working directory is -28 characters bigger than the processId version (../../../../../../Users/exali/OneDrive/Documents/Unreal Projects/FGS_Steam/Intermediate/Shaders/WorkingDirectory/9444/).
[2019.06.01-17.00.20:635][  0]LogShaderCompilers: Cleaned the shader compiler working directory 'C:/Users/exali/AppData/Local/Temp/UnrealShaderWorkingDir/54881C414177AB139138D4A9814B8B71/'.
[2019.06.01-17.00.20:767][  0]LogXGEController: Cannot use XGE Controller as Incredibuild is not installed on this machine.
[2019.06.01-17.00.20:768][  0]LogShaderCompilers: Cannot use XGE Shader Compiler as Incredibuild is not installed on this machine.
[2019.06.01-17.00.20:768][  0]LogShaderCompilers: Display: Using Local Shader Compiler.
[2019.06.01-17.00.28:123][  0]LogDerivedDataCache: Display: Max Cache Size: 512 MB
[2019.06.01-17.00.29:287][  0]LogDerivedDataCache: Loaded boot cache 1.16s 71MB C:/Users/exali/AppData/Local/UnrealEngine/4.22/DerivedDataCache/Boot.ddc.
[2019.06.01-17.00.29:287][  0]LogDerivedDataCache: Display: Loaded Boot cache: C:/Users/exali/AppData/Local/UnrealEngine/4.22/DerivedDataCache/Boot.ddc
[2019.06.01-17.00.29:287][  0]LogDerivedDataCache: FDerivedDataBackendGraph:  Pak pak cache file ../../../../../../Users/exali/OneDrive/Documents/Unreal Projects/FGS_Steam/DerivedDataCache/DDC.ddp not found, will not use a pak cache.
[2019.06.01-17.00.29:287][  0]LogDerivedDataCache: Unable to find inner node Pak for hierarchical cache Hierarchy.
[2019.06.01-17.00.29:287][  0]LogDerivedDataCache: FDerivedDataBackendGraph:  CompressedPak pak cache file ../../../../../../Users/exali/OneDrive/Documents/Unreal Projects/FGS_Steam/DerivedDataCache/Compressed.ddp not found, will not use a pak cache.
[2019.06.01-17.00.29:287][  0]LogDerivedDataCache: Unable to find inner node CompressedPak for hierarchical cache Hierarchy.
[2019.06.01-17.00.29:342][  0]LogDerivedDataCache: Display: Pak cache opened for reading ../../../Engine/DerivedDataCache/Compressed.ddp.
[2019.06.01-17.00.29:342][  0]LogDerivedDataCache: FDerivedDataBackendGraph:  EnterprisePak pak cache file ../../../Enterprise/DerivedDataCache/Compressed.ddp not found, will not use a pak cache.
[2019.06.01-17.00.29:342][  0]LogDerivedDataCache: Unable to find inner node EnterprisePak for hierarchical cache Hierarchy.
[2019.06.01-17.00.29:355][  0]LogDerivedDataCache: Using Local data cache path C:/Users/exali/AppData/Local/UnrealEngine/Common/DerivedDataCache: Writable
[2019.06.01-17.00.29:355][  0]LogDerivedDataCache: Shared data cache path not found in *engine.ini, will not use an Shared cache.
[2019.06.01-17.00.29:355][  0]LogDerivedDataCache: Unable to find inner node Shared for hierarchical cache Hierarchy.
[2019.06.01-17.00.29:414][  0]LogMaterial: Verifying Global Shaders for PCD3D_SM5
[2019.06.01-17.00.29:501][  0]LogSlate: Using FreeType 2.6.0
[2019.06.01-17.00.29:635][  0]LogSlate: SlateFontServices - WITH_FREETYPE: 1, WITH_HARFBUZZ: 1
[2019.06.01-17.00.30:422][  0]LogAssetRegistry: FAssetRegistry took 0.0364 seconds to start up
[2019.06.01-17.00.35:127][  0]LogInit: Selected Device Profile: [Windows]
[2019.06.01-17.00.36:772][  0]LogMeshReduction: Using QuadricMeshReduction for automatic static mesh reduction
[2019.06.01-17.00.36:773][  0]LogMeshReduction: Using SimplygonMeshReduction for automatic skeletal mesh reduction
[2019.06.01-17.00.36:773][  0]LogMeshReduction: Using ProxyLODMeshReduction for automatic mesh merging
[2019.06.01-17.00.36:773][  0]LogMeshReduction: No distributed automatic mesh merging module available
[2019.06.01-17.00.36:793][  0]LogMeshMerging: No distributed automatic mesh merging module available
[2019.06.01-17.00.36:904][  0]LogNetVersion: FGS_Steam 1.0.0, NetCL: 5660361, EngineNetVer: 10, GameNetVer: 0 (Checksum: 257724674)
[2019.06.01-17.00.39:916][  0]LogPackageLocalizationCache: Processed 10 localized package path(s) for 1 prioritized culture(s) in 0.073223 seconds
[2019.06.01-17.00.39:926][  0]LogUObjectArray: 42205 objects as part of root set at end of initial load.
[2019.06.01-17.00.39:926][  0]LogUObjectAllocator: 7325032 out of 0 bytes used by permanent object pool.
[2019.06.01-17.00.39:926][  0]LogUObjectArray: CloseDisregardForGC: 0/0 objects in disregard for GC pool
[2019.06.01-17.00.56:457][  0]LogTcpMessaging: Initializing TcpMessaging bridge
[2019.06.01-17.00.56:568][  0]LogUdpMessaging: Initializing bridge on interface 0.0.0.0:0 to multicast group 230.0.0.1:6666.
[2019.06.01-17.00.57:043][  0]SourceControl: Source control is disabled
[2019.06.01-17.00.57:043][  0]SourceControl: Source control is disabled
[2019.06.01-17.00.57:076][  0]SourceControl: Source control is disabled
[2019.06.01-17.00.57:090][  0]SourceControl: Source control is disabled
[2019.06.01-17.00.57:135][  0]LogVSAccessor: Display: Unable to create Visual Studio setup instance: 80040154
[2019.06.01-17.00.57:136][  0]LogVSAccessor: Display: Unable to create Visual Studio setup instance: 80040154
[2019.06.01-17.00.58:077][  0]LogOnline: Display: STEAM: Loading Steam SDK 1.39
[2019.06.01-17.00.58:137][  0]LogAndroidPermission: UAndroidPermissionCallbackProxy::GetInstance
[2019.06.01-17.00.58:958][  0]LogOcInput: OculusInput pre-init called
[2019.06.01-17.01.00:534][  0]LogEngine: Initializing Engine...
[2019.06.01-17.01.00:536][  0]LogHMD: Failed to initialize OpenVR with code 110
[2019.06.01-17.01.00:537][  0]LogStats: UGameplayTagsManager::InitializeManager -  0.000 s
[2019.06.01-17.01.00:900][  0]LogInit: Initializing FReadOnlyCVARCache
[2019.06.01-17.01.01:429][  0]LogAIModule: Creating AISystem for world Untitled
[2019.06.01-17.01.01:502][  0]LogInit: XAudio2 using 'Haut-parleurs (Mpow HC)' : 2 channels at 48 kHz using 16 bits per sample (channel mask 0x3)
[2019.06.01-17.01.01:712][  0]LogInit: FAudioDevice initialized.
[2019.06.01-17.01.01:712][  0]LogNetVersion: Set ProjectVersion to 1.0.0.0. Version Checksum will be recalculated on next use.
[2019.06.01-17.01.02:522][  0]LogDerivedDataCache: Saved boot cache 0.81s 71MB C:/Users/exali/AppData/Local/UnrealEngine/4.22/DerivedDataCache/Boot.ddc.
[2019.06.01-17.01.02:529][  0]LogInit: Texture streaming: Enabled
[2019.06.01-17.01.04:692][  0]LogEngineSessionManager: EngineSessionManager initialized
[2019.06.01-17.01.05:512][  0]LogInit: Transaction tracking system initialized
[2019.06.01-17.01.06:013][  0]BlueprintLog: New page: Editor Load
[2019.06.01-17.01.06:907][  0]LocalizationService: Localization service is disabled
[2019.06.01-17.01.07:784][  0]LogVSAccessor: Display: Unable to create Visual Studio setup instance: 80040154
[2019.06.01-17.01.07:784][  0]LogVSAccessor: Display: Unable to create Visual Studio setup instance: 80040154
[2019.06.01-17.01.08:723][  0]LogFileCache: Scanning file cache for directory 'C:/Users/exali/OneDrive/Documents/Unreal Projects/FGS_Steam/Content/' took 0.02s
[2019.06.01-17.01.08:723][  0]LogCook: Display: Max memory allowance for cook 16384mb min free memory 0mb
[2019.06.01-17.01.08:723][  0]LogCook: Display: Mobile HDR setting 1
[2019.06.01-17.01.11:390][  0]SourceControl: Source control is disabled
[2019.06.01-17.01.11:390][  0]Cmd: MAP LOAD FILE="../../../../../../Users/exali/OneDrive/Documents/Unreal Projects/FGS_Steam/Content/ThirdPersonBP/Maps/ThirdPersonExampleMap.umap" TEMPLATE=0 SHOWPROGRESS=1 FEATURELEVEL=3
[2019.06.01-17.01.11:390][  0]LightingResults: New page: Lighting Build
[2019.06.01-17.01.11:415][  0]MapCheck: New page: Map Check
[2019.06.01-17.01.11:415][  0]LightingResults: New page: Lighting Build
[2019.06.01-17.01.11:445][  0]LogUObjectHash: Compacting FUObjectHashTables data took   1.81ms
[2019.06.01-17.01.12:545][  0]LogAIModule: Creating AISystem for world ThirdPersonExampleMap
[2019.06.01-17.01.12:557][  0]LogEditorServer: Finished looking for orphan Actors (0.000 secs)
[2019.06.01-17.01.12:592][  0]LogUObjectHash: Compacting FUObjectHashTables data took   2.98ms
[2019.06.01-17.01.12:592][  0]Cmd: MAP CHECKDEP NOCLEARLOG
[2019.06.01-17.01.12:592][  0]MapCheck: Map check complete: 0 Error(s), 0 Warning(s), took 0,19ms to complete.
[2019.06.01-17.01.12:592][  0]LogFileHelpers: Loading map 'ThirdPersonExampleMap' took 1.202
[2019.06.01-17.01.12:739][  0]LogSlate: Updating window title bar state: overlay mode, drag disabled, window buttons hidden, title bar hidden
[2019.06.01-17.01.12:750][  0]LogSlate: Updating window title bar state: overlay mode, drag disabled, window buttons hidden, title bar hidden
[2019.06.01-17.01.12:760][  0]LogSlate: Updating window title bar state: overlay mode, drag disabled, window buttons hidden, title bar hidden
[2019.06.01-17.01.12:768][  0]LogSlate: Updating window title bar state: overlay mode, drag disabled, window buttons hidden, title bar hidden
[2019.06.01-17.01.12:798][  0]LogCollectionManager: Loaded 0 collections in 0.004052 seconds
[2019.06.01-17.01.12:889][  0]LogFileCache: Scanning file cache for directory 'C:/Users/exali/OneDrive/Documents/Unreal Projects/FGS_Steam/Saved/Collections/' took 0.01s
[2019.06.01-17.01.12:889][  0]LogFileCache: Scanning file cache for directory 'C:/Users/exali/OneDrive/Documents/Unreal Projects/FGS_Steam/Content/Developers/exali/Collections/' took 0.01s
[2019.06.01-17.01.12:890][  0]LogFileCache: Scanning file cache for directory 'C:/Users/exali/OneDrive/Documents/Unreal Projects/FGS_Steam/Content/Collections/' took 0.01s
[2019.06.01-17.01.12:890][  0]LogCollectionManager: Rebuilt the GUID cache for 0 collections in 0.000000 seconds
[2019.06.01-17.01.12:900][  0]LogContentBrowser: Native class hierarchy populated in 0.0100 seconds. Added 2735 classes and 663 folders.
[2019.06.01-17.01.12:999][  0]LogContentBrowser: Native class hierarchy updated for 'WidgetCarousel' in 0.0004 seconds. Added 0 classes and 0 folders.
[2019.06.01-17.01.13:014][  0]LogPakFile: Registered encryption key '00000000000000000000000000000000': 0 pak files mounted, 0 remain pending
[2019.06.01-17.01.13:039][  0]LogPakFile: Registered encryption key '00000000000000000000000000000000': 0 pak files mounted, 0 remain pending
[2019.06.01-17.01.13:041][  0]LogPakFile: Registered encryption key '00000000000000000000000000000000': 0 pak files mounted, 0 remain pending
[2019.06.01-17.01.13:044][  0]LogPakFile: Registered encryption key '00000000000000000000000000000000': 0 pak files mounted, 0 remain pending
[2019.06.01-17.01.13:048][  0]LogPakFile: Registered encryption key '00000000000000000000000000000000': 0 pak files mounted, 0 remain pending
[2019.06.01-17.01.13:050][  0]LogPakFile: Registered encryption key '00000000000000000000000000000000': 0 pak files mounted, 0 remain pending
[2019.06.01-17.01.13:052][  0]LogPakFile: Registered encryption key '00000000000000000000000000000000': 0 pak files mounted, 0 remain pending
[2019.06.01-17.01.13:113][  0]LogPakFile: Registered encryption key '00000000000000000000000000000000': 0 pak files mounted, 0 remain pending
[2019.06.01-17.01.13:120][  0]LogPakFile: Registered encryption key '00000000000000000000000000000000': 0 pak files mounted, 0 remain pending
[2019.06.01-17.01.13:147][  0]LogPakFile: Registered encryption key '00000000000000000000000000000000': 0 pak files mounted, 0 remain pending
[2019.06.01-17.01.13:154][  0]LogPakFile: Registered encryption key '00000000000000000000000000000000': 0 pak files mounted, 0 remain pending
[2019.06.01-17.01.13:160][  0]LogPakFile: Registered encryption key '00000000000000000000000000000000': 0 pak files mounted, 0 remain pending
[2019.06.01-17.01.13:164][  0]LogPakFile: Registered encryption key '00000000000000000000000000000000': 0 pak files mounted, 0 remain pending
[2019.06.01-17.01.13:183][  0]LogPakFile: Registered encryption key '00000000000000000000000000000000': 0 pak files mounted, 0 remain pending
[2019.06.01-17.01.13:189][  0]LogPakFile: Registered encryption key '00000000000000000000000000000000': 0 pak files mounted, 0 remain pending
[2019.06.01-17.01.13:200][  0]LogPakFile: Registered encryption key '00000000000000000000000000000000': 0 pak files mounted, 0 remain pending
[2019.06.01-17.01.13:223][  0]LogPakFile: Registered encryption key '00000000000000000000000000000000': 0 pak files mounted, 0 remain pending
[2019.06.01-17.01.13:229][  0]LogPakFile: Registered encryption key '00000000000000000000000000000000': 0 pak files mounted, 0 remain pending
[2019.06.01-17.01.13:234][  0]LogPakFile: Registered encryption key '00000000000000000000000000000000': 0 pak files mounted, 0 remain pending
[2019.06.01-17.01.13:255][  0]LogPakFile: Registered encryption key '00000000000000000000000000000000': 0 pak files mounted, 0 remain pending
[2019.06.01-17.01.13:257][  0]LogPakFile: Registered encryption key '00000000000000000000000000000000': 0 pak files mounted, 0 remain pending
[2019.06.01-17.01.13:260][  0]LogPakFile: Registered encryption key '00000000000000000000000000000000': 0 pak files mounted, 0 remain pending
[2019.06.01-17.01.13:264][  0]LogPakFile: Registered encryption key '00000000000000000000000000000000': 0 pak files mounted, 0 remain pending
[2019.06.01-17.01.13:278][  0]LogPakFile: Registered encryption key '00000000000000000000000000000000': 0 pak files mounted, 0 remain pending
[2019.06.01-17.01.13:281][  0]LogPakFile: Registered encryption key '00000000000000000000000000000000': 0 pak files mounted, 0 remain pending
[2019.06.01-17.01.13:284][  0]LogPakFile: Registered encryption key '00000000000000000000000000000000': 0 pak files mounted, 0 remain pending
[2019.06.01-17.01.15:162][  0]LogContentBrowser: Native class hierarchy updated for 'AddContentDialog' in 0.0006 seconds. Added 0 classes and 0 folders.
[2019.06.01-17.01.15:260][  0]LogContentBrowser: Native class hierarchy updated for 'SceneOutliner' in 0.0004 seconds. Added 1 classes and 2 folders.
[2019.06.01-17.01.15:457][  0]LogSlate: Took 0.031555 seconds to synchronously load lazily loaded font '../../../Engine/Content/Slate/Fonts/Roboto-Regular.ttf' (155K)
[2019.06.01-17.01.15:484][  0]LogSlate: Took 0.023635 seconds to synchronously load lazily loaded font '../../../Engine/Content/Slate/Fonts/Roboto-Bold.ttf' (160K)
[2019.06.01-17.01.15:522][  0]LogSlate: Took 0.031765 seconds to synchronously load lazily loaded font '../../../Engine/Content/Editor/Slate/Fonts/FontAwesome.ttf' (139K)
[2019.06.01-17.01.15:659][  0]LogRenderer: Reallocating scene render targets to support 964x436 Format 10 NumSamples 1 (Frame:1).
[2019.06.01-17.01.16:379][  0]LogContentBrowser: Native class hierarchy updated for 'HierarchicalLODOutliner' in 0.0008 seconds. Added 0 classes and 0 folders.
[2019.06.01-17.01.16:379][  0]LogLoad: (Engine Initialization) Total time: 128.30 seconds
[2019.06.01-17.01.16:379][  0]LogLoad: (Engine Initialization) Total Blueprint compile time: 0.00 seconds
[2019.06.01-17.01.17:154][  0]LogContentStreaming: Texture pool size now 1000 MB
[2019.06.01-17.01.17:266][  0]LogSlate: Took 0.024349 seconds to synchronously load lazily loaded font '../../../Engine/Content/Slate/Fonts/Roboto-Light.ttf' (167K)
[2019.06.01-17.01.17:697][  2]LogAssetRegistry: Asset discovery search completed in 47.2969 seconds
[2019.06.01-17.01.17:708][  2]LogCollectionManager: Rebuilt the object cache for 0 collections in 0.000000 seconds (found 0 objects)
[2019.06.01-17.01.17:708][  2]LogCollectionManager: Fixed up redirectors for 0 collections in 0.000082 seconds (updated 0 objects)
[2019.06.01-17.01.48:217][ 83]LogSlate: FSceneViewport::OnFocusLost() reason 0
[2019.06.01-17.01.48:336][ 89]LogSlate: Window 'Plugins' being destroyed
[2019.06.01-17.01.48:342][ 89]LogSlate: Window 'Plugins' being destroyed
[2019.06.01-17.01.48:342][ 89]LogDirectoryWatcher: A directory notification for '../../../Engine/Plugins/' was aborted.
[2019.06.01-17.01.57:112][443]LogSlate: FSceneViewport::OnFocusLost() reason 2
[2019.06.01-17.02.02:893][738]LogBlueprintUserMessages: Early PlayInEditor Detection: Level '/Game/ThirdPersonBP/Maps/ThirdPersonExampleMap.ThirdPersonExampleMap:PersistentLevel' has LevelScriptBlueprint '/Game/ThirdPersonBP/Maps/ThirdPersonExampleMap.ThirdPersonExampleMap:PersistentLevel.ThirdPersonExampleMap' with GeneratedClass '/Game/ThirdPersonBP/Maps/ThirdPersonExampleMap.ThirdPersonExampleMap_C' with ClassGeneratedBy '/Game/ThirdPersonBP/Maps/ThirdPersonExampleMap.ThirdPersonExampleMap:PersistentLevel.ThirdPersonExampleMap'
[2019.06.01-17.02.02:942][738]LogPlayLevel: PlayLevel: No blueprints needed recompiling
[2019.06.01-17.02.03:745][738]PIE: New page: PIE session: ThirdPersonExampleMap (1 juin 2019 21:02:02)
[2019.06.01-17.02.04:043][738]LogPlayLevel: Creating play world package: /Game/ThirdPersonBP/Maps/UEDPIE_0_ThirdPersonExampleMap
[2019.06.01-17.02.04:383][738]LogPlayLevel: PIE: StaticDuplicateObject took: (0.338837s)
[2019.06.01-17.02.04:384][738]LogAIModule: Creating AISystem for world ThirdPersonExampleMap
[2019.06.01-17.02.04:477][738]LogPlayLevel: PIE: World Init took: (0.093664s)
[2019.06.01-17.02.04:477][738]LogPlayLevel: PIE: Created PIE world by copying editor world from /Game/ThirdPersonBP/Maps/ThirdPersonExampleMap.ThirdPersonExampleMap to /Game/ThirdPersonBP/Maps/UEDPIE_0_ThirdPersonExampleMap.ThirdPersonExampleMap (0.433104s)
[2019.06.01-17.02.04:696][738]LogUObjectHash: Compacting FUObjectHashTables data took   1.42ms
[2019.06.01-17.02.04:992][738]LogInit: XAudio2 using 'Haut-parleurs (Mpow HC)' : 2 channels at 48 kHz using 16 bits per sample (channel mask 0x3)
[2019.06.01-17.02.05:011][738]LogInit: FAudioDevice initialized.
[2019.06.01-17.02.05:116][738]LogSlate: FSceneViewport::OnFocusLost() reason 2
[2019.06.01-17.02.05:173][738]LogSlate: Updating window title bar state: overlay mode, drag disabled, window buttons hidden, title bar hidden
[2019.06.01-17.02.05:557][738]LogLoad: Game class is 'ThirdPersonGameMode_C'
[2019.06.01-17.02.06:353][738]LogWorld: Bringing World /Game/ThirdPersonBP/Maps/UEDPIE_0_ThirdPersonExampleMap.ThirdPersonExampleMap up for play (max tick rate 60) at 2019.06.01-19.02.06
[2019.06.01-17.02.06:667][738]LogWorld: Bringing up level for play took: 0.338642
[2019.06.01-17.02.08:142][738]LogContentBrowser: Native class hierarchy updated for 'MovieSceneCapture' in 0.0014 seconds. Added 20 classes and 0 folders.
[2019.06.01-17.02.08:663][738]PIE: Play in editor start time for /Game/ThirdPersonBP/Maps/UEDPIE_0_ThirdPersonExampleMap 5,723
[2019.06.01-17.02.08:695][738]LogBlueprintUserMessages: Late PlayInEditor Detection: Level '/Game/ThirdPersonBP/Maps/ThirdPersonExampleMap.ThirdPersonExampleMap:PersistentLevel' has LevelScriptBlueprint '/Game/ThirdPersonBP/Maps/ThirdPersonExampleMap.ThirdPersonExampleMap:PersistentLevel.ThirdPersonExampleMap' with GeneratedClass '/Game/ThirdPersonBP/Maps/ThirdPersonExampleMap.ThirdPersonExampleMap_C' with ClassGeneratedBy '/Game/ThirdPersonBP/Maps/ThirdPersonExampleMap.ThirdPersonExampleMap:PersistentLevel.ThirdPersonExampleMap'
[2019.06.01-17.02.09:681][739]LogRenderer: Reallocating scene render targets to support 1016x544 Format 10 NumSamples 1 (Frame:1).
[2019.06.01-17.02.20:393][151]LogBlueprintUserMessages: Early EndPlayMap Detection: Level '/Game/ThirdPersonBP/Maps/ThirdPersonExampleMap.ThirdPersonExampleMap:PersistentLevel' has LevelScriptBlueprint '/Game/ThirdPersonBP/Maps/ThirdPersonExampleMap.ThirdPersonExampleMap:PersistentLevel.ThirdPersonExampleMap' with GeneratedClass '/Game/ThirdPersonBP/Maps/ThirdPersonExampleMap.ThirdPersonExampleMap_C' with ClassGeneratedBy '/Game/ThirdPersonBP/Maps/ThirdPersonExampleMap.ThirdPersonExampleMap:PersistentLevel.ThirdPersonExampleMap'
[2019.06.01-17.02.20:832][151]LogSlate: Updating window title bar state: overlay mode, drag disabled, window buttons hidden, title bar hidden
[2019.06.01-17.02.20:922][151]LogSlate: Window 'FGS_Steam Game Preview Standalone (64-bit/PCD3D_SM5)' being destroyed
[2019.06.01-17.02.21:250][151]LogPlayLevel: Display: Shutting down PIE online subsystems
[2019.06.01-17.02.21:250][151]LogBlueprintUserMessages: Late EndPlayMap Detection: Level '/Game/ThirdPersonBP/Maps/ThirdPersonExampleMap.ThirdPersonExampleMap:PersistentLevel' has LevelScriptBlueprint '/Game/ThirdPersonBP/Maps/ThirdPersonExampleMap.ThirdPersonExampleMap:PersistentLevel.ThirdPersonExampleMap' with GeneratedClass '/Game/ThirdPersonBP/Maps/ThirdPersonExampleMap.ThirdPersonExampleMap_C' with ClassGeneratedBy '/Game/ThirdPersonBP/Maps/ThirdPersonExampleMap.ThirdPersonExampleMap:PersistentLevel.ThirdPersonExampleMap'
[2019.06.01-17.02.21:983][151]LogUObjectHash: Compacting FUObjectHashTables data took   2.06ms
[2019.06.01-17.02.22:024][152]LogPlayLevel: Display: Destroying online subsystem :Context_1
[2019.06.01-17.02.28:413][268]LogSlate: FSceneViewport::OnFocusLost() reason 2
[2019.06.01-17.02.30:876][393]LogUObjectHash: Compacting FUObjectHashTables data took   0.66ms
[2019.06.01-17.02.34:801][456]LogSlate: FSceneViewport::OnFocusLost() reason 0
[2019.06.01-17.04.38:921][686]LogSlate: FSceneViewport::OnFocusLost() reason 2
[2019.06.01-17.04.39:753][725]LogSlate: FSceneViewport::OnFocusLost() reason 2
[2019.06.01-17.04.41:591][829]LogSlate: FSceneViewport::OnFocusLost() reason 2
[2019.06.01-17.05.09:546][893]LogSlate: Window 'Plugins' being destroyed
[2019.06.01-17.05.09:556][893]LogSlate: Window 'Plugins' being destroyed
[2019.06.01-17.05.09:556][893]LogDirectoryWatcher: A directory notification for '../../../Engine/Plugins/' was aborted.
[2019.06.01-17.05.15:002][153]LogSlate: FSceneViewport::OnFocusLost() reason 2
[2019.06.01-17.10.05:003][530]LogSlate: Window 'Switch Project' being destroyed
[2019.06.01-17.10.05:017][531]Cmd: CLOSE_SLATE_MAINFRAME
[2019.06.01-17.10.05:060][531]LogUObjectHash: Compacting FUObjectHashTables data took   2.45ms
[2019.06.01-17.10.05:570][531]LogSlate: Window 'FGS_Steam - Unreal Editor' being destroyed
[2019.06.01-17.10.06:730][532]Cmd: QUIT_EDITOR
[2019.06.01-17.10.09:886][532]LogWindowsTextInputMethodSystem: Display: IME system now deactivated.
[2019.06.01-17.10.10:078][532]LogExit: Preparing to exit.
[2019.06.01-17.10.12:648][532]LogExit: Editor shut down
[2019.06.01-17.10.12:648][532]LogExit: Transaction tracking system shut down
[2019.06.01-17.10.16:460][532]LogExit: Object subsystem successfully closed.
[2019.06.01-17.10.16:983][532]LogShaderCompilers: Display: Shaders left to compile 0
[2019.06.01-17.10.17:022][532]LogD3D11RHI: Shutdown
[2019.06.01-17.10.17:022][532]LogD3D11RHI: CleanupD3DDevice
[2019.06.01-17.10.17:041][532]LogRendererCore: FGlobalReadBuffer::ReleaseRHI
[2019.06.01-17.10.17:041][532]LogRendererCore: FGlobalDynamicReadBuffer::Cleanup()
[2019.06.01-17.10.17:048][532]LogRendererCore: FGlobalReadBuffer::ReleaseRHI
[2019.06.01-17.10.17:048][532]LogRendererCore: FGlobalDynamicReadBuffer::Cleanup()
[2019.06.01-17.10.17:048][532]LogRendererCore: FGlobalReadBuffer::ReleaseRHI
[2019.06.01-17.10.17:048][532]LogRendererCore: FGlobalDynamicReadBuffer::Cleanup()
[2019.06.01-17.10.19:348][532]LogD3D11RHI: ~FD3D11DynamicRHI
[2019.06.01-17.10.35:616][532]LogModuleManager: Shutting down and abandoning module MovieSceneCapture (648)
[2019.06.01-17.10.35:616][532]LogModuleManager: Shutting down and abandoning module Voice (646)
[2019.06.01-17.10.35:619][532]LogModuleManager: Shutting down and abandoning module HierarchicalLODOutliner (644)
[2019.06.01-17.10.35:619][532]LogModuleManager: Shutting down and abandoning module SceneOutliner (642)
[2019.06.01-17.10.35:619][532]LogModuleManager: Shutting down and abandoning module AddContentDialog (640)
[2019.06.01-17.10.35:656][532]LogModuleManager: Shutting down and abandoning module WidgetCarousel (639)
[2019.06.01-17.10.35:656][532]LogModuleManager: Shutting down and abandoning module EditorWidgets (636)
[2019.06.01-17.10.35:656][532]LogModuleManager: Shutting down and abandoning module CollectionManager (634)
[2019.06.01-17.10.35:679][532]LogModuleManager: Shutting down and abandoning module StatsViewer (632)
[2019.06.01-17.10.35:754][532]LogModuleManager: Shutting down and abandoning module FoliageEdit (630)
[2019.06.01-17.10.35:774][532]LogModuleManager: Shutting down and abandoning module LandscapeEditor (628)
[2019.06.01-17.10.35:871][532]LogModuleManager: Shutting down and abandoning module MeshPaintMode (626)
[2019.06.01-17.10.35:882][532]LogModuleManager: Shutting down and abandoning module SceneDepthPickerMode (624)
[2019.06.01-17.10.35:882][532]LogModuleManager: Shutting down and abandoning module ActorPickerMode (622)
[2019.06.01-17.10.35:882][532]LogModuleManager: Shutting down and abandoning module GeometryMode (620)
[2019.06.01-17.10.35:882][532]LogModuleManager: Shutting down and abandoning module TextureAlignMode (618)
[2019.06.01-17.10.35:882][532]LogModuleManager: Shutting down and abandoning module BspMode (616)
[2019.06.01-17.10.35:882][532]LogModuleManager: Shutting down and abandoning module PIEPreviewDeviceProfileSelector (614)
[2019.06.01-17.10.35:890][532]LogModuleManager: Shutting down and abandoning module SequenceRecorderSections (612)
[2019.06.01-17.10.35:904][532]LogModuleManager: Shutting down and abandoning module AutomationWorker (610)
[2019.06.01-17.10.35:964][532]LogModuleManager: Shutting down and abandoning module OculusMR (608)
[2019.06.01-17.10.35:964][532]LogModuleManager: Shutting down and abandoning module AudioCaptureEditor (606)
[2019.06.01-17.10.36:044][532]LogModuleManager: Shutting down and abandoning module MatineeToLevelSequence (604)
[2019.06.01-17.10.36:077][532]LogModuleManager: Shutting down and abandoning module LevelSequenceEditor (602)
[2019.06.01-17.10.36:134][532]LogModuleManager: Shutting down and abandoning module PlacementMode (601)
[2019.06.01-17.10.36:134][532]LogModuleManager: Shutting down and abandoning module MaterialEditor (600)
[2019.06.01-17.10.36:165][532]LogModuleManager: Shutting down and abandoning module ActorSequenceEditor (596)
[2019.06.01-17.10.36:179][532]LogModuleManager: Shutting down and abandoning module WmfMediaFactory (594)
[2019.06.01-17.10.36:179][532]LogModuleManager: Shutting down and abandoning module WmfMediaEditor (592)
[2019.06.01-17.10.36:179][532]LogModuleManager: Shutting down and abandoning module WebMMediaFactory (590)
[2019.06.01-17.10.36:179][532]LogModuleManager: Shutting down and abandoning module WebMMediaEditor (588)
[2019.06.01-17.10.36:179][532]LogModuleManager: Shutting down and abandoning module WebMMedia (586)
[2019.06.01-17.10.36:182][532]LogModuleManager: Shutting down and abandoning module MediaPlayerEditor (584)
[2019.06.01-17.10.36:196][532]LogModuleManager: Shutting down and abandoning module MediaCompositingEditor (582)
[2019.06.01-17.10.36:218][532]LogModuleManager: Shutting down and abandoning module SequenceRecorder (581)
[2019.06.01-17.10.36:218][532]LogModuleManager: Shutting down and abandoning module OpenExrWrapper (578)
[2019.06.01-17.10.36:218][532]LogModuleManager: Shutting down and abandoning module ImgMediaFactory (576)
[2019.06.01-17.10.36:218][532]LogModuleManager: Shutting down and abandoning module ImgMediaEditor (574)
[2019.06.01-17.10.36:218][532]LogModuleManager: Shutting down and abandoning module AvfMediaFactory (572)
[2019.06.01-17.10.36:218][532]LogModuleManager: Shutting down and abandoning module AvfMediaEditor (570)
[2019.06.01-17.10.36:218][532]LogModuleManager: Shutting down and abandoning module AndroidMediaFactory (568)
[2019.06.01-17.10.36:218][532]LogModuleManager: Shutting down and abandoning module AndroidMediaEditor (566)
[2019.06.01-17.10.36:218][532]LogModuleManager: Shutting down and abandoning module MagicLeapCameraPreviewFactory (564)
[2019.06.01-17.10.36:218][532]LogModuleManager: Shutting down and abandoning module MagicLeapMediaCodecFactory (562)
[2019.06.01-17.10.36:218][532]LogModuleManager: Shutting down and abandoning module MagicLeapMediaFactory (560)
[2019.06.01-17.10.36:219][532]LogModuleManager: Shutting down and abandoning module MagicLeapMediaEditor (558)
[2019.06.01-17.10.36:219][532]LogModuleManager: Shutting down and abandoning module CharacterAI (556)
[2019.06.01-17.10.36:219][532]LogModuleManager: Shutting down and abandoning module SmartSnapping (554)
[2019.06.01-17.10.36:219][532]LogModuleManager: Shutting down and abandoning module SessionServices (552)
[2019.06.01-17.10.36:219][532]LogModuleManager: Shutting down and abandoning module MeshPaint (550)
[2019.06.01-17.10.36:252][532]LogModuleManager: Shutting down and abandoning module ViewportSnapping (548)
[2019.06.01-17.10.36:252][532]LogModuleManager: Shutting down and abandoning module ViewportInteraction (546)
[2019.06.01-17.10.36:252][532]LogModuleManager: Shutting down and abandoning module ClothPainter (544)
[2019.06.01-17.10.36:339][532]LogModuleManager: Shutting down and abandoning module SkeletalMeshEditor (543)
[2019.06.01-17.10.36:384][532]LogModuleManager: Shutting down and abandoning module LogVisualizer (540)
[2019.06.01-17.10.36:424][532]LogModuleManager: Shutting down and abandoning module IntroTutorials (538)
[2019.06.01-17.10.36:490][532]LogModuleManager: Shutting down and abandoning module GameProjectGeneration (537)
[2019.06.01-17.10.36:603][532]LogModuleManager: Shutting down and abandoning module LuminPlatformEditor (534)
[2019.06.01-17.10.36:603][532]LogModuleManager: Shutting down and abandoning module IOSPlatformEditor (532)
[2019.06.01-17.10.36:603][532]LogModuleManager: Shutting down and abandoning module HTML5PlatformEditor (530)
[2019.06.01-17.10.36:603][532]LogModuleManager: Shutting down and abandoning module AndroidPlatformEditor (528)
[2019.06.01-17.10.36:622][532]LogModuleManager: Shutting down and abandoning module AndroidDeviceDetection (527)
[2019.06.01-17.10.37:712][532]LogModuleManager: Shutting down and abandoning module WindowsPlatformEditor (524)
[2019.06.01-17.10.37:712][532]LogModuleManager: Shutting down and abandoning module LuminRuntimeSettings (522)
[2019.06.01-17.10.37:712][532]LogModuleManager: Shutting down and abandoning module IOSRuntimeSettings (520)
[2019.06.01-17.10.37:712][532]LogModuleManager: Shutting down and abandoning module AndroidRuntimeSettings (518)
[2019.06.01-17.10.37:712][532]LogModuleManager: Shutting down and abandoning module TimeManagementEditor (516)
[2019.06.01-17.10.37:712][532]LogModuleManager: Shutting down and abandoning module InputBindingEditor (514)
[2019.06.01-17.10.37:729][532]LogModuleManager: Shutting down and abandoning module MergeActors (512)
[2019.06.01-17.10.37:741][532]LogModuleManager: Shutting down and abandoning module LocalizationDashboard (510)
[2019.06.01-17.10.37:754][532]LogModuleManager: Shutting down and abandoning module LocalizationService (509)
[2019.06.01-17.10.37:759][532]LogModuleManager: Shutting down and abandoning module HardwareTargeting (506)
[2019.06.01-17.10.37:759][532]LogModuleManager: Shutting down and abandoning module DeviceProfileEditor (504)
[2019.06.01-17.10.37:849][532]LogModuleManager: Shutting down and abandoning module UndoHistory (502)
[2019.06.01-17.10.37:962][532]LogModuleManager: Shutting down and abandoning module XmlParser (500)
[2019.06.01-17.10.37:974][532]LogModuleManager: Shutting down and abandoning module Blutility (498)
[2019.06.01-17.10.38:040][532]LogModuleManager: Shutting down and abandoning module ProjectSettingsViewer (496)
[2019.06.01-17.10.38:040][532]LogModuleManager: Shutting down and abandoning module ProjectTargetPlatformEditor (495)
[2019.06.01-17.10.38:040][532]LogModuleManager: Shutting down and abandoning module EditorSettingsViewer (492)
[2019.06.01-17.10.38:040][532]LogModuleManager: Shutting down and abandoning module SettingsEditor (490)
[2019.06.01-17.10.38:047][532]LogModuleManager: Shutting down and abandoning module ProjectLauncher (488)
[2019.06.01-17.10.38:068][532]LogModuleManager: Shutting down and abandoning module SessionFrontend (486)
[2019.06.01-17.10.38:081][532]LogModuleManager: Shutting down and abandoning module ProfilerClient (484)
[2019.06.01-17.10.38:109][532]LogModuleManager: Shutting down and abandoning module DeviceManager (482)
[2019.06.01-17.10.38:260][532]LogModuleManager: Shutting down and abandoning module TargetDeviceServices (481)
[2019.06.01-17.10.38:304][532]LogModuleManager: Shutting down and abandoning module AutomationController (478)
[2019.06.01-17.10.38:327][532]LogModuleManager: Shutting down and abandoning module AutomationWindow (476)
[2019.06.01-17.10.38:339][532]LogModuleManager: Shutting down and abandoning module Layers (474)
[2019.06.01-17.10.38:397][532]LogModuleManager: Shutting down and abandoning module ComponentVisualizers (472)
[2019.06.01-17.10.38:397][532]LogModuleManager: Shutting down and abandoning module DetailCustomizations (470)
[2019.06.01-17.10.38:441][532]LogModuleManager: Shutting down and abandoning module PackagesDialog (468)
[2019.06.01-17.10.38:454][532]LogModuleManager: Shutting down and abandoning module AnimationBlueprintEditor (466)
[2019.06.01-17.10.38:576][532]LogModuleManager: Shutting down and abandoning module Persona (464)
[2019.06.01-17.10.38:617][532]LogModuleManager: Shutting down and abandoning module AdvancedPreviewScene (463)
[2019.06.01-17.10.38:617][532]LogModuleManager: Shutting down and abandoning module AnimGraph (461)
[2019.06.01-17.10.38:617][532]LogModuleManager: Shutting down and abandoning module Kismet (458)
[2019.06.01-17.10.38:678][532]LogModuleManager: Shutting down and abandoning module GraphEditor (456)
[2019.06.01-17.10.38:863][532]LogModuleManager: Shutting down and abandoning module ClassViewer (454)
[2019.06.01-17.10.38:863][532]LogModuleManager: Shutting down and abandoning module Toolbox (452)
[2019.06.01-17.10.38:863][532]LogModuleManager: Shutting down and abandoning module ModuleUI (450)
[2019.06.01-17.10.38:886][532]LogModuleManager: Shutting down and abandoning module MovieSceneTools (448)
[2019.06.01-17.10.38:889][532]LogModuleManager: Shutting down and abandoning module OutputLog (446)
[2019.06.01-17.10.38:889][532]LogModuleManager: Shutting down and abandoning module GammaUI (444)
[2019.06.01-17.10.38:905][532]LogModuleManager: Shutting down and abandoning module Documentation (442)
[2019.06.01-17.10.38:905][532]LogModuleManager: Shutting down and abandoning module LiveCoding (440)
[2019.06.01-17.10.38:932][532]LogModuleManager: Shutting down and abandoning module LevelSequence (438)
[2019.06.01-17.10.38:932][532]LogModuleManager: Shutting down and abandoning module MovieSceneTracks (436)
[2019.06.01-17.10.38:932][532]LogModuleManager: Shutting down and abandoning module MovieScene (434)
[2019.06.01-17.10.38:961][532]LogModuleManager: Shutting down and abandoning module StreamingPauseRendering (432)
[2019.06.01-17.10.38:973][532]LogModuleManager: Shutting down and abandoning module LauncherPlatform (430)
[2019.06.01-17.10.38:973][532]LogModuleManager: Shutting down and abandoning module AnalyticsET (428)
[2019.06.01-17.10.38:973][532]LogModuleManager: Shutting down and abandoning module PortalServices (426)
[2019.06.01-17.10.38:973][532]LogModuleManager: Shutting down and abandoning module PortalRpc (424)
[2019.06.01-17.10.38:973][532]LogModuleManager: Shutting down and abandoning module MessagingRpc (422)
[2019.06.01-17.10.38:973][532]LogModuleManager: Shutting down and abandoning module AIModule (420)
[2019.06.01-17.10.38:988][532]LogModuleManager: Shutting down and abandoning module GameplayDebugger (419)
[2019.06.01-17.10.38:988][532]LogModuleManager: Shutting down and abandoning module AITestSuite (417)
[2019.06.01-17.10.38:998][532]LogModuleManager: Shutting down and abandoning module NavigationSystem (415)
[2019.06.01-17.10.38:998][532]LogModuleManager: Shutting down and abandoning module DesktopPlatform (412)
[2019.06.01-17.10.38:998][532]LogModuleManager: Shutting down and abandoning module ImageWriteQueue (410)
[2019.06.01-17.10.39:003][532]LogModuleManager: Shutting down and abandoning module ProfilerService (408)
[2019.06.01-17.10.39:083][532]LogModuleManager: Shutting down and abandoning module TaskGraph (406)
[2019.06.01-17.10.39:148][532]LogModuleManager: Shutting down and abandoning module SteamVRController (404)
[2019.06.01-17.10.39:148][532]LogModuleManager: Shutting down and abandoning module ProceduralMeshComponentEditor (402)
[2019.06.01-17.10.39:156][532]LogModuleManager: Shutting down and abandoning module ProceduralMeshComponent (400)
[2019.06.01-17.10.39:165][532]LogModuleManager: Shutting down and abandoning module OculusEditor (398)
[2019.06.01-17.10.39:172][532]LogModuleManager: Shutting down and abandoning module OculusInput (396)
[2019.06.01-17.10.39:172][532]LogModuleManager: Shutting down and abandoning module MobilePatchingUtils (394)
[2019.06.01-17.10.39:172][532]LogModuleManager: Shutting down and abandoning module EditableMesh (392)
[2019.06.01-17.10.39:195][532]LogModuleManager: Shutting down and abandoning module CustomMeshComponent (390)
[2019.06.01-17.10.39:195][532]LogModuleManager: Shutting down and abandoning module CableComponent (388)
[2019.06.01-17.10.39:205][532]LogModuleManager: Shutting down and abandoning module AudioCapture (386)
[2019.06.01-17.10.39:205][532]LogModuleManager: Shutting down and abandoning module ArchVisCharacter (384)
[2019.06.01-17.10.39:205][532]LogModuleManager: Shutting down and abandoning module AndroidPermission (382)
[2019.06.01-17.10.39:205][532]LogModuleManager: Shutting down and abandoning module NUTUnrealEngine4 (378)
[2019.06.01-17.10.39:232][532]LogModuleManager: Shutting down and abandoning module NetcodeUnitTest (376)
[2019.06.01-17.10.39:271][532]LogModuleManager: Shutting down and abandoning module MediaCompositing (374)
[2019.06.01-17.10.39:272][532]LogModuleManager: Shutting down and abandoning module LinearTimecode (372)
[2019.06.01-17.10.39:272][532]LogModuleManager: Shutting down and abandoning module ImgMedia (370)
[2019.06.01-17.10.39:272][532]LogModuleManager: Shutting down and abandoning module MagicLeapHelperVulkan (368)
[2019.06.01-17.10.39:272][532]LogModuleManager: Shutting down and abandoning module MagicLeapHelperOpenGL (366)
[2019.06.01-17.10.39:281][532]LogModuleManager: Shutting down and abandoning module MagicLeapAudio (364)
[2019.06.01-17.10.39:292][532]LogModuleManager: Shutting down and abandoning module HTML5Networking (362)
[2019.06.01-17.10.39:293][532]LogModuleManager: Shutting down and abandoning module GeometryCacheTracks (360)
[2019.06.01-17.10.39:293][532]LogModuleManager: Shutting down and abandoning module GeometryCacheSequencer (358)
[2019.06.01-17.10.39:293][532]LogModuleManager: Shutting down and abandoning module BackChannel (356)
[2019.06.01-17.10.39:367][532]LogModuleManager: Shutting down and abandoning module AppleVision (354)
[2019.06.01-17.10.39:368][532]LogModuleManager: Shutting down and abandoning module AppleImageUtilsBlueprintSupport (352)
[2019.06.01-17.10.39:368][532]LogModuleManager: Shutting down and abandoning module AppleImageUtils (350)
[2019.06.01-17.10.39:368][532]LogModuleManager: Shutting down and abandoning module AlembicImporter (348)
[2019.06.01-17.10.39:368][532]LogModuleManager: Shutting down and abandoning module AlembicLibrary (347)
[2019.06.01-17.10.39:368][532]LogModuleManager: Shutting down and abandoning module GeometryCache (346)
[2019.06.01-17.10.39:368][532]LogModuleManager: Shutting down and abandoning module GeometryCacheEd (345)
[2019.06.01-17.10.39:368][532]LogModuleManager: Shutting down and abandoning module VariantManagerContent (340)
[2019.06.01-17.10.39:368][532]LogModuleManager: Shutting down and abandoning module DatasmithContentEditor (338)
[2019.06.01-17.10.39:442][532]LogModuleManager: Shutting down and abandoning module SpeedTreeImporter (336)
[2019.06.01-17.10.39:443][532]LogModuleManager: Shutting down and abandoning module PluginBrowser (334)
[2019.06.01-17.10.39:443][532]LogModuleManager: Shutting down and abandoning module MobileLauncherProfileWizard (332)
[2019.06.01-17.10.39:466][532]LogModuleManager: Shutting down and abandoning module MaterialAnalyzer (330)
[2019.06.01-17.10.39:472][532]LogModuleManager: Shutting down and abandoning module CryptoKeysOpenSSL (328)
[2019.06.01-17.10.39:472][532]LogModuleManager: Shutting down and abandoning module CryptoKeys (326)
[2019.06.01-17.10.39:472][532]LogModuleManager: Shutting down and abandoning module VisualStudioSourceCodeAccess (324)
[2019.06.01-17.10.39:481][532]LogModuleManager: Shutting down and abandoning module VisualStudioCodeSourceCodeAccess (322)
[2019.06.01-17.10.39:481][532]LogModuleManager: Shutting down and abandoning module UObjectPlugin (320)
[2019.06.01-17.10.39:481][532]LogModuleManager: Shutting down and abandoning module SubversionSourceControl (318)
[2019.06.01-17.10.39:498][532]LogModuleManager: Shutting down and abandoning module PerforceSourceControl (316)
[2019.06.01-17.10.39:519][532]LogModuleManager: Shutting down and abandoning module GitSourceControl (314)
[2019.06.01-17.10.39:538][532]LogModuleManager: Shutting down and abandoning module SourceControl (313)
[2019.06.01-17.10.39:557][532]LogModuleManager: Shutting down and abandoning module CLionSourceCodeAccess (310)
[2019.06.01-17.10.39:558][532]LogModuleManager: Shutting down and abandoning module AnimationSharingEd (308)
[2019.06.01-17.10.39:558][532]LogModuleManager: Shutting down and abandoning module ActorLayerUtilitiesEditor (306)
[2019.06.01-17.10.39:558][532]LogModuleManager: Shutting down and abandoning module ActorLayerUtilities (304)
[2019.06.01-17.10.39:558][532]LogModuleManager: Shutting down and abandoning module LightPropagationVolumeEditor (302)
[2019.06.01-17.10.39:558][532]LogModuleManager: Shutting down and abandoning module PaperTiledImporter (300)
[2019.06.01-17.10.39:558][532]LogModuleManager: Shutting down and abandoning module PaperSpriteSheetImporter (298)
[2019.06.01-17.10.39:558][532]LogModuleManager: Shutting down and abandoning module Paper2DEditor (296)
[2019.06.01-17.10.39:667][532]LogModuleManager: Shutting down and abandoning module SignificanceManager (294)
[2019.06.01-17.10.39:667][532]LogModuleManager: Shutting down and abandoning module RuntimePhysXCooking (292)
[2019.06.01-17.10.39:667][532]LogModuleManager: Shutting down and abandoning module PhysXVehiclesEditor (290)
[2019.06.01-17.10.39:667][532]LogModuleManager: Shutting down and abandoning module PhysXVehicles (288)
[2019.06.01-17.10.39:667][532]LogModuleManager: Shutting down and abandoning module LocationServicesBPLibrary (286)
[2019.06.01-17.10.39:667][532]LogModuleManager: Shutting down and abandoning module ActorSequence (284)
[2019.06.01-17.10.39:667][532]LogModuleManager: Shutting down and abandoning module UdpMessaging (282)
[2019.06.01-17.10.39:768][532]LogModuleManager: Shutting down and abandoning module TcpMessaging (280)
[2019.06.01-17.10.39:891][532]LogModuleManager: Shutting down and abandoning module MagicLeapIdentity (278)
[2019.06.01-17.10.39:891][532]LogModuleManager: Shutting down and abandoning module MagicLeapSecureStorage (276)
[2019.06.01-17.10.39:891][532]LogModuleManager: Shutting down and abandoning module MagicLeapHandTracking (274)
[2019.06.01-17.10.39:906][532]LogModuleManager: Shutting down and abandoning module MagicLeapEyeTracker (272)
[2019.06.01-17.10.39:906][532]LogModuleManager: Shutting down and abandoning module MagicLeapController (270)
[2019.06.01-17.10.39:912][532]LogSlate: Slate User Destroyed.  User Index 0, Is Virtual User: 0
[2019.06.01-17.10.39:912][532]LogModuleManager: Shutting down and abandoning module MagicLeapAR (268)
[2019.06.01-17.10.39:912][532]LogModuleManager: Shutting down and abandoning module AugmentedReality (267)
[2019.06.01-17.10.39:912][532]LogModuleManager: Shutting down and abandoning module GameplayTagsEditor (264)
[2019.06.01-17.10.39:930][532]LogModuleManager: Shutting down and abandoning module FacialAnimationEditor (262)
[2019.06.01-17.10.39:930][532]LogModuleManager: Shutting down and abandoning module FacialAnimation (260)
[2019.06.01-17.10.39:930][532]LogModuleManager: Shutting down and abandoning module DataValidation (258)
[2019.06.01-17.10.39:930][532]LogModuleManager: Shutting down and abandoning module AssetManagerEditor (256)
[2019.06.01-17.10.39:949][532]LogModuleManager: Shutting down and abandoning module LevelEditor (255)
[2019.06.01-17.10.39:963][532]LogModuleManager: Shutting down and abandoning module PixelInspectorModule (254)
[2019.06.01-17.10.39:985][532]LogModuleManager: Shutting down and abandoning module CommonMenuExtensions (252)
[2019.06.01-17.10.39:986][532]LogModuleManager: Shutting down and abandoning module MainFrame (250)
[2019.06.01-17.10.39:986][532]LogModuleManager: Shutting down and abandoning module HotReload (249)
[2019.06.01-17.10.40:041][532]LogModuleManager: Shutting down and abandoning module ContentBrowser (245)
[2019.06.01-17.10.40:042][532]LogModuleManager: Shutting down and abandoning module TreeMap (243)
[2019.06.01-17.10.40:059][532]LogModuleManager: Shutting down and abandoning module AnimationSharing (240)
[2019.06.01-17.10.40:059][532]LogModuleManager: Shutting down and abandoning module LightPropagationVolumeRuntime (238)
[2019.06.01-17.10.40:059][532]LogModuleManager: Shutting down and abandoning module AISupportModule (236)
[2019.06.01-17.10.40:059][532]LogModuleManager: Shutting down and abandoning module Paper2D (234)
[2019.06.01-17.10.40:074][532]LogModuleManager: Shutting down and abandoning module WindowsMoviePlayer (232)
[2019.06.01-17.10.40:085][532]LogModuleManager: Shutting down and abandoning module WebMMoviePlayer (230)
[2019.06.01-17.10.40:097][532]LogModuleManager: Shutting down and abandoning module PacketHandler (228)
[2019.06.01-17.10.40:097][532]LogModuleManager: Shutting down and abandoning module ClothingSystemEditor (226)
[2019.06.01-17.10.40:097][532]LogModuleManager: Shutting down and abandoning module ClothingSystemRuntime (224)
[2019.06.01-17.10.40:168][532]LogModuleManager: Shutting down and abandoning module MediaAssets (222)
[2019.06.01-17.10.40:168][532]LogModuleManager: Shutting down and abandoning module Overlay (220)
[2019.06.01-17.10.40:168][532]LogModuleManager: Shutting down and abandoning module OverlayEditor (219)
[2019.06.01-17.10.40:168][532]LogModuleManager: Shutting down and abandoning module VREditor (216)
[2019.06.01-17.10.40:190][532]LogModuleManager: Shutting down and abandoning module StringTableEditor (214)
[2019.06.01-17.10.40:211][532]LogModuleManager: Shutting down and abandoning module GameplayTasksEditor (212)
[2019.06.01-17.10.40:211][532]LogModuleManager: Shutting down and abandoning module BehaviorTreeEditor (210)
[2019.06.01-17.10.40:294][532]LogModuleManager: Shutting down and abandoning module FunctionalTesting (208)
[2019.06.01-17.10.40:318][532]LogModuleManager: Shutting down and abandoning module CollisionAnalyzer (206)
[2019.06.01-17.10.40:401][532]LogModuleManager: Shutting down and abandoning module WorkspaceMenuStructure (205)
[2019.06.01-17.10.40:407][532]LogModuleManager: Shutting down and abandoning module UMG (202)
[2019.06.01-17.10.40:415][532]LogModuleManager: Shutting down and abandoning module UMGEditor (201)
[2019.06.01-17.10.40:449][532]LogModuleManager: Shutting down and abandoning module Sequencer (200)
[2019.06.01-17.10.40:507][532]LogModuleManager: Shutting down and abandoning module MessageLog (197)
[2019.06.01-17.10.40:507][532]LogModuleManager: Shutting down and abandoning module SlateReflector (192)
[2019.06.01-17.10.40:537][532]LogModuleManager: Shutting down and abandoning module Slate (190)
[2019.06.01-17.10.40:538][532]LogModuleManager: Shutting down and abandoning module EditorStyle (188)
[2019.06.01-17.10.40:567][532]LogModuleManager: Shutting down and abandoning module UnrealEd (186)
[2019.06.01-17.10.40:583][532]LogModuleManager: Shutting down and abandoning module MRMesh (184)
[2019.06.01-17.10.40:583][532]LogModuleManager: Shutting down and abandoning module SourceCodeAccess (182)
[2019.06.01-17.10.40:583][532]LogModuleManager: Shutting down and abandoning module HeadMountedDisplay (180)
[2019.06.01-17.10.40:583][532]LogModuleManager: Shutting down and abandoning module XAudio2 (178)
[2019.06.01-17.10.40:583][532]LogModuleManager: Shutting down and abandoning module Networking (176)
[2019.06.01-17.10.40:583][532]LogModuleManager: Shutting down and abandoning module Core (174)
[2019.06.01-17.10.40:583][532]LogModuleManager: Shutting down and abandoning module KismetCompiler (172)
[2019.06.01-17.10.40:584][532]LogModuleManager: Shutting down and abandoning module MeshUtilities (170)
[2019.06.01-17.10.40:584][532]LogModuleManager: Shutting down and abandoning module MeshMergeUtilities (169)
[2019.06.01-17.10.40:603][532]LogModuleManager: Shutting down and abandoning module MeshReductionInterface (168)
[2019.06.01-17.10.40:603][532]LogModuleManager: Shutting down and abandoning module SkeletalMeshReduction (167)
[2019.06.01-17.10.40:650][532]LogModuleManager: Shutting down and abandoning module ProxyLODMeshReduction (165)
[2019.06.01-17.10.40:837][532]LogModuleManager: Shutting down and abandoning module QuadricMeshReduction (163)
[2019.06.01-17.10.40:850][532]LogModuleManager: Shutting down and abandoning module MaterialBaking (159)
[2019.06.01-17.10.40:873][532]LogModuleManager: Shutting down and abandoning module DerivedDataCache (154)
[2019.06.01-17.10.40:890][532]LogDerivedDataCache: Shutdown
[2019.06.01-17.10.40:890][532]LogModuleManager: Shutting down and abandoning module XGEController (152)
[2019.06.01-17.10.40:917][532]LogModuleManager: Shutting down and abandoning module TargetPlatform (150)
[2019.06.01-17.10.40:943][532]LogModuleManager: Shutting down and abandoning module VulkanShaderFormat (149)
[2019.06.01-17.10.41:010][532]LogModuleManager: Shutting down and abandoning module ShaderFormatVectorVM (147)
[2019.06.01-17.10.41:028][532]LogModuleManager: Shutting down and abandoning module ShaderFormatOpenGL (145)
[2019.06.01-17.10.41:037][532]LogModuleManager: Shutting down and abandoning module ShaderFormatD3D (143)
[2019.06.01-17.10.41:046][532]LogModuleManager: Shutting down and abandoning module MetalShaderFormat (141)
[2019.06.01-17.10.41:077][532]LogModuleManager: Shutting down and abandoning module TextureFormatUncompressed (139)
[2019.06.01-17.10.41:077][532]LogModuleManager: Shutting down and abandoning module TextureFormatPVR (137)
[2019.06.01-17.10.41:077][532]LogModuleManager: Shutting down and abandoning module TextureFormatDXT (135)
[2019.06.01-17.10.41:097][532]LogModuleManager: Shutting down and abandoning module TextureFormatIntelISPCTexComp (133)
[2019.06.01-17.10.41:120][532]LogModuleManager: Shutting down and abandoning module TextureFormatASTC (131)
[2019.06.01-17.10.41:120][532]LogModuleManager: Shutting down and abandoning module ImageWrapper (130)
[2019.06.01-17.10.41:120][532]LogModuleManager: Shutting down and abandoning module TextureFormatAndroid (127)
[2019.06.01-17.10.41:120][532]LogModuleManager: Shutting down and abandoning module AudioFormatOpus (125)
[2019.06.01-17.10.41:166][532]LogModuleManager: Shutting down and abandoning module AudioFormatOgg (123)
[2019.06.01-17.10.41:166][532]LogModuleManager: Shutting down and abandoning module AudioFormatADPCM (121)
[2019.06.01-17.10.41:181][532]LogModuleManager: Shutting down and abandoning module LuminTargetPlatform (119)
[2019.06.01-17.10.41:205][532]LogModuleManager: Shutting down and abandoning module LinuxTargetPlatform (117)
[2019.06.01-17.10.41:205][532]LogModuleManager: Shutting down and abandoning module LinuxServerTargetPlatform (115)
[2019.06.01-17.10.41:277][532]LogModuleManager: Shutting down and abandoning module LinuxNoEditorTargetPlatform (113)
[2019.06.01-17.10.41:286][532]LogModuleManager: Shutting down and abandoning module LinuxClientTargetPlatform (111)
[2019.06.01-17.10.41:295][532]LogModuleManager: Shutting down and abandoning module TVOSTargetPlatform (109)
[2019.06.01-17.10.41:300][532]LogModuleManager: Shutting down and abandoning module Messaging (107)
[2019.06.01-17.10.41:300][532]LogModuleManager: Shutting down and abandoning module IOSTargetPlatform (105)
[2019.06.01-17.10.41:302][532]LogModuleManager: Shutting down and abandoning module HTML5TargetPlatform (103)
[2019.06.01-17.10.41:302][532]LogModuleManager: Shutting down and abandoning module AndroidTargetPlatform (101)
[2019.06.01-17.10.41:308][532]LogModuleManager: Shutting down and abandoning module WindowsTargetPlatform (99)
[2019.06.01-17.10.41:308][532]LogModuleManager: Shutting down and abandoning module WindowsServerTargetPlatform (97)
[2019.06.01-17.10.41:308][532]LogModuleManager: Shutting down and abandoning module WindowsNoEditorTargetPlatform (95)
[2019.06.01-17.10.41:308][532]LogModuleManager: Shutting down and abandoning module WindowsClientTargetPlatform (93)
[2019.06.01-17.10.41:308][532]LogModuleManager: Shutting down and abandoning module MacTargetPlatform (91)
[2019.06.01-17.10.41:308][532]LogModuleManager: Shutting down and abandoning module MacServerTargetPlatform (89)
[2019.06.01-17.10.41:308][532]LogModuleManager: Shutting down and abandoning module MacNoEditorTargetPlatform (87)
[2019.06.01-17.10.41:308][532]LogModuleManager: Shutting down and abandoning module MacClientTargetPlatform (85)
[2019.06.01-17.10.41:308][532]LogModuleManager: Shutting down and abandoning module AllDesktopTargetPlatform (83)
[2019.06.01-17.10.41:308][532]LogModuleManager: Shutting down and abandoning module InputCore (80)
[2019.06.01-17.10.41:308][532]LogModuleManager: Shutting down and abandoning module Settings (78)
[2019.06.01-17.10.41:308][532]LogModuleManager: Shutting down and abandoning module DirectoryWatcher (76)
[2019.06.01-17.10.41:309][532]LogModuleManager: Shutting down and abandoning module PhysXCooking (74)
[2019.06.01-17.10.41:309][532]LogModuleManager: Shutting down and abandoning module SteamVR (72)
[2019.06.01-17.10.41:323][532]LogHMD: Freeing OpenVRDLLHandle.
[2019.06.01-17.10.41:323][532]LogModuleManager: Shutting down and abandoning module OculusHMD (70)
[2019.06.01-17.10.41:349][532]LogModuleManager: Shutting down and abandoning module ExampleDeviceProfileSelector (68)
[2019.06.01-17.10.41:349][532]LogModuleManager: Shutting down and abandoning module LauncherChunkInstaller (66)
[2019.06.01-17.10.41:349][532]LogModuleManager: Shutting down and abandoning module OnlineBlueprintSupport (64)
[2019.06.01-17.10.41:349][532]LogModuleManager: Shutting down and abandoning module OnlineSubsystem (60)
[2019.06.01-17.10.41:403][532]LogModuleManager: Shutting down and abandoning module XMPP (55)
[2019.06.01-17.10.41:422][532]LogModuleManager: Shutting down and abandoning module WebSockets (54)
[2019.06.01-17.10.41:571][532]LogModuleManager: Shutting down and abandoning module HTTP (51)
[2019.06.01-17.10.41:571][532]LogHttp: Display: Http module shutting down, but needs to wait on 1 outstanding Http requests:
[2019.06.01-17.10.41:571][532]LogHttp: Display: 	verb=[POST] url=[https://datarouter.ol.epicgames.com/datarouter/api/v1/public/data?SessionID=%7B427AF53A-4CB8-C3D3-2083-DD9520F6B015%7D&AppID=UEEditor.Rocket.Release&AppVersion=4.22.2-6574378%2B%2B%2BUE4%2BRelease-4.22&UserID=a1c2faec4afedb3c48d488977b1cce06%7C9a7b3686907d4873854a1469a0406dca%7C810ca25c-9be4-4dbd-954d-6acef00e781e&AppEnvironment=datacollector-binary&UploadType=eteventstream] status=Processing
[2019.06.01-17.10.41:576][532]LogModuleManager: Shutting down and abandoning module SSL (50)
[2019.06.01-17.10.41:639][532]LogModuleManager: Shutting down and abandoning module WmfMedia (46)
[2019.06.01-17.10.41:669][532]LogModuleManager: Shutting down and abandoning module Media (45)
[2019.06.01-17.10.41:674][532]LogModuleManager: Shutting down and abandoning module MagicLeap (42)
[2019.06.01-17.10.41:718][532]LogModuleManager: Shutting down and abandoning module DatasmithContent (40)
[2019.06.01-17.10.41:718][532]LogModuleManager: Shutting down and abandoning module AnimationModifiers (38)
[2019.06.01-17.10.41:822][532]LogModuleManager: Shutting down and abandoning module PropertyEditor (37)
[2019.06.01-17.10.42:196][532]LogModuleManager: Shutting down and abandoning module AudioEditor (34)
[2019.06.01-17.10.42:307][532]LogModuleManager: Shutting down and abandoning module TextureCompressor (32)
[2019.06.01-17.10.42:340][532]LogModuleManager: Shutting down and abandoning module RenderCore (30)
[2019.06.01-17.10.42:340][532]LogModuleManager: Shutting down and abandoning module Landscape (28)
[2019.06.01-17.10.42:340][532]LogModuleManager: Shutting down and abandoning module SlateRHIRenderer (26)
[2019.06.01-17.10.42:471][532]LogModuleManager: Shutting down and abandoning module OpenGLDrv (24)
[2019.06.01-17.10.42:517][532]LogModuleManager: Shutting down and abandoning module D3D11RHI (22)
[2019.06.01-17.10.42:517][532]LogModuleManager: Shutting down and abandoning module AnimGraphRuntime (20)
[2019.06.01-17.10.42:517][532]LogModuleManager: Shutting down and abandoning module Renderer (18)
[2019.06.01-17.10.42:549][532]LogModuleManager: Shutting down and abandoning module Engine (16)
[2019.06.01-17.10.42:549][532]LogModuleManager: Shutting down and abandoning module CoreUObject (14)
[2019.06.01-17.10.42:549][532]LogModuleManager: Shutting down and abandoning module NetworkFile (12)
[2019.06.01-17.10.42:611][532]LogModuleManager: Shutting down and abandoning module CookedIterativeFile (10)
[2019.06.01-17.10.42:611][532]LogModuleManager: Shutting down and abandoning module StreamingFile (8)
[2019.06.01-17.10.42:639][532]LogModuleManager: Shutting down and abandoning module SandboxFile (6)
[2019.06.01-17.10.42:639][532]LogModuleManager: Shutting down and abandoning module PakFile (4)
[2019.06.01-17.10.42:746][532]LogModuleManager: Shutting down and abandoning module RSA (3)
[2019.06.01-17.10.42:803][532]LogExit: Exiting.
[2019.06.01-17.10.42:828][532]Log file closed, 06/01/19 19:10:42
