Log file open, 06/05/19 18:51:14
LogWindows: Failed to load 'aqProf.dll' (GetLastError=126)
LogWindows: File 'aqProf.dll' does not exist
LogWindows: Failed to load 'VtuneApi.dll' (GetLastError=126)
LogWindows: File 'VtuneApi.dll' does not exist
LogWindows: Failed to load 'VtuneApi32e.dll' (GetLastError=126)
LogWindows: File 'VtuneApi32e.dll' does not exist
LogConsoleResponse: Display: Failed to find resolution value strings in scalability ini. Falling back to default.
LogInit: Display: Running engine for game: FGS_Steam
LogPakFile: Registered encryption key '00000000000000000000000000000000': 0 pak files mounted, 0 remain pending
LogPlatformFile: Not using cached read wrapper
LogTaskGraph: Started task graph with 5 named threads and 11 total threads with 3 sets of task threads.
LogStats: Stats thread started at 0.240826
LogD3D11RHI: Loaded GFSDK_Aftermath_Lib.x64.dll
LogICUInternationalization: ICU TimeZone Detection - Raw Offset: +1:00, Platform Override: ''
LogPluginManager: Mounting plugin Paper2D
LogPluginManager: Mounting plugin AdvancedSessions
LogPluginManager: Mounting plugin AdvancedSteamSessions
LogPluginManager: Mounting plugin AISupport
LogPluginManager: Mounting plugin LightPropagationVolume
LogPluginManager: Mounting plugin ActorLayerUtilities
LogPluginManager: Mounting plugin AnimationSharing
LogPluginManager: Mounting plugin CLionSourceCodeAccess
LogPluginManager: Mounting plugin CodeLiteSourceCodeAccess
LogPluginManager: Mounting plugin GitSourceControl
LogPluginManager: Mounting plugin KDevelopSourceCodeAccess
LogPluginManager: Mounting plugin NullSourceCodeAccess
LogPluginManager: Mounting plugin PerforceSourceControl
LogPluginManager: Mounting plugin SubversionSourceControl
LogPluginManager: Mounting plugin UObjectPlugin
LogPluginManager: Mounting plugin VisualStudioCodeSourceCodeAccess
LogPluginManager: Mounting plugin VisualStudioSourceCodeAccess
LogPluginManager: Mounting plugin XCodeSourceCodeAccess
LogPluginManager: Mounting plugin AssetManagerEditor
LogPluginManager: Mounting plugin CryptoKeys
LogPluginManager: Mounting plugin DataValidation
LogPluginManager: Mounting plugin FacialAnimation
LogPluginManager: Mounting plugin GameplayTagsEditor
LogPluginManager: Mounting plugin MacGraphicsSwitching
LogPluginManager: Mounting plugin MaterialAnalyzer
LogPluginManager: Mounting plugin MobileLauncherProfileWizard
LogPluginManager: Mounting plugin PluginBrowser
LogPluginManager: Mounting plugin SpeedTreeImporter
LogPluginManager: Mounting plugin DatasmithContent
LogPluginManager: Mounting plugin VariantManagerContent
LogPluginManager: Mounting plugin AlembicImporter
LogPluginManager: Mounting plugin AppleImageUtils
LogPluginManager: Mounting plugin AppleVision
LogPluginManager: Mounting plugin BackChannel
LogPluginManager: Mounting plugin CharacterAI
LogPluginManager: Mounting plugin GeometryCache
LogPluginManager: Mounting plugin HTML5Networking
LogPluginManager: Mounting plugin ProxyLODPlugin
LogPluginManager: Mounting plugin SkeletalReduction
LogPluginManager: Mounting plugin MagicLeap
LogPluginManager: Mounting plugin MagicLeapMedia
LogPluginManager: Mounting plugin AndroidMedia
LogPluginManager: Mounting plugin AvfMedia
LogPluginManager: Mounting plugin ImgMedia
LogPluginManager: Mounting plugin LinearTimecode
LogPluginManager: Mounting plugin MediaCompositing
LogPluginManager: Mounting plugin MediaPlayerEditor
LogPluginManager: Mounting plugin WebMMedia
LogPluginManager: Mounting plugin WmfMedia
LogPluginManager: Mounting plugin TcpMessaging
LogPluginManager: Mounting plugin UdpMessaging
LogPluginManager: Mounting plugin ActorSequence
LogPluginManager: Mounting plugin LevelSequenceEditor
LogPluginManager: Mounting plugin MatineeToLevelSequence
LogPluginManager: Mounting plugin NetcodeUnitTest
LogPluginManager: Mounting plugin NUTUnrealEngine4
LogPluginManager: Mounting plugin OnlineSubsystemGooglePlay
LogPluginManager: Mounting plugin OnlineSubsystemIOS
LogPluginManager: Mounting plugin OnlineSubsystem
LogPluginManager: Mounting plugin OnlineSubsystemNull
LogPluginManager: Mounting plugin OnlineSubsystemSteam
LogPluginManager: Mounting plugin OnlineSubsystemUtils
LogPluginManager: Mounting plugin LauncherChunkInstaller
LogPluginManager: Mounting plugin AndroidDeviceProfileSelector
LogPluginManager: Mounting plugin AndroidMoviePlayer
LogPluginManager: Mounting plugin AndroidPermission
LogPluginManager: Mounting plugin AppleMoviePlayer
LogPluginManager: Mounting plugin ArchVisCharacter
LogPluginManager: Mounting plugin AudioCapture
LogPluginManager: Mounting plugin CableComponent
LogPluginManager: Mounting plugin CustomMeshComponent
LogPluginManager: Mounting plugin EditableMesh
LogPluginManager: Mounting plugin ExampleDeviceProfileSelector
LogPluginManager: Mounting plugin Firebase
LogPluginManager: Mounting plugin GoogleCloudMessaging
LogPluginManager: Mounting plugin IOSDeviceProfileSelector
LogPluginManager: Mounting plugin LinuxDeviceProfileSelector
LogPluginManager: Mounting plugin LocationServicesBPLibrary
LogPluginManager: Mounting plugin MobilePatchingUtils
LogPluginManager: Mounting plugin OculusVR
LogPluginManager: Mounting plugin PhysXVehicles
LogPluginManager: Mounting plugin ProceduralMeshComponent
LogPluginManager: Mounting plugin RuntimePhysXCooking
LogPluginManager: Mounting plugin SignificanceManager
LogPluginManager: Mounting plugin SteamVR
LogPluginManager: Mounting plugin WebMMoviePlayer
LogPluginManager: Mounting plugin WindowsMoviePlayer
LogInit: Using libcurl 7.55.1-DEV
LogInit:  - built for x86_64-pc-win32
LogInit:  - supports SSL with OpenSSL/1.1.1
LogInit:  - supports HTTP deflate (compression) using libz 1.2.8
LogInit:  - other features:
LogInit:      CURL_VERSION_SSL
LogInit:      CURL_VERSION_LIBZ
LogInit:      CURL_VERSION_IPV6
LogInit:      CURL_VERSION_ASYNCHDNS
LogInit:      CURL_VERSION_LARGEFILE
LogInit:      CURL_VERSION_IDN
LogInit:  CurlRequestOptions (configurable via config and command line):
LogInit:  - bVerifyPeer = true  - Libcurl will verify peer certificate
LogInit:  - bUseHttpProxy = false  - Libcurl will NOT use HTTP proxy
LogInit:  - bDontReuseConnections = false  - Libcurl will reuse connections
LogInit:  - MaxHostConnections = 16  - Libcurl will limit the number of connections to a host
LogInit:  - LocalHostAddr = Default
LogInit:  - BufferSize = 65536
LogOnline: Display: STEAM: Loading Steam SDK 1.39
LogOnline: Display: STEAM: OnlineSubsystemSteam::Shutdown()
LogOnline: OSS: Unable to create OnlineSubsystem module Steam
LogInit: WinSock: version 1.1 (2.2), MaxSocks=32767, MaxUdp=65467
LogInit: Build: ++UE4+Release-4.22-CL-6574378
LogInit: Engine Version: 4.22.2-6574378+++UE4+Release-4.22
LogInit: Compatible Engine Version: 4.22.0-5660361+++UE4+Release-4.22
LogInit: Net CL: 5660361
LogInit: OS: Windows 10 (Release 1803) (), CPU: Intel(R) Core(TM) i5-4200U CPU @ 1.60GHz, GPU: Intel(R) HD Graphics Family
LogInit: Compiled (64-bit): May 20 2019 09:54:56
LogInit: Compiled with Visual C++: 19.16.27025.01
LogInit: Build Configuration: Development
LogInit: Branch Name: ++UE4+Release-4.22
LogInit: Command Line: 
LogInit: Base Directory: C:/Program Files/Epic Games/UE_4.22/Engine/Binaries/Win64/
LogInit: Installed Engine Build: 1
LogDevObjectVersion: Number of dev versions registered: 23
LogDevObjectVersion:   Dev-Blueprints (B0D832E4-1F89-4F0D-ACCF-7EB736FD4AA2): 10
LogDevObjectVersion:   Dev-Build (E1C64328-A22C-4D53-A36C-8E866417BD8C): 0
LogDevObjectVersion:   Dev-Core (375EC13C-06E4-48FB-B500-84F0262A717E): 3
LogDevObjectVersion:   Dev-Editor (E4B068ED-F494-42E9-A231-DA0B2E46BB41): 30
LogDevObjectVersion:   Dev-Framework (CFFC743F-43B0-4480-9391-14DF171D2073): 35
LogDevObjectVersion:   Dev-Mobile (B02B49B5-BB20-44E9-A304-32B752E40360): 2
LogDevObjectVersion:   Dev-Networking (A4E4105C-59A1-49B5-A7C5-40C4547EDFEE): 0
LogDevObjectVersion:   Dev-Online (39C831C9-5AE6-47DC-9A44-9C173E1C8E7C): 0
LogDevObjectVersion:   Dev-Physics (78F01B33-EBEA-4F98-B9B4-84EACCB95AA2): 0
LogDevObjectVersion:   Dev-Platform (6631380F-2D4D-43E0-8009-CF276956A95A): 0
LogDevObjectVersion:   Dev-Rendering (12F88B9F-8875-4AFC-A67C-D90C383ABD29): 28
LogDevObjectVersion:   Dev-Sequencer (7B5AE74C-D270-4C10-A958-57980B212A5A): 11
LogDevObjectVersion:   Dev-VR (D7296918-1DD6-4BDD-9DE2-64A83CC13884): 2
LogDevObjectVersion:   Dev-LoadTimes (C2A15278-BFE7-4AFE-6C17-90FF531DF755): 1
LogDevObjectVersion:   Private-Geometry (6EACA3D4-40EC-4CC1-B786-8BED09428FC5): 3
LogDevObjectVersion:   Dev-AnimPhys (29E575DD-E0A3-4627-9D10-D276232CDCEA): 17
LogDevObjectVersion:   Dev-Anim (AF43A65D-7FD3-4947-9873-3E8ED9C1BB05): 2
LogDevObjectVersion:   Dev-ReflectionCapture (6B266CEC-1EC7-4B8F-A30B-E4D90942FC07): 1
LogDevObjectVersion:   Dev-Automation (0DF73D61-A23F-47EA-B727-89E90C41499A): 1
LogDevObjectVersion:   FortniteMain (601D1886-AC64-4F84-AA16-D3DE0DEAC7D6): 25
LogDevObjectVersion:   Dev-Enterprise (9DFFBCD6-494F-0158-E221-12823C92A888): 6
LogDevObjectVersion:   Dev-Niagara (F2AED0AC-9AFE-416F-8664-AA7FFA26D6FC): 1
LogDevObjectVersion:   Dev-Destruction (174F1F0B-B4C6-45A5-B13F-2EE8D0FB917D): 2
LogInit: Presizing for max 16777216 objects, including 0 objects not considered by GC, pre-allocating 0 bytes for permanent pool.
LogInit: Object subsystem initialized
LogConfig: Setting CVar [[con.DebugEarlyDefault:1]]
LogConfig: Setting CVar [[r.setres:1280x720]]
[2019.06.05-16.51.15:209][  0]LogConfig: Setting CVar [[r.VSync:0]]
[2019.06.05-16.51.15:209][  0]LogConfig: Setting CVar [[r.RHICmdBypass:0]]
[2019.06.05-16.51.15:209][  0]LogConfig: Applying CVar settings from Section [/Script/Engine.RendererSettings] File [C:/Users/steve/Desktop/FabulousGameStudio/FabulousGameStudio/Saved/Config/Windows/Engine.ini]
[2019.06.05-16.51.15:209][  0]LogConfig: Setting CVar [[r.GPUCrashDebugging:0]]
[2019.06.05-16.51.15:210][  0]LogConfig: Applying CVar settings from Section [/Script/Engine.RendererOverrideSettings] File [C:/Users/steve/Desktop/FabulousGameStudio/FabulousGameStudio/Saved/Config/Windows/Engine.ini]
[2019.06.05-16.51.15:210][  0]LogConfig: Applying CVar settings from Section [/Script/Engine.StreamingSettings] File [C:/Users/steve/Desktop/FabulousGameStudio/FabulousGameStudio/Saved/Config/Windows/Engine.ini]
[2019.06.05-16.51.15:210][  0]LogConfig: Setting CVar [[s.MinBulkDataSizeForAsyncLoading:131072]]
[2019.06.05-16.51.15:210][  0]LogConfig: Setting CVar [[s.AsyncLoadingThreadEnabled:0]]
[2019.06.05-16.51.15:210][  0]LogConfig: Setting CVar [[s.EventDrivenLoaderEnabled:1]]
[2019.06.05-16.51.15:210][  0]LogConfig: Setting CVar [[s.WarnIfTimeLimitExceeded:0]]
[2019.06.05-16.51.15:210][  0]LogConfig: Setting CVar [[s.TimeLimitExceededMultiplier:1.5]]
[2019.06.05-16.51.15:210][  0]LogConfig: Setting CVar [[s.TimeLimitExceededMinTime:0.005]]
[2019.06.05-16.51.15:210][  0]LogConfig: Setting CVar [[s.UseBackgroundLevelStreaming:1]]
[2019.06.05-16.51.15:210][  0]LogConfig: Setting CVar [[s.PriorityAsyncLoadingExtraTime:15.0]]
[2019.06.05-16.51.15:210][  0]LogConfig: Setting CVar [[s.LevelStreamingActorsUpdateTimeLimit:5.0]]
[2019.06.05-16.51.15:210][  0]LogConfig: Setting CVar [[s.PriorityLevelStreamingActorsUpdateExtraTime:5.0]]
[2019.06.05-16.51.15:210][  0]LogConfig: Setting CVar [[s.LevelStreamingComponentsRegistrationGranularity:10]]
[2019.06.05-16.51.15:210][  0]LogConfig: Setting CVar [[s.UnregisterComponentsTimeLimit:1.0]]
[2019.06.05-16.51.15:210][  0]LogConfig: Setting CVar [[s.LevelStreamingComponentsUnregistrationGranularity:5]]
[2019.06.05-16.51.15:210][  0]LogConfig: Applying CVar settings from Section [/Script/Engine.GarbageCollectionSettings] File [C:/Users/steve/Desktop/FabulousGameStudio/FabulousGameStudio/Saved/Config/Windows/Engine.ini]
[2019.06.05-16.51.15:210][  0]LogConfig: Setting CVar [[gc.MaxObjectsNotConsideredByGC:1]]
[2019.06.05-16.51.15:210][  0]LogConfig: Setting CVar [[gc.SizeOfPermanentObjectPool:0]]
[2019.06.05-16.51.15:210][  0]LogConfig: Setting CVar [[gc.FlushStreamingOnGC:0]]
[2019.06.05-16.51.15:210][  0]LogConfig: Setting CVar [[gc.NumRetriesBeforeForcingGC:10]]
[2019.06.05-16.51.15:210][  0]LogConfig: Setting CVar [[gc.AllowParallelGC:1]]
[2019.06.05-16.51.15:210][  0]LogConfig: Setting CVar [[gc.TimeBetweenPurgingPendingKillObjects:61.1]]
[2019.06.05-16.51.15:210][  0]LogConfig: Setting CVar [[gc.MaxObjectsInEditor:16777216]]
[2019.06.05-16.51.15:210][  0]LogConfig: Setting CVar [[gc.IncrementalBeginDestroyEnabled:1]]
[2019.06.05-16.51.15:210][  0]LogConfig: Setting CVar [[gc.CreateGCClusters:1]]
[2019.06.05-16.51.15:210][  0]LogConfig: Setting CVar [[gc.MinGCClusterSize:5]]
[2019.06.05-16.51.15:210][  0]LogConfig: Setting CVar [[gc.ActorClusteringEnabled:0]]
[2019.06.05-16.51.15:210][  0]LogConfig: Setting CVar [[gc.BlueprintClusteringEnabled:0]]
[2019.06.05-16.51.15:210][  0]LogConfig: Setting CVar [[gc.UseDisregardForGCOnDedicatedServers:0]]
[2019.06.05-16.51.15:210][  0]LogConfig: Applying CVar settings from Section [/Script/Engine.NetworkSettings] File [C:/Users/steve/Desktop/FabulousGameStudio/FabulousGameStudio/Saved/Config/Windows/Engine.ini]
[2019.06.05-16.51.15:210][  0]LogConfig: Applying CVar settings from Section [/Script/UnrealEd.CookerSettings] File [C:/Users/steve/Desktop/FabulousGameStudio/FabulousGameStudio/Saved/Config/Windows/Engine.ini]
[2019.06.05-16.51.15:220][  0]LogConfig: Applying CVar settings from Section [ViewDistanceQuality@3] File [C:/Users/steve/Desktop/FabulousGameStudio/FabulousGameStudio/Saved/Config/Windows/Scalability.ini]
[2019.06.05-16.51.15:220][  0]LogConfig: Setting CVar [[r.SkeletalMeshLODBias:0]]
[2019.06.05-16.51.15:220][  0]LogConfig: Setting CVar [[r.ViewDistanceScale:1.0]]
[2019.06.05-16.51.15:220][  0]LogConfig: Applying CVar settings from Section [AntiAliasingQuality@3] File [C:/Users/steve/Desktop/FabulousGameStudio/FabulousGameStudio/Saved/Config/Windows/Scalability.ini]
[2019.06.05-16.51.15:220][  0]LogConfig: Setting CVar [[r.PostProcessAAQuality:4]]
[2019.06.05-16.51.15:220][  0]LogConfig: Applying CVar settings from Section [ShadowQuality@3] File [C:/Users/steve/Desktop/FabulousGameStudio/FabulousGameStudio/Saved/Config/Windows/Scalability.ini]
[2019.06.05-16.51.15:220][  0]LogConfig: Setting CVar [[r.LightFunctionQuality:1]]
[2019.06.05-16.51.15:220][  0]LogConfig: Setting CVar [[r.ShadowQuality:5]]
[2019.06.05-16.51.15:220][  0]LogConfig: Setting CVar [[r.Shadow.CSM.MaxCascades:10]]
[2019.06.05-16.51.15:220][  0]LogConfig: Setting CVar [[r.Shadow.MaxResolution:2048]]
[2019.06.05-16.51.15:220][  0]LogConfig: Setting CVar [[r.Shadow.MaxCSMResolution:2048]]
[2019.06.05-16.51.15:220][  0]LogConfig: Setting CVar [[r.Shadow.RadiusThreshold:0.01]]
[2019.06.05-16.51.15:220][  0]LogConfig: Setting CVar [[r.Shadow.DistanceScale:1.0]]
[2019.06.05-16.51.15:220][  0]LogConfig: Setting CVar [[r.Shadow.CSM.TransitionScale:1.0]]
[2019.06.05-16.51.15:220][  0]LogConfig: Setting CVar [[r.Shadow.PreShadowResolutionFactor:1.0]]
[2019.06.05-16.51.15:221][  0]LogConfig: Setting CVar [[r.DistanceFieldShadowing:1]]
[2019.06.05-16.51.15:221][  0]LogConfig: Setting CVar [[r.DistanceFieldAO:1]]
[2019.06.05-16.51.15:221][  0]LogConfig: Setting CVar [[r.AOQuality:2]]
[2019.06.05-16.51.15:221][  0]LogConfig: Setting CVar [[r.VolumetricFog:1]]
[2019.06.05-16.51.15:221][  0]LogConfig: Setting CVar [[r.VolumetricFog.GridPixelSize:8]]
[2019.06.05-16.51.15:221][  0]LogConfig: Setting CVar [[r.VolumetricFog.GridSizeZ:128]]
[2019.06.05-16.51.15:221][  0]LogConfig: Setting CVar [[r.VolumetricFog.HistoryMissSupersampleCount:4]]
[2019.06.05-16.51.15:221][  0]LogConfig: Setting CVar [[r.LightMaxDrawDistanceScale:1]]
[2019.06.05-16.51.15:221][  0]LogConfig: Setting CVar [[r.CapsuleShadows:1]]
[2019.06.05-16.51.15:221][  0]LogConfig: Applying CVar settings from Section [PostProcessQuality@3] File [C:/Users/steve/Desktop/FabulousGameStudio/FabulousGameStudio/Saved/Config/Windows/Scalability.ini]
[2019.06.05-16.51.15:221][  0]LogConfig: Setting CVar [[r.MotionBlurQuality:4]]
[2019.06.05-16.51.15:221][  0]LogConfig: Setting CVar [[r.AmbientOcclusionMipLevelFactor:0.4]]
[2019.06.05-16.51.15:221][  0]LogConfig: Setting CVar [[r.AmbientOcclusionMaxQuality:100]]
[2019.06.05-16.51.15:221][  0]LogConfig: Setting CVar [[r.AmbientOcclusionLevels:-1]]
[2019.06.05-16.51.15:221][  0]LogConfig: Setting CVar [[r.AmbientOcclusionRadiusScale:1.0]]
[2019.06.05-16.51.15:221][  0]LogConfig: Setting CVar [[r.DepthOfFieldQuality:2]]
[2019.06.05-16.51.15:221][  0]LogConfig: Setting CVar [[r.RenderTargetPoolMin:400]]
[2019.06.05-16.51.15:221][  0]LogConfig: Setting CVar [[r.LensFlareQuality:2]]
[2019.06.05-16.51.15:221][  0]LogConfig: Setting CVar [[r.SceneColorFringeQuality:1]]
[2019.06.05-16.51.15:221][  0]LogConfig: Setting CVar [[r.EyeAdaptationQuality:2]]
[2019.06.05-16.51.15:221][  0]LogConfig: Setting CVar [[r.BloomQuality:5]]
[2019.06.05-16.51.15:221][  0]LogConfig: Setting CVar [[r.FastBlurThreshold:100]]
[2019.06.05-16.51.15:222][  0]LogConfig: Setting CVar [[r.Upscale.Quality:3]]
[2019.06.05-16.51.15:222][  0]LogConfig: Setting CVar [[r.Tonemapper.GrainQuantization:1]]
[2019.06.05-16.51.15:222][  0]LogConfig: Setting CVar [[r.LightShaftQuality:1]]
[2019.06.05-16.51.15:222][  0]LogConfig: Setting CVar [[r.Filter.SizeScale:1]]
[2019.06.05-16.51.15:222][  0]LogConfig: Setting CVar [[r.Tonemapper.Quality:5]]
[2019.06.05-16.51.15:222][  0]LogConfig: Setting CVar [[r.DOF.Gather.AccumulatorQuality:1        ; higher gathering accumulator quality]]
[2019.06.05-16.51.15:222][  0]LogConfig: Setting CVar [[r.DOF.Gather.PostfilterMethod:1          ; Median3x3 postfilering method]]
[2019.06.05-16.51.15:222][  0]LogConfig: Setting CVar [[r.DOF.Gather.EnableBokehSettings:0       ; no bokeh simulation when gathering]]
[2019.06.05-16.51.15:222][  0]LogConfig: Setting CVar [[r.DOF.Gather.RingCount:4                 ; medium number of samples when gathering]]
[2019.06.05-16.51.15:222][  0]LogConfig: Setting CVar [[r.DOF.Scatter.ForegroundCompositing:1    ; additive foreground scattering]]
[2019.06.05-16.51.15:222][  0]LogConfig: Setting CVar [[r.DOF.Scatter.BackgroundCompositing:2    ; additive background scattering]]
[2019.06.05-16.51.15:222][  0]LogConfig: Setting CVar [[r.DOF.Scatter.EnableBokehSettings:1      ; bokeh simulation when scattering]]
[2019.06.05-16.51.15:222][  0]LogConfig: Setting CVar [[r.DOF.Scatter.MaxSpriteRatio:0.1         ; only a maximum of 10% of scattered bokeh]]
[2019.06.05-16.51.15:222][  0]LogConfig: Setting CVar [[r.DOF.Recombine.Quality:1                ; cheap slight out of focus]]
[2019.06.05-16.51.15:222][  0]LogConfig: Setting CVar [[r.DOF.Recombine.EnableBokehSettings:0    ; no bokeh simulation on slight out of focus]]
[2019.06.05-16.51.15:222][  0]LogConfig: Setting CVar [[r.DOF.TemporalAAQuality:1                ; more stable temporal accumulation]]
[2019.06.05-16.51.15:222][  0]LogConfig: Setting CVar [[r.DOF.Kernel.MaxForegroundRadius:0.025]]
[2019.06.05-16.51.15:222][  0]LogConfig: Setting CVar [[r.DOF.Kernel.MaxBackgroundRadius:0.025]]
[2019.06.05-16.51.15:222][  0]LogConfig: Applying CVar settings from Section [TextureQuality@3] File [C:/Users/steve/Desktop/FabulousGameStudio/FabulousGameStudio/Saved/Config/Windows/Scalability.ini]
[2019.06.05-16.51.15:222][  0]LogConfig: Setting CVar [[r.Streaming.MipBias:0]]
[2019.06.05-16.51.15:222][  0]LogConfig: Setting CVar [[r.Streaming.AmortizeCPUToGPUCopy:0]]
[2019.06.05-16.51.15:222][  0]LogConfig: Setting CVar [[r.Streaming.MaxNumTexturesToStreamPerFrame:0]]
[2019.06.05-16.51.15:222][  0]LogConfig: Setting CVar [[r.Streaming.Boost:1]]
[2019.06.05-16.51.15:222][  0]LogConfig: Setting CVar [[r.MaxAnisotropy:8]]
[2019.06.05-16.51.15:222][  0]LogConfig: Setting CVar [[r.Streaming.LimitPoolSizeToVRAM:0]]
[2019.06.05-16.51.15:222][  0]LogConfig: Setting CVar [[r.Streaming.PoolSize:1000]]
[2019.06.05-16.51.15:222][  0]LogConfig: Setting CVar [[r.Streaming.MaxEffectiveScreenSize:0]]
[2019.06.05-16.51.15:222][  0]LogConfig: Applying CVar settings from Section [EffectsQuality@3] File [C:/Users/steve/Desktop/FabulousGameStudio/FabulousGameStudio/Saved/Config/Windows/Scalability.ini]
[2019.06.05-16.51.15:222][  0]LogConfig: Setting CVar [[r.TranslucencyLightingVolumeDim:64]]
[2019.06.05-16.51.15:222][  0]LogConfig: Setting CVar [[r.RefractionQuality:2]]
[2019.06.05-16.51.15:222][  0]LogConfig: Setting CVar [[r.SSR.Quality:3]]
[2019.06.05-16.51.15:222][  0]LogConfig: Setting CVar [[r.SceneColorFormat:4]]
[2019.06.05-16.51.15:223][  0]LogConfig: Setting CVar [[r.DetailMode:2]]
[2019.06.05-16.51.15:223][  0]LogConfig: Setting CVar [[r.TranslucencyVolumeBlur:1]]
[2019.06.05-16.51.15:223][  0]LogConfig: Setting CVar [[r.MaterialQualityLevel:1 ; High quality]]
[2019.06.05-16.51.15:223][  0]LogConfig: Setting CVar [[r.SSS.Scale:1]]
[2019.06.05-16.51.15:223][  0]LogConfig: Setting CVar [[r.SSS.SampleSet:2]]
[2019.06.05-16.51.15:223][  0]LogConfig: Setting CVar [[r.SSS.Quality:1]]
[2019.06.05-16.51.15:223][  0]LogConfig: Setting CVar [[r.SSS.HalfRes:1]]
[2019.06.05-16.51.15:223][  0]LogConfig: Setting CVar [[r.EmitterSpawnRateScale:1.0]]
[2019.06.05-16.51.15:223][  0]LogConfig: Setting CVar [[r.ParticleLightQuality:2]]
[2019.06.05-16.51.15:223][  0]LogConfig: Applying CVar settings from Section [FoliageQuality@3] File [C:/Users/steve/Desktop/FabulousGameStudio/FabulousGameStudio/Saved/Config/Windows/Scalability.ini]
[2019.06.05-16.51.15:223][  0]LogConfig: Setting CVar [[foliage.DensityScale:1.0]]
[2019.06.05-16.51.15:223][  0]LogConfig: Setting CVar [[grass.DensityScale:1.0]]
[2019.06.05-16.51.15:223][  0]LogInit: Selected Device Profile: [Windows]
[2019.06.05-16.51.15:223][  0]LogInit: Applying CVar settings loaded from the selected device profile: [Windows]
[2019.06.05-16.51.15:244][  0]LogHAL: Display: Platform has ~ 4 GB [4169424896 / 4294967296 / 4], which maps to Smallest [LargestMinGB=32, LargerMinGB=12, DefaultMinGB=8, SmallerMinGB=6, SmallestMinGB=0)
[2019.06.05-16.51.15:244][  0]LogConfig: Setting CVar [[r.Vulkan.UseRealUBs:0		; Required until we fix HLR fall-out]]
[2019.06.05-16.51.15:244][  0]LogInit: Going up to parent DeviceProfile []
[2019.06.05-16.51.15:244][  0]LogConfig: Applying CVar settings from Section [ViewDistanceQuality@3] File [C:/Users/steve/Desktop/FabulousGameStudio/FabulousGameStudio/Saved/Config/Windows/Scalability.ini]
[2019.06.05-16.51.15:244][  0]LogConfig: Setting CVar [[r.SkeletalMeshLODBias:0]]
[2019.06.05-16.51.15:244][  0]LogConfig: Setting CVar [[r.ViewDistanceScale:1.0]]
[2019.06.05-16.51.15:244][  0]LogConfig: Applying CVar settings from Section [AntiAliasingQuality@3] File [C:/Users/steve/Desktop/FabulousGameStudio/FabulousGameStudio/Saved/Config/Windows/Scalability.ini]
[2019.06.05-16.51.15:244][  0]LogConfig: Setting CVar [[r.PostProcessAAQuality:4]]
[2019.06.05-16.51.15:244][  0]LogConfig: Applying CVar settings from Section [ShadowQuality@3] File [C:/Users/steve/Desktop/FabulousGameStudio/FabulousGameStudio/Saved/Config/Windows/Scalability.ini]
[2019.06.05-16.51.15:244][  0]LogConfig: Setting CVar [[r.LightFunctionQuality:1]]
[2019.06.05-16.51.15:244][  0]LogConfig: Setting CVar [[r.ShadowQuality:5]]
[2019.06.05-16.51.15:244][  0]LogConfig: Setting CVar [[r.Shadow.CSM.MaxCascades:10]]
[2019.06.05-16.51.15:244][  0]LogConfig: Setting CVar [[r.Shadow.MaxResolution:2048]]
[2019.06.05-16.51.15:244][  0]LogConfig: Setting CVar [[r.Shadow.MaxCSMResolution:2048]]
[2019.06.05-16.51.15:244][  0]LogConfig: Setting CVar [[r.Shadow.RadiusThreshold:0.01]]
[2019.06.05-16.51.15:244][  0]LogConfig: Setting CVar [[r.Shadow.DistanceScale:1.0]]
[2019.06.05-16.51.15:244][  0]LogConfig: Setting CVar [[r.Shadow.CSM.TransitionScale:1.0]]
[2019.06.05-16.51.15:244][  0]LogConfig: Setting CVar [[r.Shadow.PreShadowResolutionFactor:1.0]]
[2019.06.05-16.51.15:244][  0]LogConfig: Setting CVar [[r.DistanceFieldShadowing:1]]
[2019.06.05-16.51.15:244][  0]LogConfig: Setting CVar [[r.DistanceFieldAO:1]]
[2019.06.05-16.51.15:244][  0]LogConfig: Setting CVar [[r.AOQuality:2]]
[2019.06.05-16.51.15:244][  0]LogConfig: Setting CVar [[r.VolumetricFog:1]]
[2019.06.05-16.51.15:244][  0]LogConfig: Setting CVar [[r.VolumetricFog.GridPixelSize:8]]
[2019.06.05-16.51.15:245][  0]LogConfig: Setting CVar [[r.VolumetricFog.GridSizeZ:128]]
[2019.06.05-16.51.15:245][  0]LogConfig: Setting CVar [[r.VolumetricFog.HistoryMissSupersampleCount:4]]
[2019.06.05-16.51.15:245][  0]LogConfig: Setting CVar [[r.LightMaxDrawDistanceScale:1]]
[2019.06.05-16.51.15:245][  0]LogConfig: Setting CVar [[r.CapsuleShadows:1]]
[2019.06.05-16.51.15:245][  0]LogConfig: Applying CVar settings from Section [PostProcessQuality@3] File [C:/Users/steve/Desktop/FabulousGameStudio/FabulousGameStudio/Saved/Config/Windows/Scalability.ini]
[2019.06.05-16.51.15:245][  0]LogConfig: Setting CVar [[r.MotionBlurQuality:4]]
[2019.06.05-16.51.15:245][  0]LogConfig: Setting CVar [[r.AmbientOcclusionMipLevelFactor:0.4]]
[2019.06.05-16.51.15:245][  0]LogConfig: Setting CVar [[r.AmbientOcclusionMaxQuality:100]]
[2019.06.05-16.51.15:245][  0]LogConfig: Setting CVar [[r.AmbientOcclusionLevels:-1]]
[2019.06.05-16.51.15:245][  0]LogConfig: Setting CVar [[r.AmbientOcclusionRadiusScale:1.0]]
[2019.06.05-16.51.15:245][  0]LogConfig: Setting CVar [[r.DepthOfFieldQuality:2]]
[2019.06.05-16.51.15:245][  0]LogConfig: Setting CVar [[r.RenderTargetPoolMin:400]]
[2019.06.05-16.51.15:245][  0]LogConfig: Setting CVar [[r.LensFlareQuality:2]]
[2019.06.05-16.51.15:245][  0]LogConfig: Setting CVar [[r.SceneColorFringeQuality:1]]
[2019.06.05-16.51.15:245][  0]LogConfig: Setting CVar [[r.EyeAdaptationQuality:2]]
[2019.06.05-16.51.15:245][  0]LogConfig: Setting CVar [[r.BloomQuality:5]]
[2019.06.05-16.51.15:245][  0]LogConfig: Setting CVar [[r.FastBlurThreshold:100]]
[2019.06.05-16.51.15:245][  0]LogConfig: Setting CVar [[r.Upscale.Quality:3]]
[2019.06.05-16.51.15:245][  0]LogConfig: Setting CVar [[r.Tonemapper.GrainQuantization:1]]
[2019.06.05-16.51.15:245][  0]LogConfig: Setting CVar [[r.LightShaftQuality:1]]
[2019.06.05-16.51.15:245][  0]LogConfig: Setting CVar [[r.Filter.SizeScale:1]]
[2019.06.05-16.51.15:245][  0]LogConfig: Setting CVar [[r.Tonemapper.Quality:5]]
[2019.06.05-16.51.15:245][  0]LogConfig: Setting CVar [[r.DOF.Gather.AccumulatorQuality:1        ; higher gathering accumulator quality]]
[2019.06.05-16.51.15:245][  0]LogConfig: Setting CVar [[r.DOF.Gather.PostfilterMethod:1          ; Median3x3 postfilering method]]
[2019.06.05-16.51.15:245][  0]LogConfig: Setting CVar [[r.DOF.Gather.EnableBokehSettings:0       ; no bokeh simulation when gathering]]
[2019.06.05-16.51.15:245][  0]LogConfig: Setting CVar [[r.DOF.Gather.RingCount:4                 ; medium number of samples when gathering]]
[2019.06.05-16.51.15:245][  0]LogConfig: Setting CVar [[r.DOF.Scatter.ForegroundCompositing:1    ; additive foreground scattering]]
[2019.06.05-16.51.15:245][  0]LogConfig: Setting CVar [[r.DOF.Scatter.BackgroundCompositing:2    ; additive background scattering]]
[2019.06.05-16.51.15:245][  0]LogConfig: Setting CVar [[r.DOF.Scatter.EnableBokehSettings:1      ; bokeh simulation when scattering]]
[2019.06.05-16.51.15:245][  0]LogConfig: Setting CVar [[r.DOF.Scatter.MaxSpriteRatio:0.1         ; only a maximum of 10% of scattered bokeh]]
[2019.06.05-16.51.15:245][  0]LogConfig: Setting CVar [[r.DOF.Recombine.Quality:1                ; cheap slight out of focus]]
[2019.06.05-16.51.15:245][  0]LogConfig: Setting CVar [[r.DOF.Recombine.EnableBokehSettings:0    ; no bokeh simulation on slight out of focus]]
[2019.06.05-16.51.15:245][  0]LogConfig: Setting CVar [[r.DOF.TemporalAAQuality:1                ; more stable temporal accumulation]]
[2019.06.05-16.51.15:245][  0]LogConfig: Setting CVar [[r.DOF.Kernel.MaxForegroundRadius:0.025]]
[2019.06.05-16.51.15:246][  0]LogConfig: Setting CVar [[r.DOF.Kernel.MaxBackgroundRadius:0.025]]
[2019.06.05-16.51.15:246][  0]LogConfig: Applying CVar settings from Section [TextureQuality@3] File [C:/Users/steve/Desktop/FabulousGameStudio/FabulousGameStudio/Saved/Config/Windows/Scalability.ini]
[2019.06.05-16.51.15:246][  0]LogConfig: Setting CVar [[r.Streaming.MipBias:0]]
[2019.06.05-16.51.15:246][  0]LogConfig: Setting CVar [[r.Streaming.AmortizeCPUToGPUCopy:0]]
[2019.06.05-16.51.15:246][  0]LogConfig: Setting CVar [[r.Streaming.MaxNumTexturesToStreamPerFrame:0]]
[2019.06.05-16.51.15:246][  0]LogConfig: Setting CVar [[r.Streaming.Boost:1]]
[2019.06.05-16.51.15:246][  0]LogConfig: Setting CVar [[r.MaxAnisotropy:8]]
[2019.06.05-16.51.15:246][  0]LogConfig: Setting CVar [[r.Streaming.LimitPoolSizeToVRAM:0]]
[2019.06.05-16.51.15:246][  0]LogConfig: Setting CVar [[r.Streaming.PoolSize:1000]]
[2019.06.05-16.51.15:246][  0]LogConfig: Setting CVar [[r.Streaming.MaxEffectiveScreenSize:0]]
[2019.06.05-16.51.15:246][  0]LogConfig: Applying CVar settings from Section [EffectsQuality@3] File [C:/Users/steve/Desktop/FabulousGameStudio/FabulousGameStudio/Saved/Config/Windows/Scalability.ini]
[2019.06.05-16.51.15:246][  0]LogConfig: Setting CVar [[r.TranslucencyLightingVolumeDim:64]]
[2019.06.05-16.51.15:246][  0]LogConfig: Setting CVar [[r.RefractionQuality:2]]
[2019.06.05-16.51.15:246][  0]LogConfig: Setting CVar [[r.SSR.Quality:3]]
[2019.06.05-16.51.15:246][  0]LogConfig: Setting CVar [[r.SceneColorFormat:4]]
[2019.06.05-16.51.15:246][  0]LogConfig: Setting CVar [[r.DetailMode:2]]
[2019.06.05-16.51.15:246][  0]LogConfig: Setting CVar [[r.TranslucencyVolumeBlur:1]]
[2019.06.05-16.51.15:246][  0]LogConfig: Setting CVar [[r.MaterialQualityLevel:1 ; High quality]]
[2019.06.05-16.51.15:246][  0]LogConfig: Setting CVar [[r.SSS.Scale:1]]
[2019.06.05-16.51.15:246][  0]LogConfig: Setting CVar [[r.SSS.SampleSet:2]]
[2019.06.05-16.51.15:246][  0]LogConfig: Setting CVar [[r.SSS.Quality:1]]
[2019.06.05-16.51.15:246][  0]LogConfig: Setting CVar [[r.SSS.HalfRes:1]]
[2019.06.05-16.51.15:246][  0]LogConfig: Setting CVar [[r.EmitterSpawnRateScale:1.0]]
[2019.06.05-16.51.15:246][  0]LogConfig: Setting CVar [[r.ParticleLightQuality:2]]
[2019.06.05-16.51.15:247][  0]LogConfig: Applying CVar settings from Section [FoliageQuality@3] File [C:/Users/steve/Desktop/FabulousGameStudio/FabulousGameStudio/Saved/Config/Windows/Scalability.ini]
[2019.06.05-16.51.15:247][  0]LogConfig: Setting CVar [[foliage.DensityScale:1.0]]
[2019.06.05-16.51.15:247][  0]LogConfig: Setting CVar [[grass.DensityScale:1.0]]
[2019.06.05-16.51.15:247][  0]LogConfig: Applying CVar settings from Section [Startup] File [../../../Engine/Config/ConsoleVariables.ini]
[2019.06.05-16.51.15:248][  0]LogConfig: Setting CVar [[net.UseAdaptiveNetUpdateFrequency:0]]
[2019.06.05-16.51.15:248][  0]LogConfig: Setting CVar [[p.chaos.AllowCreatePhysxBodies:1]]
[2019.06.05-16.51.15:248][  0]LogConfig: Applying CVar settings from Section [ConsoleVariables] File [C:/Users/steve/Desktop/FabulousGameStudio/FabulousGameStudio/Saved/Config/Windows/Engine.ini]
[2019.06.05-16.51.15:248][  0]LogInit: Computer: DESKTOP-O0M0BJR
[2019.06.05-16.51.15:248][  0]LogInit: User: steve
[2019.06.05-16.51.15:248][  0]LogInit: CPU Page size=4096, Cores=2
[2019.06.05-16.51.15:248][  0]LogInit: High frequency timer resolution =2.240904 MHz
[2019.06.05-16.51.15:249][  0]LogMemory: Memory total: Physical=3.9GB (4GB approx)
[2019.06.05-16.51.15:249][  0]LogMemory: Platform Memory Stats for Windows
[2019.06.05-16.51.15:249][  0]LogMemory: Process Physical Memory: 96.81 MB used, 96.81 MB peak
[2019.06.05-16.51.15:249][  0]LogMemory: Process Virtual Memory: 83.96 MB used, 83.96 MB peak
[2019.06.05-16.51.15:249][  0]LogMemory: Physical Memory: 2533.78 MB used,  1442.50 MB free, 3976.27 MB total
[2019.06.05-16.51.15:249][  0]LogMemory: Virtual Memory: 4624.80 MB used,  134213104.00 MB free, 134217728.00 MB total
[2019.06.05-16.51.15:320][  0]LogInit: Using OS detected language (fr-FR).
[2019.06.05-16.51.15:320][  0]LogInit: Using OS detected locale (fr-FR).
[2019.06.05-16.51.15:326][  0]LogTextLocalizationManager: No specific localization for 'fr-FR' exists, so the 'fr' localization will be used.
[2019.06.05-16.51.15:327][  0]LogTextLocalizationResource: LocRes '../../../Engine/Content/Localization/Editor/fr/Editor.locres' could not be opened for reading!
[2019.06.05-16.51.15:327][  0]LogTextLocalizationResource: LocRes '../../../Engine/Content/Localization/EditorTutorials/fr/EditorTutorials.locres' could not be opened for reading!
[2019.06.05-16.51.15:328][  0]LogTextLocalizationResource: LocRes '../../../Engine/Content/Localization/Keywords/fr/Keywords.locres' could not be opened for reading!
[2019.06.05-16.51.15:328][  0]LogTextLocalizationResource: LocRes '../../../Engine/Content/Localization/Category/fr/Category.locres' could not be opened for reading!
[2019.06.05-16.51.15:329][  0]LogTextLocalizationResource: LocRes '../../../Engine/Content/Localization/ToolTips/fr/ToolTips.locres' could not be opened for reading!
[2019.06.05-16.51.15:329][  0]LogTextLocalizationResource: LocRes '../../../Engine/Content/Localization/PropertyNames/fr/PropertyNames.locres' could not be opened for reading!
[2019.06.05-16.51.15:330][  0]LogTextLocalizationResource: LocRes '../../../Engine/Content/Localization/Engine/fr/Engine.locres' could not be opened for reading!
[2019.06.05-16.51.15:335][  0]LogInit: Setting process to per monitor DPI aware
[2019.06.05-16.51.15:442][  0]LogSlate: New Slate User Created.  User Index 0, Is Virtual User: 0
[2019.06.05-16.51.15:442][  0]LogSlate: Slate User Registered.  User Index 0, Is Virtual User: 0
[2019.06.05-16.51.16:053][  0]LogHMD: Failed to initialize OpenVR with code 110
[2019.06.05-16.51.16:053][  0]LogD3D11RHI: D3D11 adapters:
[2019.06.05-16.51.16:068][  0]LogD3D11RHI:    0. 'Intel(R) HD Graphics Family' (Feature Level 11_0)
[2019.06.05-16.51.16:068][  0]LogD3D11RHI:       112/0/1988 MB DedicatedVideo/DedicatedSystem/SharedSystem, Outputs:2, VendorId:0x8086
[2019.06.05-16.51.16:549][  0]LogD3D11RHI:    1. 'AMD Radeon HD 8600M Series' (Feature Level 11_0)
[2019.06.05-16.51.16:549][  0]LogD3D11RHI:       1015/0/1988 MB DedicatedVideo/DedicatedSystem/SharedSystem, Outputs:0, VendorId:0x1002
[2019.06.05-16.51.16:553][  0]LogD3D11RHI:    2. 'Microsoft Basic Render Driver' (Feature Level 11_0)
[2019.06.05-16.51.16:553][  0]LogD3D11RHI:       0/0/1988 MB DedicatedVideo/DedicatedSystem/SharedSystem, Outputs:0, VendorId:0x1414
[2019.06.05-16.51.16:553][  0]LogD3D11RHI: Chosen D3D11 Adapter: 1
[2019.06.05-16.51.16:564][  0]LogD3D11RHI: Creating new Direct3DDevice
[2019.06.05-16.51.16:564][  0]LogD3D11RHI:     GPU DeviceId: 0x6660 (for the marketing name, search the web for "GPU Device Id")
[2019.06.05-16.51.16:564][  0]LogWindows: EnumDisplayDevices:
[2019.06.05-16.51.16:564][  0]LogWindows:    0. 'Intel(R) HD Graphics Family' (P:1 D:1)
[2019.06.05-16.51.16:565][  0]LogWindows:    1. 'Intel(R) HD Graphics Family' (P:0 D:1)
[2019.06.05-16.51.16:566][  0]LogWindows:    2. 'Intel(R) HD Graphics Family' (P:0 D:0)
[2019.06.05-16.51.16:566][  0]LogWindows: DebugString: PrimaryIsNotTheChoosenAdapter PrimaryIsNotTheChoosenAdapter PrimaryIsNotTheChoosenAdapter FoundDriverCount:0 
[2019.06.05-16.51.16:566][  0]LogD3D11RHI:     Adapter Name: AMD Radeon HD 8600M Series
[2019.06.05-16.51.16:566][  0]LogD3D11RHI:   Driver Version: Unknown (internal:Unknown, unified:Unknown)
[2019.06.05-16.51.16:566][  0]LogD3D11RHI:      Driver Date: Unknown
[2019.06.05-16.51.16:566][  0]LogRHI: Texture pool is 710 MB (70% of 1015 MB)
[2019.06.05-16.51.16:835][  0]LogD3D11RHI: Async texture creation enabled
[2019.06.05-16.51.16:845][  0]LogRendererCore: FGlobalReadBuffer::InitRHI
[2019.06.05-16.51.16:846][  0]LogRendererCore: FGlobalReadBuffer::InitRHI
[2019.06.05-16.51.16:846][  0]LogRendererCore: FGlobalReadBuffer::InitRHI
[2019.06.05-16.51.16:854][  0]LogD3D11RHI: GPU Timing Frequency: 27.000000 (Debug: 2 1)
[2019.06.05-16.51.17:826][  0]LogTemp: Display: Module 'AllDesktopTargetPlatform' loaded TargetPlatform 'AllDesktop'
[2019.06.05-16.51.17:851][  0]LogTemp: Display: Module 'MacClientTargetPlatform' loaded TargetPlatform 'MacClient'
[2019.06.05-16.51.17:876][  0]LogTemp: Display: Module 'MacNoEditorTargetPlatform' loaded TargetPlatform 'MacNoEditor'
[2019.06.05-16.51.17:902][  0]LogTemp: Display: Module 'MacServerTargetPlatform' loaded TargetPlatform 'MacServer'
[2019.06.05-16.51.17:940][  0]LogTemp: Display: Module 'MacTargetPlatform' loaded TargetPlatform 'Mac'
[2019.06.05-16.51.17:971][  0]LogTemp: Display: Module 'WindowsClientTargetPlatform' loaded TargetPlatform 'WindowsClient'
[2019.06.05-16.51.18:000][  0]LogTemp: Display: Module 'WindowsNoEditorTargetPlatform' loaded TargetPlatform 'WindowsNoEditor'
[2019.06.05-16.51.18:029][  0]LogTemp: Display: Module 'WindowsServerTargetPlatform' loaded TargetPlatform 'WindowsServer'
[2019.06.05-16.51.18:050][  0]LogTemp: Display: Module 'WindowsTargetPlatform' loaded TargetPlatform 'Windows'
[2019.06.05-16.51.18:262][  0]LogTemp: Display: Module 'AndroidTargetPlatform' loaded TargetPlatform 'Android'
[2019.06.05-16.51.18:262][  0]LogTemp: Display: Module 'AndroidTargetPlatform' loaded TargetPlatform 'Android_ASTC'
[2019.06.05-16.51.18:262][  0]LogTemp: Display: Module 'AndroidTargetPlatform' loaded TargetPlatform 'Android_ATC'
[2019.06.05-16.51.18:262][  0]LogTemp: Display: Module 'AndroidTargetPlatform' loaded TargetPlatform 'Android_DXT'
[2019.06.05-16.51.18:262][  0]LogTemp: Display: Module 'AndroidTargetPlatform' loaded TargetPlatform 'Android_ETC1'
[2019.06.05-16.51.18:262][  0]LogTemp: Display: Module 'AndroidTargetPlatform' loaded TargetPlatform 'Android_ETC1a'
[2019.06.05-16.51.18:262][  0]LogTemp: Display: Module 'AndroidTargetPlatform' loaded TargetPlatform 'Android_ETC2'
[2019.06.05-16.51.18:262][  0]LogTemp: Display: Module 'AndroidTargetPlatform' loaded TargetPlatform 'Android_PVRTC'
[2019.06.05-16.51.18:262][  0]LogTemp: Display: Module 'AndroidTargetPlatform' loaded TargetPlatform 'AndroidClient'
[2019.06.05-16.51.18:262][  0]LogTemp: Display: Module 'AndroidTargetPlatform' loaded TargetPlatform 'Android_ASTCClient'
[2019.06.05-16.51.18:262][  0]LogTemp: Display: Module 'AndroidTargetPlatform' loaded TargetPlatform 'Android_ATCClient'
[2019.06.05-16.51.18:262][  0]LogTemp: Display: Module 'AndroidTargetPlatform' loaded TargetPlatform 'Android_DXTClient'
[2019.06.05-16.51.18:262][  0]LogTemp: Display: Module 'AndroidTargetPlatform' loaded TargetPlatform 'Android_ETC1Client'
[2019.06.05-16.51.18:262][  0]LogTemp: Display: Module 'AndroidTargetPlatform' loaded TargetPlatform 'Android_ETC1aClient'
[2019.06.05-16.51.18:262][  0]LogTemp: Display: Module 'AndroidTargetPlatform' loaded TargetPlatform 'Android_ETC2Client'
[2019.06.05-16.51.18:262][  0]LogTemp: Display: Module 'AndroidTargetPlatform' loaded TargetPlatform 'Android_PVRTCClient'
[2019.06.05-16.51.18:262][  0]LogTemp: Display: Module 'AndroidTargetPlatform' loaded TargetPlatform 'Android_Multi'
[2019.06.05-16.51.18:262][  0]LogTemp: Display: Module 'AndroidTargetPlatform' loaded TargetPlatform 'Android_MultiClient'
[2019.06.05-16.51.18:269][  0]LogTemp: Display: Module 'HTML5TargetPlatform' loaded TargetPlatform 'HTML5'
[2019.06.05-16.51.18:346][  0]LogTemp: Display: Module 'IOSTargetPlatform' loaded TargetPlatform 'IOSClient'
[2019.06.05-16.51.18:347][  0]LogTemp: Display: Module 'IOSTargetPlatform' loaded TargetPlatform 'IOS'
[2019.06.05-16.51.18:407][  0]LogTemp: Display: Module 'TVOSTargetPlatform' loaded TargetPlatform 'TVOSClient'
[2019.06.05-16.51.18:407][  0]LogTemp: Display: Module 'TVOSTargetPlatform' loaded TargetPlatform 'TVOS'
[2019.06.05-16.51.18:435][  0]LogTemp: Display: Module 'LinuxClientTargetPlatform' loaded TargetPlatform 'LinuxClient'
[2019.06.05-16.51.18:462][  0]LogTemp: Display: Module 'LinuxNoEditorTargetPlatform' loaded TargetPlatform 'LinuxNoEditor'
[2019.06.05-16.51.18:491][  0]LogTemp: Display: Module 'LinuxServerTargetPlatform' loaded TargetPlatform 'LinuxServer'
[2019.06.05-16.51.18:518][  0]LogTemp: Display: Module 'LinuxTargetPlatform' loaded TargetPlatform 'Linux'
[2019.06.05-16.51.18:602][  0]LogTemp: Display: Module 'LuminTargetPlatform' loaded TargetPlatform 'Lumin'
[2019.06.05-16.51.18:603][  0]LogTemp: Display: Module 'LuminTargetPlatform' loaded TargetPlatform 'LuminClient'
[2019.06.05-16.51.18:603][  0]LogTargetPlatformManager: Display: Building Assets For Windows
[2019.06.05-16.51.18:627][  0]LogAudioDebug: Display: Lib vorbis DLL was dynamically loaded.
[2019.06.05-16.51.18:779][  0]LogShaderCompilers: Guid format shader working directory is -30 characters bigger than the processId version (../../../../../../Users/steve/Desktop/FabulousGameStudio/FabulousGameStudio/Intermediate/Shaders/WorkingDirectory/12020/).
[2019.06.05-16.51.18:780][  0]LogShaderCompilers: Cleaned the shader compiler working directory 'C:/Users/steve/AppData/Local/Temp/UnrealShaderWorkingDir/CDE21F574B7F0BFAD2B7BFB82C7996C6/'.
[2019.06.05-16.51.18:788][  0]LogXGEController: Cannot use XGE Controller as Incredibuild is not installed on this machine.
[2019.06.05-16.51.18:788][  0]LogShaderCompilers: Cannot use XGE Shader Compiler as Incredibuild is not installed on this machine.
[2019.06.05-16.51.18:788][  0]LogShaderCompilers: Display: Using Local Shader Compiler.
[2019.06.05-16.51.19:902][  0]LogDerivedDataCache: Display: Max Cache Size: 512 MB
[2019.06.05-16.51.20:028][  0]LogDerivedDataCache: Loaded boot cache 0.13s 71MB C:/Users/steve/AppData/Local/UnrealEngine/4.22/DerivedDataCache/Boot.ddc.
[2019.06.05-16.51.20:028][  0]LogDerivedDataCache: Display: Loaded Boot cache: C:/Users/steve/AppData/Local/UnrealEngine/4.22/DerivedDataCache/Boot.ddc
[2019.06.05-16.51.20:028][  0]LogDerivedDataCache: FDerivedDataBackendGraph:  Pak pak cache file ../../../../../../Users/steve/Desktop/FabulousGameStudio/FabulousGameStudio/DerivedDataCache/DDC.ddp not found, will not use a pak cache.
[2019.06.05-16.51.20:028][  0]LogDerivedDataCache: Unable to find inner node Pak for hierarchical cache Hierarchy.
[2019.06.05-16.51.20:029][  0]LogDerivedDataCache: FDerivedDataBackendGraph:  CompressedPak pak cache file ../../../../../../Users/steve/Desktop/FabulousGameStudio/FabulousGameStudio/DerivedDataCache/Compressed.ddp not found, will not use a pak cache.
[2019.06.05-16.51.20:029][  0]LogDerivedDataCache: Unable to find inner node CompressedPak for hierarchical cache Hierarchy.
[2019.06.05-16.51.20:048][  0]LogDerivedDataCache: Display: Pak cache opened for reading ../../../Engine/DerivedDataCache/Compressed.ddp.
[2019.06.05-16.51.20:048][  0]LogDerivedDataCache: FDerivedDataBackendGraph:  EnterprisePak pak cache file ../../../Enterprise/DerivedDataCache/Compressed.ddp not found, will not use a pak cache.
[2019.06.05-16.51.20:048][  0]LogDerivedDataCache: Unable to find inner node EnterprisePak for hierarchical cache Hierarchy.
[2019.06.05-16.51.20:060][  0]LogDerivedDataCache: Using Local data cache path C:/Users/steve/AppData/Local/UnrealEngine/Common/DerivedDataCache: Writable
[2019.06.05-16.51.20:060][  0]LogDerivedDataCache: Shared data cache path not found in *engine.ini, will not use an Shared cache.
[2019.06.05-16.51.20:060][  0]LogDerivedDataCache: Unable to find inner node Shared for hierarchical cache Hierarchy.
[2019.06.05-16.51.20:096][  0]LogMaterial: Verifying Global Shaders for PCD3D_SM5
[2019.06.05-16.51.20:097][  0]LogSlate: Using FreeType 2.6.0
[2019.06.05-16.51.20:099][  0]LogSlate: SlateFontServices - WITH_FREETYPE: 1, WITH_HARFBUZZ: 1
[2019.06.05-16.51.20:310][  0]LogAssetRegistry: FAssetRegistry took 0.0398 seconds to start up
[2019.06.05-16.51.20:996][  0]LogInit: Selected Device Profile: [Windows]
[2019.06.05-16.51.21:280][  0]LogMeshReduction: Using QuadricMeshReduction for automatic static mesh reduction
[2019.06.05-16.51.21:280][  0]LogMeshReduction: Using SimplygonMeshReduction for automatic skeletal mesh reduction
[2019.06.05-16.51.21:280][  0]LogMeshReduction: Using ProxyLODMeshReduction for automatic mesh merging
[2019.06.05-16.51.21:280][  0]LogMeshReduction: No distributed automatic mesh merging module available
[2019.06.05-16.51.21:280][  0]LogMeshMerging: No distributed automatic mesh merging module available
[2019.06.05-16.51.21:304][  0]LogNetVersion: FGS_Steam 1.0.0, NetCL: 5660361, EngineNetVer: 10, GameNetVer: 0 (Checksum: 257724674)
[2019.06.05-16.51.22:009][  0]LogPackageLocalizationCache: Processed 10 localized package path(s) for 1 prioritized culture(s) in 0.049103 seconds
[2019.06.05-16.51.22:017][  0]LogUObjectArray: 42214 objects as part of root set at end of initial load.
[2019.06.05-16.51.22:017][  0]LogUObjectAllocator: 7335800 out of 0 bytes used by permanent object pool.
[2019.06.05-16.51.22:017][  0]LogUObjectArray: CloseDisregardForGC: 0/0 objects in disregard for GC pool
[2019.06.05-16.51.24:956][  0]LogTcpMessaging: Initializing TcpMessaging bridge
[2019.06.05-16.51.24:971][  0]LogUdpMessaging: Initializing bridge on interface 0.0.0.0:0 to multicast group 230.0.0.1:6666.
[2019.06.05-16.51.25:132][  0]SourceControl: Source control is disabled
[2019.06.05-16.51.25:133][  0]SourceControl: Source control is disabled
[2019.06.05-16.51.25:138][  0]SourceControl: Source control is disabled
[2019.06.05-16.51.25:142][  0]SourceControl: Source control is disabled
[2019.06.05-16.51.25:331][  0]LogAndroidPermission: UAndroidPermissionCallbackProxy::GetInstance
[2019.06.05-16.51.25:531][  0]LogOcInput: OculusInput pre-init called
[2019.06.05-16.51.27:006][  0]LogEngine: Initializing Engine...
[2019.06.05-16.51.27:007][  0]LogHMD: Failed to initialize OpenVR with code 110
[2019.06.05-16.51.27:009][  0]LogStats: UGameplayTagsManager::InitializeManager -  0.000 s
[2019.06.05-16.51.27:360][  0]LogInit: Initializing FReadOnlyCVARCache
[2019.06.05-16.51.27:398][  0]LogAIModule: Creating AISystem for world Untitled
[2019.06.05-16.51.27:445][  0]LogInit: XAudio2 using 'Haut-parleurs (CONEXANT USB AUDIO)' : 2 channels at 48 kHz using 16 bits per sample (channel mask 0x3)
[2019.06.05-16.51.27:521][  0]LogInit: FAudioDevice initialized.
[2019.06.05-16.51.27:522][  0]LogNetVersion: Set ProjectVersion to 1.0.0.0. Version Checksum will be recalculated on next use.
[2019.06.05-16.51.27:742][  0]LogDerivedDataCache: Saved boot cache 0.22s 71MB C:/Users/steve/AppData/Local/UnrealEngine/4.22/DerivedDataCache/Boot.ddc.
[2019.06.05-16.51.27:761][  0]LogInit: Texture streaming: Enabled
[2019.06.05-16.51.27:808][  0]LogEngineSessionManager: EngineSessionManager initialized
[2019.06.05-16.51.27:852][  0]LogInit: Transaction tracking system initialized
[2019.06.05-16.51.27:912][  0]BlueprintLog: New page: Editor Load
[2019.06.05-16.51.28:086][  0]LocalizationService: Localization service is disabled
[2019.06.05-16.51.28:761][  0]LogFileCache: Scanning file cache for directory 'C:/Users/steve/Desktop/FabulousGameStudio/FabulousGameStudio/Content/' took 0.03s
[2019.06.05-16.51.28:761][  0]LogCook: Display: Max memory allowance for cook 16384mb min free memory 0mb
[2019.06.05-16.51.28:761][  0]LogCook: Display: Mobile HDR setting 1
[2019.06.05-16.51.29:318][  0]SourceControl: Source control is disabled
[2019.06.05-16.51.29:318][  0]Cmd: MAP LOAD FILE="../../../../../../Users/steve/Desktop/FabulousGameStudio/FabulousGameStudio/Content/ThirdPersonBP/Maps/MainMenu.umap" TEMPLATE=0 SHOWPROGRESS=1 FEATURELEVEL=3
[2019.06.05-16.51.29:319][  0]LightingResults: New page: Lighting Build
[2019.06.05-16.51.29:328][  0]MapCheck: New page: Map Check
[2019.06.05-16.51.29:328][  0]LightingResults: New page: Lighting Build
[2019.06.05-16.51.29:398][  0]LogUObjectHash: Compacting FUObjectHashTables data took   7.00ms
[2019.06.05-16.51.29:564][  0]LogAIModule: Creating AISystem for world MainMenu
[2019.06.05-16.51.29:567][  0]LogEditorServer: Finished looking for orphan Actors (0.000 secs)
[2019.06.05-16.51.29:630][  0]LogUObjectHash: Compacting FUObjectHashTables data took   5.23ms
[2019.06.05-16.51.29:642][  0]Cmd: MAP CHECKDEP NOCLEARLOG
[2019.06.05-16.51.29:643][  0]MapCheck: Map check complete: 0 Error(s), 0 Warning(s), took 0,315ms to complete.
[2019.06.05-16.51.29:643][  0]LogFileHelpers: Loading map 'MainMenu' took 0.325
[2019.06.05-16.51.29:901][  0]LogSlate: Updating window title bar state: overlay mode, drag disabled, window buttons hidden, title bar hidden
[2019.06.05-16.51.29:914][  0]LogSlate: Updating window title bar state: overlay mode, drag disabled, window buttons hidden, title bar hidden
[2019.06.05-16.51.29:927][  0]LogSlate: Updating window title bar state: overlay mode, drag disabled, window buttons hidden, title bar hidden
[2019.06.05-16.51.29:938][  0]LogSlate: Updating window title bar state: overlay mode, drag disabled, window buttons hidden, title bar hidden
[2019.06.05-16.51.29:954][  0]LogCollectionManager: Loaded 0 collections in 0.004778 seconds
[2019.06.05-16.51.30:000][  0]LogFileCache: Scanning file cache for directory 'C:/Users/steve/Desktop/FabulousGameStudio/FabulousGameStudio/Saved/Collections/' took 0.01s
[2019.06.05-16.51.30:000][  0]LogFileCache: Scanning file cache for directory 'C:/Users/steve/Desktop/FabulousGameStudio/FabulousGameStudio/Content/Developers/steve/Collections/' took 0.01s
[2019.06.05-16.51.30:000][  0]LogFileCache: Scanning file cache for directory 'C:/Users/steve/Desktop/FabulousGameStudio/FabulousGameStudio/Content/Collections/' took 0.01s
[2019.06.05-16.51.30:000][  0]LogCollectionManager: Rebuilt the GUID cache for 0 collections in 0.000000 seconds
[2019.06.05-16.51.30:013][  0]LogContentBrowser: Native class hierarchy populated in 0.0128 seconds. Added 2758 classes and 669 folders.
[2019.06.05-16.51.30:033][  0]LogContentBrowser: Native class hierarchy updated for 'WidgetCarousel' in 0.0004 seconds. Added 0 classes and 0 folders.
[2019.06.05-16.51.30:036][  0]LogPakFile: Registered encryption key '00000000000000000000000000000000': 0 pak files mounted, 0 remain pending
[2019.06.05-16.51.30:038][  0]LogPakFile: Registered encryption key '00000000000000000000000000000000': 0 pak files mounted, 0 remain pending
[2019.06.05-16.51.30:039][  0]LogPakFile: Registered encryption key '00000000000000000000000000000000': 0 pak files mounted, 0 remain pending
[2019.06.05-16.51.30:040][  0]LogPakFile: Registered encryption key '00000000000000000000000000000000': 0 pak files mounted, 0 remain pending
[2019.06.05-16.51.30:042][  0]LogPakFile: Registered encryption key '00000000000000000000000000000000': 0 pak files mounted, 0 remain pending
[2019.06.05-16.51.30:043][  0]LogPakFile: Registered encryption key '00000000000000000000000000000000': 0 pak files mounted, 0 remain pending
[2019.06.05-16.51.30:044][  0]LogPakFile: Registered encryption key '00000000000000000000000000000000': 0 pak files mounted, 0 remain pending
[2019.06.05-16.51.30:045][  0]LogPakFile: Registered encryption key '00000000000000000000000000000000': 0 pak files mounted, 0 remain pending
[2019.06.05-16.51.30:046][  0]LogPakFile: Registered encryption key '00000000000000000000000000000000': 0 pak files mounted, 0 remain pending
[2019.06.05-16.51.30:047][  0]LogPakFile: Registered encryption key '00000000000000000000000000000000': 0 pak files mounted, 0 remain pending
[2019.06.05-16.51.30:048][  0]LogPakFile: Registered encryption key '00000000000000000000000000000000': 0 pak files mounted, 0 remain pending
[2019.06.05-16.51.30:050][  0]LogPakFile: Registered encryption key '00000000000000000000000000000000': 0 pak files mounted, 0 remain pending
[2019.06.05-16.51.30:051][  0]LogPakFile: Registered encryption key '00000000000000000000000000000000': 0 pak files mounted, 0 remain pending
[2019.06.05-16.51.30:052][  0]LogPakFile: Registered encryption key '00000000000000000000000000000000': 0 pak files mounted, 0 remain pending
[2019.06.05-16.51.30:053][  0]LogPakFile: Registered encryption key '00000000000000000000000000000000': 0 pak files mounted, 0 remain pending
[2019.06.05-16.51.30:054][  0]LogPakFile: Registered encryption key '00000000000000000000000000000000': 0 pak files mounted, 0 remain pending
[2019.06.05-16.51.30:055][  0]LogPakFile: Registered encryption key '00000000000000000000000000000000': 0 pak files mounted, 0 remain pending
[2019.06.05-16.51.30:056][  0]LogPakFile: Registered encryption key '00000000000000000000000000000000': 0 pak files mounted, 0 remain pending
[2019.06.05-16.51.30:057][  0]LogPakFile: Registered encryption key '00000000000000000000000000000000': 0 pak files mounted, 0 remain pending
[2019.06.05-16.51.30:058][  0]LogPakFile: Registered encryption key '00000000000000000000000000000000': 0 pak files mounted, 0 remain pending
[2019.06.05-16.51.30:059][  0]LogPakFile: Registered encryption key '00000000000000000000000000000000': 0 pak files mounted, 0 remain pending
[2019.06.05-16.51.30:060][  0]LogPakFile: Registered encryption key '00000000000000000000000000000000': 0 pak files mounted, 0 remain pending
[2019.06.05-16.51.30:061][  0]LogPakFile: Registered encryption key '00000000000000000000000000000000': 0 pak files mounted, 0 remain pending
[2019.06.05-16.51.30:062][  0]LogPakFile: Registered encryption key '00000000000000000000000000000000': 0 pak files mounted, 0 remain pending
[2019.06.05-16.51.30:063][  0]LogPakFile: Registered encryption key '00000000000000000000000000000000': 0 pak files mounted, 0 remain pending
[2019.06.05-16.51.30:065][  0]LogPakFile: Registered encryption key '00000000000000000000000000000000': 0 pak files mounted, 0 remain pending
[2019.06.05-16.51.30:186][  0]LogContentBrowser: Native class hierarchy updated for 'AddContentDialog' in 0.0004 seconds. Added 0 classes and 0 folders.
[2019.06.05-16.51.30:196][  0]LogContentBrowser: Native class hierarchy updated for 'SceneOutliner' in 0.0005 seconds. Added 1 classes and 2 folders.
[2019.06.05-16.51.30:313][  0]LogSlate: Took 0.000517 seconds to synchronously load lazily loaded font '../../../Engine/Content/Slate/Fonts/Roboto-Regular.ttf' (155K)
[2019.06.05-16.51.30:321][  0]LogSlate: Took 0.000569 seconds to synchronously load lazily loaded font '../../../Engine/Content/Slate/Fonts/Roboto-Bold.ttf' (160K)
[2019.06.05-16.51.30:336][  0]LogSlate: Took 0.000571 seconds to synchronously load lazily loaded font '../../../Engine/Content/Editor/Slate/Fonts/FontAwesome.ttf' (139K)
[2019.06.05-16.51.30:455][  0]LogRenderer: Reallocating scene render targets to support 1172x672 Format 10 NumSamples 1 (Frame:1).
[2019.06.05-16.51.30:798][  0]LogContentBrowser: Native class hierarchy updated for 'HierarchicalLODOutliner' in 0.0004 seconds. Added 0 classes and 0 folders.
[2019.06.05-16.51.30:798][  0]LogLoad: (Engine Initialization) Total time: 21.97 seconds
[2019.06.05-16.51.30:798][  0]LogLoad: (Engine Initialization) Total Blueprint compile time: 0.00 seconds
[2019.06.05-16.51.30:810][  0]LogWindowsTextInputMethodSystem: Display: IME system now deactivated.
[2019.06.05-16.51.30:862][  0]LogContentStreaming: Texture pool size now 1000 MB
[2019.06.05-16.51.30:899][  0]LogSlate: Took 0.000356 seconds to synchronously load lazily loaded font '../../../Engine/Content/Slate/Fonts/Roboto-Light.ttf' (167K)
[2019.06.05-16.51.30:939][  1]LogAssetRegistry: Asset discovery search completed in 10.6511 seconds
[2019.06.05-16.51.30:942][  1]LogCollectionManager: Rebuilt the object cache for 0 collections in 0.000000 seconds (found 0 objects)
[2019.06.05-16.51.30:942][  1]LogCollectionManager: Fixed up redirectors for 0 collections in 0.000084 seconds (updated 0 objects)
[2019.06.05-16.51.31:893][ 26]LogSlate: Took 0.000458 seconds to synchronously load lazily loaded font '../../../Engine/Content/Slate/Fonts/Roboto-Light.ttf' (167K)
[2019.06.05-16.51.33:863][106]LogSlate: FSceneViewport::OnFocusLost() reason 0
[2019.06.05-16.51.33:936][109]LogSlate: Window 'Plugins' being destroyed
[2019.06.05-16.51.33:951][109]LogSlate: Window 'Plugins' being destroyed
[2019.06.05-16.51.33:952][109]LogDirectoryWatcher: A directory notification for '../../../Engine/Plugins/' was aborted.
[2019.06.05-16.51.35:806][160]LogSlate: FSceneViewport::OnFocusLost() reason 0
[2019.06.05-16.51.36:014][165]LogAssetEditorManager: Opening Asset editor for WidgetBlueprint /Game/UI/SearchGame.SearchGame
[2019.06.05-16.51.36:489][165]LogContentBrowser: Native class hierarchy updated for 'BlueprintGraph' in 0.0008 seconds. Added 121 classes and 0 folders.
[2019.06.05-16.51.37:707][165]LogBlueprintActionDatabase: Requesting refresh due to module change: SequencerWidgets (loaded)
[2019.06.05-16.51.38:205][165]LogSlate: Took 0.000429 seconds to synchronously load lazily loaded font '../../../Engine/Content/Slate/Fonts/Roboto-BoldCondensed.ttf' (158K)
[2019.06.05-16.51.40:584][225]LogSlate: Took 0.002153 seconds to synchronously load lazily loaded font '../../../Engine/Content/Slate/Fonts/Roboto-Italic.ttf' (157K)
[2019.06.05-16.51.48:176][427]LogAssetEditorManager: Opening Asset editor for WidgetBlueprint /Game/UI/MainMenu.MainMenu
[2019.06.05-16.52.04:322][940]LogAssetEditorManager: Opening Asset editor for WidgetBlueprint /Game/UI/HostGame.HostGame
[2019.06.05-16.52.30:205][711]LogAssetEditorManager: Opening Asset editor for Blueprint /Game/ThirdPersonBP/Blueprints/ThirdPersonCharacter.ThirdPersonCharacter
[2019.06.05-16.52.51:510][335]LogSlate: Window 'ThirdPersonCharacter' being destroyed
[2019.06.05-16.52.51:525][335]LogSlate: Window 'ThirdPersonCharacter' being destroyed
[2019.06.05-16.53.05:598][617]LogAIModule: Creating AISystem for world ThirdPersonExampleMap
[2019.06.05-16.53.05:629][617]LogAssetEditorManager: Opening Asset editor for World /Game/ThirdPersonBP/Maps/ThirdPersonExampleMap.ThirdPersonExampleMap
[2019.06.05-16.53.05:767][617]LogUObjectHash: Compacting FUObjectHashTables data took   9.69ms
[2019.06.05-16.53.05:769][617]Cmd: MAP LOAD FILE="../../../../../../Users/steve/Desktop/FabulousGameStudio/FabulousGameStudio/Content/ThirdPersonBP/Maps/ThirdPersonExampleMap.umap" TEMPLATE=0 SHOWPROGRESS=1 FEATURELEVEL=3
[2019.06.05-16.53.05:769][617]LightingResults: New page: Lighting Build
[2019.06.05-16.53.05:770][617]LoadErrors: New page: Loading map: ThirdPersonExampleMap.umap
[2019.06.05-16.53.05:771][617]MapCheck: New page: Map Check
[2019.06.05-16.53.05:771][617]LightingResults: New page: Lighting Build
[2019.06.05-16.53.05:853][617]LogUObjectHash: Compacting FUObjectHashTables data took   6.96ms
[2019.06.05-16.53.06:016][617]LogEditorServer: Finished looking for orphan Actors (0.000 secs)
[2019.06.05-16.53.06:061][617]LogUObjectHash: Compacting FUObjectHashTables data took   3.67ms
[2019.06.05-16.53.06:086][617]Cmd: MAP CHECKDEP NOCLEARLOG
[2019.06.05-16.53.06:086][617]MapCheck: Map check complete: 0 Error(s), 0 Warning(s), took 0,206ms to complete.
[2019.06.05-16.53.06:086][617]LogFileHelpers: Loading map 'ThirdPersonExampleMap' took 0.318
[2019.06.05-16.53.13:827][796]LogEditorViewport: Clicking on Actor (LMB): StaticMeshActor (Floor)
[2019.06.05-16.53.20:049][929]LogSlate: FSceneViewport::OnFocusLost() reason 0
[2019.06.05-16.53.46:823][329]LogUObjectHash: Compacting FUObjectHashTables data took   1.57ms
[2019.06.05-16.53.46:903][329]LogSlate: Window 'FGS_Steam - Unreal Editor' being destroyed
[2019.06.05-16.53.46:904][329]LogWindowsTextInputMethodSystem: Display: IME system now deactivated.
[2019.06.05-16.53.47:332][330]Cmd: QUIT_EDITOR
[2019.06.05-16.53.47:417][330]LogExit: Preparing to exit.
[2019.06.05-16.53.48:324][330]LogExit: Editor shut down
[2019.06.05-16.53.48:325][330]LogExit: Transaction tracking system shut down
[2019.06.05-16.53.48:838][330]LogExit: Object subsystem successfully closed.
[2019.06.05-16.53.48:869][330]LogShaderCompilers: Display: Shaders left to compile 0
[2019.06.05-16.53.48:876][330]LogD3D11RHI: Shutdown
[2019.06.05-16.53.48:876][330]LogD3D11RHI: CleanupD3DDevice
[2019.06.05-16.53.48:879][330]LogRendererCore: FGlobalReadBuffer::ReleaseRHI
[2019.06.05-16.53.48:879][330]LogRendererCore: FGlobalDynamicReadBuffer::Cleanup()
[2019.06.05-16.53.48:880][330]LogRendererCore: FGlobalReadBuffer::ReleaseRHI
[2019.06.05-16.53.48:880][330]LogRendererCore: FGlobalDynamicReadBuffer::Cleanup()
[2019.06.05-16.53.48:880][330]LogRendererCore: FGlobalReadBuffer::ReleaseRHI
[2019.06.05-16.53.48:880][330]LogRendererCore: FGlobalDynamicReadBuffer::Cleanup()
[2019.06.05-16.53.49:073][330]LogD3D11RHI: ~FD3D11DynamicRHI
[2019.06.05-16.53.49:162][330]LogModuleManager: Shutting down and abandoning module SequencerWidgets (652)
[2019.06.05-16.53.49:162][330]LogModuleManager: Shutting down and abandoning module BlueprintGraph (650)
[2019.06.05-16.53.49:162][330]LogModuleManager: Shutting down and abandoning module HierarchicalLODOutliner (648)
[2019.06.05-16.53.49:162][330]LogModuleManager: Shutting down and abandoning module SceneOutliner (646)
[2019.06.05-16.53.49:162][330]LogModuleManager: Shutting down and abandoning module AddContentDialog (644)
[2019.06.05-16.53.49:164][330]LogModuleManager: Shutting down and abandoning module WidgetCarousel (643)
[2019.06.05-16.53.49:164][330]LogModuleManager: Shutting down and abandoning module EditorWidgets (640)
[2019.06.05-16.53.49:164][330]LogModuleManager: Shutting down and abandoning module CollectionManager (638)
[2019.06.05-16.53.49:164][330]LogModuleManager: Shutting down and abandoning module StatsViewer (636)
[2019.06.05-16.53.49:164][330]LogModuleManager: Shutting down and abandoning module FoliageEdit (634)
[2019.06.05-16.53.49:164][330]LogModuleManager: Shutting down and abandoning module LandscapeEditor (632)
[2019.06.05-16.53.49:165][330]LogModuleManager: Shutting down and abandoning module MeshPaintMode (630)
[2019.06.05-16.53.49:165][330]LogModuleManager: Shutting down and abandoning module SceneDepthPickerMode (628)
[2019.06.05-16.53.49:165][330]LogModuleManager: Shutting down and abandoning module ActorPickerMode (626)
[2019.06.05-16.53.49:165][330]LogModuleManager: Shutting down and abandoning module GeometryMode (624)
[2019.06.05-16.53.49:165][330]LogModuleManager: Shutting down and abandoning module TextureAlignMode (622)
[2019.06.05-16.53.49:165][330]LogModuleManager: Shutting down and abandoning module BspMode (620)
[2019.06.05-16.53.49:165][330]LogModuleManager: Shutting down and abandoning module PIEPreviewDeviceProfileSelector (618)
[2019.06.05-16.53.49:167][330]LogModuleManager: Shutting down and abandoning module SequenceRecorderSections (616)
[2019.06.05-16.53.49:167][330]LogModuleManager: Shutting down and abandoning module AutomationWorker (614)
[2019.06.05-16.53.49:167][330]LogModuleManager: Shutting down and abandoning module OculusMR (612)
[2019.06.05-16.53.49:167][330]LogModuleManager: Shutting down and abandoning module AudioCaptureEditor (610)
[2019.06.05-16.53.49:167][330]LogModuleManager: Shutting down and abandoning module MatineeToLevelSequence (608)
[2019.06.05-16.53.49:167][330]LogModuleManager: Shutting down and abandoning module LevelSequenceEditor (606)
[2019.06.05-16.53.49:167][330]LogModuleManager: Shutting down and abandoning module PlacementMode (605)
[2019.06.05-16.53.49:167][330]LogModuleManager: Shutting down and abandoning module MaterialEditor (604)
[2019.06.05-16.53.49:169][330]LogModuleManager: Shutting down and abandoning module ActorSequenceEditor (600)
[2019.06.05-16.53.49:169][330]LogModuleManager: Shutting down and abandoning module WmfMediaFactory (598)
[2019.06.05-16.53.49:169][330]LogModuleManager: Shutting down and abandoning module WmfMediaEditor (596)
[2019.06.05-16.53.49:169][330]LogModuleManager: Shutting down and abandoning module WebMMediaFactory (594)
[2019.06.05-16.53.49:169][330]LogModuleManager: Shutting down and abandoning module WebMMediaEditor (592)
[2019.06.05-16.53.49:169][330]LogModuleManager: Shutting down and abandoning module WebMMedia (590)
[2019.06.05-16.53.49:169][330]LogModuleManager: Shutting down and abandoning module MediaPlayerEditor (588)
[2019.06.05-16.53.49:169][330]LogModuleManager: Shutting down and abandoning module MediaCompositingEditor (586)
[2019.06.05-16.53.49:170][330]LogModuleManager: Shutting down and abandoning module SequenceRecorder (585)
[2019.06.05-16.53.49:170][330]LogModuleManager: Shutting down and abandoning module OpenExrWrapper (582)
[2019.06.05-16.53.49:170][330]LogModuleManager: Shutting down and abandoning module ImgMediaFactory (580)
[2019.06.05-16.53.49:170][330]LogModuleManager: Shutting down and abandoning module ImgMediaEditor (578)
[2019.06.05-16.53.49:170][330]LogModuleManager: Shutting down and abandoning module AvfMediaFactory (576)
[2019.06.05-16.53.49:170][330]LogModuleManager: Shutting down and abandoning module AvfMediaEditor (574)
[2019.06.05-16.53.49:170][330]LogModuleManager: Shutting down and abandoning module AndroidMediaFactory (572)
[2019.06.05-16.53.49:170][330]LogModuleManager: Shutting down and abandoning module AndroidMediaEditor (570)
[2019.06.05-16.53.49:170][330]LogModuleManager: Shutting down and abandoning module MagicLeapCameraPreviewFactory (568)
[2019.06.05-16.53.49:170][330]LogModuleManager: Shutting down and abandoning module MagicLeapMediaCodecFactory (566)
[2019.06.05-16.53.49:170][330]LogModuleManager: Shutting down and abandoning module MagicLeapMediaFactory (564)
[2019.06.05-16.53.49:170][330]LogModuleManager: Shutting down and abandoning module MagicLeapMediaEditor (562)
[2019.06.05-16.53.49:170][330]LogModuleManager: Shutting down and abandoning module CharacterAI (560)
[2019.06.05-16.53.49:170][330]LogModuleManager: Shutting down and abandoning module SmartSnapping (558)
[2019.06.05-16.53.49:170][330]LogModuleManager: Shutting down and abandoning module SessionServices (556)
[2019.06.05-16.53.49:170][330]LogModuleManager: Shutting down and abandoning module MeshPaint (554)
[2019.06.05-16.53.49:170][330]LogModuleManager: Shutting down and abandoning module ViewportSnapping (552)
[2019.06.05-16.53.49:170][330]LogModuleManager: Shutting down and abandoning module ViewportInteraction (550)
[2019.06.05-16.53.49:170][330]LogModuleManager: Shutting down and abandoning module ClothPainter (548)
[2019.06.05-16.53.49:170][330]LogModuleManager: Shutting down and abandoning module SkeletalMeshEditor (547)
[2019.06.05-16.53.49:171][330]LogModuleManager: Shutting down and abandoning module LogVisualizer (544)
[2019.06.05-16.53.49:171][330]LogModuleManager: Shutting down and abandoning module IntroTutorials (542)
[2019.06.05-16.53.49:171][330]LogModuleManager: Shutting down and abandoning module GameProjectGeneration (541)
[2019.06.05-16.53.49:172][330]LogModuleManager: Shutting down and abandoning module LuminPlatformEditor (538)
[2019.06.05-16.53.49:172][330]LogModuleManager: Shutting down and abandoning module IOSPlatformEditor (536)
[2019.06.05-16.53.49:172][330]LogModuleManager: Shutting down and abandoning module HTML5PlatformEditor (534)
[2019.06.05-16.53.49:172][330]LogModuleManager: Shutting down and abandoning module AndroidPlatformEditor (532)
[2019.06.05-16.53.49:172][330]LogModuleManager: Shutting down and abandoning module AndroidDeviceDetection (531)
[2019.06.05-16.53.49:268][330]LogModuleManager: Shutting down and abandoning module WindowsPlatformEditor (528)
[2019.06.05-16.53.49:268][330]LogModuleManager: Shutting down and abandoning module LuminRuntimeSettings (526)
[2019.06.05-16.53.49:268][330]LogModuleManager: Shutting down and abandoning module IOSRuntimeSettings (524)
[2019.06.05-16.53.49:268][330]LogModuleManager: Shutting down and abandoning module AndroidRuntimeSettings (522)
[2019.06.05-16.53.49:268][330]LogModuleManager: Shutting down and abandoning module TimeManagementEditor (520)
[2019.06.05-16.53.49:268][330]LogModuleManager: Shutting down and abandoning module InputBindingEditor (518)
[2019.06.05-16.53.49:268][330]LogModuleManager: Shutting down and abandoning module MergeActors (516)
[2019.06.05-16.53.49:268][330]LogModuleManager: Shutting down and abandoning module LocalizationDashboard (514)
[2019.06.05-16.53.49:268][330]LogModuleManager: Shutting down and abandoning module LocalizationService (513)
[2019.06.05-16.53.49:268][330]LogModuleManager: Shutting down and abandoning module HardwareTargeting (510)
[2019.06.05-16.53.49:268][330]LogModuleManager: Shutting down and abandoning module DeviceProfileEditor (508)
[2019.06.05-16.53.49:268][330]LogModuleManager: Shutting down and abandoning module UndoHistory (506)
[2019.06.05-16.53.49:268][330]LogModuleManager: Shutting down and abandoning module XmlParser (504)
[2019.06.05-16.53.49:268][330]LogModuleManager: Shutting down and abandoning module Blutility (502)
[2019.06.05-16.53.49:268][330]LogModuleManager: Shutting down and abandoning module ProjectSettingsViewer (500)
[2019.06.05-16.53.49:268][330]LogModuleManager: Shutting down and abandoning module ProjectTargetPlatformEditor (499)
[2019.06.05-16.53.49:268][330]LogModuleManager: Shutting down and abandoning module EditorSettingsViewer (496)
[2019.06.05-16.53.49:268][330]LogModuleManager: Shutting down and abandoning module SettingsEditor (494)
[2019.06.05-16.53.49:268][330]LogModuleManager: Shutting down and abandoning module ProjectLauncher (492)
[2019.06.05-16.53.49:269][330]LogModuleManager: Shutting down and abandoning module SessionFrontend (490)
[2019.06.05-16.53.49:269][330]LogModuleManager: Shutting down and abandoning module ProfilerClient (488)
[2019.06.05-16.53.49:269][330]LogModuleManager: Shutting down and abandoning module DeviceManager (486)
[2019.06.05-16.53.49:269][330]LogModuleManager: Shutting down and abandoning module TargetDeviceServices (485)
[2019.06.05-16.53.49:310][330]LogModuleManager: Shutting down and abandoning module AutomationController (482)
[2019.06.05-16.53.49:310][330]LogModuleManager: Shutting down and abandoning module AutomationWindow (480)
[2019.06.05-16.53.49:310][330]LogModuleManager: Shutting down and abandoning module Layers (478)
[2019.06.05-16.53.49:310][330]LogModuleManager: Shutting down and abandoning module ComponentVisualizers (476)
[2019.06.05-16.53.49:310][330]LogModuleManager: Shutting down and abandoning module DetailCustomizations (474)
[2019.06.05-16.53.49:311][330]LogModuleManager: Shutting down and abandoning module PackagesDialog (472)
[2019.06.05-16.53.49:311][330]LogModuleManager: Shutting down and abandoning module AnimationBlueprintEditor (470)
[2019.06.05-16.53.49:312][330]LogModuleManager: Shutting down and abandoning module Persona (468)
[2019.06.05-16.53.49:312][330]LogModuleManager: Shutting down and abandoning module AdvancedPreviewScene (467)
[2019.06.05-16.53.49:312][330]LogModuleManager: Shutting down and abandoning module AnimGraph (465)
[2019.06.05-16.53.49:312][330]LogModuleManager: Shutting down and abandoning module Kismet (462)
[2019.06.05-16.53.49:318][330]LogModuleManager: Shutting down and abandoning module GraphEditor (460)
[2019.06.05-16.53.49:318][330]LogModuleManager: Shutting down and abandoning module ClassViewer (458)
[2019.06.05-16.53.49:318][330]LogModuleManager: Shutting down and abandoning module Toolbox (456)
[2019.06.05-16.53.49:319][330]LogModuleManager: Shutting down and abandoning module ModuleUI (454)
[2019.06.05-16.53.49:319][330]LogModuleManager: Shutting down and abandoning module MovieSceneTools (452)
[2019.06.05-16.53.49:319][330]LogModuleManager: Shutting down and abandoning module OutputLog (450)
[2019.06.05-16.53.49:319][330]LogModuleManager: Shutting down and abandoning module GammaUI (448)
[2019.06.05-16.53.49:319][330]LogModuleManager: Shutting down and abandoning module Documentation (446)
[2019.06.05-16.53.49:319][330]LogModuleManager: Shutting down and abandoning module LiveCoding (444)
[2019.06.05-16.53.49:319][330]LogModuleManager: Shutting down and abandoning module LevelSequence (442)
[2019.06.05-16.53.49:319][330]LogModuleManager: Shutting down and abandoning module MovieSceneTracks (440)
[2019.06.05-16.53.49:319][330]LogModuleManager: Shutting down and abandoning module MovieScene (438)
[2019.06.05-16.53.49:319][330]LogModuleManager: Shutting down and abandoning module StreamingPauseRendering (436)
[2019.06.05-16.53.49:320][330]LogModuleManager: Shutting down and abandoning module LauncherPlatform (434)
[2019.06.05-16.53.49:320][330]LogModuleManager: Shutting down and abandoning module AnalyticsET (432)
[2019.06.05-16.53.49:320][330]LogModuleManager: Shutting down and abandoning module PortalServices (430)
[2019.06.05-16.53.49:320][330]LogModuleManager: Shutting down and abandoning module PortalRpc (428)
[2019.06.05-16.53.49:320][330]LogModuleManager: Shutting down and abandoning module MessagingRpc (426)
[2019.06.05-16.53.49:320][330]LogModuleManager: Shutting down and abandoning module AIModule (424)
[2019.06.05-16.53.49:320][330]LogModuleManager: Shutting down and abandoning module GameplayDebugger (423)
[2019.06.05-16.53.49:321][330]LogModuleManager: Shutting down and abandoning module AITestSuite (421)
[2019.06.05-16.53.49:321][330]LogModuleManager: Shutting down and abandoning module NavigationSystem (419)
[2019.06.05-16.53.49:321][330]LogModuleManager: Shutting down and abandoning module DesktopPlatform (416)
[2019.06.05-16.53.49:321][330]LogModuleManager: Shutting down and abandoning module ImageWriteQueue (414)
[2019.06.05-16.53.49:326][330]LogModuleManager: Shutting down and abandoning module ProfilerService (412)
[2019.06.05-16.53.49:340][330]LogModuleManager: Shutting down and abandoning module TaskGraph (410)
[2019.06.05-16.53.49:340][330]LogModuleManager: Shutting down and abandoning module SteamVRController (408)
[2019.06.05-16.53.49:340][330]LogModuleManager: Shutting down and abandoning module ProceduralMeshComponentEditor (406)
[2019.06.05-16.53.49:340][330]LogModuleManager: Shutting down and abandoning module ProceduralMeshComponent (404)
[2019.06.05-16.53.49:341][330]LogModuleManager: Shutting down and abandoning module OculusEditor (402)
[2019.06.05-16.53.49:341][330]LogModuleManager: Shutting down and abandoning module OculusInput (400)
[2019.06.05-16.53.49:341][330]LogModuleManager: Shutting down and abandoning module MobilePatchingUtils (398)
[2019.06.05-16.53.49:341][330]LogModuleManager: Shutting down and abandoning module EditableMesh (396)
[2019.06.05-16.53.49:341][330]LogModuleManager: Shutting down and abandoning module CustomMeshComponent (394)
[2019.06.05-16.53.49:341][330]LogModuleManager: Shutting down and abandoning module CableComponent (392)
[2019.06.05-16.53.49:341][330]LogModuleManager: Shutting down and abandoning module AudioCapture (390)
[2019.06.05-16.53.49:341][330]LogModuleManager: Shutting down and abandoning module ArchVisCharacter (388)
[2019.06.05-16.53.49:341][330]LogModuleManager: Shutting down and abandoning module AndroidPermission (386)
[2019.06.05-16.53.49:341][330]LogModuleManager: Shutting down and abandoning module NUTUnrealEngine4 (384)
[2019.06.05-16.53.49:341][330]LogModuleManager: Shutting down and abandoning module NetcodeUnitTest (382)
[2019.06.05-16.53.49:341][330]LogModuleManager: Shutting down and abandoning module MediaCompositing (380)
[2019.06.05-16.53.49:341][330]LogModuleManager: Shutting down and abandoning module LinearTimecode (378)
[2019.06.05-16.53.49:341][330]LogModuleManager: Shutting down and abandoning module ImgMedia (376)
[2019.06.05-16.53.49:341][330]LogModuleManager: Shutting down and abandoning module MagicLeapHelperVulkan (374)
[2019.06.05-16.53.49:341][330]LogModuleManager: Shutting down and abandoning module MagicLeapHelperOpenGL (372)
[2019.06.05-16.53.49:341][330]LogModuleManager: Shutting down and abandoning module MagicLeapAudio (370)
[2019.06.05-16.53.49:341][330]LogModuleManager: Shutting down and abandoning module HTML5Networking (368)
[2019.06.05-16.53.49:342][330]LogModuleManager: Shutting down and abandoning module GeometryCacheTracks (366)
[2019.06.05-16.53.49:342][330]LogModuleManager: Shutting down and abandoning module GeometryCacheSequencer (364)
[2019.06.05-16.53.49:342][330]LogModuleManager: Shutting down and abandoning module BackChannel (362)
[2019.06.05-16.53.49:342][330]LogModuleManager: Shutting down and abandoning module AppleVision (360)
[2019.06.05-16.53.49:342][330]LogModuleManager: Shutting down and abandoning module AppleImageUtilsBlueprintSupport (358)
[2019.06.05-16.53.49:342][330]LogModuleManager: Shutting down and abandoning module AppleImageUtils (356)
[2019.06.05-16.53.49:342][330]LogModuleManager: Shutting down and abandoning module AlembicImporter (354)
[2019.06.05-16.53.49:342][330]LogModuleManager: Shutting down and abandoning module AlembicLibrary (353)
[2019.06.05-16.53.49:342][330]LogModuleManager: Shutting down and abandoning module GeometryCache (352)
[2019.06.05-16.53.49:342][330]LogModuleManager: Shutting down and abandoning module GeometryCacheEd (351)
[2019.06.05-16.53.49:342][330]LogModuleManager: Shutting down and abandoning module VariantManagerContent (346)
[2019.06.05-16.53.49:342][330]LogModuleManager: Shutting down and abandoning module DatasmithContentEditor (344)
[2019.06.05-16.53.49:344][330]LogModuleManager: Shutting down and abandoning module SpeedTreeImporter (342)
[2019.06.05-16.53.49:344][330]LogModuleManager: Shutting down and abandoning module PluginBrowser (340)
[2019.06.05-16.53.49:344][330]LogModuleManager: Shutting down and abandoning module MobileLauncherProfileWizard (338)
[2019.06.05-16.53.49:344][330]LogModuleManager: Shutting down and abandoning module MaterialAnalyzer (336)
[2019.06.05-16.53.49:344][330]LogModuleManager: Shutting down and abandoning module CryptoKeysOpenSSL (334)
[2019.06.05-16.53.49:344][330]LogModuleManager: Shutting down and abandoning module CryptoKeys (332)
[2019.06.05-16.53.49:344][330]LogModuleManager: Shutting down and abandoning module VisualStudioSourceCodeAccess (330)
[2019.06.05-16.53.49:344][330]LogModuleManager: Shutting down and abandoning module VisualStudioCodeSourceCodeAccess (328)
[2019.06.05-16.53.49:344][330]LogModuleManager: Shutting down and abandoning module UObjectPlugin (326)
[2019.06.05-16.53.49:344][330]LogModuleManager: Shutting down and abandoning module SubversionSourceControl (324)
[2019.06.05-16.53.49:344][330]LogModuleManager: Shutting down and abandoning module PerforceSourceControl (322)
[2019.06.05-16.53.49:344][330]LogModuleManager: Shutting down and abandoning module GitSourceControl (320)
[2019.06.05-16.53.49:344][330]LogModuleManager: Shutting down and abandoning module SourceControl (319)
[2019.06.05-16.53.49:345][330]LogModuleManager: Shutting down and abandoning module CLionSourceCodeAccess (316)
[2019.06.05-16.53.49:345][330]LogModuleManager: Shutting down and abandoning module AnimationSharingEd (314)
[2019.06.05-16.53.49:345][330]LogModuleManager: Shutting down and abandoning module ActorLayerUtilitiesEditor (312)
[2019.06.05-16.53.49:345][330]LogModuleManager: Shutting down and abandoning module ActorLayerUtilities (310)
[2019.06.05-16.53.49:345][330]LogModuleManager: Shutting down and abandoning module LightPropagationVolumeEditor (308)
[2019.06.05-16.53.49:345][330]LogModuleManager: Shutting down and abandoning module PaperTiledImporter (306)
[2019.06.05-16.53.49:345][330]LogModuleManager: Shutting down and abandoning module PaperSpriteSheetImporter (304)
[2019.06.05-16.53.49:345][330]LogModuleManager: Shutting down and abandoning module Paper2DEditor (302)
[2019.06.05-16.53.49:345][330]LogModuleManager: Shutting down and abandoning module SignificanceManager (300)
[2019.06.05-16.53.49:345][330]LogModuleManager: Shutting down and abandoning module RuntimePhysXCooking (298)
[2019.06.05-16.53.49:345][330]LogModuleManager: Shutting down and abandoning module PhysXVehiclesEditor (296)
[2019.06.05-16.53.49:345][330]LogModuleManager: Shutting down and abandoning module PhysXVehicles (294)
[2019.06.05-16.53.49:345][330]LogModuleManager: Shutting down and abandoning module LocationServicesBPLibrary (292)
[2019.06.05-16.53.49:346][330]LogModuleManager: Shutting down and abandoning module ActorSequence (290)
[2019.06.05-16.53.49:346][330]LogModuleManager: Shutting down and abandoning module UdpMessaging (288)
[2019.06.05-16.53.49:446][330]LogModuleManager: Shutting down and abandoning module TcpMessaging (286)
[2019.06.05-16.53.49:547][330]LogModuleManager: Shutting down and abandoning module MagicLeapIdentity (284)
[2019.06.05-16.53.49:547][330]LogModuleManager: Shutting down and abandoning module MagicLeapSecureStorage (282)
[2019.06.05-16.53.49:547][330]LogModuleManager: Shutting down and abandoning module MagicLeapHandTracking (280)
[2019.06.05-16.53.49:548][330]LogModuleManager: Shutting down and abandoning module MagicLeapEyeTracker (278)
[2019.06.05-16.53.49:548][330]LogModuleManager: Shutting down and abandoning module MagicLeapController (276)
[2019.06.05-16.53.49:548][330]LogSlate: Slate User Destroyed.  User Index 0, Is Virtual User: 0
[2019.06.05-16.53.49:548][330]LogModuleManager: Shutting down and abandoning module MagicLeapAR (274)
[2019.06.05-16.53.49:548][330]LogModuleManager: Shutting down and abandoning module AugmentedReality (273)
[2019.06.05-16.53.49:548][330]LogModuleManager: Shutting down and abandoning module GameplayTagsEditor (270)
[2019.06.05-16.53.49:548][330]LogModuleManager: Shutting down and abandoning module FacialAnimationEditor (268)
[2019.06.05-16.53.49:548][330]LogModuleManager: Shutting down and abandoning module FacialAnimation (266)
[2019.06.05-16.53.49:548][330]LogModuleManager: Shutting down and abandoning module DataValidation (264)
[2019.06.05-16.53.49:548][330]LogModuleManager: Shutting down and abandoning module AssetManagerEditor (262)
[2019.06.05-16.53.49:548][330]LogModuleManager: Shutting down and abandoning module LevelEditor (261)
[2019.06.05-16.53.49:550][330]LogModuleManager: Shutting down and abandoning module PixelInspectorModule (260)
[2019.06.05-16.53.49:550][330]LogModuleManager: Shutting down and abandoning module CommonMenuExtensions (258)
[2019.06.05-16.53.49:550][330]LogModuleManager: Shutting down and abandoning module MainFrame (256)
[2019.06.05-16.53.49:550][330]LogModuleManager: Shutting down and abandoning module HotReload (255)
[2019.06.05-16.53.49:551][330]LogModuleManager: Shutting down and abandoning module ContentBrowser (251)
[2019.06.05-16.53.49:552][330]LogModuleManager: Shutting down and abandoning module TreeMap (249)
[2019.06.05-16.53.49:552][330]LogModuleManager: Shutting down and abandoning module AnimationSharing (246)
[2019.06.05-16.53.49:552][330]LogModuleManager: Shutting down and abandoning module LightPropagationVolumeRuntime (244)
[2019.06.05-16.53.49:552][330]LogModuleManager: Shutting down and abandoning module AISupportModule (242)
[2019.06.05-16.53.49:552][330]LogModuleManager: Shutting down and abandoning module AdvancedSteamSessions (240)
[2019.06.05-16.53.49:552][330]LogModuleManager: Shutting down and abandoning module AdvancedSessions (238)
[2019.06.05-16.53.49:552][330]LogModuleManager: Shutting down and abandoning module Paper2D (236)
[2019.06.05-16.53.49:552][330]LogModuleManager: Shutting down and abandoning module WindowsMoviePlayer (234)
[2019.06.05-16.53.49:553][330]LogModuleManager: Shutting down and abandoning module WebMMoviePlayer (232)
[2019.06.05-16.53.49:553][330]LogModuleManager: Shutting down and abandoning module PacketHandler (230)
[2019.06.05-16.53.49:553][330]LogModuleManager: Shutting down and abandoning module ClothingSystemEditor (228)
[2019.06.05-16.53.49:553][330]LogModuleManager: Shutting down and abandoning module ClothingSystemRuntime (226)
[2019.06.05-16.53.49:555][330]LogModuleManager: Shutting down and abandoning module MediaAssets (224)
[2019.06.05-16.53.49:555][330]LogModuleManager: Shutting down and abandoning module Overlay (222)
[2019.06.05-16.53.49:555][330]LogModuleManager: Shutting down and abandoning module OverlayEditor (221)
[2019.06.05-16.53.49:555][330]LogModuleManager: Shutting down and abandoning module VREditor (218)
[2019.06.05-16.53.49:556][330]LogModuleManager: Shutting down and abandoning module StringTableEditor (216)
[2019.06.05-16.53.49:557][330]LogModuleManager: Shutting down and abandoning module GameplayTasksEditor (214)
[2019.06.05-16.53.49:557][330]LogModuleManager: Shutting down and abandoning module BehaviorTreeEditor (212)
[2019.06.05-16.53.49:559][330]LogModuleManager: Shutting down and abandoning module FunctionalTesting (210)
[2019.06.05-16.53.49:560][330]LogModuleManager: Shutting down and abandoning module CollisionAnalyzer (208)
[2019.06.05-16.53.49:562][330]LogModuleManager: Shutting down and abandoning module WorkspaceMenuStructure (207)
[2019.06.05-16.53.49:562][330]LogModuleManager: Shutting down and abandoning module UMG (204)
[2019.06.05-16.53.49:562][330]LogModuleManager: Shutting down and abandoning module UMGEditor (203)
[2019.06.05-16.53.49:562][330]LogModuleManager: Shutting down and abandoning module Sequencer (202)
[2019.06.05-16.53.49:563][330]LogModuleManager: Shutting down and abandoning module MessageLog (199)
[2019.06.05-16.53.49:563][330]LogModuleManager: Shutting down and abandoning module SlateReflector (194)
[2019.06.05-16.53.49:566][330]LogModuleManager: Shutting down and abandoning module Slate (192)
[2019.06.05-16.53.49:566][330]LogModuleManager: Shutting down and abandoning module EditorStyle (190)
[2019.06.05-16.53.49:567][330]LogModuleManager: Shutting down and abandoning module UnrealEd (188)
[2019.06.05-16.53.49:568][330]LogModuleManager: Shutting down and abandoning module MRMesh (186)
[2019.06.05-16.53.49:568][330]LogModuleManager: Shutting down and abandoning module SourceCodeAccess (184)
[2019.06.05-16.53.49:568][330]LogModuleManager: Shutting down and abandoning module HeadMountedDisplay (182)
[2019.06.05-16.53.49:568][330]LogModuleManager: Shutting down and abandoning module XAudio2 (180)
[2019.06.05-16.53.49:568][330]LogModuleManager: Shutting down and abandoning module Networking (178)
[2019.06.05-16.53.49:568][330]LogModuleManager: Shutting down and abandoning module Core (176)
[2019.06.05-16.53.49:568][330]LogModuleManager: Shutting down and abandoning module KismetCompiler (174)
[2019.06.05-16.53.49:568][330]LogModuleManager: Shutting down and abandoning module MeshUtilities (172)
[2019.06.05-16.53.49:568][330]LogModuleManager: Shutting down and abandoning module MeshMergeUtilities (171)
[2019.06.05-16.53.49:569][330]LogModuleManager: Shutting down and abandoning module MeshReductionInterface (170)
[2019.06.05-16.53.49:569][330]LogModuleManager: Shutting down and abandoning module SkeletalMeshReduction (169)
[2019.06.05-16.53.49:569][330]LogModuleManager: Shutting down and abandoning module ProxyLODMeshReduction (167)
[2019.06.05-16.53.49:572][330]LogModuleManager: Shutting down and abandoning module QuadricMeshReduction (165)
[2019.06.05-16.53.49:572][330]LogModuleManager: Shutting down and abandoning module MaterialBaking (161)
[2019.06.05-16.53.49:573][330]LogModuleManager: Shutting down and abandoning module DerivedDataCache (156)
[2019.06.05-16.53.49:574][330]LogDerivedDataCache: Shutdown
[2019.06.05-16.53.49:575][330]LogModuleManager: Shutting down and abandoning module XGEController (154)
[2019.06.05-16.53.49:575][330]LogModuleManager: Shutting down and abandoning module TargetPlatform (152)
[2019.06.05-16.53.49:576][330]LogModuleManager: Shutting down and abandoning module VulkanShaderFormat (151)
[2019.06.05-16.53.49:576][330]LogModuleManager: Shutting down and abandoning module ShaderFormatVectorVM (149)
[2019.06.05-16.53.49:577][330]LogModuleManager: Shutting down and abandoning module ShaderFormatOpenGL (147)
[2019.06.05-16.53.49:577][330]LogModuleManager: Shutting down and abandoning module ShaderFormatD3D (145)
[2019.06.05-16.53.49:578][330]LogModuleManager: Shutting down and abandoning module MetalShaderFormat (143)
[2019.06.05-16.53.49:578][330]LogModuleManager: Shutting down and abandoning module TextureFormatUncompressed (141)
[2019.06.05-16.53.49:578][330]LogModuleManager: Shutting down and abandoning module TextureFormatPVR (139)
[2019.06.05-16.53.49:578][330]LogModuleManager: Shutting down and abandoning module TextureFormatDXT (137)
[2019.06.05-16.53.49:578][330]LogModuleManager: Shutting down and abandoning module TextureFormatIntelISPCTexComp (135)
[2019.06.05-16.53.49:579][330]LogModuleManager: Shutting down and abandoning module TextureFormatASTC (133)
[2019.06.05-16.53.49:579][330]LogModuleManager: Shutting down and abandoning module ImageWrapper (132)
[2019.06.05-16.53.49:579][330]LogModuleManager: Shutting down and abandoning module TextureFormatAndroid (129)
[2019.06.05-16.53.49:579][330]LogModuleManager: Shutting down and abandoning module AudioFormatOpus (127)
[2019.06.05-16.53.49:580][330]LogModuleManager: Shutting down and abandoning module AudioFormatOgg (125)
[2019.06.05-16.53.49:580][330]LogModuleManager: Shutting down and abandoning module AudioFormatADPCM (123)
[2019.06.05-16.53.49:580][330]LogModuleManager: Shutting down and abandoning module LuminTargetPlatform (121)
[2019.06.05-16.53.49:582][330]LogModuleManager: Shutting down and abandoning module LinuxTargetPlatform (119)
[2019.06.05-16.53.49:582][330]LogModuleManager: Shutting down and abandoning module LinuxServerTargetPlatform (117)
[2019.06.05-16.53.49:582][330]LogModuleManager: Shutting down and abandoning module LinuxNoEditorTargetPlatform (115)
[2019.06.05-16.53.49:583][330]LogModuleManager: Shutting down and abandoning module LinuxClientTargetPlatform (113)
[2019.06.05-16.53.49:583][330]LogModuleManager: Shutting down and abandoning module TVOSTargetPlatform (111)
[2019.06.05-16.53.49:584][330]LogModuleManager: Shutting down and abandoning module Messaging (109)
[2019.06.05-16.53.49:584][330]LogModuleManager: Shutting down and abandoning module IOSTargetPlatform (107)
[2019.06.05-16.53.49:585][330]LogModuleManager: Shutting down and abandoning module HTML5TargetPlatform (105)
[2019.06.05-16.53.49:585][330]LogModuleManager: Shutting down and abandoning module AndroidTargetPlatform (103)
[2019.06.05-16.53.49:592][330]LogModuleManager: Shutting down and abandoning module WindowsTargetPlatform (101)
[2019.06.05-16.53.49:592][330]LogModuleManager: Shutting down and abandoning module WindowsServerTargetPlatform (99)
[2019.06.05-16.53.49:592][330]LogModuleManager: Shutting down and abandoning module WindowsNoEditorTargetPlatform (97)
[2019.06.05-16.53.49:592][330]LogModuleManager: Shutting down and abandoning module WindowsClientTargetPlatform (95)
[2019.06.05-16.53.49:592][330]LogModuleManager: Shutting down and abandoning module MacTargetPlatform (93)
[2019.06.05-16.53.49:592][330]LogModuleManager: Shutting down and abandoning module MacServerTargetPlatform (91)
[2019.06.05-16.53.49:592][330]LogModuleManager: Shutting down and abandoning module MacNoEditorTargetPlatform (89)
[2019.06.05-16.53.49:592][330]LogModuleManager: Shutting down and abandoning module MacClientTargetPlatform (87)
[2019.06.05-16.53.49:592][330]LogModuleManager: Shutting down and abandoning module AllDesktopTargetPlatform (85)
[2019.06.05-16.53.49:592][330]LogModuleManager: Shutting down and abandoning module InputCore (82)
[2019.06.05-16.53.49:592][330]LogModuleManager: Shutting down and abandoning module Settings (80)
[2019.06.05-16.53.49:592][330]LogModuleManager: Shutting down and abandoning module DirectoryWatcher (78)
[2019.06.05-16.53.49:593][330]LogModuleManager: Shutting down and abandoning module PhysXCooking (76)
[2019.06.05-16.53.49:593][330]LogModuleManager: Shutting down and abandoning module SteamVR (74)
[2019.06.05-16.53.49:593][330]LogHMD: Freeing OpenVRDLLHandle.
[2019.06.05-16.53.49:593][330]LogModuleManager: Shutting down and abandoning module OculusHMD (72)
[2019.06.05-16.53.49:594][330]LogModuleManager: Shutting down and abandoning module ExampleDeviceProfileSelector (70)
[2019.06.05-16.53.49:594][330]LogModuleManager: Shutting down and abandoning module LauncherChunkInstaller (68)
[2019.06.05-16.53.49:594][330]LogModuleManager: Shutting down and abandoning module OnlineBlueprintSupport (66)
[2019.06.05-16.53.49:594][330]LogModuleManager: Shutting down and abandoning module OnlineSubsystem (62)
[2019.06.05-16.53.49:599][330]LogModuleManager: Shutting down and abandoning module XMPP (55)
[2019.06.05-16.53.49:600][330]LogModuleManager: Shutting down and abandoning module WebSockets (54)
[2019.06.05-16.53.49:608][330]LogModuleManager: Shutting down and abandoning module HTTP (51)
[2019.06.05-16.53.49:608][330]LogHttp: Display: Http module shutting down, but needs to wait on 1 outstanding Http requests:
[2019.06.05-16.53.49:608][330]LogHttp: Display: 	verb=[POST] url=[https://datarouter.ol.epicgames.com/datarouter/api/v1/public/data?SessionID=%7B851F4C8C-4FC5-5E45-52A3-278A0FA3F9C7%7D&AppID=UEEditor.Rocket.Release&AppVersion=4.22.2-6574378%2B%2B%2BUE4%2BRelease-4.22&UserID=1e03aeea434331dce54b9da6311a2f14%7C453e7301d1ec423fb08e3027d0f993fa%7C2a57f14a-c858-4cd5-8e45-5da409a7c41d&AppEnvironment=datacollector-binary&UploadType=eteventstream] status=Processing
[2019.06.05-16.53.49:636][330]LogModuleManager: Shutting down and abandoning module SSL (50)
[2019.06.05-16.53.49:637][330]LogModuleManager: Shutting down and abandoning module WmfMedia (46)
[2019.06.05-16.53.49:645][330]LogModuleManager: Shutting down and abandoning module Media (45)
[2019.06.05-16.53.49:651][330]LogModuleManager: Shutting down and abandoning module MagicLeap (42)
[2019.06.05-16.53.49:652][330]LogModuleManager: Shutting down and abandoning module DatasmithContent (40)
[2019.06.05-16.53.49:653][330]LogModuleManager: Shutting down and abandoning module AnimationModifiers (38)
[2019.06.05-16.53.49:654][330]LogModuleManager: Shutting down and abandoning module PropertyEditor (37)
[2019.06.05-16.53.49:654][330]LogModuleManager: Shutting down and abandoning module AudioEditor (34)
[2019.06.05-16.53.49:656][330]LogModuleManager: Shutting down and abandoning module TextureCompressor (32)
[2019.06.05-16.53.49:657][330]LogModuleManager: Shutting down and abandoning module RenderCore (30)
[2019.06.05-16.53.49:657][330]LogModuleManager: Shutting down and abandoning module Landscape (28)
[2019.06.05-16.53.49:657][330]LogModuleManager: Shutting down and abandoning module SlateRHIRenderer (26)
[2019.06.05-16.53.49:658][330]LogModuleManager: Shutting down and abandoning module OpenGLDrv (24)
[2019.06.05-16.53.49:659][330]LogModuleManager: Shutting down and abandoning module D3D11RHI (22)
[2019.06.05-16.53.49:659][330]LogModuleManager: Shutting down and abandoning module AnimGraphRuntime (20)
[2019.06.05-16.53.49:659][330]LogModuleManager: Shutting down and abandoning module Renderer (18)
[2019.06.05-16.53.49:660][330]LogModuleManager: Shutting down and abandoning module Engine (16)
[2019.06.05-16.53.49:660][330]LogModuleManager: Shutting down and abandoning module CoreUObject (14)
[2019.06.05-16.53.49:660][330]LogModuleManager: Shutting down and abandoning module NetworkFile (12)
[2019.06.05-16.53.49:660][330]LogModuleManager: Shutting down and abandoning module CookedIterativeFile (10)
[2019.06.05-16.53.49:660][330]LogModuleManager: Shutting down and abandoning module StreamingFile (8)
[2019.06.05-16.53.49:661][330]LogModuleManager: Shutting down and abandoning module SandboxFile (6)
[2019.06.05-16.53.49:661][330]LogModuleManager: Shutting down and abandoning module PakFile (4)
[2019.06.05-16.53.49:661][330]LogModuleManager: Shutting down and abandoning module RSA (3)
[2019.06.05-16.53.49:667][330]LogExit: Exiting.
[2019.06.05-16.53.49:686][330]Log file closed, 06/05/19 18:53:49
